
Due to MODULEPATH changes, the following have been reloaded:
  1) openmpi/2.1.1

Python 3.5.4
2019-05-24 23:30:01.518841: I tensorflow/core/common_runtime/gpu/gpu_device.cc:1432] Found device 0 with properties: 
name: Tesla P100-PCIE-12GB major: 6 minor: 0 memoryClockRate(GHz): 1.3285
pciBusID: 0000:83:00.0
totalMemory: 11.91GiB freeMemory: 11.63GiB
2019-05-24 23:30:01.519005: I tensorflow/core/common_runtime/gpu/gpu_device.cc:1511] Adding visible gpu devices: 0
2019-05-24 23:30:01.920837: I tensorflow/core/common_runtime/gpu/gpu_device.cc:982] Device interconnect StreamExecutor with strength 1 edge matrix:
2019-05-24 23:30:01.920988: I tensorflow/core/common_runtime/gpu/gpu_device.cc:988]      0 
2019-05-24 23:30:01.921033: I tensorflow/core/common_runtime/gpu/gpu_device.cc:1001] 0:   N 
2019-05-24 23:30:01.921386: I tensorflow/core/common_runtime/gpu/gpu_device.cc:1115] Created TensorFlow device (/job:localhost/replica:0/task:0/device:GPU:0 with 11251 MB memory) -> physical GPU (device: 0, name: Tesla P100-PCIE-12GB, pci bus id: 0000:83:00.0, compute capability: 6.0)
2019-05-24 23:30:01.921922: I tensorflow/core/common_runtime/process_util.cc:69] Creating new thread pool with default inter op setting: 2. Tune using inter_op_parallelism_threads for best performance.
Using TensorFlow backend.
x path: ../PreprocessedData/preprocessedForCNN/224x224/imgData_(224, 224, 3)_train_n1000.npy
Done!
2019-05-24 23:30:16.334078: I tensorflow/core/common_runtime/gpu/gpu_device.cc:1432] Found device 0 with properties: 
name: Tesla P100-PCIE-12GB major: 6 minor: 0 memoryClockRate(GHz): 1.3285
pciBusID: 0000:83:00.0
totalMemory: 11.91GiB freeMemory: 11.63GiB
2019-05-24 23:30:16.334220: I tensorflow/core/common_runtime/gpu/gpu_device.cc:1511] Adding visible gpu devices: 0
2019-05-24 23:30:16.693706: I tensorflow/core/common_runtime/gpu/gpu_device.cc:982] Device interconnect StreamExecutor with strength 1 edge matrix:
2019-05-24 23:30:16.693850: I tensorflow/core/common_runtime/gpu/gpu_device.cc:988]      0 
2019-05-24 23:30:16.693893: I tensorflow/core/common_runtime/gpu/gpu_device.cc:1001] 0:   N 
2019-05-24 23:30:16.694256: I tensorflow/core/common_runtime/gpu/gpu_device.cc:1115] Created TensorFlow device (/job:localhost/replica:0/task:0/device:GPU:0 with 11251 MB memory) -> physical GPU (device: 0, name: Tesla P100-PCIE-12GB, pci bus id: 0000:83:00.0, compute capability: 6.0)
2019-05-24 23:30:16.694797: I tensorflow/core/common_runtime/process_util.cc:69] Creating new thread pool with default inter op setting: 2. Tune using inter_op_parallelism_threads for best performance.
Using TensorFlow backend.
x path: ../PreprocessedData/preprocessedForCNN/224x224/imgData_(224, 224, 3)_val.npy
Done!
2019-05-24 23:30:26.731932: I tensorflow/core/common_runtime/gpu/gpu_device.cc:1432] Found device 0 with properties: 
name: Tesla P100-PCIE-12GB major: 6 minor: 0 memoryClockRate(GHz): 1.3285
pciBusID: 0000:83:00.0
totalMemory: 11.91GiB freeMemory: 11.63GiB
2019-05-24 23:30:26.732090: I tensorflow/core/common_runtime/gpu/gpu_device.cc:1511] Adding visible gpu devices: 0
2019-05-24 23:30:27.092880: I tensorflow/core/common_runtime/gpu/gpu_device.cc:982] Device interconnect StreamExecutor with strength 1 edge matrix:
2019-05-24 23:30:27.093030: I tensorflow/core/common_runtime/gpu/gpu_device.cc:988]      0 
2019-05-24 23:30:27.093076: I tensorflow/core/common_runtime/gpu/gpu_device.cc:1001] 0:   N 
2019-05-24 23:30:27.093429: I tensorflow/core/common_runtime/gpu/gpu_device.cc:1115] Created TensorFlow device (/job:localhost/replica:0/task:0/device:GPU:0 with 11251 MB memory) -> physical GPU (device: 0, name: Tesla P100-PCIE-12GB, pci bus id: 0000:83:00.0, compute capability: 6.0)
2019-05-24 23:30:27.093977: I tensorflow/core/common_runtime/process_util.cc:69] Creating new thread pool with default inter op setting: 2. Tune using inter_op_parallelism_threads for best performance.
Using TensorFlow backend.
x path: ../PreprocessedData/preprocessedForCNN/224x224/imgData_(224, 224, 3)_test.npy
Done!
