
Due to MODULEPATH changes, the following have been reloaded:
  1) openmpi/2.1.1

Python 3.5.4
2019-05-24 23:17:52.667888: I tensorflow/core/common_runtime/gpu/gpu_device.cc:1432] Found device 0 with properties: 
name: Tesla P100-PCIE-12GB major: 6 minor: 0 memoryClockRate(GHz): 1.3285
pciBusID: 0000:04:00.0
totalMemory: 11.91GiB freeMemory: 11.63GiB
2019-05-24 23:17:52.668060: I tensorflow/core/common_runtime/gpu/gpu_device.cc:1511] Adding visible gpu devices: 0
2019-05-24 23:17:53.082604: I tensorflow/core/common_runtime/gpu/gpu_device.cc:982] Device interconnect StreamExecutor with strength 1 edge matrix:
2019-05-24 23:17:53.082758: I tensorflow/core/common_runtime/gpu/gpu_device.cc:988]      0 
2019-05-24 23:17:53.082806: I tensorflow/core/common_runtime/gpu/gpu_device.cc:1001] 0:   N 
2019-05-24 23:17:53.083208: I tensorflow/core/common_runtime/gpu/gpu_device.cc:1115] Created TensorFlow device (/job:localhost/replica:0/task:0/device:GPU:0 with 11251 MB memory) -> physical GPU (device: 0, name: Tesla P100-PCIE-12GB, pci bus id: 0000:04:00.0, compute capability: 6.0)
2019-05-24 23:17:53.083808: I tensorflow/core/common_runtime/process_util.cc:69] Creating new thread pool with default inter op setting: 2. Tune using inter_op_parallelism_threads for best performance.
Using TensorFlow backend.
/home/amourav/tensorflow/lib/python3.5/site-packages/keras_applications/resnet50.py:265: UserWarning: The output shape of `ResNet50(include_top=False)` has been changed since Keras 2.2.0.
  warnings.warn('The output shape of `ResNet50(include_top=False)` '
x path: ../PreprocessedData/preprocessedForCNN/224x224/imgData_(224, 224, 3)_train_n1000.npy
Done!
2019-05-24 23:18:40.668333: I tensorflow/core/common_runtime/gpu/gpu_device.cc:1432] Found device 0 with properties: 
name: Tesla P100-PCIE-12GB major: 6 minor: 0 memoryClockRate(GHz): 1.3285
pciBusID: 0000:04:00.0
totalMemory: 11.91GiB freeMemory: 11.63GiB
2019-05-24 23:18:40.668480: I tensorflow/core/common_runtime/gpu/gpu_device.cc:1511] Adding visible gpu devices: 0
2019-05-24 23:18:41.078907: I tensorflow/core/common_runtime/gpu/gpu_device.cc:982] Device interconnect StreamExecutor with strength 1 edge matrix:
2019-05-24 23:18:41.079053: I tensorflow/core/common_runtime/gpu/gpu_device.cc:988]      0 
2019-05-24 23:18:41.079095: I tensorflow/core/common_runtime/gpu/gpu_device.cc:1001] 0:   N 
2019-05-24 23:18:41.079428: I tensorflow/core/common_runtime/gpu/gpu_device.cc:1115] Created TensorFlow device (/job:localhost/replica:0/task:0/device:GPU:0 with 11251 MB memory) -> physical GPU (device: 0, name: Tesla P100-PCIE-12GB, pci bus id: 0000:04:00.0, compute capability: 6.0)
2019-05-24 23:18:41.079946: I tensorflow/core/common_runtime/process_util.cc:69] Creating new thread pool with default inter op setting: 2. Tune using inter_op_parallelism_threads for best performance.
Using TensorFlow backend.
/home/amourav/tensorflow/lib/python3.5/site-packages/keras_applications/resnet50.py:265: UserWarning: The output shape of `ResNet50(include_top=False)` has been changed since Keras 2.2.0.
  warnings.warn('The output shape of `ResNet50(include_top=False)` '
x path: ../PreprocessedData/preprocessedForCNN/224x224/imgData_(224, 224, 3)_val.npy
Done!
2019-05-24 23:19:00.418232: I tensorflow/core/common_runtime/gpu/gpu_device.cc:1432] Found device 0 with properties: 
name: Tesla P100-PCIE-12GB major: 6 minor: 0 memoryClockRate(GHz): 1.3285
pciBusID: 0000:04:00.0
totalMemory: 11.91GiB freeMemory: 11.63GiB
2019-05-24 23:19:00.418363: I tensorflow/core/common_runtime/gpu/gpu_device.cc:1511] Adding visible gpu devices: 0
2019-05-24 23:19:00.768796: I tensorflow/core/common_runtime/gpu/gpu_device.cc:982] Device interconnect StreamExecutor with strength 1 edge matrix:
2019-05-24 23:19:00.768943: I tensorflow/core/common_runtime/gpu/gpu_device.cc:988]      0 
2019-05-24 23:19:00.768985: I tensorflow/core/common_runtime/gpu/gpu_device.cc:1001] 0:   N 
2019-05-24 23:19:00.769315: I tensorflow/core/common_runtime/gpu/gpu_device.cc:1115] Created TensorFlow device (/job:localhost/replica:0/task:0/device:GPU:0 with 11251 MB memory) -> physical GPU (device: 0, name: Tesla P100-PCIE-12GB, pci bus id: 0000:04:00.0, compute capability: 6.0)
2019-05-24 23:19:00.769846: I tensorflow/core/common_runtime/process_util.cc:69] Creating new thread pool with default inter op setting: 2. Tune using inter_op_parallelism_threads for best performance.
Using TensorFlow backend.
/home/amourav/tensorflow/lib/python3.5/site-packages/keras_applications/resnet50.py:265: UserWarning: The output shape of `ResNet50(include_top=False)` has been changed since Keras 2.2.0.
  warnings.warn('The output shape of `ResNet50(include_top=False)` '
x path: ../PreprocessedData/preprocessedForCNN/224x224/imgData_(224, 224, 3)_test.npy
Done!
