
Due to MODULEPATH changes, the following have been reloaded:
  1) openmpi/2.1.1

Python 3.5.4
../PreprocessedData/preprocessedForCNN/299 x 299/imgData_(299, 299, 3)_test.npy
../PreprocessedData/preprocessedForCNN/299 x 299/targetData_(299, 299, 3)_test.csv
../modelOutput/compareModels2/InceptionV3_dataAug_False2019-06-01_20_41_default/InceptionV3.hdf5
_testSet_
2019-06-05 19:05:13.670561: I tensorflow/core/common_runtime/gpu/gpu_device.cc:1432] Found device 0 with properties: 
name: Tesla P100-PCIE-12GB major: 6 minor: 0 memoryClockRate(GHz): 1.3285
pciBusID: 0000:04:00.0
totalMemory: 11.91GiB freeMemory: 11.63GiB
2019-06-05 19:05:13.670724: I tensorflow/core/common_runtime/gpu/gpu_device.cc:1511] Adding visible gpu devices: 0
2019-06-05 19:05:14.031862: I tensorflow/core/common_runtime/gpu/gpu_device.cc:982] Device interconnect StreamExecutor with strength 1 edge matrix:
2019-06-05 19:05:14.032015: I tensorflow/core/common_runtime/gpu/gpu_device.cc:988]      0 
2019-06-05 19:05:14.032056: I tensorflow/core/common_runtime/gpu/gpu_device.cc:1001] 0:   N 
2019-06-05 19:05:14.032391: I tensorflow/core/common_runtime/gpu/gpu_device.cc:1115] Created TensorFlow device (/job:localhost/replica:0/task:0/device:GPU:0 with 11251 MB memory) -> physical GPU (device: 0, name: Tesla P100-PCIE-12GB, pci bus id: 0000:04:00.0, compute capability: 6.0)
2019-06-05 19:05:14.032920: I tensorflow/core/common_runtime/process_util.cc:69] Creating new thread pool with default inter op setting: 2. Tune using inter_op_parallelism_threads for best performance.
trn path: ../PreprocessedData/preprocessedForCNN/299 x 299/imgData_(299, 299, 3)_test.npy

 32/968 [..............................] - ETA: 2:09
 64/968 [>.............................] - ETA: 1:04
 96/968 [=>............................] - ETA: 42s 
128/968 [==>...........................] - ETA: 31s
160/968 [===>..........................] - ETA: 25s
192/968 [====>.........................] - ETA: 20s
224/968 [=====>........................] - ETA: 17s
256/968 [======>.......................] - ETA: 15s
288/968 [=======>......................] - ETA: 13s
320/968 [========>.....................] - ETA: 11s
352/968 [=========>....................] - ETA: 10s
384/968 [==========>...................] - ETA: 9s 
416/968 [===========>..................] - ETA: 8s
448/968 [============>.................] - ETA: 7s
480/968 [=============>................] - ETA: 6s
512/968 [==============>...............] - ETA: 5s
544/968 [===============>..............] - ETA: 5s
576/968 [================>.............] - ETA: 4s
608/968 [=================>............] - ETA: 4s
640/968 [==================>...........] - ETA: 3s
672/968 [===================>..........] - ETA: 3s
704/968 [====================>.........] - ETA: 2s
736/968 [=====================>........] - ETA: 2s
768/968 [======================>.......] - ETA: 1s
800/968 [=======================>......] - ETA: 1s
832/968 [========================>.....] - ETA: 1s
864/968 [=========================>....] - ETA: 0s
896/968 [==========================>...] - ETA: 0s
928/968 [===========================>..] - ETA: 0s
960/968 [============================>.] - ETA: 0s
968/968 [==============================] - 9s 9ms/step
Using TensorFlow backend.
	 accuracy: 0.903

	 binary (urgent vs non-urgent)
	 accuracy: 0.944
	 sensitivity 0.959
	 specificity 0.93
	 positive likelihood ratio 13.6
	 negative likelihood ratio 0.0444


Done!
