
Due to MODULEPATH changes, the following have been reloaded:
  1) openmpi/2.1.1

Python 3.5.4
../PreprocessedData/preprocessedForCNN/299 x 299/imgData_(299, 299, 3)_val.npy
../PreprocessedData/preprocessedForCNN/299 x 299/targetData_(299, 299, 3)_val.csv
../modelOutput/compareModels2/ResNet50_dataAug_False2019-06-01_18_31_default/ResNet50.hdf5
_valSet_
2019-06-09 13:01:32.736941: I tensorflow/core/common_runtime/gpu/gpu_device.cc:1432] Found device 0 with properties: 
name: Tesla P100-PCIE-12GB major: 6 minor: 0 memoryClockRate(GHz): 1.3285
pciBusID: 0000:83:00.0
totalMemory: 11.91GiB freeMemory: 11.63GiB
2019-06-09 13:01:32.737101: I tensorflow/core/common_runtime/gpu/gpu_device.cc:1511] Adding visible gpu devices: 0
2019-06-09 13:01:33.106259: I tensorflow/core/common_runtime/gpu/gpu_device.cc:982] Device interconnect StreamExecutor with strength 1 edge matrix:
2019-06-09 13:01:33.106401: I tensorflow/core/common_runtime/gpu/gpu_device.cc:988]      0 
2019-06-09 13:01:33.106448: I tensorflow/core/common_runtime/gpu/gpu_device.cc:1001] 0:   N 
2019-06-09 13:01:33.106813: I tensorflow/core/common_runtime/gpu/gpu_device.cc:1115] Created TensorFlow device (/job:localhost/replica:0/task:0/device:GPU:0 with 11251 MB memory) -> physical GPU (device: 0, name: Tesla P100-PCIE-12GB, pci bus id: 0000:83:00.0, compute capability: 6.0)
2019-06-09 13:01:33.107366: I tensorflow/core/common_runtime/process_util.cc:69] Creating new thread pool with default inter op setting: 2. Tune using inter_op_parallelism_threads for best performance.
trn path: ../PreprocessedData/preprocessedForCNN/299 x 299/imgData_(299, 299, 3)_val.npy

32/32 [==============================] - 4s 121ms/step
Using TensorFlow backend.
/scratch/amourav/Python/OCT-Image-Classification/code/evalUtils.py:29: RuntimeWarning: divide by zero encountered in double_scalars
  plr = tpr/fpr #positive likelihood ratio
	 accuracy: 0.969

	 binary (urgent vs non-urgent)
	 accuracy: 0.969
	 sensitivity 0.938
	 specificity 1
	 positive likelihood ratio inf
	 negative likelihood ratio 0.0625
Done!
