
Due to MODULEPATH changes, the following have been reloaded:
  1) openmpi/2.1.1

Python 3.5.4
2019-06-09 19:18:24.350066: I tensorflow/core/common_runtime/gpu/gpu_device.cc:1432] Found device 0 with properties: 
name: Tesla P100-PCIE-12GB major: 6 minor: 0 memoryClockRate(GHz): 1.3285
pciBusID: 0000:83:00.0
totalMemory: 11.91GiB freeMemory: 11.63GiB
2019-06-09 19:18:24.350220: I tensorflow/core/common_runtime/gpu/gpu_device.cc:1511] Adding visible gpu devices: 0
2019-06-09 19:18:24.706410: I tensorflow/core/common_runtime/gpu/gpu_device.cc:982] Device interconnect StreamExecutor with strength 1 edge matrix:
2019-06-09 19:18:24.706565: I tensorflow/core/common_runtime/gpu/gpu_device.cc:988]      0 
2019-06-09 19:18:24.706610: I tensorflow/core/common_runtime/gpu/gpu_device.cc:1001] 0:   N 
2019-06-09 19:18:24.706961: I tensorflow/core/common_runtime/gpu/gpu_device.cc:1115] Created TensorFlow device (/job:localhost/replica:0/task:0/device:GPU:0 with 11251 MB memory) -> physical GPU (device: 0, name: Tesla P100-PCIE-12GB, pci bus id: 0000:83:00.0, compute capability: 6.0)
2019-06-09 19:18:24.707413: I tensorflow/core/common_runtime/process_util.cc:69] Creating new thread pool with default inter op setting: 2. Tune using inter_op_parallelism_threads for best performance.

  1/242 [..............................] - ETA: 6:51
  8/242 [..............................] - ETA: 51s 
 15/242 [>.............................] - ETA: 27s
 22/242 [=>............................] - ETA: 18s
 29/242 [==>...........................] - ETA: 14s
 36/242 [===>..........................] - ETA: 11s
 43/242 [====>.........................] - ETA: 9s 
 50/242 [=====>........................] - ETA: 8s
 57/242 [======>.......................] - ETA: 6s
 64/242 [======>.......................] - ETA: 6s
 71/242 [=======>......................] - ETA: 5s
 78/242 [========>.....................] - ETA: 4s
 85/242 [=========>....................] - ETA: 4s
 92/242 [==========>...................] - ETA: 3s
 99/242 [===========>..................] - ETA: 3s
106/242 [============>.................] - ETA: 3s
113/242 [=============>................] - ETA: 2s
120/242 [=============>................] - ETA: 2s
127/242 [==============>...............] - ETA: 2s
134/242 [===============>..............] - ETA: 2s
141/242 [================>.............] - ETA: 2s
148/242 [=================>............] - ETA: 1s
155/242 [==================>...........] - ETA: 1s
162/242 [===================>..........] - ETA: 1s
169/242 [===================>..........] - ETA: 1s
176/242 [====================>.........] - ETA: 1s
183/242 [=====================>........] - ETA: 1s
190/242 [======================>.......] - ETA: 0s
197/242 [=======================>......] - ETA: 0s
204/242 [========================>.....] - ETA: 0s
211/242 [=========================>....] - ETA: 0s
218/242 [==========================>...] - ETA: 0s
225/242 [==========================>...] - ETA: 0s
232/242 [===========================>..] - ETA: 0s
239/242 [============================>.] - ETA: 0s
242/242 [==============================] - 4s 15ms/step
Using TensorFlow backend.
/home/amourav/tensorflow/lib/python3.5/site-packages/skimage/transform/_warps.py:105: UserWarning: The default mode, 'constant', will be changed to 'reflect' in skimage 0.15.
  warn("The default mode, 'constant', will be changed to 'reflect' in "
/home/amourav/tensorflow/lib/python3.5/site-packages/skimage/transform/_warps.py:110: UserWarning: Anti-aliasing will be enabled by default in skimage 0.15 to avoid aliasing artifacts when down-sampling images.
  warn("Anti-aliasing will be enabled by default in skimage 0.15 to "
predict.py ... done!
