
Due to MODULEPATH changes, the following have been reloaded:
  1) openmpi/2.1.1

Python 3.5.4
2019-06-23 14:58:40.951043: I tensorflow/core/common_runtime/gpu/gpu_device.cc:1432] Found device 0 with properties: 
name: Tesla P100-PCIE-12GB major: 6 minor: 0 memoryClockRate(GHz): 1.3285
pciBusID: 0000:04:00.0
totalMemory: 11.91GiB freeMemory: 11.63GiB
2019-06-23 14:58:40.951376: I tensorflow/core/common_runtime/gpu/gpu_device.cc:1511] Adding visible gpu devices: 0
2019-06-23 14:58:42.078840: I tensorflow/core/common_runtime/gpu/gpu_device.cc:982] Device interconnect StreamExecutor with strength 1 edge matrix:
2019-06-23 14:58:42.079035: I tensorflow/core/common_runtime/gpu/gpu_device.cc:988]      0 
2019-06-23 14:58:42.079080: I tensorflow/core/common_runtime/gpu/gpu_device.cc:1001] 0:   N 
2019-06-23 14:58:42.079426: I tensorflow/core/common_runtime/gpu/gpu_device.cc:1115] Created TensorFlow device (/job:localhost/replica:0/task:0/device:GPU:0 with 11251 MB memory) -> physical GPU (device: 0, name: Tesla P100-PCIE-12GB, pci bus id: 0000:04:00.0, compute capability: 6.0)
2019-06-23 14:58:42.079883: I tensorflow/core/common_runtime/process_util.cc:69] Creating new thread pool with default inter op setting: 2. Tune using inter_op_parallelism_threads for best performance.
load json
Loaded json model from disk

  1/968 [..............................] - ETA: 1:03:49
  4/968 [..............................] - ETA: 16:10  
  7/968 [..............................] - ETA: 9:21 
 10/968 [..............................] - ETA: 6:37
 13/968 [..............................] - ETA: 5:09
 16/968 [..............................] - ETA: 4:14
 19/968 [..............................] - ETA: 3:36
 22/968 [..............................] - ETA: 3:09
 25/968 [..............................] - ETA: 2:48
 28/968 [..............................] - ETA: 2:32
 31/968 [..............................] - ETA: 2:18
 34/968 [>.............................] - ETA: 2:08
 37/968 [>.............................] - ETA: 1:58
 40/968 [>.............................] - ETA: 1:51
 43/968 [>.............................] - ETA: 1:44
 46/968 [>.............................] - ETA: 1:38
 49/968 [>.............................] - ETA: 1:33
 52/968 [>.............................] - ETA: 1:28
 55/968 [>.............................] - ETA: 1:24
 58/968 [>.............................] - ETA: 1:21
 61/968 [>.............................] - ETA: 1:17
 64/968 [>.............................] - ETA: 1:14
 67/968 [=>............................] - ETA: 1:11
 70/968 [=>............................] - ETA: 1:09
 73/968 [=>............................] - ETA: 1:07
 76/968 [=>............................] - ETA: 1:05
 79/968 [=>............................] - ETA: 1:03
 82/968 [=>............................] - ETA: 1:01
 84/968 [=>............................] - ETA: 1:00
 87/968 [=>............................] - ETA: 58s 
 90/968 [=>............................] - ETA: 57s
 93/968 [=>............................] - ETA: 55s
 96/968 [=>............................] - ETA: 54s
 99/968 [==>...........................] - ETA: 53s
102/968 [==>...........................] - ETA: 51s
105/968 [==>...........................] - ETA: 50s
108/968 [==>...........................] - ETA: 49s
111/968 [==>...........................] - ETA: 48s
114/968 [==>...........................] - ETA: 47s
117/968 [==>...........................] - ETA: 46s
120/968 [==>...........................] - ETA: 45s
123/968 [==>...........................] - ETA: 45s
126/968 [==>...........................] - ETA: 44s
129/968 [==>...........................] - ETA: 43s
132/968 [===>..........................] - ETA: 42s
135/968 [===>..........................] - ETA: 42s
138/968 [===>..........................] - ETA: 41s
141/968 [===>..........................] - ETA: 40s
144/968 [===>..........................] - ETA: 40s
147/968 [===>..........................] - ETA: 39s
150/968 [===>..........................] - ETA: 39s
153/968 [===>..........................] - ETA: 38s
156/968 [===>..........................] - ETA: 37s
159/968 [===>..........................] - ETA: 37s
162/968 [====>.........................] - ETA: 36s
165/968 [====>.........................] - ETA: 36s
168/968 [====>.........................] - ETA: 35s
171/968 [====>.........................] - ETA: 35s
174/968 [====>.........................] - ETA: 35s
177/968 [====>.........................] - ETA: 34s
180/968 [====>.........................] - ETA: 34s
183/968 [====>.........................] - ETA: 33s
186/968 [====>.........................] - ETA: 33s
189/968 [====>.........................] - ETA: 32s
192/968 [====>.........................] - ETA: 32s
195/968 [=====>........................] - ETA: 32s
198/968 [=====>........................] - ETA: 31s
201/968 [=====>........................] - ETA: 31s
204/968 [=====>........................] - ETA: 31s
207/968 [=====>........................] - ETA: 30s
210/968 [=====>........................] - ETA: 30s
213/968 [=====>........................] - ETA: 30s
216/968 [=====>........................] - ETA: 29s
219/968 [=====>........................] - ETA: 29s
222/968 [=====>........................] - ETA: 29s
225/968 [=====>........................] - ETA: 28s
228/968 [======>.......................] - ETA: 28s
231/968 [======>.......................] - ETA: 28s
234/968 [======>.......................] - ETA: 28s
237/968 [======>.......................] - ETA: 27s
240/968 [======>.......................] - ETA: 27s
243/968 [======>.......................] - ETA: 27s
246/968 [======>.......................] - ETA: 27s
249/968 [======>.......................] - ETA: 26s
252/968 [======>.......................] - ETA: 26s
255/968 [======>.......................] - ETA: 26s
258/968 [======>.......................] - ETA: 26s
261/968 [=======>......................] - ETA: 25s
264/968 [=======>......................] - ETA: 25s
267/968 [=======>......................] - ETA: 25s
270/968 [=======>......................] - ETA: 25s
273/968 [=======>......................] - ETA: 24s
276/968 [=======>......................] - ETA: 24s
279/968 [=======>......................] - ETA: 24s
282/968 [=======>......................] - ETA: 24s
285/968 [=======>......................] - ETA: 24s
288/968 [=======>......................] - ETA: 23s
291/968 [========>.....................] - ETA: 23s
294/968 [========>.....................] - ETA: 23s
297/968 [========>.....................] - ETA: 23s
300/968 [========>.....................] - ETA: 23s
303/968 [========>.....................] - ETA: 22s
306/968 [========>.....................] - ETA: 22s
309/968 [========>.....................] - ETA: 22s
312/968 [========>.....................] - ETA: 22s
315/968 [========>.....................] - ETA: 22s
318/968 [========>.....................] - ETA: 22s
321/968 [========>.....................] - ETA: 21s
324/968 [=========>....................] - ETA: 21s
327/968 [=========>....................] - ETA: 21s
330/968 [=========>....................] - ETA: 21s
333/968 [=========>....................] - ETA: 21s
336/968 [=========>....................] - ETA: 21s
339/968 [=========>....................] - ETA: 20s
342/968 [=========>....................] - ETA: 20s
345/968 [=========>....................] - ETA: 20s
348/968 [=========>....................] - ETA: 20s
351/968 [=========>....................] - ETA: 20s
354/968 [=========>....................] - ETA: 20s
357/968 [==========>...................] - ETA: 19s
360/968 [==========>...................] - ETA: 19s
363/968 [==========>...................] - ETA: 19s
366/968 [==========>...................] - ETA: 19s
369/968 [==========>...................] - ETA: 19s
372/968 [==========>...................] - ETA: 19s
375/968 [==========>...................] - ETA: 19s
378/968 [==========>...................] - ETA: 18s
381/968 [==========>...................] - ETA: 18s
384/968 [==========>...................] - ETA: 18s
387/968 [==========>...................] - ETA: 18s
390/968 [===========>..................] - ETA: 18s
393/968 [===========>..................] - ETA: 18s
396/968 [===========>..................] - ETA: 18s
399/968 [===========>..................] - ETA: 17s
402/968 [===========>..................] - ETA: 17s
405/968 [===========>..................] - ETA: 17s
408/968 [===========>..................] - ETA: 17s
411/968 [===========>..................] - ETA: 17s
414/968 [===========>..................] - ETA: 17s
417/968 [===========>..................] - ETA: 17s
420/968 [============>.................] - ETA: 16s
423/968 [============>.................] - ETA: 16s
426/968 [============>.................] - ETA: 16s
429/968 [============>.................] - ETA: 16s
432/968 [============>.................] - ETA: 16s
435/968 [============>.................] - ETA: 16s
438/968 [============>.................] - ETA: 16s
441/968 [============>.................] - ETA: 16s
444/968 [============>.................] - ETA: 15s
447/968 [============>.................] - ETA: 15s
450/968 [============>.................] - ETA: 15s
453/968 [=============>................] - ETA: 15s
456/968 [=============>................] - ETA: 15s
459/968 [=============>................] - ETA: 15s
462/968 [=============>................] - ETA: 15s
465/968 [=============>................] - ETA: 15s
468/968 [=============>................] - ETA: 14s
471/968 [=============>................] - ETA: 14s
474/968 [=============>................] - ETA: 14s
477/968 [=============>................] - ETA: 14s
480/968 [=============>................] - ETA: 14s
483/968 [=============>................] - ETA: 14s
486/968 [==============>...............] - ETA: 14s
489/968 [==============>...............] - ETA: 14s
492/968 [==============>...............] - ETA: 14s
495/968 [==============>...............] - ETA: 13s
498/968 [==============>...............] - ETA: 13s
501/968 [==============>...............] - ETA: 13s
504/968 [==============>...............] - ETA: 13s
507/968 [==============>...............] - ETA: 13s
510/968 [==============>...............] - ETA: 13s
513/968 [==============>...............] - ETA: 13s
516/968 [==============>...............] - ETA: 13s
519/968 [===============>..............] - ETA: 13s
522/968 [===============>..............] - ETA: 12s
525/968 [===============>..............] - ETA: 12s
528/968 [===============>..............] - ETA: 12s
531/968 [===============>..............] - ETA: 12s
534/968 [===============>..............] - ETA: 12s
537/968 [===============>..............] - ETA: 12s
540/968 [===============>..............] - ETA: 12s
543/968 [===============>..............] - ETA: 12s
546/968 [===============>..............] - ETA: 12s
549/968 [================>.............] - ETA: 12s
552/968 [================>.............] - ETA: 11s
555/968 [================>.............] - ETA: 11s
558/968 [================>.............] - ETA: 11s
561/968 [================>.............] - ETA: 11s
564/968 [================>.............] - ETA: 11s
567/968 [================>.............] - ETA: 11s
570/968 [================>.............] - ETA: 11s
573/968 [================>.............] - ETA: 11s
576/968 [================>.............] - ETA: 11s
579/968 [================>.............] - ETA: 11s
582/968 [=================>............] - ETA: 10s
585/968 [=================>............] - ETA: 10s
588/968 [=================>............] - ETA: 10s
591/968 [=================>............] - ETA: 10s
594/968 [=================>............] - ETA: 10s
597/968 [=================>............] - ETA: 10s
600/968 [=================>............] - ETA: 10s
603/968 [=================>............] - ETA: 10s
606/968 [=================>............] - ETA: 10s
609/968 [=================>............] - ETA: 10s
612/968 [=================>............] - ETA: 10s
615/968 [==================>...........] - ETA: 9s 
618/968 [==================>...........] - ETA: 9s
621/968 [==================>...........] - ETA: 9s
624/968 [==================>...........] - ETA: 9s
627/968 [==================>...........] - ETA: 9s
630/968 [==================>...........] - ETA: 9s
633/968 [==================>...........] - ETA: 9s
636/968 [==================>...........] - ETA: 9s
639/968 [==================>...........] - ETA: 9s
642/968 [==================>...........] - ETA: 9s
645/968 [==================>...........] - ETA: 8s
648/968 [===================>..........] - ETA: 8s
651/968 [===================>..........] - ETA: 8s
654/968 [===================>..........] - ETA: 8s
657/968 [===================>..........] - ETA: 8s
660/968 [===================>..........] - ETA: 8s
663/968 [===================>..........] - ETA: 8s
666/968 [===================>..........] - ETA: 8s
669/968 [===================>..........] - ETA: 8s
672/968 [===================>..........] - ETA: 8s
675/968 [===================>..........] - ETA: 8s
678/968 [====================>.........] - ETA: 7s
681/968 [====================>.........] - ETA: 7s
684/968 [====================>.........] - ETA: 7s
687/968 [====================>.........] - ETA: 7s
690/968 [====================>.........] - ETA: 7s
693/968 [====================>.........] - ETA: 7s
696/968 [====================>.........] - ETA: 7s
699/968 [====================>.........] - ETA: 7s
702/968 [====================>.........] - ETA: 7s
705/968 [====================>.........] - ETA: 7s
708/968 [====================>.........] - ETA: 7s
711/968 [=====================>........] - ETA: 7s
714/968 [=====================>........] - ETA: 6s
717/968 [=====================>........] - ETA: 6s
720/968 [=====================>........] - ETA: 6s
723/968 [=====================>........] - ETA: 6s
726/968 [=====================>........] - ETA: 6s
729/968 [=====================>........] - ETA: 6s
732/968 [=====================>........] - ETA: 6s
735/968 [=====================>........] - ETA: 6s
738/968 [=====================>........] - ETA: 6s
741/968 [=====================>........] - ETA: 6s
744/968 [======================>.......] - ETA: 6s
747/968 [======================>.......] - ETA: 5s
750/968 [======================>.......] - ETA: 5s
753/968 [======================>.......] - ETA: 5s
756/968 [======================>.......] - ETA: 5s
759/968 [======================>.......] - ETA: 5s
762/968 [======================>.......] - ETA: 5s
765/968 [======================>.......] - ETA: 5s
768/968 [======================>.......] - ETA: 5s
771/968 [======================>.......] - ETA: 5s
773/968 [======================>.......] - ETA: 5s
776/968 [=======================>......] - ETA: 5s
779/968 [=======================>......] - ETA: 5s
782/968 [=======================>......] - ETA: 4s
785/968 [=======================>......] - ETA: 4s
788/968 [=======================>......] - ETA: 4s
791/968 [=======================>......] - ETA: 4s
794/968 [=======================>......] - ETA: 4s
797/968 [=======================>......] - ETA: 4s
800/968 [=======================>......] - ETA: 4s
803/968 [=======================>......] - ETA: 4s
806/968 [=======================>......] - ETA: 4s
809/968 [========================>.....] - ETA: 4s
812/968 [========================>.....] - ETA: 4s
815/968 [========================>.....] - ETA: 4s
818/968 [========================>.....] - ETA: 3s
821/968 [========================>.....] - ETA: 3s
824/968 [========================>.....] - ETA: 3s
827/968 [========================>.....] - ETA: 3s
830/968 [========================>.....] - ETA: 3s
833/968 [========================>.....] - ETA: 3s
836/968 [========================>.....] - ETA: 3s
839/968 [=========================>....] - ETA: 3s
842/968 [=========================>....] - ETA: 3s
845/968 [=========================>....] - ETA: 3s
848/968 [=========================>....] - ETA: 3s
851/968 [=========================>....] - ETA: 3s
854/968 [=========================>....] - ETA: 3s
857/968 [=========================>....] - ETA: 2s
860/968 [=========================>....] - ETA: 2s
863/968 [=========================>....] - ETA: 2s
866/968 [=========================>....] - ETA: 2s
869/968 [=========================>....] - ETA: 2s
872/968 [==========================>...] - ETA: 2s
875/968 [==========================>...] - ETA: 2s
878/968 [==========================>...] - ETA: 2s
881/968 [==========================>...] - ETA: 2s
884/968 [==========================>...] - ETA: 2s
887/968 [==========================>...] - ETA: 2s
890/968 [==========================>...] - ETA: 2s
893/968 [==========================>...] - ETA: 1s
896/968 [==========================>...] - ETA: 1s
899/968 [==========================>...] - ETA: 1s
902/968 [==========================>...] - ETA: 1s
905/968 [===========================>..] - ETA: 1s
908/968 [===========================>..] - ETA: 1s
911/968 [===========================>..] - ETA: 1s
914/968 [===========================>..] - ETA: 1s
917/968 [===========================>..] - ETA: 1s
920/968 [===========================>..] - ETA: 1s
923/968 [===========================>..] - ETA: 1s
926/968 [===========================>..] - ETA: 1s
929/968 [===========================>..] - ETA: 1s
932/968 [===========================>..] - ETA: 0s
935/968 [===========================>..] - ETA: 0s
938/968 [============================>.] - ETA: 0s
941/968 [============================>.] - ETA: 0s
944/968 [============================>.] - ETA: 0s
947/968 [============================>.] - ETA: 0s
950/968 [============================>.] - ETA: 0s
953/968 [============================>.] - ETA: 0s
956/968 [============================>.] - ETA: 0s
959/968 [============================>.] - ETA: 0s
962/968 [============================>.] - ETA: 0s
965/968 [============================>.] - ETA: 0s
968/968 [==============================] - 25s 26ms/step
load json
Loaded json model from disk

  1/968 [..............................] - ETA: 9:13
  7/968 [..............................] - ETA: 1:25
 13/968 [..............................] - ETA: 49s 
 19/968 [..............................] - ETA: 36s
 25/968 [..............................] - ETA: 29s
 32/968 [..............................] - ETA: 24s
 39/968 [>.............................] - ETA: 21s
 46/968 [>.............................] - ETA: 19s
 53/968 [>.............................] - ETA: 17s
 59/968 [>.............................] - ETA: 16s
 66/968 [=>............................] - ETA: 15s
 73/968 [=>............................] - ETA: 14s
 80/968 [=>............................] - ETA: 13s
 87/968 [=>............................] - ETA: 13s
 94/968 [=>............................] - ETA: 12s
101/968 [==>...........................] - ETA: 12s
108/968 [==>...........................] - ETA: 11s
115/968 [==>...........................] - ETA: 11s
122/968 [==>...........................] - ETA: 10s
129/968 [==>...........................] - ETA: 10s
135/968 [===>..........................] - ETA: 10s
142/968 [===>..........................] - ETA: 10s
149/968 [===>..........................] - ETA: 9s 
155/968 [===>..........................] - ETA: 9s
162/968 [====>.........................] - ETA: 9s
169/968 [====>.........................] - ETA: 9s
176/968 [====>.........................] - ETA: 9s
183/968 [====>.........................] - ETA: 8s
190/968 [====>.........................] - ETA: 8s
197/968 [=====>........................] - ETA: 8s
204/968 [=====>........................] - ETA: 8s
211/968 [=====>........................] - ETA: 8s
218/968 [=====>........................] - ETA: 8s
225/968 [=====>........................] - ETA: 8s
232/968 [======>.......................] - ETA: 7s
239/968 [======>.......................] - ETA: 7s
246/968 [======>.......................] - ETA: 7s
253/968 [======>.......................] - ETA: 7s
260/968 [=======>......................] - ETA: 7s
266/968 [=======>......................] - ETA: 7s
273/968 [=======>......................] - ETA: 7s
279/968 [=======>......................] - ETA: 7s
285/968 [=======>......................] - ETA: 7s
292/968 [========>.....................] - ETA: 6s
299/968 [========>.....................] - ETA: 6s
306/968 [========>.....................] - ETA: 6s
313/968 [========>.....................] - ETA: 6s
320/968 [========>.....................] - ETA: 6s
327/968 [=========>....................] - ETA: 6s
334/968 [=========>....................] - ETA: 6s
341/968 [=========>....................] - ETA: 6s
348/968 [=========>....................] - ETA: 6s
355/968 [==========>...................] - ETA: 6s
362/968 [==========>...................] - ETA: 5s
369/968 [==========>...................] - ETA: 5s
376/968 [==========>...................] - ETA: 5s
383/968 [==========>...................] - ETA: 5s
389/968 [===========>..................] - ETA: 5s
395/968 [===========>..................] - ETA: 5s
402/968 [===========>..................] - ETA: 5s
408/968 [===========>..................] - ETA: 5s
415/968 [===========>..................] - ETA: 5s
422/968 [============>.................] - ETA: 5s
429/968 [============>.................] - ETA: 5s
436/968 [============>.................] - ETA: 5s
443/968 [============>.................] - ETA: 5s
450/968 [============>.................] - ETA: 4s
457/968 [=============>................] - ETA: 4s
464/968 [=============>................] - ETA: 4s
471/968 [=============>................] - ETA: 4s
478/968 [=============>................] - ETA: 4s
485/968 [==============>...............] - ETA: 4s
492/968 [==============>...............] - ETA: 4s
499/968 [==============>...............] - ETA: 4s
506/968 [==============>...............] - ETA: 4s
513/968 [==============>...............] - ETA: 4s
520/968 [===============>..............] - ETA: 4s
527/968 [===============>..............] - ETA: 4s
534/968 [===============>..............] - ETA: 4s
541/968 [===============>..............] - ETA: 3s
548/968 [===============>..............] - ETA: 3s
555/968 [================>.............] - ETA: 3s
562/968 [================>.............] - ETA: 3s
569/968 [================>.............] - ETA: 3s
574/968 [================>.............] - ETA: 3s
580/968 [================>.............] - ETA: 3s
586/968 [=================>............] - ETA: 3s
592/968 [=================>............] - ETA: 3s
598/968 [=================>............] - ETA: 3s
604/968 [=================>............] - ETA: 3s
611/968 [=================>............] - ETA: 3s
618/968 [==================>...........] - ETA: 3s
625/968 [==================>...........] - ETA: 3s
632/968 [==================>...........] - ETA: 3s
639/968 [==================>...........] - ETA: 3s
646/968 [===================>..........] - ETA: 2s
653/968 [===================>..........] - ETA: 2s
660/968 [===================>..........] - ETA: 2s
667/968 [===================>..........] - ETA: 2s
674/968 [===================>..........] - ETA: 2s
681/968 [====================>.........] - ETA: 2s
688/968 [====================>.........] - ETA: 2s
695/968 [====================>.........] - ETA: 2s
702/968 [====================>.........] - ETA: 2s
709/968 [====================>.........] - ETA: 2s
715/968 [=====================>........] - ETA: 2s
721/968 [=====================>........] - ETA: 2s
728/968 [=====================>........] - ETA: 2s
734/968 [=====================>........] - ETA: 2s
741/968 [=====================>........] - ETA: 2s
748/968 [======================>.......] - ETA: 1s
755/968 [======================>.......] - ETA: 1s
762/968 [======================>.......] - ETA: 1s
769/968 [======================>.......] - ETA: 1s
776/968 [=======================>......] - ETA: 1s
783/968 [=======================>......] - ETA: 1s
790/968 [=======================>......] - ETA: 1s
797/968 [=======================>......] - ETA: 1s
804/968 [=======================>......] - ETA: 1s
811/968 [========================>.....] - ETA: 1s
818/968 [========================>.....] - ETA: 1s
825/968 [========================>.....] - ETA: 1s
832/968 [========================>.....] - ETA: 1s
839/968 [=========================>....] - ETA: 1s
846/968 [=========================>....] - ETA: 1s
853/968 [=========================>....] - ETA: 1s
860/968 [=========================>....] - ETA: 0s
866/968 [=========================>....] - ETA: 0s
872/968 [==========================>...] - ETA: 0s
879/968 [==========================>...] - ETA: 0s
886/968 [==========================>...] - ETA: 0s
893/968 [==========================>...] - ETA: 0s
900/968 [==========================>...] - ETA: 0s
907/968 [===========================>..] - ETA: 0s
914/968 [===========================>..] - ETA: 0s
921/968 [===========================>..] - ETA: 0s
928/968 [===========================>..] - ETA: 0s
935/968 [===========================>..] - ETA: 0s
942/968 [============================>.] - ETA: 0s
949/968 [============================>.] - ETA: 0s
956/968 [============================>.] - ETA: 0s
963/968 [============================>.] - ETA: 0s
968/968 [==============================] - 9s 9ms/step
load json
Loaded json model from disk

  1/968 [..............................] - ETA: 31:37
  4/968 [..............................] - ETA: 8:05 
  7/968 [..............................] - ETA: 4:43
 10/968 [..............................] - ETA: 3:23
 13/968 [..............................] - ETA: 2:39
 16/968 [..............................] - ETA: 2:12
 19/968 [..............................] - ETA: 1:53
 22/968 [..............................] - ETA: 1:40
 25/968 [..............................] - ETA: 1:29
 28/968 [..............................] - ETA: 1:21
 31/968 [..............................] - ETA: 1:15
 34/968 [>.............................] - ETA: 1:09
 37/968 [>.............................] - ETA: 1:05
 40/968 [>.............................] - ETA: 1:01
 43/968 [>.............................] - ETA: 57s 
 46/968 [>.............................] - ETA: 55s
 49/968 [>.............................] - ETA: 52s
 52/968 [>.............................] - ETA: 50s
 55/968 [>.............................] - ETA: 48s
 58/968 [>.............................] - ETA: 46s
 61/968 [>.............................] - ETA: 44s
 64/968 [>.............................] - ETA: 43s
 68/968 [=>............................] - ETA: 41s
 72/968 [=>............................] - ETA: 39s
 76/968 [=>............................] - ETA: 38s
 80/968 [=>............................] - ETA: 36s
 84/968 [=>............................] - ETA: 35s
 88/968 [=>............................] - ETA: 34s
 92/968 [=>............................] - ETA: 33s
 96/968 [=>............................] - ETA: 32s
100/968 [==>...........................] - ETA: 31s
104/968 [==>...........................] - ETA: 30s
108/968 [==>...........................] - ETA: 29s
112/968 [==>...........................] - ETA: 29s
116/968 [==>...........................] - ETA: 28s
120/968 [==>...........................] - ETA: 27s
124/968 [==>...........................] - ETA: 27s
128/968 [==>...........................] - ETA: 26s
132/968 [===>..........................] - ETA: 26s
136/968 [===>..........................] - ETA: 25s
140/968 [===>..........................] - ETA: 25s
144/968 [===>..........................] - ETA: 24s
148/968 [===>..........................] - ETA: 24s
152/968 [===>..........................] - ETA: 23s
156/968 [===>..........................] - ETA: 23s
160/968 [===>..........................] - ETA: 23s
164/968 [====>.........................] - ETA: 22s
168/968 [====>.........................] - ETA: 22s
172/968 [====>.........................] - ETA: 22s
176/968 [====>.........................] - ETA: 21s
180/968 [====>.........................] - ETA: 21s
184/968 [====>.........................] - ETA: 21s
188/968 [====>.........................] - ETA: 20s
192/968 [====>.........................] - ETA: 20s
196/968 [=====>........................] - ETA: 20s
200/968 [=====>........................] - ETA: 20s
204/968 [=====>........................] - ETA: 19s
208/968 [=====>........................] - ETA: 19s
212/968 [=====>........................] - ETA: 19s
216/968 [=====>........................] - ETA: 19s
220/968 [=====>........................] - ETA: 18s
224/968 [=====>........................] - ETA: 18s
228/968 [======>.......................] - ETA: 18s
232/968 [======>.......................] - ETA: 18s
236/968 [======>.......................] - ETA: 18s
240/968 [======>.......................] - ETA: 17s
244/968 [======>.......................] - ETA: 17s
248/968 [======>.......................] - ETA: 17s
252/968 [======>.......................] - ETA: 17s
256/968 [======>.......................] - ETA: 17s
260/968 [=======>......................] - ETA: 16s
264/968 [=======>......................] - ETA: 16s
268/968 [=======>......................] - ETA: 16s
272/968 [=======>......................] - ETA: 16s
276/968 [=======>......................] - ETA: 16s
280/968 [=======>......................] - ETA: 16s
284/968 [=======>......................] - ETA: 15s
288/968 [=======>......................] - ETA: 15s
292/968 [========>.....................] - ETA: 15s
296/968 [========>.....................] - ETA: 15s
300/968 [========>.....................] - ETA: 15s
304/968 [========>.....................] - ETA: 15s
308/968 [========>.....................] - ETA: 14s
312/968 [========>.....................] - ETA: 14s
316/968 [========>.....................] - ETA: 14s
320/968 [========>.....................] - ETA: 14s
324/968 [=========>....................] - ETA: 14s
328/968 [=========>....................] - ETA: 14s
332/968 [=========>....................] - ETA: 14s
336/968 [=========>....................] - ETA: 13s
340/968 [=========>....................] - ETA: 13s
344/968 [=========>....................] - ETA: 13s
348/968 [=========>....................] - ETA: 13s
352/968 [=========>....................] - ETA: 13s
356/968 [==========>...................] - ETA: 13s
360/968 [==========>...................] - ETA: 13s
364/968 [==========>...................] - ETA: 13s
368/968 [==========>...................] - ETA: 12s
372/968 [==========>...................] - ETA: 12s
376/968 [==========>...................] - ETA: 12s
380/968 [==========>...................] - ETA: 12s
384/968 [==========>...................] - ETA: 12s
388/968 [===========>..................] - ETA: 12s
392/968 [===========>..................] - ETA: 12s
396/968 [===========>..................] - ETA: 12s
400/968 [===========>..................] - ETA: 11s
404/968 [===========>..................] - ETA: 11s
408/968 [===========>..................] - ETA: 11s
412/968 [===========>..................] - ETA: 11s
416/968 [===========>..................] - ETA: 11s
420/968 [============>.................] - ETA: 11s
424/968 [============>.................] - ETA: 11s
428/968 [============>.................] - ETA: 11s
432/968 [============>.................] - ETA: 11s
436/968 [============>.................] - ETA: 11s
440/968 [============>.................] - ETA: 10s
444/968 [============>.................] - ETA: 10s
448/968 [============>.................] - ETA: 10s
452/968 [=============>................] - ETA: 10s
456/968 [=============>................] - ETA: 10s
460/968 [=============>................] - ETA: 10s
464/968 [=============>................] - ETA: 10s
468/968 [=============>................] - ETA: 10s
472/968 [=============>................] - ETA: 10s
476/968 [=============>................] - ETA: 9s 
480/968 [=============>................] - ETA: 9s
484/968 [==============>...............] - ETA: 9s
488/968 [==============>...............] - ETA: 9s
492/968 [==============>...............] - ETA: 9s
496/968 [==============>...............] - ETA: 9s
500/968 [==============>...............] - ETA: 9s
504/968 [==============>...............] - ETA: 9s
508/968 [==============>...............] - ETA: 9s
512/968 [==============>...............] - ETA: 9s
516/968 [==============>...............] - ETA: 9s
520/968 [===============>..............] - ETA: 8s
524/968 [===============>..............] - ETA: 8s
528/968 [===============>..............] - ETA: 8s
532/968 [===============>..............] - ETA: 8s
536/968 [===============>..............] - ETA: 8s
540/968 [===============>..............] - ETA: 8s
544/968 [===============>..............] - ETA: 8s
548/968 [===============>..............] - ETA: 8s
552/968 [================>.............] - ETA: 8s
556/968 [================>.............] - ETA: 8s
560/968 [================>.............] - ETA: 8s
564/968 [================>.............] - ETA: 7s
568/968 [================>.............] - ETA: 7s
572/968 [================>.............] - ETA: 7s
576/968 [================>.............] - ETA: 7s
580/968 [================>.............] - ETA: 7s
584/968 [=================>............] - ETA: 7s
588/968 [=================>............] - ETA: 7s
592/968 [=================>............] - ETA: 7s
596/968 [=================>............] - ETA: 7s
600/968 [=================>............] - ETA: 7s
604/968 [=================>............] - ETA: 7s
608/968 [=================>............] - ETA: 6s
612/968 [=================>............] - ETA: 6s
616/968 [==================>...........] - ETA: 6s
620/968 [==================>...........] - ETA: 6s
624/968 [==================>...........] - ETA: 6s
628/968 [==================>...........] - ETA: 6s
632/968 [==================>...........] - ETA: 6s
636/968 [==================>...........] - ETA: 6s
640/968 [==================>...........] - ETA: 6s
644/968 [==================>...........] - ETA: 6s
648/968 [===================>..........] - ETA: 6s
652/968 [===================>..........] - ETA: 6s
656/968 [===================>..........] - ETA: 5s
660/968 [===================>..........] - ETA: 5s
664/968 [===================>..........] - ETA: 5s
668/968 [===================>..........] - ETA: 5s
672/968 [===================>..........] - ETA: 5s
676/968 [===================>..........] - ETA: 5s
680/968 [====================>.........] - ETA: 5s
684/968 [====================>.........] - ETA: 5s
688/968 [====================>.........] - ETA: 5s
692/968 [====================>.........] - ETA: 5s
696/968 [====================>.........] - ETA: 5s
700/968 [====================>.........] - ETA: 5s
704/968 [====================>.........] - ETA: 4s
708/968 [====================>.........] - ETA: 4s
712/968 [=====================>........] - ETA: 4s
716/968 [=====================>........] - ETA: 4s
720/968 [=====================>........] - ETA: 4s
724/968 [=====================>........] - ETA: 4s
728/968 [=====================>........] - ETA: 4s
732/968 [=====================>........] - ETA: 4s
736/968 [=====================>........] - ETA: 4s
740/968 [=====================>........] - ETA: 4s
744/968 [======================>.......] - ETA: 4s
748/968 [======================>.......] - ETA: 4s
752/968 [======================>.......] - ETA: 4s
756/968 [======================>.......] - ETA: 3s
760/968 [======================>.......] - ETA: 3s
764/968 [======================>.......] - ETA: 3s
768/968 [======================>.......] - ETA: 3s
772/968 [======================>.......] - ETA: 3s
776/968 [=======================>......] - ETA: 3s
780/968 [=======================>......] - ETA: 3s
784/968 [=======================>......] - ETA: 3s
788/968 [=======================>......] - ETA: 3s
792/968 [=======================>......] - ETA: 3s
796/968 [=======================>......] - ETA: 3s
800/968 [=======================>......] - ETA: 3s
804/968 [=======================>......] - ETA: 3s
808/968 [========================>.....] - ETA: 2s
812/968 [========================>.....] - ETA: 2s
816/968 [========================>.....] - ETA: 2s
820/968 [========================>.....] - ETA: 2s
824/968 [========================>.....] - ETA: 2s
828/968 [========================>.....] - ETA: 2s
832/968 [========================>.....] - ETA: 2s
836/968 [========================>.....] - ETA: 2s
840/968 [=========================>....] - ETA: 2s
844/968 [=========================>....] - ETA: 2s
848/968 [=========================>....] - ETA: 2s
852/968 [=========================>....] - ETA: 2s
856/968 [=========================>....] - ETA: 2s
860/968 [=========================>....] - ETA: 1s
864/968 [=========================>....] - ETA: 1s
868/968 [=========================>....] - ETA: 1s
872/968 [==========================>...] - ETA: 1s
876/968 [==========================>...] - ETA: 1s
880/968 [==========================>...] - ETA: 1s
884/968 [==========================>...] - ETA: 1s
888/968 [==========================>...] - ETA: 1s
892/968 [==========================>...] - ETA: 1s
896/968 [==========================>...] - ETA: 1s
900/968 [==========================>...] - ETA: 1s
904/968 [===========================>..] - ETA: 1s
908/968 [===========================>..] - ETA: 1s
912/968 [===========================>..] - ETA: 1s
916/968 [===========================>..] - ETA: 0s
920/968 [===========================>..] - ETA: 0s
924/968 [===========================>..] - ETA: 0s
928/968 [===========================>..] - ETA: 0s
932/968 [===========================>..] - ETA: 0s
936/968 [============================>.] - ETA: 0s
940/968 [============================>.] - ETA: 0s
944/968 [============================>.] - ETA: 0s
948/968 [============================>.] - ETA: 0s
952/968 [============================>.] - ETA: 0s
956/968 [============================>.] - ETA: 0s
960/968 [============================>.] - ETA: 0s
964/968 [============================>.] - ETA: 0s
968/968 [==============================] - 18s 18ms/step
load json
Loaded json model from disk

  1/968 [..............................] - ETA: 27:48
  4/968 [..............................] - ETA: 7:08 
  7/968 [..............................] - ETA: 4:11
 10/968 [..............................] - ETA: 3:00
 13/968 [..............................] - ETA: 2:21
 16/968 [..............................] - ETA: 1:58
 19/968 [..............................] - ETA: 1:42
 22/968 [..............................] - ETA: 1:30
 25/968 [..............................] - ETA: 1:21
 28/968 [..............................] - ETA: 1:14
 31/968 [..............................] - ETA: 1:08
 34/968 [>.............................] - ETA: 1:03
 37/968 [>.............................] - ETA: 59s 
 40/968 [>.............................] - ETA: 55s
 43/968 [>.............................] - ETA: 52s
 46/968 [>.............................] - ETA: 50s
 49/968 [>.............................] - ETA: 48s
 52/968 [>.............................] - ETA: 46s
 55/968 [>.............................] - ETA: 44s
 58/968 [>.............................] - ETA: 42s
 61/968 [>.............................] - ETA: 41s
 64/968 [>.............................] - ETA: 39s
 67/968 [=>............................] - ETA: 38s
 70/968 [=>............................] - ETA: 37s
 73/968 [=>............................] - ETA: 36s
 76/968 [=>............................] - ETA: 35s
 79/968 [=>............................] - ETA: 34s
 82/968 [=>............................] - ETA: 33s
 85/968 [=>............................] - ETA: 32s
 88/968 [=>............................] - ETA: 32s
 91/968 [=>............................] - ETA: 31s
 94/968 [=>............................] - ETA: 30s
 97/968 [==>...........................] - ETA: 30s
100/968 [==>...........................] - ETA: 29s
103/968 [==>...........................] - ETA: 29s
106/968 [==>...........................] - ETA: 28s
109/968 [==>...........................] - ETA: 28s
112/968 [==>...........................] - ETA: 27s
115/968 [==>...........................] - ETA: 27s
118/968 [==>...........................] - ETA: 26s
121/968 [==>...........................] - ETA: 26s
124/968 [==>...........................] - ETA: 26s
127/968 [==>...........................] - ETA: 25s
130/968 [===>..........................] - ETA: 25s
133/968 [===>..........................] - ETA: 25s
136/968 [===>..........................] - ETA: 24s
139/968 [===>..........................] - ETA: 24s
142/968 [===>..........................] - ETA: 24s
145/968 [===>..........................] - ETA: 23s
148/968 [===>..........................] - ETA: 23s
151/968 [===>..........................] - ETA: 23s
154/968 [===>..........................] - ETA: 22s
157/968 [===>..........................] - ETA: 22s
160/968 [===>..........................] - ETA: 22s
163/968 [====>.........................] - ETA: 22s
166/968 [====>.........................] - ETA: 21s
169/968 [====>.........................] - ETA: 21s
172/968 [====>.........................] - ETA: 21s
175/968 [====>.........................] - ETA: 21s
178/968 [====>.........................] - ETA: 21s
181/968 [====>.........................] - ETA: 20s
184/968 [====>.........................] - ETA: 20s
187/968 [====>.........................] - ETA: 20s
190/968 [====>.........................] - ETA: 20s
193/968 [====>.........................] - ETA: 20s
196/968 [=====>........................] - ETA: 19s
199/968 [=====>........................] - ETA: 19s
202/968 [=====>........................] - ETA: 19s
205/968 [=====>........................] - ETA: 19s
208/968 [=====>........................] - ETA: 19s
211/968 [=====>........................] - ETA: 19s
214/968 [=====>........................] - ETA: 18s
217/968 [=====>........................] - ETA: 18s
220/968 [=====>........................] - ETA: 18s
223/968 [=====>........................] - ETA: 18s
226/968 [======>.......................] - ETA: 18s
229/968 [======>.......................] - ETA: 18s
232/968 [======>.......................] - ETA: 17s
235/968 [======>.......................] - ETA: 17s
238/968 [======>.......................] - ETA: 17s
241/968 [======>.......................] - ETA: 17s
244/968 [======>.......................] - ETA: 17s
247/968 [======>.......................] - ETA: 17s
250/968 [======>.......................] - ETA: 17s
253/968 [======>.......................] - ETA: 17s
256/968 [======>.......................] - ETA: 16s
259/968 [=======>......................] - ETA: 16s
262/968 [=======>......................] - ETA: 16s
265/968 [=======>......................] - ETA: 16s
268/968 [=======>......................] - ETA: 16s
271/968 [=======>......................] - ETA: 16s
274/968 [=======>......................] - ETA: 16s
277/968 [=======>......................] - ETA: 16s
280/968 [=======>......................] - ETA: 15s
283/968 [=======>......................] - ETA: 15s
286/968 [=======>......................] - ETA: 15s
289/968 [=======>......................] - ETA: 15s
292/968 [========>.....................] - ETA: 15s
295/968 [========>.....................] - ETA: 15s
298/968 [========>.....................] - ETA: 15s
301/968 [========>.....................] - ETA: 15s
304/968 [========>.....................] - ETA: 15s
307/968 [========>.....................] - ETA: 14s
310/968 [========>.....................] - ETA: 14s
313/968 [========>.....................] - ETA: 14s
316/968 [========>.....................] - ETA: 14s
319/968 [========>.....................] - ETA: 14s
322/968 [========>.....................] - ETA: 14s
325/968 [=========>....................] - ETA: 14s
328/968 [=========>....................] - ETA: 14s
331/968 [=========>....................] - ETA: 14s
334/968 [=========>....................] - ETA: 14s
337/968 [=========>....................] - ETA: 13s
340/968 [=========>....................] - ETA: 13s
343/968 [=========>....................] - ETA: 13s
346/968 [=========>....................] - ETA: 13s
349/968 [=========>....................] - ETA: 13s
352/968 [=========>....................] - ETA: 13s
355/968 [==========>...................] - ETA: 13s
358/968 [==========>...................] - ETA: 13s
361/968 [==========>...................] - ETA: 13s
364/968 [==========>...................] - ETA: 13s
367/968 [==========>...................] - ETA: 13s
370/968 [==========>...................] - ETA: 12s
373/968 [==========>...................] - ETA: 12s
376/968 [==========>...................] - ETA: 12s
379/968 [==========>...................] - ETA: 12s
382/968 [==========>...................] - ETA: 12s
385/968 [==========>...................] - ETA: 12s
388/968 [===========>..................] - ETA: 12s
391/968 [===========>..................] - ETA: 12s
394/968 [===========>..................] - ETA: 12s
397/968 [===========>..................] - ETA: 12s
400/968 [===========>..................] - ETA: 12s
403/968 [===========>..................] - ETA: 12s
406/968 [===========>..................] - ETA: 11s
409/968 [===========>..................] - ETA: 11s
412/968 [===========>..................] - ETA: 11s
415/968 [===========>..................] - ETA: 11s
418/968 [===========>..................] - ETA: 11s
421/968 [============>.................] - ETA: 11s
424/968 [============>.................] - ETA: 11s
427/968 [============>.................] - ETA: 11s
430/968 [============>.................] - ETA: 11s
433/968 [============>.................] - ETA: 11s
436/968 [============>.................] - ETA: 11s
439/968 [============>.................] - ETA: 11s
442/968 [============>.................] - ETA: 10s
445/968 [============>.................] - ETA: 10s
448/968 [============>.................] - ETA: 10s
451/968 [============>.................] - ETA: 10s
454/968 [=============>................] - ETA: 10s
457/968 [=============>................] - ETA: 10s
460/968 [=============>................] - ETA: 10s
463/968 [=============>................] - ETA: 10s
466/968 [=============>................] - ETA: 10s
469/968 [=============>................] - ETA: 10s
472/968 [=============>................] - ETA: 10s
475/968 [=============>................] - ETA: 10s
478/968 [=============>................] - ETA: 10s
481/968 [=============>................] - ETA: 10s
484/968 [==============>...............] - ETA: 9s 
487/968 [==============>...............] - ETA: 9s
490/968 [==============>...............] - ETA: 9s
493/968 [==============>...............] - ETA: 9s
496/968 [==============>...............] - ETA: 9s
499/968 [==============>...............] - ETA: 9s
502/968 [==============>...............] - ETA: 9s
505/968 [==============>...............] - ETA: 9s
508/968 [==============>...............] - ETA: 9s
511/968 [==============>...............] - ETA: 9s
514/968 [==============>...............] - ETA: 9s
517/968 [===============>..............] - ETA: 9s
520/968 [===============>..............] - ETA: 9s
523/968 [===============>..............] - ETA: 9s
526/968 [===============>..............] - ETA: 8s
529/968 [===============>..............] - ETA: 8s
532/968 [===============>..............] - ETA: 8s
535/968 [===============>..............] - ETA: 8s
538/968 [===============>..............] - ETA: 8s
541/968 [===============>..............] - ETA: 8s
544/968 [===============>..............] - ETA: 8s
547/968 [===============>..............] - ETA: 8s
550/968 [================>.............] - ETA: 8s
553/968 [================>.............] - ETA: 8s
556/968 [================>.............] - ETA: 8s
559/968 [================>.............] - ETA: 8s
562/968 [================>.............] - ETA: 8s
565/968 [================>.............] - ETA: 8s
568/968 [================>.............] - ETA: 7s
571/968 [================>.............] - ETA: 7s
574/968 [================>.............] - ETA: 7s
577/968 [================>.............] - ETA: 7s
580/968 [================>.............] - ETA: 7s
583/968 [=================>............] - ETA: 7s
586/968 [=================>............] - ETA: 7s
589/968 [=================>............] - ETA: 7s
592/968 [=================>............] - ETA: 7s
595/968 [=================>............] - ETA: 7s
598/968 [=================>............] - ETA: 7s
601/968 [=================>............] - ETA: 7s
604/968 [=================>............] - ETA: 7s
607/968 [=================>............] - ETA: 7s
610/968 [=================>............] - ETA: 7s
613/968 [=================>............] - ETA: 7s
616/968 [==================>...........] - ETA: 6s
619/968 [==================>...........] - ETA: 6s
622/968 [==================>...........] - ETA: 6s
625/968 [==================>...........] - ETA: 6s
628/968 [==================>...........] - ETA: 6s
631/968 [==================>...........] - ETA: 6s
634/968 [==================>...........] - ETA: 6s
637/968 [==================>...........] - ETA: 6s
640/968 [==================>...........] - ETA: 6s
643/968 [==================>...........] - ETA: 6s
646/968 [===================>..........] - ETA: 6s
649/968 [===================>..........] - ETA: 6s
652/968 [===================>..........] - ETA: 6s
655/968 [===================>..........] - ETA: 6s
658/968 [===================>..........] - ETA: 6s
661/968 [===================>..........] - ETA: 6s
664/968 [===================>..........] - ETA: 5s
667/968 [===================>..........] - ETA: 5s
670/968 [===================>..........] - ETA: 5s
673/968 [===================>..........] - ETA: 5s
676/968 [===================>..........] - ETA: 5s
679/968 [====================>.........] - ETA: 5s
682/968 [====================>.........] - ETA: 5s
685/968 [====================>.........] - ETA: 5s
688/968 [====================>.........] - ETA: 5s
691/968 [====================>.........] - ETA: 5s
694/968 [====================>.........] - ETA: 5s
697/968 [====================>.........] - ETA: 5s
700/968 [====================>.........] - ETA: 5s
703/968 [====================>.........] - ETA: 5s
706/968 [====================>.........] - ETA: 5s
709/968 [====================>.........] - ETA: 5s
712/968 [=====================>........] - ETA: 4s
715/968 [=====================>........] - ETA: 4s
718/968 [=====================>........] - ETA: 4s
721/968 [=====================>........] - ETA: 4s
724/968 [=====================>........] - ETA: 4s
727/968 [=====================>........] - ETA: 4s
730/968 [=====================>........] - ETA: 4s
733/968 [=====================>........] - ETA: 4s
736/968 [=====================>........] - ETA: 4s
739/968 [=====================>........] - ETA: 4s
742/968 [=====================>........] - ETA: 4s
745/968 [======================>.......] - ETA: 4s
748/968 [======================>.......] - ETA: 4s
751/968 [======================>.......] - ETA: 4s
754/968 [======================>.......] - ETA: 4s
757/968 [======================>.......] - ETA: 4s
760/968 [======================>.......] - ETA: 3s
763/968 [======================>.......] - ETA: 3s
766/968 [======================>.......] - ETA: 3s
769/968 [======================>.......] - ETA: 3s
772/968 [======================>.......] - ETA: 3s
775/968 [=======================>......] - ETA: 3s
778/968 [=======================>......] - ETA: 3s
781/968 [=======================>......] - ETA: 3s
784/968 [=======================>......] - ETA: 3s
787/968 [=======================>......] - ETA: 3s
790/968 [=======================>......] - ETA: 3s
793/968 [=======================>......] - ETA: 3s
796/968 [=======================>......] - ETA: 3s
799/968 [=======================>......] - ETA: 3s
802/968 [=======================>......] - ETA: 3s
805/968 [=======================>......] - ETA: 3s
808/968 [========================>.....] - ETA: 3s
811/968 [========================>.....] - ETA: 2s
814/968 [========================>.....] - ETA: 2s
817/968 [========================>.....] - ETA: 2s
820/968 [========================>.....] - ETA: 2s
823/968 [========================>.....] - ETA: 2s
826/968 [========================>.....] - ETA: 2s
829/968 [========================>.....] - ETA: 2s
832/968 [========================>.....] - ETA: 2s
835/968 [========================>.....] - ETA: 2s
838/968 [========================>.....] - ETA: 2s
841/968 [=========================>....] - ETA: 2s
844/968 [=========================>....] - ETA: 2s
847/968 [=========================>....] - ETA: 2s
850/968 [=========================>....] - ETA: 2s
853/968 [=========================>....] - ETA: 2s
856/968 [=========================>....] - ETA: 2s
859/968 [=========================>....] - ETA: 2s
862/968 [=========================>....] - ETA: 2s
865/968 [=========================>....] - ETA: 1s
868/968 [=========================>....] - ETA: 1s
871/968 [=========================>....] - ETA: 1s
874/968 [==========================>...] - ETA: 1s
877/968 [==========================>...] - ETA: 1s
880/968 [==========================>...] - ETA: 1s
883/968 [==========================>...] - ETA: 1s
886/968 [==========================>...] - ETA: 1s
889/968 [==========================>...] - ETA: 1s
892/968 [==========================>...] - ETA: 1s
895/968 [==========================>...] - ETA: 1s
898/968 [==========================>...] - ETA: 1s
900/968 [==========================>...] - ETA: 1s
903/968 [==========================>...] - ETA: 1s
906/968 [===========================>..] - ETA: 1s
909/968 [===========================>..] - ETA: 1s
912/968 [===========================>..] - ETA: 1s
915/968 [===========================>..] - ETA: 1s
918/968 [===========================>..] - ETA: 0s
921/968 [===========================>..] - ETA: 0s
924/968 [===========================>..] - ETA: 0s
927/968 [===========================>..] - ETA: 0s
930/968 [===========================>..] - ETA: 0s
933/968 [===========================>..] - ETA: 0s
936/968 [============================>.] - ETA: 0s
939/968 [============================>.] - ETA: 0s
942/968 [============================>.] - ETA: 0s
945/968 [============================>.] - ETA: 0s
948/968 [============================>.] - ETA: 0s
951/968 [============================>.] - ETA: 0s
954/968 [============================>.] - ETA: 0s
957/968 [============================>.] - ETA: 0s
960/968 [============================>.] - ETA: 0s
963/968 [============================>.] - ETA: 0s
966/968 [============================>.] - ETA: 0s
968/968 [==============================] - 18s 19ms/step
Using TensorFlow backend.
/home/amourav/tensorflow/lib/python3.5/site-packages/skimage/transform/_warps.py:105: UserWarning: The default mode, 'constant', will be changed to 'reflect' in skimage 0.15.
  warn("The default mode, 'constant', will be changed to 'reflect' in "
/home/amourav/tensorflow/lib/python3.5/site-packages/skimage/transform/_warps.py:110: UserWarning: Anti-aliasing will be enabled by default in skimage 0.15 to avoid aliasing artifacts when down-sampling images.
  warn("Anti-aliasing will be enabled by default in skimage 0.15 to "
predMeta.py ... done!
