
Due to MODULEPATH changes, the following have been reloaded:
  1) openmpi/2.1.1

Python 3.5.4
2019-06-11 12:18:48.945357: I tensorflow/core/common_runtime/gpu/gpu_device.cc:1432] Found device 0 with properties: 
name: Tesla P100-PCIE-12GB major: 6 minor: 0 memoryClockRate(GHz): 1.3285
pciBusID: 0000:83:00.0
totalMemory: 11.91GiB freeMemory: 11.63GiB
2019-06-11 12:18:48.946564: I tensorflow/core/common_runtime/gpu/gpu_device.cc:1511] Adding visible gpu devices: 0
2019-06-11 12:18:50.189876: I tensorflow/core/common_runtime/gpu/gpu_device.cc:982] Device interconnect StreamExecutor with strength 1 edge matrix:
2019-06-11 12:18:50.190035: I tensorflow/core/common_runtime/gpu/gpu_device.cc:988]      0 
2019-06-11 12:18:50.190088: I tensorflow/core/common_runtime/gpu/gpu_device.cc:1001] 0:   N 
2019-06-11 12:18:50.190500: I tensorflow/core/common_runtime/gpu/gpu_device.cc:1115] Created TensorFlow device (/job:localhost/replica:0/task:0/device:GPU:0 with 11251 MB memory) -> physical GPU (device: 0, name: Tesla P100-PCIE-12GB, pci bus id: 0000:83:00.0, compute capability: 6.0)
2019-06-11 12:18:50.191031: I tensorflow/core/common_runtime/process_util.cc:69] Creating new thread pool with default inter op setting: 2. Tune using inter_op_parallelism_threads for best performance.

  1/968 [..............................] - ETA: 42:56
  4/968 [..............................] - ETA: 10:54
  7/968 [..............................] - ETA: 6:19 
 11/968 [..............................] - ETA: 4:06
 15/968 [..............................] - ETA: 3:03
 19/968 [..............................] - ETA: 2:27
 23/968 [..............................] - ETA: 2:04
 27/968 [..............................] - ETA: 1:47
 31/968 [..............................] - ETA: 1:35
 35/968 [>.............................] - ETA: 1:25
 39/968 [>.............................] - ETA: 1:17
 43/968 [>.............................] - ETA: 1:11
 47/968 [>.............................] - ETA: 1:06
 51/968 [>.............................] - ETA: 1:02
 55/968 [>.............................] - ETA: 58s 
 59/968 [>.............................] - ETA: 55s
 63/968 [>.............................] - ETA: 52s
 67/968 [=>............................] - ETA: 49s
 71/968 [=>............................] - ETA: 47s
 75/968 [=>............................] - ETA: 45s
 79/968 [=>............................] - ETA: 43s
 83/968 [=>............................] - ETA: 42s
 87/968 [=>............................] - ETA: 40s
 91/968 [=>............................] - ETA: 39s
 95/968 [=>............................] - ETA: 38s
 99/968 [==>...........................] - ETA: 36s
103/968 [==>...........................] - ETA: 35s
107/968 [==>...........................] - ETA: 34s
111/968 [==>...........................] - ETA: 33s
115/968 [==>...........................] - ETA: 33s
119/968 [==>...........................] - ETA: 32s
123/968 [==>...........................] - ETA: 31s
127/968 [==>...........................] - ETA: 30s
131/968 [===>..........................] - ETA: 30s
135/968 [===>..........................] - ETA: 29s
139/968 [===>..........................] - ETA: 28s
143/968 [===>..........................] - ETA: 28s
147/968 [===>..........................] - ETA: 27s
151/968 [===>..........................] - ETA: 27s
155/968 [===>..........................] - ETA: 26s
159/968 [===>..........................] - ETA: 26s
163/968 [====>.........................] - ETA: 25s
167/968 [====>.........................] - ETA: 25s
171/968 [====>.........................] - ETA: 24s
175/968 [====>.........................] - ETA: 24s
179/968 [====>.........................] - ETA: 24s
183/968 [====>.........................] - ETA: 23s
187/968 [====>.........................] - ETA: 23s
191/968 [====>.........................] - ETA: 22s
195/968 [=====>........................] - ETA: 22s
199/968 [=====>........................] - ETA: 22s
203/968 [=====>........................] - ETA: 22s
207/968 [=====>........................] - ETA: 21s
211/968 [=====>........................] - ETA: 21s
215/968 [=====>........................] - ETA: 21s
219/968 [=====>........................] - ETA: 20s
223/968 [=====>........................] - ETA: 20s
227/968 [======>.......................] - ETA: 20s
231/968 [======>.......................] - ETA: 20s
235/968 [======>.......................] - ETA: 19s
239/968 [======>.......................] - ETA: 19s
243/968 [======>.......................] - ETA: 19s
247/968 [======>.......................] - ETA: 19s
251/968 [======>.......................] - ETA: 18s
255/968 [======>.......................] - ETA: 18s
259/968 [=======>......................] - ETA: 18s
263/968 [=======>......................] - ETA: 18s
267/968 [=======>......................] - ETA: 17s
271/968 [=======>......................] - ETA: 17s
275/968 [=======>......................] - ETA: 17s
279/968 [=======>......................] - ETA: 17s
283/968 [=======>......................] - ETA: 17s
287/968 [=======>......................] - ETA: 16s
291/968 [========>.....................] - ETA: 16s
295/968 [========>.....................] - ETA: 16s
299/968 [========>.....................] - ETA: 16s
303/968 [========>.....................] - ETA: 16s
307/968 [========>.....................] - ETA: 16s
311/968 [========>.....................] - ETA: 15s
315/968 [========>.....................] - ETA: 15s
319/968 [========>.....................] - ETA: 15s
323/968 [=========>....................] - ETA: 15s
327/968 [=========>....................] - ETA: 15s
331/968 [=========>....................] - ETA: 15s
335/968 [=========>....................] - ETA: 14s
339/968 [=========>....................] - ETA: 14s
343/968 [=========>....................] - ETA: 14s
347/968 [=========>....................] - ETA: 14s
351/968 [=========>....................] - ETA: 14s
355/968 [==========>...................] - ETA: 14s
359/968 [==========>...................] - ETA: 14s
363/968 [==========>...................] - ETA: 13s
367/968 [==========>...................] - ETA: 13s
371/968 [==========>...................] - ETA: 13s
375/968 [==========>...................] - ETA: 13s
379/968 [==========>...................] - ETA: 13s
383/968 [==========>...................] - ETA: 13s
387/968 [==========>...................] - ETA: 13s
391/968 [===========>..................] - ETA: 12s
395/968 [===========>..................] - ETA: 12s
399/968 [===========>..................] - ETA: 12s
403/968 [===========>..................] - ETA: 12s
407/968 [===========>..................] - ETA: 12s
411/968 [===========>..................] - ETA: 12s
415/968 [===========>..................] - ETA: 12s
419/968 [===========>..................] - ETA: 12s
423/968 [============>.................] - ETA: 11s
427/968 [============>.................] - ETA: 11s
431/968 [============>.................] - ETA: 11s
435/968 [============>.................] - ETA: 11s
439/968 [============>.................] - ETA: 11s
443/968 [============>.................] - ETA: 11s
447/968 [============>.................] - ETA: 11s
451/968 [============>.................] - ETA: 11s
455/968 [=============>................] - ETA: 11s
459/968 [=============>................] - ETA: 10s
463/968 [=============>................] - ETA: 10s
467/968 [=============>................] - ETA: 10s
471/968 [=============>................] - ETA: 10s
475/968 [=============>................] - ETA: 10s
479/968 [=============>................] - ETA: 10s
483/968 [=============>................] - ETA: 10s
487/968 [==============>...............] - ETA: 10s
491/968 [==============>...............] - ETA: 10s
495/968 [==============>...............] - ETA: 9s 
499/968 [==============>...............] - ETA: 9s
503/968 [==============>...............] - ETA: 9s
507/968 [==============>...............] - ETA: 9s
511/968 [==============>...............] - ETA: 9s
515/968 [==============>...............] - ETA: 9s
519/968 [===============>..............] - ETA: 9s
523/968 [===============>..............] - ETA: 9s
527/968 [===============>..............] - ETA: 9s
531/968 [===============>..............] - ETA: 9s
535/968 [===============>..............] - ETA: 8s
539/968 [===============>..............] - ETA: 8s
543/968 [===============>..............] - ETA: 8s
547/968 [===============>..............] - ETA: 8s
551/968 [================>.............] - ETA: 8s
555/968 [================>.............] - ETA: 8s
559/968 [================>.............] - ETA: 8s
563/968 [================>.............] - ETA: 8s
567/968 [================>.............] - ETA: 8s
571/968 [================>.............] - ETA: 8s
575/968 [================>.............] - ETA: 7s
579/968 [================>.............] - ETA: 7s
583/968 [=================>............] - ETA: 7s
587/968 [=================>............] - ETA: 7s
591/968 [=================>............] - ETA: 7s
595/968 [=================>............] - ETA: 7s
599/968 [=================>............] - ETA: 7s
603/968 [=================>............] - ETA: 7s
607/968 [=================>............] - ETA: 7s
611/968 [=================>............] - ETA: 7s
615/968 [==================>...........] - ETA: 7s
619/968 [==================>...........] - ETA: 6s
623/968 [==================>...........] - ETA: 6s
627/968 [==================>...........] - ETA: 6s
631/968 [==================>...........] - ETA: 6s
635/968 [==================>...........] - ETA: 6s
639/968 [==================>...........] - ETA: 6s
643/968 [==================>...........] - ETA: 6s
647/968 [===================>..........] - ETA: 6s
651/968 [===================>..........] - ETA: 6s
655/968 [===================>..........] - ETA: 6s
659/968 [===================>..........] - ETA: 6s
663/968 [===================>..........] - ETA: 6s
667/968 [===================>..........] - ETA: 5s
671/968 [===================>..........] - ETA: 5s
675/968 [===================>..........] - ETA: 5s
679/968 [====================>.........] - ETA: 5s
683/968 [====================>.........] - ETA: 5s
687/968 [====================>.........] - ETA: 5s
691/968 [====================>.........] - ETA: 5s
695/968 [====================>.........] - ETA: 5s
699/968 [====================>.........] - ETA: 5s
703/968 [====================>.........] - ETA: 5s
707/968 [====================>.........] - ETA: 5s
711/968 [=====================>........] - ETA: 5s
715/968 [=====================>........] - ETA: 4s
719/968 [=====================>........] - ETA: 4s
723/968 [=====================>........] - ETA: 4s
727/968 [=====================>........] - ETA: 4s
731/968 [=====================>........] - ETA: 4s
735/968 [=====================>........] - ETA: 4s
739/968 [=====================>........] - ETA: 4s
743/968 [======================>.......] - ETA: 4s
747/968 [======================>.......] - ETA: 4s
751/968 [======================>.......] - ETA: 4s
755/968 [======================>.......] - ETA: 4s
759/968 [======================>.......] - ETA: 4s
763/968 [======================>.......] - ETA: 3s
767/968 [======================>.......] - ETA: 3s
771/968 [======================>.......] - ETA: 3s
775/968 [=======================>......] - ETA: 3s
779/968 [=======================>......] - ETA: 3s
783/968 [=======================>......] - ETA: 3s
787/968 [=======================>......] - ETA: 3s
791/968 [=======================>......] - ETA: 3s
795/968 [=======================>......] - ETA: 3s
799/968 [=======================>......] - ETA: 3s
803/968 [=======================>......] - ETA: 3s
807/968 [========================>.....] - ETA: 3s
811/968 [========================>.....] - ETA: 2s
815/968 [========================>.....] - ETA: 2s
819/968 [========================>.....] - ETA: 2s
823/968 [========================>.....] - ETA: 2s
827/968 [========================>.....] - ETA: 2s
831/968 [========================>.....] - ETA: 2s
835/968 [========================>.....] - ETA: 2s
839/968 [=========================>....] - ETA: 2s
843/968 [=========================>....] - ETA: 2s
847/968 [=========================>....] - ETA: 2s
851/968 [=========================>....] - ETA: 2s
855/968 [=========================>....] - ETA: 2s
859/968 [=========================>....] - ETA: 2s
863/968 [=========================>....] - ETA: 1s
867/968 [=========================>....] - ETA: 1s
871/968 [=========================>....] - ETA: 1s
875/968 [==========================>...] - ETA: 1s
879/968 [==========================>...] - ETA: 1s
883/968 [==========================>...] - ETA: 1s
887/968 [==========================>...] - ETA: 1s
891/968 [==========================>...] - ETA: 1s
895/968 [==========================>...] - ETA: 1s
899/968 [==========================>...] - ETA: 1s
903/968 [==========================>...] - ETA: 1s
907/968 [===========================>..] - ETA: 1s
911/968 [===========================>..] - ETA: 1s
915/968 [===========================>..] - ETA: 0s
919/968 [===========================>..] - ETA: 0s
923/968 [===========================>..] - ETA: 0s
927/968 [===========================>..] - ETA: 0s
931/968 [===========================>..] - ETA: 0s
935/968 [===========================>..] - ETA: 0s
939/968 [============================>.] - ETA: 0s
943/968 [============================>.] - ETA: 0s
947/968 [============================>.] - ETA: 0s
951/968 [============================>.] - ETA: 0s
955/968 [============================>.] - ETA: 0s
959/968 [============================>.] - ETA: 0s
963/968 [============================>.] - ETA: 0s
967/968 [============================>.] - ETA: 0s
968/968 [==============================] - 18s 18ms/step
Using TensorFlow backend.
/home/amourav/tensorflow/lib/python3.5/site-packages/skimage/transform/_warps.py:105: UserWarning: The default mode, 'constant', will be changed to 'reflect' in skimage 0.15.
  warn("The default mode, 'constant', will be changed to 'reflect' in "
/home/amourav/tensorflow/lib/python3.5/site-packages/skimage/transform/_warps.py:110: UserWarning: Anti-aliasing will be enabled by default in skimage 0.15 to avoid aliasing artifacts when down-sampling images.
  warn("Anti-aliasing will be enabled by default in skimage 0.15 to "
predict.py ... done!
