
Due to MODULEPATH changes, the following have been reloaded:
  1) openmpi/2.1.1

Python 3.5.4
2019-06-23 14:58:40.379011: I tensorflow/core/common_runtime/gpu/gpu_device.cc:1432] Found device 0 with properties: 
name: Tesla P100-PCIE-12GB major: 6 minor: 0 memoryClockRate(GHz): 1.3285
pciBusID: 0000:83:00.0
totalMemory: 11.91GiB freeMemory: 11.63GiB
2019-06-23 14:58:40.379363: I tensorflow/core/common_runtime/gpu/gpu_device.cc:1511] Adding visible gpu devices: 0
2019-06-23 14:58:41.477749: I tensorflow/core/common_runtime/gpu/gpu_device.cc:982] Device interconnect StreamExecutor with strength 1 edge matrix:
2019-06-23 14:58:41.477914: I tensorflow/core/common_runtime/gpu/gpu_device.cc:988]      0 
2019-06-23 14:58:41.477967: I tensorflow/core/common_runtime/gpu/gpu_device.cc:1001] 0:   N 
2019-06-23 14:58:41.478377: I tensorflow/core/common_runtime/gpu/gpu_device.cc:1115] Created TensorFlow device (/job:localhost/replica:0/task:0/device:GPU:0 with 11251 MB memory) -> physical GPU (device: 0, name: Tesla P100-PCIE-12GB, pci bus id: 0000:83:00.0, compute capability: 6.0)
2019-06-23 14:58:41.478914: I tensorflow/core/common_runtime/process_util.cc:69] Creating new thread pool with default inter op setting: 2. Tune using inter_op_parallelism_threads for best performance.
load json
Loaded json model from disk
__________________________________________________________________________________________________
Layer (type)                    Output Shape         Param #     Connected to                     
==================================================================================================
input_4 (InputLayer)            (None, 299, 299, 3)  0                                            
__________________________________________________________________________________________________
block1_conv1 (Conv2D)           (None, 149, 149, 32) 864         input_4[0][0]                    
__________________________________________________________________________________________________
block1_conv1_bn (BatchNormaliza (None, 149, 149, 32) 128         block1_conv1[0][0]               
__________________________________________________________________________________________________
block1_conv1_act (Activation)   (None, 149, 149, 32) 0           block1_conv1_bn[0][0]            
__________________________________________________________________________________________________
block1_conv2 (Conv2D)           (None, 147, 147, 64) 18432       block1_conv1_act[0][0]           
__________________________________________________________________________________________________
block1_conv2_bn (BatchNormaliza (None, 147, 147, 64) 256         block1_conv2[0][0]               
__________________________________________________________________________________________________
block1_conv2_act (Activation)   (None, 147, 147, 64) 0           block1_conv2_bn[0][0]            
__________________________________________________________________________________________________
block2_sepconv1 (SeparableConv2 (None, 147, 147, 128 8768        block1_conv2_act[0][0]           
__________________________________________________________________________________________________
block2_sepconv1_bn (BatchNormal (None, 147, 147, 128 512         block2_sepconv1[0][0]            
__________________________________________________________________________________________________
block2_sepconv2_act (Activation (None, 147, 147, 128 0           block2_sepconv1_bn[0][0]         
__________________________________________________________________________________________________
block2_sepconv2 (SeparableConv2 (None, 147, 147, 128 17536       block2_sepconv2_act[0][0]        
__________________________________________________________________________________________________
block2_sepconv2_bn (BatchNormal (None, 147, 147, 128 512         block2_sepconv2[0][0]            
__________________________________________________________________________________________________
conv2d_95 (Conv2D)              (None, 74, 74, 128)  8192        block1_conv2_act[0][0]           
__________________________________________________________________________________________________
block2_pool (MaxPooling2D)      (None, 74, 74, 128)  0           block2_sepconv2_bn[0][0]         
__________________________________________________________________________________________________
batch_normalization_95 (BatchNo (None, 74, 74, 128)  512         conv2d_95[0][0]                  
__________________________________________________________________________________________________
add_17 (Add)                    (None, 74, 74, 128)  0           block2_pool[0][0]                
                                                                 batch_normalization_95[0][0]     
__________________________________________________________________________________________________
block3_sepconv1_act (Activation (None, 74, 74, 128)  0           add_17[0][0]                     
__________________________________________________________________________________________________
block3_sepconv1 (SeparableConv2 (None, 74, 74, 256)  33920       block3_sepconv1_act[0][0]        
__________________________________________________________________________________________________
block3_sepconv1_bn (BatchNormal (None, 74, 74, 256)  1024        block3_sepconv1[0][0]            
__________________________________________________________________________________________________
block3_sepconv2_act (Activation (None, 74, 74, 256)  0           block3_sepconv1_bn[0][0]         
__________________________________________________________________________________________________
block3_sepconv2 (SeparableConv2 (None, 74, 74, 256)  67840       block3_sepconv2_act[0][0]        
__________________________________________________________________________________________________
block3_sepconv2_bn (BatchNormal (None, 74, 74, 256)  1024        block3_sepconv2[0][0]            
__________________________________________________________________________________________________
conv2d_96 (Conv2D)              (None, 37, 37, 256)  32768       add_17[0][0]                     
__________________________________________________________________________________________________
block3_pool (MaxPooling2D)      (None, 37, 37, 256)  0           block3_sepconv2_bn[0][0]         
__________________________________________________________________________________________________
batch_normalization_96 (BatchNo (None, 37, 37, 256)  1024        conv2d_96[0][0]                  
__________________________________________________________________________________________________
add_18 (Add)                    (None, 37, 37, 256)  0           block3_pool[0][0]                
                                                                 batch_normalization_96[0][0]     
__________________________________________________________________________________________________
block4_sepconv1_act (Activation (None, 37, 37, 256)  0           add_18[0][0]                     
__________________________________________________________________________________________________
block4_sepconv1 (SeparableConv2 (None, 37, 37, 728)  188672      block4_sepconv1_act[0][0]        
__________________________________________________________________________________________________
block4_sepconv1_bn (BatchNormal (None, 37, 37, 728)  2912        block4_sepconv1[0][0]            
__________________________________________________________________________________________________
block4_sepconv2_act (Activation (None, 37, 37, 728)  0           block4_sepconv1_bn[0][0]         
__________________________________________________________________________________________________
block4_sepconv2 (SeparableConv2 (None, 37, 37, 728)  536536      block4_sepconv2_act[0][0]        
__________________________________________________________________________________________________
block4_sepconv2_bn (BatchNormal (None, 37, 37, 728)  2912        block4_sepconv2[0][0]            
__________________________________________________________________________________________________
conv2d_97 (Conv2D)              (None, 19, 19, 728)  186368      add_18[0][0]                     
__________________________________________________________________________________________________
block4_pool (MaxPooling2D)      (None, 19, 19, 728)  0           block4_sepconv2_bn[0][0]         
__________________________________________________________________________________________________
batch_normalization_97 (BatchNo (None, 19, 19, 728)  2912        conv2d_97[0][0]                  
__________________________________________________________________________________________________
add_19 (Add)                    (None, 19, 19, 728)  0           block4_pool[0][0]                
                                                                 batch_normalization_97[0][0]     
__________________________________________________________________________________________________
block5_sepconv1_act (Activation (None, 19, 19, 728)  0           add_19[0][0]                     
__________________________________________________________________________________________________
block5_sepconv1 (SeparableConv2 (None, 19, 19, 728)  536536      block5_sepconv1_act[0][0]        
__________________________________________________________________________________________________
block5_sepconv1_bn (BatchNormal (None, 19, 19, 728)  2912        block5_sepconv1[0][0]            
__________________________________________________________________________________________________
block5_sepconv2_act (Activation (None, 19, 19, 728)  0           block5_sepconv1_bn[0][0]         
__________________________________________________________________________________________________
block5_sepconv2 (SeparableConv2 (None, 19, 19, 728)  536536      block5_sepconv2_act[0][0]        
__________________________________________________________________________________________________
block5_sepconv2_bn (BatchNormal (None, 19, 19, 728)  2912        block5_sepconv2[0][0]            
__________________________________________________________________________________________________
block5_sepconv3_act (Activation (None, 19, 19, 728)  0           block5_sepconv2_bn[0][0]         
__________________________________________________________________________________________________
block5_sepconv3 (SeparableConv2 (None, 19, 19, 728)  536536      block5_sepconv3_act[0][0]        
__________________________________________________________________________________________________
block5_sepconv3_bn (BatchNormal (None, 19, 19, 728)  2912        block5_sepconv3[0][0]            
__________________________________________________________________________________________________
add_20 (Add)                    (None, 19, 19, 728)  0           block5_sepconv3_bn[0][0]         
                                                                 add_19[0][0]                     
__________________________________________________________________________________________________
block6_sepconv1_act (Activation (None, 19, 19, 728)  0           add_20[0][0]                     
__________________________________________________________________________________________________
block6_sepconv1 (SeparableConv2 (None, 19, 19, 728)  536536      block6_sepconv1_act[0][0]        
__________________________________________________________________________________________________
block6_sepconv1_bn (BatchNormal (None, 19, 19, 728)  2912        block6_sepconv1[0][0]            
__________________________________________________________________________________________________
block6_sepconv2_act (Activation (None, 19, 19, 728)  0           block6_sepconv1_bn[0][0]         
__________________________________________________________________________________________________
block6_sepconv2 (SeparableConv2 (None, 19, 19, 728)  536536      block6_sepconv2_act[0][0]        
__________________________________________________________________________________________________
block6_sepconv2_bn (BatchNormal (None, 19, 19, 728)  2912        block6_sepconv2[0][0]            
__________________________________________________________________________________________________
block6_sepconv3_act (Activation (None, 19, 19, 728)  0           block6_sepconv2_bn[0][0]         
__________________________________________________________________________________________________
block6_sepconv3 (SeparableConv2 (None, 19, 19, 728)  536536      block6_sepconv3_act[0][0]        
__________________________________________________________________________________________________
block6_sepconv3_bn (BatchNormal (None, 19, 19, 728)  2912        block6_sepconv3[0][0]            
__________________________________________________________________________________________________
add_21 (Add)                    (None, 19, 19, 728)  0           block6_sepconv3_bn[0][0]         
                                                                 add_20[0][0]                     
__________________________________________________________________________________________________
block7_sepconv1_act (Activation (None, 19, 19, 728)  0           add_21[0][0]                     
__________________________________________________________________________________________________
block7_sepconv1 (SeparableConv2 (None, 19, 19, 728)  536536      block7_sepconv1_act[0][0]        
__________________________________________________________________________________________________
block7_sepconv1_bn (BatchNormal (None, 19, 19, 728)  2912        block7_sepconv1[0][0]            
__________________________________________________________________________________________________
block7_sepconv2_act (Activation (None, 19, 19, 728)  0           block7_sepconv1_bn[0][0]         
__________________________________________________________________________________________________
block7_sepconv2 (SeparableConv2 (None, 19, 19, 728)  536536      block7_sepconv2_act[0][0]        
__________________________________________________________________________________________________
block7_sepconv2_bn (BatchNormal (None, 19, 19, 728)  2912        block7_sepconv2[0][0]            
__________________________________________________________________________________________________
block7_sepconv3_act (Activation (None, 19, 19, 728)  0           block7_sepconv2_bn[0][0]         
__________________________________________________________________________________________________
block7_sepconv3 (SeparableConv2 (None, 19, 19, 728)  536536      block7_sepconv3_act[0][0]        
__________________________________________________________________________________________________
block7_sepconv3_bn (BatchNormal (None, 19, 19, 728)  2912        block7_sepconv3[0][0]            
__________________________________________________________________________________________________
add_22 (Add)                    (None, 19, 19, 728)  0           block7_sepconv3_bn[0][0]         
                                                                 add_21[0][0]                     
__________________________________________________________________________________________________
block8_sepconv1_act (Activation (None, 19, 19, 728)  0           add_22[0][0]                     
__________________________________________________________________________________________________
block8_sepconv1 (SeparableConv2 (None, 19, 19, 728)  536536      block8_sepconv1_act[0][0]        
__________________________________________________________________________________________________
block8_sepconv1_bn (BatchNormal (None, 19, 19, 728)  2912        block8_sepconv1[0][0]            
__________________________________________________________________________________________________
block8_sepconv2_act (Activation (None, 19, 19, 728)  0           block8_sepconv1_bn[0][0]         
__________________________________________________________________________________________________
block8_sepconv2 (SeparableConv2 (None, 19, 19, 728)  536536      block8_sepconv2_act[0][0]        
__________________________________________________________________________________________________
block8_sepconv2_bn (BatchNormal (None, 19, 19, 728)  2912        block8_sepconv2[0][0]            
__________________________________________________________________________________________________
block8_sepconv3_act (Activation (None, 19, 19, 728)  0           block8_sepconv2_bn[0][0]         
__________________________________________________________________________________________________
block8_sepconv3 (SeparableConv2 (None, 19, 19, 728)  536536      block8_sepconv3_act[0][0]        
__________________________________________________________________________________________________
block8_sepconv3_bn (BatchNormal (None, 19, 19, 728)  2912        block8_sepconv3[0][0]            
__________________________________________________________________________________________________
add_23 (Add)                    (None, 19, 19, 728)  0           block8_sepconv3_bn[0][0]         
                                                                 add_22[0][0]                     
__________________________________________________________________________________________________
block9_sepconv1_act (Activation (None, 19, 19, 728)  0           add_23[0][0]                     
__________________________________________________________________________________________________
block9_sepconv1 (SeparableConv2 (None, 19, 19, 728)  536536      block9_sepconv1_act[0][0]        
__________________________________________________________________________________________________
block9_sepconv1_bn (BatchNormal (None, 19, 19, 728)  2912        block9_sepconv1[0][0]            
__________________________________________________________________________________________________
block9_sepconv2_act (Activation (None, 19, 19, 728)  0           block9_sepconv1_bn[0][0]         
__________________________________________________________________________________________________
block9_sepconv2 (SeparableConv2 (None, 19, 19, 728)  536536      block9_sepconv2_act[0][0]        
__________________________________________________________________________________________________
block9_sepconv2_bn (BatchNormal (None, 19, 19, 728)  2912        block9_sepconv2[0][0]            
__________________________________________________________________________________________________
block9_sepconv3_act (Activation (None, 19, 19, 728)  0           block9_sepconv2_bn[0][0]         
__________________________________________________________________________________________________
block9_sepconv3 (SeparableConv2 (None, 19, 19, 728)  536536      block9_sepconv3_act[0][0]        
__________________________________________________________________________________________________
block9_sepconv3_bn (BatchNormal (None, 19, 19, 728)  2912        block9_sepconv3[0][0]            
__________________________________________________________________________________________________
add_24 (Add)                    (None, 19, 19, 728)  0           block9_sepconv3_bn[0][0]         
                                                                 add_23[0][0]                     
__________________________________________________________________________________________________
block10_sepconv1_act (Activatio (None, 19, 19, 728)  0           add_24[0][0]                     
__________________________________________________________________________________________________
block10_sepconv1 (SeparableConv (None, 19, 19, 728)  536536      block10_sepconv1_act[0][0]       
__________________________________________________________________________________________________
block10_sepconv1_bn (BatchNorma (None, 19, 19, 728)  2912        block10_sepconv1[0][0]           
__________________________________________________________________________________________________
block10_sepconv2_act (Activatio (None, 19, 19, 728)  0           block10_sepconv1_bn[0][0]        
__________________________________________________________________________________________________
block10_sepconv2 (SeparableConv (None, 19, 19, 728)  536536      block10_sepconv2_act[0][0]       
__________________________________________________________________________________________________
block10_sepconv2_bn (BatchNorma (None, 19, 19, 728)  2912        block10_sepconv2[0][0]           
__________________________________________________________________________________________________
block10_sepconv3_act (Activatio (None, 19, 19, 728)  0           block10_sepconv2_bn[0][0]        
__________________________________________________________________________________________________
block10_sepconv3 (SeparableConv (None, 19, 19, 728)  536536      block10_sepconv3_act[0][0]       
__________________________________________________________________________________________________
block10_sepconv3_bn (BatchNorma (None, 19, 19, 728)  2912        block10_sepconv3[0][0]           
__________________________________________________________________________________________________
add_25 (Add)                    (None, 19, 19, 728)  0           block10_sepconv3_bn[0][0]        
                                                                 add_24[0][0]                     
__________________________________________________________________________________________________
block11_sepconv1_act (Activatio (None, 19, 19, 728)  0           add_25[0][0]                     
__________________________________________________________________________________________________
block11_sepconv1 (SeparableConv (None, 19, 19, 728)  536536      block11_sepconv1_act[0][0]       
__________________________________________________________________________________________________
block11_sepconv1_bn (BatchNorma (None, 19, 19, 728)  2912        block11_sepconv1[0][0]           
__________________________________________________________________________________________________
block11_sepconv2_act (Activatio (None, 19, 19, 728)  0           block11_sepconv1_bn[0][0]        
__________________________________________________________________________________________________
block11_sepconv2 (SeparableConv (None, 19, 19, 728)  536536      block11_sepconv2_act[0][0]       
__________________________________________________________________________________________________
block11_sepconv2_bn (BatchNorma (None, 19, 19, 728)  2912        block11_sepconv2[0][0]           
__________________________________________________________________________________________________
block11_sepconv3_act (Activatio (None, 19, 19, 728)  0           block11_sepconv2_bn[0][0]        
__________________________________________________________________________________________________
block11_sepconv3 (SeparableConv (None, 19, 19, 728)  536536      block11_sepconv3_act[0][0]       
__________________________________________________________________________________________________
block11_sepconv3_bn (BatchNorma (None, 19, 19, 728)  2912        block11_sepconv3[0][0]           
__________________________________________________________________________________________________
add_26 (Add)                    (None, 19, 19, 728)  0           block11_sepconv3_bn[0][0]        
                                                                 add_25[0][0]                     
__________________________________________________________________________________________________
block12_sepconv1_act (Activatio (None, 19, 19, 728)  0           add_26[0][0]                     
__________________________________________________________________________________________________
block12_sepconv1 (SeparableConv (None, 19, 19, 728)  536536      block12_sepconv1_act[0][0]       
__________________________________________________________________________________________________
block12_sepconv1_bn (BatchNorma (None, 19, 19, 728)  2912        block12_sepconv1[0][0]           
__________________________________________________________________________________________________
block12_sepconv2_act (Activatio (None, 19, 19, 728)  0           block12_sepconv1_bn[0][0]        
__________________________________________________________________________________________________
block12_sepconv2 (SeparableConv (None, 19, 19, 728)  536536      block12_sepconv2_act[0][0]       
__________________________________________________________________________________________________
block12_sepconv2_bn (BatchNorma (None, 19, 19, 728)  2912        block12_sepconv2[0][0]           
__________________________________________________________________________________________________
block12_sepconv3_act (Activatio (None, 19, 19, 728)  0           block12_sepconv2_bn[0][0]        
__________________________________________________________________________________________________
block12_sepconv3 (SeparableConv (None, 19, 19, 728)  536536      block12_sepconv3_act[0][0]       
__________________________________________________________________________________________________
block12_sepconv3_bn (BatchNorma (None, 19, 19, 728)  2912        block12_sepconv3[0][0]           
__________________________________________________________________________________________________
add_27 (Add)                    (None, 19, 19, 728)  0           block12_sepconv3_bn[0][0]        
                                                                 add_26[0][0]                     
__________________________________________________________________________________________________
block13_sepconv1_act (Activatio (None, 19, 19, 728)  0           add_27[0][0]                     
__________________________________________________________________________________________________
block13_sepconv1 (SeparableConv (None, 19, 19, 728)  536536      block13_sepconv1_act[0][0]       
__________________________________________________________________________________________________
block13_sepconv1_bn (BatchNorma (None, 19, 19, 728)  2912        block13_sepconv1[0][0]           
__________________________________________________________________________________________________
block13_sepconv2_act (Activatio (None, 19, 19, 728)  0           block13_sepconv1_bn[0][0]        
__________________________________________________________________________________________________
block13_sepconv2 (SeparableConv (None, 19, 19, 1024) 752024      block13_sepconv2_act[0][0]       
__________________________________________________________________________________________________
block13_sepconv2_bn (BatchNorma (None, 19, 19, 1024) 4096        block13_sepconv2[0][0]           
__________________________________________________________________________________________________
conv2d_98 (Conv2D)              (None, 10, 10, 1024) 745472      add_27[0][0]                     
__________________________________________________________________________________________________
block13_pool (MaxPooling2D)     (None, 10, 10, 1024) 0           block13_sepconv2_bn[0][0]        
__________________________________________________________________________________________________
batch_normalization_98 (BatchNo (None, 10, 10, 1024) 4096        conv2d_98[0][0]                  
__________________________________________________________________________________________________
add_28 (Add)                    (None, 10, 10, 1024) 0           block13_pool[0][0]               
                                                                 batch_normalization_98[0][0]     
__________________________________________________________________________________________________
block14_sepconv1 (SeparableConv (None, 10, 10, 1536) 1582080     add_28[0][0]                     
__________________________________________________________________________________________________
block14_sepconv1_bn (BatchNorma (None, 10, 10, 1536) 6144        block14_sepconv1[0][0]           
__________________________________________________________________________________________________
block14_sepconv1_act (Activatio (None, 10, 10, 1536) 0           block14_sepconv1_bn[0][0]        
__________________________________________________________________________________________________
block14_sepconv2 (SeparableConv (None, 10, 10, 2048) 3159552     block14_sepconv1_act[0][0]       
__________________________________________________________________________________________________
block14_sepconv2_bn (BatchNorma (None, 10, 10, 2048) 8192        block14_sepconv2[0][0]           
__________________________________________________________________________________________________
block14_sepconv2_act (Activatio (None, 10, 10, 2048) 0           block14_sepconv2_bn[0][0]        
__________________________________________________________________________________________________
global_average_pooling2d_3 (Glo (None, 2048)         0           block14_sepconv2_act[0][0]       
__________________________________________________________________________________________________
dense_6 (Dense)                 (None, 4)            8196        global_average_pooling2d_3[0][0] 
==================================================================================================
Total params: 20,869,676
Trainable params: 62,724
Non-trainable params: 20,806,952
__________________________________________________________________________________________________

  1/968 [..............................] - ETA: 41:36
  4/968 [..............................] - ETA: 10:34
  8/968 [..............................] - ETA: 5:23 
 12/968 [..............................] - ETA: 3:39
 16/968 [..............................] - ETA: 2:48
 20/968 [..............................] - ETA: 2:16
 24/968 [..............................] - ETA: 1:55
 28/968 [..............................] - ETA: 1:41
 32/968 [..............................] - ETA: 1:29
 36/968 [>.............................] - ETA: 1:21
 40/968 [>.............................] - ETA: 1:14
 44/968 [>.............................] - ETA: 1:08
 48/968 [>.............................] - ETA: 1:03
 52/968 [>.............................] - ETA: 59s 
 56/968 [>.............................] - ETA: 56s
 60/968 [>.............................] - ETA: 53s
 64/968 [>.............................] - ETA: 50s
 68/968 [=>............................] - ETA: 48s
 72/968 [=>............................] - ETA: 45s
 76/968 [=>............................] - ETA: 44s
 80/968 [=>............................] - ETA: 42s
 84/968 [=>............................] - ETA: 40s
 88/968 [=>............................] - ETA: 39s
 92/968 [=>............................] - ETA: 38s
 96/968 [=>............................] - ETA: 36s
100/968 [==>...........................] - ETA: 35s
104/968 [==>...........................] - ETA: 34s
108/968 [==>...........................] - ETA: 33s
112/968 [==>...........................] - ETA: 32s
116/968 [==>...........................] - ETA: 32s
120/968 [==>...........................] - ETA: 31s
124/968 [==>...........................] - ETA: 30s
128/968 [==>...........................] - ETA: 29s
132/968 [===>..........................] - ETA: 29s
136/968 [===>..........................] - ETA: 28s
140/968 [===>..........................] - ETA: 28s
144/968 [===>..........................] - ETA: 27s
148/968 [===>..........................] - ETA: 27s
152/968 [===>..........................] - ETA: 26s
156/968 [===>..........................] - ETA: 26s
160/968 [===>..........................] - ETA: 25s
164/968 [====>.........................] - ETA: 25s
168/968 [====>.........................] - ETA: 24s
172/968 [====>.........................] - ETA: 24s
176/968 [====>.........................] - ETA: 23s
180/968 [====>.........................] - ETA: 23s
184/968 [====>.........................] - ETA: 23s
188/968 [====>.........................] - ETA: 22s
192/968 [====>.........................] - ETA: 22s
196/968 [=====>........................] - ETA: 22s
200/968 [=====>........................] - ETA: 21s
204/968 [=====>........................] - ETA: 21s
208/968 [=====>........................] - ETA: 21s
212/968 [=====>........................] - ETA: 20s
216/968 [=====>........................] - ETA: 20s
220/968 [=====>........................] - ETA: 20s
224/968 [=====>........................] - ETA: 20s
228/968 [======>.......................] - ETA: 19s
232/968 [======>.......................] - ETA: 19s
236/968 [======>.......................] - ETA: 19s
240/968 [======>.......................] - ETA: 19s
244/968 [======>.......................] - ETA: 18s
248/968 [======>.......................] - ETA: 18s
252/968 [======>.......................] - ETA: 18s
256/968 [======>.......................] - ETA: 18s
260/968 [=======>......................] - ETA: 18s
264/968 [=======>......................] - ETA: 17s
268/968 [=======>......................] - ETA: 17s
272/968 [=======>......................] - ETA: 17s
276/968 [=======>......................] - ETA: 17s
280/968 [=======>......................] - ETA: 17s
284/968 [=======>......................] - ETA: 16s
288/968 [=======>......................] - ETA: 16s
292/968 [========>.....................] - ETA: 16s
296/968 [========>.....................] - ETA: 16s
300/968 [========>.....................] - ETA: 16s
304/968 [========>.....................] - ETA: 15s
308/968 [========>.....................] - ETA: 15s
312/968 [========>.....................] - ETA: 15s
316/968 [========>.....................] - ETA: 15s
320/968 [========>.....................] - ETA: 15s
324/968 [=========>....................] - ETA: 15s
328/968 [=========>....................] - ETA: 14s
332/968 [=========>....................] - ETA: 14s
336/968 [=========>....................] - ETA: 14s
340/968 [=========>....................] - ETA: 14s
344/968 [=========>....................] - ETA: 14s
348/968 [=========>....................] - ETA: 14s
352/968 [=========>....................] - ETA: 14s
356/968 [==========>...................] - ETA: 13s
360/968 [==========>...................] - ETA: 13s
364/968 [==========>...................] - ETA: 13s
368/968 [==========>...................] - ETA: 13s
372/968 [==========>...................] - ETA: 13s
376/968 [==========>...................] - ETA: 13s
380/968 [==========>...................] - ETA: 13s
384/968 [==========>...................] - ETA: 12s
388/968 [===========>..................] - ETA: 12s
392/968 [===========>..................] - ETA: 12s
396/968 [===========>..................] - ETA: 12s
400/968 [===========>..................] - ETA: 12s
404/968 [===========>..................] - ETA: 12s
408/968 [===========>..................] - ETA: 12s
412/968 [===========>..................] - ETA: 12s
416/968 [===========>..................] - ETA: 11s
420/968 [============>.................] - ETA: 11s
424/968 [============>.................] - ETA: 11s
428/968 [============>.................] - ETA: 11s
432/968 [============>.................] - ETA: 11s
436/968 [============>.................] - ETA: 11s
440/968 [============>.................] - ETA: 11s
444/968 [============>.................] - ETA: 11s
448/968 [============>.................] - ETA: 11s
452/968 [=============>................] - ETA: 10s
456/968 [=============>................] - ETA: 10s
460/968 [=============>................] - ETA: 10s
464/968 [=============>................] - ETA: 10s
468/968 [=============>................] - ETA: 10s
472/968 [=============>................] - ETA: 10s
476/968 [=============>................] - ETA: 10s
480/968 [=============>................] - ETA: 10s
484/968 [==============>...............] - ETA: 10s
488/968 [==============>...............] - ETA: 9s 
492/968 [==============>...............] - ETA: 9s
496/968 [==============>...............] - ETA: 9s
500/968 [==============>...............] - ETA: 9s
504/968 [==============>...............] - ETA: 9s
508/968 [==============>...............] - ETA: 9s
512/968 [==============>...............] - ETA: 9s
516/968 [==============>...............] - ETA: 9s
520/968 [===============>..............] - ETA: 9s
524/968 [===============>..............] - ETA: 9s
528/968 [===============>..............] - ETA: 8s
532/968 [===============>..............] - ETA: 8s
536/968 [===============>..............] - ETA: 8s
540/968 [===============>..............] - ETA: 8s
544/968 [===============>..............] - ETA: 8s
548/968 [===============>..............] - ETA: 8s
552/968 [================>.............] - ETA: 8s
556/968 [================>.............] - ETA: 8s
560/968 [================>.............] - ETA: 8s
564/968 [================>.............] - ETA: 8s
568/968 [================>.............] - ETA: 8s
572/968 [================>.............] - ETA: 7s
576/968 [================>.............] - ETA: 7s
580/968 [================>.............] - ETA: 7s
584/968 [=================>............] - ETA: 7s
588/968 [=================>............] - ETA: 7s
592/968 [=================>............] - ETA: 7s
596/968 [=================>............] - ETA: 7s
600/968 [=================>............] - ETA: 7s
604/968 [=================>............] - ETA: 7s
608/968 [=================>............] - ETA: 7s
612/968 [=================>............] - ETA: 7s
616/968 [==================>...........] - ETA: 6s
620/968 [==================>...........] - ETA: 6s
624/968 [==================>...........] - ETA: 6s
628/968 [==================>...........] - ETA: 6s
632/968 [==================>...........] - ETA: 6s
636/968 [==================>...........] - ETA: 6s
640/968 [==================>...........] - ETA: 6s
644/968 [==================>...........] - ETA: 6s
648/968 [===================>..........] - ETA: 6s
652/968 [===================>..........] - ETA: 6s
656/968 [===================>..........] - ETA: 6s
660/968 [===================>..........] - ETA: 5s
664/968 [===================>..........] - ETA: 5s
668/968 [===================>..........] - ETA: 5s
672/968 [===================>..........] - ETA: 5s
676/968 [===================>..........] - ETA: 5s
680/968 [====================>.........] - ETA: 5s
684/968 [====================>.........] - ETA: 5s
688/968 [====================>.........] - ETA: 5s
692/968 [====================>.........] - ETA: 5s
696/968 [====================>.........] - ETA: 5s
700/968 [====================>.........] - ETA: 5s
704/968 [====================>.........] - ETA: 5s
708/968 [====================>.........] - ETA: 4s
712/968 [=====================>........] - ETA: 4s
716/968 [=====================>........] - ETA: 4s
720/968 [=====================>........] - ETA: 4s
724/968 [=====================>........] - ETA: 4s
728/968 [=====================>........] - ETA: 4s
732/968 [=====================>........] - ETA: 4s
736/968 [=====================>........] - ETA: 4s
740/968 [=====================>........] - ETA: 4s
744/968 [======================>.......] - ETA: 4s
748/968 [======================>.......] - ETA: 4s
752/968 [======================>.......] - ETA: 4s
756/968 [======================>.......] - ETA: 4s
760/968 [======================>.......] - ETA: 3s
764/968 [======================>.......] - ETA: 3s
768/968 [======================>.......] - ETA: 3s
772/968 [======================>.......] - ETA: 3s
776/968 [=======================>......] - ETA: 3s
780/968 [=======================>......] - ETA: 3s
784/968 [=======================>......] - ETA: 3s
788/968 [=======================>......] - ETA: 3s
792/968 [=======================>......] - ETA: 3s
796/968 [=======================>......] - ETA: 3s
800/968 [=======================>......] - ETA: 3s
804/968 [=======================>......] - ETA: 3s
808/968 [========================>.....] - ETA: 2s
812/968 [========================>.....] - ETA: 2s
816/968 [========================>.....] - ETA: 2s
820/968 [========================>.....] - ETA: 2s
823/968 [========================>.....] - ETA: 2s
827/968 [========================>.....] - ETA: 2s
831/968 [========================>.....] - ETA: 2s
835/968 [========================>.....] - ETA: 2s
839/968 [=========================>....] - ETA: 2s
843/968 [=========================>....] - ETA: 2s
847/968 [=========================>....] - ETA: 2s
851/968 [=========================>....] - ETA: 2s
855/968 [=========================>....] - ETA: 2s
859/968 [=========================>....] - ETA: 2s
863/968 [=========================>....] - ETA: 1s
867/968 [=========================>....] - ETA: 1s
871/968 [=========================>....] - ETA: 1s
875/968 [==========================>...] - ETA: 1s
879/968 [==========================>...] - ETA: 1s
883/968 [==========================>...] - ETA: 1s
887/968 [==========================>...] - ETA: 1s
891/968 [==========================>...] - ETA: 1s
895/968 [==========================>...] - ETA: 1s
899/968 [==========================>...] - ETA: 1s
903/968 [==========================>...] - ETA: 1s
907/968 [===========================>..] - ETA: 1s
911/968 [===========================>..] - ETA: 1s
915/968 [===========================>..] - ETA: 0s
919/968 [===========================>..] - ETA: 0s
923/968 [===========================>..] - ETA: 0s
927/968 [===========================>..] - ETA: 0s
931/968 [===========================>..] - ETA: 0s
935/968 [===========================>..] - ETA: 0s
939/968 [============================>.] - ETA: 0s
943/968 [============================>.] - ETA: 0s
947/968 [============================>.] - ETA: 0s
951/968 [============================>.] - ETA: 0s
955/968 [============================>.] - ETA: 0s
959/968 [============================>.] - ETA: 0s
963/968 [============================>.] - ETA: 0s
967/968 [============================>.] - ETA: 0s
968/968 [==============================] - 18s 18ms/step
Using TensorFlow backend.
/home/amourav/tensorflow/lib/python3.5/site-packages/skimage/transform/_warps.py:105: UserWarning: The default mode, 'constant', will be changed to 'reflect' in skimage 0.15.
  warn("The default mode, 'constant', will be changed to 'reflect' in "
/home/amourav/tensorflow/lib/python3.5/site-packages/skimage/transform/_warps.py:110: UserWarning: Anti-aliasing will be enabled by default in skimage 0.15 to avoid aliasing artifacts when down-sampling images.
  warn("Anti-aliasing will be enabled by default in skimage 0.15 to "
predict.py ... done!
