
Due to MODULEPATH changes, the following have been reloaded:
  1) openmpi/2.1.1

Python 3.5.4
/home/amourav/tensorflow/lib/python3.5/site-packages/skimage/transform/_warps.py:105: UserWarning: The default mode, 'constant', will be changed to 'reflect' in skimage 0.15.
  warn("The default mode, 'constant', will be changed to 'reflect' in "
/home/amourav/tensorflow/lib/python3.5/site-packages/skimage/transform/_warps.py:110: UserWarning: Anti-aliasing will be enabled by default in skimage 0.15 to avoid aliasing artifacts when down-sampling images.
  warn("Anti-aliasing will be enabled by default in skimage 0.15 to "
../PreprocessedData/preprocessedForCNN/224 x 224
Preprocessing: test
	 NORMAL
	 DME
	 CNV
	 DRUSEN
Preprocessing: train
	 NORMAL
	 DME
	 CNV
	 DRUSEN
Preprocessing: val
	 NORMAL
	 DME
	 CNV
	 DRUSEN
Done!
/home/amourav/tensorflow/lib/python3.5/site-packages/skimage/transform/_warps.py:105: UserWarning: The default mode, 'constant', will be changed to 'reflect' in skimage 0.15.
  warn("The default mode, 'constant', will be changed to 'reflect' in "
/home/amourav/tensorflow/lib/python3.5/site-packages/skimage/transform/_warps.py:110: UserWarning: Anti-aliasing will be enabled by default in skimage 0.15 to avoid aliasing artifacts when down-sampling images.
  warn("Anti-aliasing will be enabled by default in skimage 0.15 to "
../PreprocessedData/preprocessedForCNN/299 x 299
Preprocessing: test
	 NORMAL
	 DME
	 CNV
	 DRUSEN
Preprocessing: train
	 NORMAL
	 DME
	 CNV
	 DRUSEN
Preprocessing: val
	 NORMAL
	 DME
	 CNV
	 DRUSEN
Done!
