
Due to MODULEPATH changes, the following have been reloaded:
  1) openmpi/2.1.1

Python 3.5.4
2019-05-24 00:37:10.633104: I tensorflow/core/common_runtime/gpu/gpu_device.cc:1432] Found device 0 with properties: 
name: Tesla P100-PCIE-12GB major: 6 minor: 0 memoryClockRate(GHz): 1.3285
pciBusID: 0000:04:00.0
totalMemory: 11.91GiB freeMemory: 11.63GiB
2019-05-24 00:37:10.633256: I tensorflow/core/common_runtime/gpu/gpu_device.cc:1511] Adding visible gpu devices: 0
2019-05-24 00:37:10.992518: I tensorflow/core/common_runtime/gpu/gpu_device.cc:982] Device interconnect StreamExecutor with strength 1 edge matrix:
2019-05-24 00:37:10.992659: I tensorflow/core/common_runtime/gpu/gpu_device.cc:988]      0 
2019-05-24 00:37:10.992702: I tensorflow/core/common_runtime/gpu/gpu_device.cc:1001] 0:   N 
2019-05-24 00:37:10.993033: I tensorflow/core/common_runtime/gpu/gpu_device.cc:1115] Created TensorFlow device (/job:localhost/replica:0/task:0/device:GPU:0 with 11251 MB memory) -> physical GPU (device: 0, name: Tesla P100-PCIE-12GB, pci bus id: 0000:04:00.0, compute capability: 6.0)
2019-05-24 00:37:10.993590: I tensorflow/core/common_runtime/process_util.cc:69] Creating new thread pool with default inter op setting: 2. Tune using inter_op_parallelism_threads for best performance.
trn path: ../PreprocessedData/preprocessedForCNN/224x224/imgData_(224, 224, 3)_train_n1000.npy
data augmentation: False
debugging mode: ON
default
_________________________________________________________________
Layer (type)                 Output Shape              Param #   
=================================================================
input_1 (InputLayer)         (None, 224, 224, 3)       0         
_________________________________________________________________
block1_conv1 (Conv2D)        (None, 224, 224, 64)      1792      
_________________________________________________________________
block1_conv2 (Conv2D)        (None, 224, 224, 64)      36928     
_________________________________________________________________
block1_pool (MaxPooling2D)   (None, 112, 112, 64)      0         
_________________________________________________________________
block2_conv1 (Conv2D)        (None, 112, 112, 128)     73856     
_________________________________________________________________
block2_conv2 (Conv2D)        (None, 112, 112, 128)     147584    
_________________________________________________________________
block2_pool (MaxPooling2D)   (None, 56, 56, 128)       0         
_________________________________________________________________
block3_conv1 (Conv2D)        (None, 56, 56, 256)       295168    
_________________________________________________________________
block3_conv2 (Conv2D)        (None, 56, 56, 256)       590080    
_________________________________________________________________
block3_conv3 (Conv2D)        (None, 56, 56, 256)       590080    
_________________________________________________________________
block3_pool (MaxPooling2D)   (None, 28, 28, 256)       0         
_________________________________________________________________
block4_conv1 (Conv2D)        (None, 28, 28, 512)       1180160   
_________________________________________________________________
block4_conv2 (Conv2D)        (None, 28, 28, 512)       2359808   
_________________________________________________________________
block4_conv3 (Conv2D)        (None, 28, 28, 512)       2359808   
_________________________________________________________________
block4_pool (MaxPooling2D)   (None, 14, 14, 512)       0         
_________________________________________________________________
block5_conv1 (Conv2D)        (None, 14, 14, 512)       2359808   
_________________________________________________________________
block5_conv2 (Conv2D)        (None, 14, 14, 512)       2359808   
_________________________________________________________________
block5_conv3 (Conv2D)        (None, 14, 14, 512)       2359808   
_________________________________________________________________
block5_pool (MaxPooling2D)   (None, 7, 7, 512)         0         
_________________________________________________________________
flatten_1 (Flatten)          (None, 25088)             0         
_________________________________________________________________
dense_1 (Dense)              (None, 4096)              102764544 
_________________________________________________________________
dense_2 (Dense)              (None, 4096)              16781312  
_________________________________________________________________
dense_3 (Dense)              (None, 4)                 16388     
=================================================================
Total params: 134,276,932
Trainable params: 119,562,244
Non-trainable params: 14,714,688
_________________________________________________________________
None
Train on 20 samples, validate on 20 samples
Epoch 1/3

 2/20 [==>...........................] - ETA: 37s - loss: 1.1378 - acc: 0.0000e+00 - categorical_crossentropy: 1.1378
 4/20 [=====>........................] - ETA: 16s - loss: 4.6976 - acc: 0.0000e+00 - categorical_crossentropy: 4.6976
 6/20 [========>.....................] - ETA: 9s - loss: 3.1389 - acc: 0.3333 - categorical_crossentropy: 3.1389     
 8/20 [===========>..................] - ETA: 6s - loss: 2.3897 - acc: 0.5000 - categorical_crossentropy: 2.3897
10/20 [==============>...............] - ETA: 4s - loss: 2.4370 - acc: 0.5000 - categorical_crossentropy: 2.4370
12/20 [=================>............] - ETA: 2s - loss: 2.6798 - acc: 0.5000 - categorical_crossentropy: 2.6798
14/20 [====================>.........] - ETA: 1s - loss: 2.6566 - acc: 0.4286 - categorical_crossentropy: 2.6566
16/20 [=======================>......] - ETA: 1s - loss: 2.4805 - acc: 0.3750 - categorical_crossentropy: 2.4805
18/20 [==========================>...] - ETA: 0s - loss: 2.4645 - acc: 0.3889 - categorical_crossentropy: 2.4645
20/20 [==============================] - 5s 252ms/step - loss: 2.5519 - acc: 0.4000 - categorical_crossentropy: 2.5519 - val_loss: 5.1355 - val_acc: 0.3000 - val_categorical_crossentropy: 5.1355
Epoch 2/3

 2/20 [==>...........................] - ETA: 0s - loss: 6.0780 - acc: 0.0000e+00 - categorical_crossentropy: 6.0780
 4/20 [=====>........................] - ETA: 0s - loss: 3.0447 - acc: 0.5000 - categorical_crossentropy: 3.0447    
 6/20 [========>.....................] - ETA: 0s - loss: 2.8187 - acc: 0.3333 - categorical_crossentropy: 2.8187
 8/20 [===========>..................] - ETA: 0s - loss: 2.5358 - acc: 0.3750 - categorical_crossentropy: 2.5358
10/20 [==============>...............] - ETA: 0s - loss: 2.3712 - acc: 0.4000 - categorical_crossentropy: 2.3712
12/20 [=================>............] - ETA: 0s - loss: 2.1983 - acc: 0.4167 - categorical_crossentropy: 2.1983
14/20 [====================>.........] - ETA: 0s - loss: 2.1043 - acc: 0.4286 - categorical_crossentropy: 2.1043
16/20 [=======================>......] - ETA: 0s - loss: 1.8495 - acc: 0.5000 - categorical_crossentropy: 1.8495
18/20 [==========================>...] - ETA: 0s - loss: 1.6597 - acc: 0.5556 - categorical_crossentropy: 1.6597
20/20 [==============================] - 1s 37ms/step - loss: 1.6988 - acc: 0.5000 - categorical_crossentropy: 1.6988 - val_loss: 1.4108 - val_acc: 0.4000 - val_categorical_crossentropy: 1.4108
Epoch 3/3

 2/20 [==>...........................] - ETA: 0s - loss: 0.9998 - acc: 0.5000 - categorical_crossentropy: 0.9998
 4/20 [=====>........................] - ETA: 0s - loss: 0.9971 - acc: 0.5000 - categorical_crossentropy: 0.9971
 6/20 [========>.....................] - ETA: 0s - loss: 0.8098 - acc: 0.6667 - categorical_crossentropy: 0.8098
 8/20 [===========>..................] - ETA: 0s - loss: 0.7490 - acc: 0.7500 - categorical_crossentropy: 0.7490
10/20 [==============>...............] - ETA: 0s - loss: 0.7067 - acc: 0.8000 - categorical_crossentropy: 0.7067
12/20 [=================>............] - ETA: 0s - loss: 0.6169 - acc: 0.8333 - categorical_crossentropy: 0.6169
14/20 [====================>.........] - ETA: 0s - loss: 0.6013 - acc: 0.8571 - categorical_crossentropy: 0.6013
16/20 [=======================>......] - ETA: 0s - loss: 0.6184 - acc: 0.8125 - categorical_crossentropy: 0.6184
18/20 [==========================>...] - ETA: 0s - loss: 0.6329 - acc: 0.7778 - categorical_crossentropy: 0.6329
20/20 [==============================] - 1s 38ms/step - loss: 0.6266 - acc: 0.8000 - categorical_crossentropy: 0.6266 - val_loss: 2.2730 - val_acc: 0.3000 - val_categorical_crossentropy: 2.2730
training time: 0.0038567654291788737 h
running model pred on test set

20/20 [==============================] - 1s 38ms/step
Using TensorFlow backend.
Done!
