
Due to MODULEPATH changes, the following have been reloaded:
  1) openmpi/2.1.1

Python 3.5.4
2019-06-15 00:46:02.786299: I tensorflow/core/common_runtime/gpu/gpu_device.cc:1432] Found device 0 with properties: 
name: Tesla P100-PCIE-12GB major: 6 minor: 0 memoryClockRate(GHz): 1.3285
pciBusID: 0000:04:00.0
totalMemory: 11.91GiB freeMemory: 11.63GiB
2019-06-15 00:46:02.786465: I tensorflow/core/common_runtime/gpu/gpu_device.cc:1511] Adding visible gpu devices: 0
2019-06-15 00:46:03.831185: I tensorflow/core/common_runtime/gpu/gpu_device.cc:982] Device interconnect StreamExecutor with strength 1 edge matrix:
2019-06-15 00:46:03.831327: I tensorflow/core/common_runtime/gpu/gpu_device.cc:988]      0 
2019-06-15 00:46:03.831369: I tensorflow/core/common_runtime/gpu/gpu_device.cc:1001] 0:   N 
2019-06-15 00:46:03.831702: I tensorflow/core/common_runtime/gpu/gpu_device.cc:1115] Created TensorFlow device (/job:localhost/replica:0/task:0/device:GPU:0 with 11251 MB memory) -> physical GPU (device: 0, name: Tesla P100-PCIE-12GB, pci bus id: 0000:04:00.0, compute capability: 6.0)
2019-06-15 00:46:03.832124: I tensorflow/core/common_runtime/process_util.cc:69] Creating new thread pool with default inter op setting: 2. Tune using inter_op_parallelism_threads for best performance.
Using TensorFlow backend.
/home/amourav/tensorflow/lib/python3.5/site-packages/keras_applications/resnet50.py:265: UserWarning: The output shape of `ResNet50(include_top=False)` has been changed since Keras 2.2.0.
  warnings.warn('The output shape of `ResNet50(include_top=False)` '
Traceback (most recent call last):
  File "./trainCNN.py", line 421, in <module>
    args.note)
  File "./trainCNN.py", line 398, in main_driver
    xTest=xTest)
  File "./trainCNN.py", line 226, in trainModel
    shuffle=True)
  File "/home/amourav/tensorflow/lib/python3.5/site-packages/keras/engine/training.py", line 952, in fit
    batch_size=batch_size)
  File "/home/amourav/tensorflow/lib/python3.5/site-packages/keras/engine/training.py", line 789, in _standardize_user_data
    exception_prefix='target')
  File "/home/amourav/tensorflow/lib/python3.5/site-packages/keras/engine/training_utils.py", line 138, in standardize_input_data
    str(data_shape))
ValueError: Error when checking target: expected dense_1 to have shape (4,) but got array with shape (1,)
trn path: ../PreprocessedData/preprocessedForCNN/299 x 299/imgData_(299, 299, 3)_train_n1000.npy
data augmentation: False
debugging mode: ON
default_299
ResNet50
__________________________________________________________________________________________________
Layer (type)                    Output Shape         Param #     Connected to                     
==================================================================================================
input_1 (InputLayer)            (None, 299, 299, 3)  0                                            
__________________________________________________________________________________________________
conv1_pad (ZeroPadding2D)       (None, 305, 305, 3)  0           input_1[0][0]                    
__________________________________________________________________________________________________
conv1 (Conv2D)                  (None, 150, 150, 64) 9472        conv1_pad[0][0]                  
__________________________________________________________________________________________________
bn_conv1 (BatchNormalization)   (None, 150, 150, 64) 256         conv1[0][0]                      
__________________________________________________________________________________________________
activation_1 (Activation)       (None, 150, 150, 64) 0           bn_conv1[0][0]                   
__________________________________________________________________________________________________
pool1_pad (ZeroPadding2D)       (None, 152, 152, 64) 0           activation_1[0][0]               
__________________________________________________________________________________________________
max_pooling2d_1 (MaxPooling2D)  (None, 75, 75, 64)   0           pool1_pad[0][0]                  
__________________________________________________________________________________________________
res2a_branch2a (Conv2D)         (None, 75, 75, 64)   4160        max_pooling2d_1[0][0]            
__________________________________________________________________________________________________
bn2a_branch2a (BatchNormalizati (None, 75, 75, 64)   256         res2a_branch2a[0][0]             
__________________________________________________________________________________________________
activation_2 (Activation)       (None, 75, 75, 64)   0           bn2a_branch2a[0][0]              
__________________________________________________________________________________________________
res2a_branch2b (Conv2D)         (None, 75, 75, 64)   36928       activation_2[0][0]               
__________________________________________________________________________________________________
bn2a_branch2b (BatchNormalizati (None, 75, 75, 64)   256         res2a_branch2b[0][0]             
__________________________________________________________________________________________________
activation_3 (Activation)       (None, 75, 75, 64)   0           bn2a_branch2b[0][0]              
__________________________________________________________________________________________________
res2a_branch2c (Conv2D)         (None, 75, 75, 256)  16640       activation_3[0][0]               
__________________________________________________________________________________________________
res2a_branch1 (Conv2D)          (None, 75, 75, 256)  16640       max_pooling2d_1[0][0]            
__________________________________________________________________________________________________
bn2a_branch2c (BatchNormalizati (None, 75, 75, 256)  1024        res2a_branch2c[0][0]             
__________________________________________________________________________________________________
bn2a_branch1 (BatchNormalizatio (None, 75, 75, 256)  1024        res2a_branch1[0][0]              
__________________________________________________________________________________________________
add_1 (Add)                     (None, 75, 75, 256)  0           bn2a_branch2c[0][0]              
                                                                 bn2a_branch1[0][0]               
__________________________________________________________________________________________________
activation_4 (Activation)       (None, 75, 75, 256)  0           add_1[0][0]                      
__________________________________________________________________________________________________
res2b_branch2a (Conv2D)         (None, 75, 75, 64)   16448       activation_4[0][0]               
__________________________________________________________________________________________________
bn2b_branch2a (BatchNormalizati (None, 75, 75, 64)   256         res2b_branch2a[0][0]             
__________________________________________________________________________________________________
activation_5 (Activation)       (None, 75, 75, 64)   0           bn2b_branch2a[0][0]              
__________________________________________________________________________________________________
res2b_branch2b (Conv2D)         (None, 75, 75, 64)   36928       activation_5[0][0]               
__________________________________________________________________________________________________
bn2b_branch2b (BatchNormalizati (None, 75, 75, 64)   256         res2b_branch2b[0][0]             
__________________________________________________________________________________________________
activation_6 (Activation)       (None, 75, 75, 64)   0           bn2b_branch2b[0][0]              
__________________________________________________________________________________________________
res2b_branch2c (Conv2D)         (None, 75, 75, 256)  16640       activation_6[0][0]               
__________________________________________________________________________________________________
bn2b_branch2c (BatchNormalizati (None, 75, 75, 256)  1024        res2b_branch2c[0][0]             
__________________________________________________________________________________________________
add_2 (Add)                     (None, 75, 75, 256)  0           bn2b_branch2c[0][0]              
                                                                 activation_4[0][0]               
__________________________________________________________________________________________________
activation_7 (Activation)       (None, 75, 75, 256)  0           add_2[0][0]                      
__________________________________________________________________________________________________
res2c_branch2a (Conv2D)         (None, 75, 75, 64)   16448       activation_7[0][0]               
__________________________________________________________________________________________________
bn2c_branch2a (BatchNormalizati (None, 75, 75, 64)   256         res2c_branch2a[0][0]             
__________________________________________________________________________________________________
activation_8 (Activation)       (None, 75, 75, 64)   0           bn2c_branch2a[0][0]              
__________________________________________________________________________________________________
res2c_branch2b (Conv2D)         (None, 75, 75, 64)   36928       activation_8[0][0]               
__________________________________________________________________________________________________
bn2c_branch2b (BatchNormalizati (None, 75, 75, 64)   256         res2c_branch2b[0][0]             
__________________________________________________________________________________________________
activation_9 (Activation)       (None, 75, 75, 64)   0           bn2c_branch2b[0][0]              
__________________________________________________________________________________________________
res2c_branch2c (Conv2D)         (None, 75, 75, 256)  16640       activation_9[0][0]               
__________________________________________________________________________________________________
bn2c_branch2c (BatchNormalizati (None, 75, 75, 256)  1024        res2c_branch2c[0][0]             
__________________________________________________________________________________________________
add_3 (Add)                     (None, 75, 75, 256)  0           bn2c_branch2c[0][0]              
                                                                 activation_7[0][0]               
__________________________________________________________________________________________________
activation_10 (Activation)      (None, 75, 75, 256)  0           add_3[0][0]                      
__________________________________________________________________________________________________
res3a_branch2a (Conv2D)         (None, 38, 38, 128)  32896       activation_10[0][0]              
__________________________________________________________________________________________________
bn3a_branch2a (BatchNormalizati (None, 38, 38, 128)  512         res3a_branch2a[0][0]             
__________________________________________________________________________________________________
activation_11 (Activation)      (None, 38, 38, 128)  0           bn3a_branch2a[0][0]              
__________________________________________________________________________________________________
res3a_branch2b (Conv2D)         (None, 38, 38, 128)  147584      activation_11[0][0]              
__________________________________________________________________________________________________
bn3a_branch2b (BatchNormalizati (None, 38, 38, 128)  512         res3a_branch2b[0][0]             
__________________________________________________________________________________________________
activation_12 (Activation)      (None, 38, 38, 128)  0           bn3a_branch2b[0][0]              
__________________________________________________________________________________________________
res3a_branch2c (Conv2D)         (None, 38, 38, 512)  66048       activation_12[0][0]              
__________________________________________________________________________________________________
res3a_branch1 (Conv2D)          (None, 38, 38, 512)  131584      activation_10[0][0]              
__________________________________________________________________________________________________
bn3a_branch2c (BatchNormalizati (None, 38, 38, 512)  2048        res3a_branch2c[0][0]             
__________________________________________________________________________________________________
bn3a_branch1 (BatchNormalizatio (None, 38, 38, 512)  2048        res3a_branch1[0][0]              
__________________________________________________________________________________________________
add_4 (Add)                     (None, 38, 38, 512)  0           bn3a_branch2c[0][0]              
                                                                 bn3a_branch1[0][0]               
__________________________________________________________________________________________________
activation_13 (Activation)      (None, 38, 38, 512)  0           add_4[0][0]                      
__________________________________________________________________________________________________
res3b_branch2a (Conv2D)         (None, 38, 38, 128)  65664       activation_13[0][0]              
__________________________________________________________________________________________________
bn3b_branch2a (BatchNormalizati (None, 38, 38, 128)  512         res3b_branch2a[0][0]             
__________________________________________________________________________________________________
activation_14 (Activation)      (None, 38, 38, 128)  0           bn3b_branch2a[0][0]              
__________________________________________________________________________________________________
res3b_branch2b (Conv2D)         (None, 38, 38, 128)  147584      activation_14[0][0]              
__________________________________________________________________________________________________
bn3b_branch2b (BatchNormalizati (None, 38, 38, 128)  512         res3b_branch2b[0][0]             
__________________________________________________________________________________________________
activation_15 (Activation)      (None, 38, 38, 128)  0           bn3b_branch2b[0][0]              
__________________________________________________________________________________________________
res3b_branch2c (Conv2D)         (None, 38, 38, 512)  66048       activation_15[0][0]              
__________________________________________________________________________________________________
bn3b_branch2c (BatchNormalizati (None, 38, 38, 512)  2048        res3b_branch2c[0][0]             
__________________________________________________________________________________________________
add_5 (Add)                     (None, 38, 38, 512)  0           bn3b_branch2c[0][0]              
                                                                 activation_13[0][0]              
__________________________________________________________________________________________________
activation_16 (Activation)      (None, 38, 38, 512)  0           add_5[0][0]                      
__________________________________________________________________________________________________
res3c_branch2a (Conv2D)         (None, 38, 38, 128)  65664       activation_16[0][0]              
__________________________________________________________________________________________________
bn3c_branch2a (BatchNormalizati (None, 38, 38, 128)  512         res3c_branch2a[0][0]             
__________________________________________________________________________________________________
activation_17 (Activation)      (None, 38, 38, 128)  0           bn3c_branch2a[0][0]              
__________________________________________________________________________________________________
res3c_branch2b (Conv2D)         (None, 38, 38, 128)  147584      activation_17[0][0]              
__________________________________________________________________________________________________
bn3c_branch2b (BatchNormalizati (None, 38, 38, 128)  512         res3c_branch2b[0][0]             
__________________________________________________________________________________________________
activation_18 (Activation)      (None, 38, 38, 128)  0           bn3c_branch2b[0][0]              
__________________________________________________________________________________________________
res3c_branch2c (Conv2D)         (None, 38, 38, 512)  66048       activation_18[0][0]              
__________________________________________________________________________________________________
bn3c_branch2c (BatchNormalizati (None, 38, 38, 512)  2048        res3c_branch2c[0][0]             
__________________________________________________________________________________________________
add_6 (Add)                     (None, 38, 38, 512)  0           bn3c_branch2c[0][0]              
                                                                 activation_16[0][0]              
__________________________________________________________________________________________________
activation_19 (Activation)      (None, 38, 38, 512)  0           add_6[0][0]                      
__________________________________________________________________________________________________
res3d_branch2a (Conv2D)         (None, 38, 38, 128)  65664       activation_19[0][0]              
__________________________________________________________________________________________________
bn3d_branch2a (BatchNormalizati (None, 38, 38, 128)  512         res3d_branch2a[0][0]             
__________________________________________________________________________________________________
activation_20 (Activation)      (None, 38, 38, 128)  0           bn3d_branch2a[0][0]              
__________________________________________________________________________________________________
res3d_branch2b (Conv2D)         (None, 38, 38, 128)  147584      activation_20[0][0]              
__________________________________________________________________________________________________
bn3d_branch2b (BatchNormalizati (None, 38, 38, 128)  512         res3d_branch2b[0][0]             
__________________________________________________________________________________________________
activation_21 (Activation)      (None, 38, 38, 128)  0           bn3d_branch2b[0][0]              
__________________________________________________________________________________________________
res3d_branch2c (Conv2D)         (None, 38, 38, 512)  66048       activation_21[0][0]              
__________________________________________________________________________________________________
bn3d_branch2c (BatchNormalizati (None, 38, 38, 512)  2048        res3d_branch2c[0][0]             
__________________________________________________________________________________________________
add_7 (Add)                     (None, 38, 38, 512)  0           bn3d_branch2c[0][0]              
                                                                 activation_19[0][0]              
__________________________________________________________________________________________________
activation_22 (Activation)      (None, 38, 38, 512)  0           add_7[0][0]                      
__________________________________________________________________________________________________
res4a_branch2a (Conv2D)         (None, 19, 19, 256)  131328      activation_22[0][0]              
__________________________________________________________________________________________________
bn4a_branch2a (BatchNormalizati (None, 19, 19, 256)  1024        res4a_branch2a[0][0]             
__________________________________________________________________________________________________
activation_23 (Activation)      (None, 19, 19, 256)  0           bn4a_branch2a[0][0]              
__________________________________________________________________________________________________
res4a_branch2b (Conv2D)         (None, 19, 19, 256)  590080      activation_23[0][0]              
__________________________________________________________________________________________________
bn4a_branch2b (BatchNormalizati (None, 19, 19, 256)  1024        res4a_branch2b[0][0]             
__________________________________________________________________________________________________
activation_24 (Activation)      (None, 19, 19, 256)  0           bn4a_branch2b[0][0]              
__________________________________________________________________________________________________
res4a_branch2c (Conv2D)         (None, 19, 19, 1024) 263168      activation_24[0][0]              
__________________________________________________________________________________________________
res4a_branch1 (Conv2D)          (None, 19, 19, 1024) 525312      activation_22[0][0]              
__________________________________________________________________________________________________
bn4a_branch2c (BatchNormalizati (None, 19, 19, 1024) 4096        res4a_branch2c[0][0]             
__________________________________________________________________________________________________
bn4a_branch1 (BatchNormalizatio (None, 19, 19, 1024) 4096        res4a_branch1[0][0]              
__________________________________________________________________________________________________
add_8 (Add)                     (None, 19, 19, 1024) 0           bn4a_branch2c[0][0]              
                                                                 bn4a_branch1[0][0]               
__________________________________________________________________________________________________
activation_25 (Activation)      (None, 19, 19, 1024) 0           add_8[0][0]                      
__________________________________________________________________________________________________
res4b_branch2a (Conv2D)         (None, 19, 19, 256)  262400      activation_25[0][0]              
__________________________________________________________________________________________________
bn4b_branch2a (BatchNormalizati (None, 19, 19, 256)  1024        res4b_branch2a[0][0]             
__________________________________________________________________________________________________
activation_26 (Activation)      (None, 19, 19, 256)  0           bn4b_branch2a[0][0]              
__________________________________________________________________________________________________
res4b_branch2b (Conv2D)         (None, 19, 19, 256)  590080      activation_26[0][0]              
__________________________________________________________________________________________________
bn4b_branch2b (BatchNormalizati (None, 19, 19, 256)  1024        res4b_branch2b[0][0]             
__________________________________________________________________________________________________
activation_27 (Activation)      (None, 19, 19, 256)  0           bn4b_branch2b[0][0]              
__________________________________________________________________________________________________
res4b_branch2c (Conv2D)         (None, 19, 19, 1024) 263168      activation_27[0][0]              
__________________________________________________________________________________________________
bn4b_branch2c (BatchNormalizati (None, 19, 19, 1024) 4096        res4b_branch2c[0][0]             
__________________________________________________________________________________________________
add_9 (Add)                     (None, 19, 19, 1024) 0           bn4b_branch2c[0][0]              
                                                                 activation_25[0][0]              
__________________________________________________________________________________________________
activation_28 (Activation)      (None, 19, 19, 1024) 0           add_9[0][0]                      
__________________________________________________________________________________________________
res4c_branch2a (Conv2D)         (None, 19, 19, 256)  262400      activation_28[0][0]              
__________________________________________________________________________________________________
bn4c_branch2a (BatchNormalizati (None, 19, 19, 256)  1024        res4c_branch2a[0][0]             
__________________________________________________________________________________________________
activation_29 (Activation)      (None, 19, 19, 256)  0           bn4c_branch2a[0][0]              
__________________________________________________________________________________________________
res4c_branch2b (Conv2D)         (None, 19, 19, 256)  590080      activation_29[0][0]              
__________________________________________________________________________________________________
bn4c_branch2b (BatchNormalizati (None, 19, 19, 256)  1024        res4c_branch2b[0][0]             
__________________________________________________________________________________________________
activation_30 (Activation)      (None, 19, 19, 256)  0           bn4c_branch2b[0][0]              
__________________________________________________________________________________________________
res4c_branch2c (Conv2D)         (None, 19, 19, 1024) 263168      activation_30[0][0]              
__________________________________________________________________________________________________
bn4c_branch2c (BatchNormalizati (None, 19, 19, 1024) 4096        res4c_branch2c[0][0]             
__________________________________________________________________________________________________
add_10 (Add)                    (None, 19, 19, 1024) 0           bn4c_branch2c[0][0]              
                                                                 activation_28[0][0]              
__________________________________________________________________________________________________
activation_31 (Activation)      (None, 19, 19, 1024) 0           add_10[0][0]                     
__________________________________________________________________________________________________
res4d_branch2a (Conv2D)         (None, 19, 19, 256)  262400      activation_31[0][0]              
__________________________________________________________________________________________________
bn4d_branch2a (BatchNormalizati (None, 19, 19, 256)  1024        res4d_branch2a[0][0]             
__________________________________________________________________________________________________
activation_32 (Activation)      (None, 19, 19, 256)  0           bn4d_branch2a[0][0]              
__________________________________________________________________________________________________
res4d_branch2b (Conv2D)         (None, 19, 19, 256)  590080      activation_32[0][0]              
__________________________________________________________________________________________________
bn4d_branch2b (BatchNormalizati (None, 19, 19, 256)  1024        res4d_branch2b[0][0]             
__________________________________________________________________________________________________
activation_33 (Activation)      (None, 19, 19, 256)  0           bn4d_branch2b[0][0]              
__________________________________________________________________________________________________
res4d_branch2c (Conv2D)         (None, 19, 19, 1024) 263168      activation_33[0][0]              
__________________________________________________________________________________________________
bn4d_branch2c (BatchNormalizati (None, 19, 19, 1024) 4096        res4d_branch2c[0][0]             
__________________________________________________________________________________________________
add_11 (Add)                    (None, 19, 19, 1024) 0           bn4d_branch2c[0][0]              
                                                                 activation_31[0][0]              
__________________________________________________________________________________________________
activation_34 (Activation)      (None, 19, 19, 1024) 0           add_11[0][0]                     
__________________________________________________________________________________________________
res4e_branch2a (Conv2D)         (None, 19, 19, 256)  262400      activation_34[0][0]              
__________________________________________________________________________________________________
bn4e_branch2a (BatchNormalizati (None, 19, 19, 256)  1024        res4e_branch2a[0][0]             
__________________________________________________________________________________________________
activation_35 (Activation)      (None, 19, 19, 256)  0           bn4e_branch2a[0][0]              
__________________________________________________________________________________________________
res4e_branch2b (Conv2D)         (None, 19, 19, 256)  590080      activation_35[0][0]              
__________________________________________________________________________________________________
bn4e_branch2b (BatchNormalizati (None, 19, 19, 256)  1024        res4e_branch2b[0][0]             
__________________________________________________________________________________________________
activation_36 (Activation)      (None, 19, 19, 256)  0           bn4e_branch2b[0][0]              
__________________________________________________________________________________________________
res4e_branch2c (Conv2D)         (None, 19, 19, 1024) 263168      activation_36[0][0]              
__________________________________________________________________________________________________
bn4e_branch2c (BatchNormalizati (None, 19, 19, 1024) 4096        res4e_branch2c[0][0]             
__________________________________________________________________________________________________
add_12 (Add)                    (None, 19, 19, 1024) 0           bn4e_branch2c[0][0]              
                                                                 activation_34[0][0]              
__________________________________________________________________________________________________
activation_37 (Activation)      (None, 19, 19, 1024) 0           add_12[0][0]                     
__________________________________________________________________________________________________
res4f_branch2a (Conv2D)         (None, 19, 19, 256)  262400      activation_37[0][0]              
__________________________________________________________________________________________________
bn4f_branch2a (BatchNormalizati (None, 19, 19, 256)  1024        res4f_branch2a[0][0]             
__________________________________________________________________________________________________
activation_38 (Activation)      (None, 19, 19, 256)  0           bn4f_branch2a[0][0]              
__________________________________________________________________________________________________
res4f_branch2b (Conv2D)         (None, 19, 19, 256)  590080      activation_38[0][0]              
__________________________________________________________________________________________________
bn4f_branch2b (BatchNormalizati (None, 19, 19, 256)  1024        res4f_branch2b[0][0]             
__________________________________________________________________________________________________
activation_39 (Activation)      (None, 19, 19, 256)  0           bn4f_branch2b[0][0]              
__________________________________________________________________________________________________
res4f_branch2c (Conv2D)         (None, 19, 19, 1024) 263168      activation_39[0][0]              
__________________________________________________________________________________________________
bn4f_branch2c (BatchNormalizati (None, 19, 19, 1024) 4096        res4f_branch2c[0][0]             
__________________________________________________________________________________________________
add_13 (Add)                    (None, 19, 19, 1024) 0           bn4f_branch2c[0][0]              
                                                                 activation_37[0][0]              
__________________________________________________________________________________________________
activation_40 (Activation)      (None, 19, 19, 1024) 0           add_13[0][0]                     
__________________________________________________________________________________________________
res5a_branch2a (Conv2D)         (None, 10, 10, 512)  524800      activation_40[0][0]              
__________________________________________________________________________________________________
bn5a_branch2a (BatchNormalizati (None, 10, 10, 512)  2048        res5a_branch2a[0][0]             
__________________________________________________________________________________________________
activation_41 (Activation)      (None, 10, 10, 512)  0           bn5a_branch2a[0][0]              
__________________________________________________________________________________________________
res5a_branch2b (Conv2D)         (None, 10, 10, 512)  2359808     activation_41[0][0]              
__________________________________________________________________________________________________
bn5a_branch2b (BatchNormalizati (None, 10, 10, 512)  2048        res5a_branch2b[0][0]             
__________________________________________________________________________________________________
activation_42 (Activation)      (None, 10, 10, 512)  0           bn5a_branch2b[0][0]              
__________________________________________________________________________________________________
res5a_branch2c (Conv2D)         (None, 10, 10, 2048) 1050624     activation_42[0][0]              
__________________________________________________________________________________________________
res5a_branch1 (Conv2D)          (None, 10, 10, 2048) 2099200     activation_40[0][0]              
__________________________________________________________________________________________________
bn5a_branch2c (BatchNormalizati (None, 10, 10, 2048) 8192        res5a_branch2c[0][0]             
__________________________________________________________________________________________________
bn5a_branch1 (BatchNormalizatio (None, 10, 10, 2048) 8192        res5a_branch1[0][0]              
__________________________________________________________________________________________________
add_14 (Add)                    (None, 10, 10, 2048) 0           bn5a_branch2c[0][0]              
                                                                 bn5a_branch1[0][0]               
__________________________________________________________________________________________________
activation_43 (Activation)      (None, 10, 10, 2048) 0           add_14[0][0]                     
__________________________________________________________________________________________________
res5b_branch2a (Conv2D)         (None, 10, 10, 512)  1049088     activation_43[0][0]              
__________________________________________________________________________________________________
bn5b_branch2a (BatchNormalizati (None, 10, 10, 512)  2048        res5b_branch2a[0][0]             
__________________________________________________________________________________________________
activation_44 (Activation)      (None, 10, 10, 512)  0           bn5b_branch2a[0][0]              
__________________________________________________________________________________________________
res5b_branch2b (Conv2D)         (None, 10, 10, 512)  2359808     activation_44[0][0]              
__________________________________________________________________________________________________
bn5b_branch2b (BatchNormalizati (None, 10, 10, 512)  2048        res5b_branch2b[0][0]             
__________________________________________________________________________________________________
activation_45 (Activation)      (None, 10, 10, 512)  0           bn5b_branch2b[0][0]              
__________________________________________________________________________________________________
res5b_branch2c (Conv2D)         (None, 10, 10, 2048) 1050624     activation_45[0][0]              
__________________________________________________________________________________________________
bn5b_branch2c (BatchNormalizati (None, 10, 10, 2048) 8192        res5b_branch2c[0][0]             
__________________________________________________________________________________________________
add_15 (Add)                    (None, 10, 10, 2048) 0           bn5b_branch2c[0][0]              
                                                                 activation_43[0][0]              
__________________________________________________________________________________________________
activation_46 (Activation)      (None, 10, 10, 2048) 0           add_15[0][0]                     
__________________________________________________________________________________________________
res5c_branch2a (Conv2D)         (None, 10, 10, 512)  1049088     activation_46[0][0]              
__________________________________________________________________________________________________
bn5c_branch2a (BatchNormalizati (None, 10, 10, 512)  2048        res5c_branch2a[0][0]             
__________________________________________________________________________________________________
activation_47 (Activation)      (None, 10, 10, 512)  0           bn5c_branch2a[0][0]              
__________________________________________________________________________________________________
res5c_branch2b (Conv2D)         (None, 10, 10, 512)  2359808     activation_47[0][0]              
__________________________________________________________________________________________________
bn5c_branch2b (BatchNormalizati (None, 10, 10, 512)  2048        res5c_branch2b[0][0]             
__________________________________________________________________________________________________
activation_48 (Activation)      (None, 10, 10, 512)  0           bn5c_branch2b[0][0]              
__________________________________________________________________________________________________
res5c_branch2c (Conv2D)         (None, 10, 10, 2048) 1050624     activation_48[0][0]              
__________________________________________________________________________________________________
bn5c_branch2c (BatchNormalizati (None, 10, 10, 2048) 8192        res5c_branch2c[0][0]             
__________________________________________________________________________________________________
add_16 (Add)                    (None, 10, 10, 2048) 0           bn5c_branch2c[0][0]              
                                                                 activation_46[0][0]              
__________________________________________________________________________________________________
activation_49 (Activation)      (None, 10, 10, 2048) 0           add_16[0][0]                     
__________________________________________________________________________________________________
global_average_pooling2d_1 (Glo (None, 2048)         0           activation_49[0][0]              
__________________________________________________________________________________________________
dense_1 (Dense)                 (None, 4)            8196        global_average_pooling2d_1[0][0] 
==================================================================================================
Total params: 23,595,908
Trainable params: 61,316
Non-trainable params: 23,534,592
__________________________________________________________________________________________________
None
