
Due to MODULEPATH changes, the following have been reloaded:
  1) openmpi/2.1.1

Python 3.5.4
2019-06-11 01:19:48.406505: I tensorflow/core/common_runtime/gpu/gpu_device.cc:1432] Found device 0 with properties: 
name: Tesla P100-PCIE-12GB major: 6 minor: 0 memoryClockRate(GHz): 1.3285
pciBusID: 0000:83:00.0
totalMemory: 11.91GiB freeMemory: 11.63GiB
2019-06-11 01:19:48.406678: I tensorflow/core/common_runtime/gpu/gpu_device.cc:1511] Adding visible gpu devices: 0
2019-06-11 01:19:48.833597: I tensorflow/core/common_runtime/gpu/gpu_device.cc:982] Device interconnect StreamExecutor with strength 1 edge matrix:
2019-06-11 01:19:48.833772: I tensorflow/core/common_runtime/gpu/gpu_device.cc:988]      0 
2019-06-11 01:19:48.833826: I tensorflow/core/common_runtime/gpu/gpu_device.cc:1001] 0:   N 
2019-06-11 01:19:48.834241: I tensorflow/core/common_runtime/gpu/gpu_device.cc:1115] Created TensorFlow device (/job:localhost/replica:0/task:0/device:GPU:0 with 11251 MB memory) -> physical GPU (device: 0, name: Tesla P100-PCIE-12GB, pci bus id: 0000:83:00.0, compute capability: 6.0)
2019-06-11 01:19:48.834762: I tensorflow/core/common_runtime/process_util.cc:69] Creating new thread pool with default inter op setting: 2. Tune using inter_op_parallelism_threads for best performance.
debug mode: ON
Preprocessing: train
	 NORMAL
	 DME
	 CNV
	 DRUSEN
Preprocessing: val
	 NORMAL
	 DME
	 CNV
	 DRUSEN
loading data
Xception

__________________________________________________________________________________________________
Layer (type)                    Output Shape         Param #     Connected to                     
==================================================================================================
input_1 (InputLayer)            (None, 299, 299, 3)  0                                            
__________________________________________________________________________________________________
block1_conv1 (Conv2D)           (None, 149, 149, 32) 864         input_1[0][0]                    
__________________________________________________________________________________________________
block1_conv1_bn (BatchNormaliza (None, 149, 149, 32) 128         block1_conv1[0][0]               
__________________________________________________________________________________________________
block1_conv1_act (Activation)   (None, 149, 149, 32) 0           block1_conv1_bn[0][0]            
__________________________________________________________________________________________________
block1_conv2 (Conv2D)           (None, 147, 147, 64) 18432       block1_conv1_act[0][0]           
__________________________________________________________________________________________________
block1_conv2_bn (BatchNormaliza (None, 147, 147, 64) 256         block1_conv2[0][0]               
__________________________________________________________________________________________________
block1_conv2_act (Activation)   (None, 147, 147, 64) 0           block1_conv2_bn[0][0]            
__________________________________________________________________________________________________
block2_sepconv1 (SeparableConv2 (None, 147, 147, 128 8768        block1_conv2_act[0][0]           
__________________________________________________________________________________________________
block2_sepconv1_bn (BatchNormal (None, 147, 147, 128 512         block2_sepconv1[0][0]            
__________________________________________________________________________________________________
block2_sepconv2_act (Activation (None, 147, 147, 128 0           block2_sepconv1_bn[0][0]         
__________________________________________________________________________________________________
block2_sepconv2 (SeparableConv2 (None, 147, 147, 128 17536       block2_sepconv2_act[0][0]        
__________________________________________________________________________________________________
block2_sepconv2_bn (BatchNormal (None, 147, 147, 128 512         block2_sepconv2[0][0]            
__________________________________________________________________________________________________
conv2d_1 (Conv2D)               (None, 74, 74, 128)  8192        block1_conv2_act[0][0]           
__________________________________________________________________________________________________
block2_pool (MaxPooling2D)      (None, 74, 74, 128)  0           block2_sepconv2_bn[0][0]         
__________________________________________________________________________________________________
batch_normalization_1 (BatchNor (None, 74, 74, 128)  512         conv2d_1[0][0]                   
__________________________________________________________________________________________________
add_1 (Add)                     (None, 74, 74, 128)  0           block2_pool[0][0]                
                                                                 batch_normalization_1[0][0]      
__________________________________________________________________________________________________
block3_sepconv1_act (Activation (None, 74, 74, 128)  0           add_1[0][0]                      
__________________________________________________________________________________________________
block3_sepconv1 (SeparableConv2 (None, 74, 74, 256)  33920       block3_sepconv1_act[0][0]        
__________________________________________________________________________________________________
block3_sepconv1_bn (BatchNormal (None, 74, 74, 256)  1024        block3_sepconv1[0][0]            
__________________________________________________________________________________________________
block3_sepconv2_act (Activation (None, 74, 74, 256)  0           block3_sepconv1_bn[0][0]         
__________________________________________________________________________________________________
block3_sepconv2 (SeparableConv2 (None, 74, 74, 256)  67840       block3_sepconv2_act[0][0]        
__________________________________________________________________________________________________
block3_sepconv2_bn (BatchNormal (None, 74, 74, 256)  1024        block3_sepconv2[0][0]            
__________________________________________________________________________________________________
conv2d_2 (Conv2D)               (None, 37, 37, 256)  32768       add_1[0][0]                      
__________________________________________________________________________________________________
block3_pool (MaxPooling2D)      (None, 37, 37, 256)  0           block3_sepconv2_bn[0][0]         
__________________________________________________________________________________________________
batch_normalization_2 (BatchNor (None, 37, 37, 256)  1024        conv2d_2[0][0]                   
__________________________________________________________________________________________________
add_2 (Add)                     (None, 37, 37, 256)  0           block3_pool[0][0]                
                                                                 batch_normalization_2[0][0]      
__________________________________________________________________________________________________
block4_sepconv1_act (Activation (None, 37, 37, 256)  0           add_2[0][0]                      
__________________________________________________________________________________________________
block4_sepconv1 (SeparableConv2 (None, 37, 37, 728)  188672      block4_sepconv1_act[0][0]        
__________________________________________________________________________________________________
block4_sepconv1_bn (BatchNormal (None, 37, 37, 728)  2912        block4_sepconv1[0][0]            
__________________________________________________________________________________________________
block4_sepconv2_act (Activation (None, 37, 37, 728)  0           block4_sepconv1_bn[0][0]         
__________________________________________________________________________________________________
block4_sepconv2 (SeparableConv2 (None, 37, 37, 728)  536536      block4_sepconv2_act[0][0]        
__________________________________________________________________________________________________
block4_sepconv2_bn (BatchNormal (None, 37, 37, 728)  2912        block4_sepconv2[0][0]            
__________________________________________________________________________________________________
conv2d_3 (Conv2D)               (None, 19, 19, 728)  186368      add_2[0][0]                      
__________________________________________________________________________________________________
block4_pool (MaxPooling2D)      (None, 19, 19, 728)  0           block4_sepconv2_bn[0][0]         
__________________________________________________________________________________________________
batch_normalization_3 (BatchNor (None, 19, 19, 728)  2912        conv2d_3[0][0]                   
__________________________________________________________________________________________________
add_3 (Add)                     (None, 19, 19, 728)  0           block4_pool[0][0]                
                                                                 batch_normalization_3[0][0]      
__________________________________________________________________________________________________
block5_sepconv1_act (Activation (None, 19, 19, 728)  0           add_3[0][0]                      
__________________________________________________________________________________________________
block5_sepconv1 (SeparableConv2 (None, 19, 19, 728)  536536      block5_sepconv1_act[0][0]        
__________________________________________________________________________________________________
block5_sepconv1_bn (BatchNormal (None, 19, 19, 728)  2912        block5_sepconv1[0][0]            
__________________________________________________________________________________________________
block5_sepconv2_act (Activation (None, 19, 19, 728)  0           block5_sepconv1_bn[0][0]         
__________________________________________________________________________________________________
block5_sepconv2 (SeparableConv2 (None, 19, 19, 728)  536536      block5_sepconv2_act[0][0]        
__________________________________________________________________________________________________
block5_sepconv2_bn (BatchNormal (None, 19, 19, 728)  2912        block5_sepconv2[0][0]            
__________________________________________________________________________________________________
block5_sepconv3_act (Activation (None, 19, 19, 728)  0           block5_sepconv2_bn[0][0]         
__________________________________________________________________________________________________
block5_sepconv3 (SeparableConv2 (None, 19, 19, 728)  536536      block5_sepconv3_act[0][0]        
__________________________________________________________________________________________________
block5_sepconv3_bn (BatchNormal (None, 19, 19, 728)  2912        block5_sepconv3[0][0]            
__________________________________________________________________________________________________
add_4 (Add)                     (None, 19, 19, 728)  0           block5_sepconv3_bn[0][0]         
                                                                 add_3[0][0]                      
__________________________________________________________________________________________________
block6_sepconv1_act (Activation (None, 19, 19, 728)  0           add_4[0][0]                      
__________________________________________________________________________________________________
block6_sepconv1 (SeparableConv2 (None, 19, 19, 728)  536536      block6_sepconv1_act[0][0]        
__________________________________________________________________________________________________
block6_sepconv1_bn (BatchNormal (None, 19, 19, 728)  2912        block6_sepconv1[0][0]            
__________________________________________________________________________________________________
block6_sepconv2_act (Activation (None, 19, 19, 728)  0           block6_sepconv1_bn[0][0]         
__________________________________________________________________________________________________
block6_sepconv2 (SeparableConv2 (None, 19, 19, 728)  536536      block6_sepconv2_act[0][0]        
__________________________________________________________________________________________________
block6_sepconv2_bn (BatchNormal (None, 19, 19, 728)  2912        block6_sepconv2[0][0]            
__________________________________________________________________________________________________
block6_sepconv3_act (Activation (None, 19, 19, 728)  0           block6_sepconv2_bn[0][0]         
__________________________________________________________________________________________________
block6_sepconv3 (SeparableConv2 (None, 19, 19, 728)  536536      block6_sepconv3_act[0][0]        
__________________________________________________________________________________________________
block6_sepconv3_bn (BatchNormal (None, 19, 19, 728)  2912        block6_sepconv3[0][0]            
__________________________________________________________________________________________________
add_5 (Add)                     (None, 19, 19, 728)  0           block6_sepconv3_bn[0][0]         
                                                                 add_4[0][0]                      
__________________________________________________________________________________________________
block7_sepconv1_act (Activation (None, 19, 19, 728)  0           add_5[0][0]                      
__________________________________________________________________________________________________
block7_sepconv1 (SeparableConv2 (None, 19, 19, 728)  536536      block7_sepconv1_act[0][0]        
__________________________________________________________________________________________________
block7_sepconv1_bn (BatchNormal (None, 19, 19, 728)  2912        block7_sepconv1[0][0]            
__________________________________________________________________________________________________
block7_sepconv2_act (Activation (None, 19, 19, 728)  0           block7_sepconv1_bn[0][0]         
__________________________________________________________________________________________________
block7_sepconv2 (SeparableConv2 (None, 19, 19, 728)  536536      block7_sepconv2_act[0][0]        
__________________________________________________________________________________________________
block7_sepconv2_bn (BatchNormal (None, 19, 19, 728)  2912        block7_sepconv2[0][0]            
__________________________________________________________________________________________________
block7_sepconv3_act (Activation (None, 19, 19, 728)  0           block7_sepconv2_bn[0][0]         
__________________________________________________________________________________________________
block7_sepconv3 (SeparableConv2 (None, 19, 19, 728)  536536      block7_sepconv3_act[0][0]        
__________________________________________________________________________________________________
block7_sepconv3_bn (BatchNormal (None, 19, 19, 728)  2912        block7_sepconv3[0][0]            
__________________________________________________________________________________________________
add_6 (Add)                     (None, 19, 19, 728)  0           block7_sepconv3_bn[0][0]         
                                                                 add_5[0][0]                      
__________________________________________________________________________________________________
block8_sepconv1_act (Activation (None, 19, 19, 728)  0           add_6[0][0]                      
__________________________________________________________________________________________________
block8_sepconv1 (SeparableConv2 (None, 19, 19, 728)  536536      block8_sepconv1_act[0][0]        
__________________________________________________________________________________________________
block8_sepconv1_bn (BatchNormal (None, 19, 19, 728)  2912        block8_sepconv1[0][0]            
__________________________________________________________________________________________________
block8_sepconv2_act (Activation (None, 19, 19, 728)  0           block8_sepconv1_bn[0][0]         
__________________________________________________________________________________________________
block8_sepconv2 (SeparableConv2 (None, 19, 19, 728)  536536      block8_sepconv2_act[0][0]        
__________________________________________________________________________________________________
block8_sepconv2_bn (BatchNormal (None, 19, 19, 728)  2912        block8_sepconv2[0][0]            
__________________________________________________________________________________________________
block8_sepconv3_act (Activation (None, 19, 19, 728)  0           block8_sepconv2_bn[0][0]         
__________________________________________________________________________________________________
block8_sepconv3 (SeparableConv2 (None, 19, 19, 728)  536536      block8_sepconv3_act[0][0]        
__________________________________________________________________________________________________
block8_sepconv3_bn (BatchNormal (None, 19, 19, 728)  2912        block8_sepconv3[0][0]            
__________________________________________________________________________________________________
add_7 (Add)                     (None, 19, 19, 728)  0           block8_sepconv3_bn[0][0]         
                                                                 add_6[0][0]                      
__________________________________________________________________________________________________
block9_sepconv1_act (Activation (None, 19, 19, 728)  0           add_7[0][0]                      
__________________________________________________________________________________________________
block9_sepconv1 (SeparableConv2 (None, 19, 19, 728)  536536      block9_sepconv1_act[0][0]        
__________________________________________________________________________________________________
block9_sepconv1_bn (BatchNormal (None, 19, 19, 728)  2912        block9_sepconv1[0][0]            
__________________________________________________________________________________________________
block9_sepconv2_act (Activation (None, 19, 19, 728)  0           block9_sepconv1_bn[0][0]         
__________________________________________________________________________________________________
block9_sepconv2 (SeparableConv2 (None, 19, 19, 728)  536536      block9_sepconv2_act[0][0]        
__________________________________________________________________________________________________
block9_sepconv2_bn (BatchNormal (None, 19, 19, 728)  2912        block9_sepconv2[0][0]            
__________________________________________________________________________________________________
block9_sepconv3_act (Activation (None, 19, 19, 728)  0           block9_sepconv2_bn[0][0]         
__________________________________________________________________________________________________
block9_sepconv3 (SeparableConv2 (None, 19, 19, 728)  536536      block9_sepconv3_act[0][0]        
__________________________________________________________________________________________________
block9_sepconv3_bn (BatchNormal (None, 19, 19, 728)  2912        block9_sepconv3[0][0]            
__________________________________________________________________________________________________
add_8 (Add)                     (None, 19, 19, 728)  0           block9_sepconv3_bn[0][0]         
                                                                 add_7[0][0]                      
__________________________________________________________________________________________________
block10_sepconv1_act (Activatio (None, 19, 19, 728)  0           add_8[0][0]                      
__________________________________________________________________________________________________
block10_sepconv1 (SeparableConv (None, 19, 19, 728)  536536      block10_sepconv1_act[0][0]       
__________________________________________________________________________________________________
block10_sepconv1_bn (BatchNorma (None, 19, 19, 728)  2912        block10_sepconv1[0][0]           
__________________________________________________________________________________________________
block10_sepconv2_act (Activatio (None, 19, 19, 728)  0           block10_sepconv1_bn[0][0]        
__________________________________________________________________________________________________
block10_sepconv2 (SeparableConv (None, 19, 19, 728)  536536      block10_sepconv2_act[0][0]       
__________________________________________________________________________________________________
block10_sepconv2_bn (BatchNorma (None, 19, 19, 728)  2912        block10_sepconv2[0][0]           
__________________________________________________________________________________________________
block10_sepconv3_act (Activatio (None, 19, 19, 728)  0           block10_sepconv2_bn[0][0]        
__________________________________________________________________________________________________
block10_sepconv3 (SeparableConv (None, 19, 19, 728)  536536      block10_sepconv3_act[0][0]       
__________________________________________________________________________________________________
block10_sepconv3_bn (BatchNorma (None, 19, 19, 728)  2912        block10_sepconv3[0][0]           
__________________________________________________________________________________________________
add_9 (Add)                     (None, 19, 19, 728)  0           block10_sepconv3_bn[0][0]        
                                                                 add_8[0][0]                      
__________________________________________________________________________________________________
block11_sepconv1_act (Activatio (None, 19, 19, 728)  0           add_9[0][0]                      
__________________________________________________________________________________________________
block11_sepconv1 (SeparableConv (None, 19, 19, 728)  536536      block11_sepconv1_act[0][0]       
__________________________________________________________________________________________________
block11_sepconv1_bn (BatchNorma (None, 19, 19, 728)  2912        block11_sepconv1[0][0]           
__________________________________________________________________________________________________
block11_sepconv2_act (Activatio (None, 19, 19, 728)  0           block11_sepconv1_bn[0][0]        
__________________________________________________________________________________________________
block11_sepconv2 (SeparableConv (None, 19, 19, 728)  536536      block11_sepconv2_act[0][0]       
__________________________________________________________________________________________________
block11_sepconv2_bn (BatchNorma (None, 19, 19, 728)  2912        block11_sepconv2[0][0]           
__________________________________________________________________________________________________
block11_sepconv3_act (Activatio (None, 19, 19, 728)  0           block11_sepconv2_bn[0][0]        
__________________________________________________________________________________________________
block11_sepconv3 (SeparableConv (None, 19, 19, 728)  536536      block11_sepconv3_act[0][0]       
__________________________________________________________________________________________________
block11_sepconv3_bn (BatchNorma (None, 19, 19, 728)  2912        block11_sepconv3[0][0]           
__________________________________________________________________________________________________
add_10 (Add)                    (None, 19, 19, 728)  0           block11_sepconv3_bn[0][0]        
                                                                 add_9[0][0]                      
__________________________________________________________________________________________________
block12_sepconv1_act (Activatio (None, 19, 19, 728)  0           add_10[0][0]                     
__________________________________________________________________________________________________
block12_sepconv1 (SeparableConv (None, 19, 19, 728)  536536      block12_sepconv1_act[0][0]       
__________________________________________________________________________________________________
block12_sepconv1_bn (BatchNorma (None, 19, 19, 728)  2912        block12_sepconv1[0][0]           
__________________________________________________________________________________________________
block12_sepconv2_act (Activatio (None, 19, 19, 728)  0           block12_sepconv1_bn[0][0]        
__________________________________________________________________________________________________
block12_sepconv2 (SeparableConv (None, 19, 19, 728)  536536      block12_sepconv2_act[0][0]       
__________________________________________________________________________________________________
block12_sepconv2_bn (BatchNorma (None, 19, 19, 728)  2912        block12_sepconv2[0][0]           
__________________________________________________________________________________________________
block12_sepconv3_act (Activatio (None, 19, 19, 728)  0           block12_sepconv2_bn[0][0]        
__________________________________________________________________________________________________
block12_sepconv3 (SeparableConv (None, 19, 19, 728)  536536      block12_sepconv3_act[0][0]       
__________________________________________________________________________________________________
block12_sepconv3_bn (BatchNorma (None, 19, 19, 728)  2912        block12_sepconv3[0][0]           
__________________________________________________________________________________________________
add_11 (Add)                    (None, 19, 19, 728)  0           block12_sepconv3_bn[0][0]        
                                                                 add_10[0][0]                     
__________________________________________________________________________________________________
block13_sepconv1_act (Activatio (None, 19, 19, 728)  0           add_11[0][0]                     
__________________________________________________________________________________________________
block13_sepconv1 (SeparableConv (None, 19, 19, 728)  536536      block13_sepconv1_act[0][0]       
__________________________________________________________________________________________________
block13_sepconv1_bn (BatchNorma (None, 19, 19, 728)  2912        block13_sepconv1[0][0]           
__________________________________________________________________________________________________
block13_sepconv2_act (Activatio (None, 19, 19, 728)  0           block13_sepconv1_bn[0][0]        
__________________________________________________________________________________________________
block13_sepconv2 (SeparableConv (None, 19, 19, 1024) 752024      block13_sepconv2_act[0][0]       
__________________________________________________________________________________________________
block13_sepconv2_bn (BatchNorma (None, 19, 19, 1024) 4096        block13_sepconv2[0][0]           
__________________________________________________________________________________________________
conv2d_4 (Conv2D)               (None, 10, 10, 1024) 745472      add_11[0][0]                     
__________________________________________________________________________________________________
block13_pool (MaxPooling2D)     (None, 10, 10, 1024) 0           block13_sepconv2_bn[0][0]        
__________________________________________________________________________________________________
batch_normalization_4 (BatchNor (None, 10, 10, 1024) 4096        conv2d_4[0][0]                   
__________________________________________________________________________________________________
add_12 (Add)                    (None, 10, 10, 1024) 0           block13_pool[0][0]               
                                                                 batch_normalization_4[0][0]      
__________________________________________________________________________________________________
block14_sepconv1 (SeparableConv (None, 10, 10, 1536) 1582080     add_12[0][0]                     
__________________________________________________________________________________________________
block14_sepconv1_bn (BatchNorma (None, 10, 10, 1536) 6144        block14_sepconv1[0][0]           
__________________________________________________________________________________________________
block14_sepconv1_act (Activatio (None, 10, 10, 1536) 0           block14_sepconv1_bn[0][0]        
__________________________________________________________________________________________________
block14_sepconv2 (SeparableConv (None, 10, 10, 2048) 3159552     block14_sepconv1_act[0][0]       
__________________________________________________________________________________________________
block14_sepconv2_bn (BatchNorma (None, 10, 10, 2048) 8192        block14_sepconv2[0][0]           
__________________________________________________________________________________________________
block14_sepconv2_act (Activatio (None, 10, 10, 2048) 0           block14_sepconv2_bn[0][0]        
__________________________________________________________________________________________________
global_average_pooling2d_1 (Glo (None, 2048)         0           block14_sepconv2_act[0][0]       
__________________________________________________________________________________________________
dense_1 (Dense)                 (None, 4)            8196        global_average_pooling2d_1[0][0] 
==================================================================================================
Total params: 20,869,676
Trainable params: 62,724
Non-trainable params: 20,806,952
__________________________________________________________________________________________________
None
Train on 8 samples, validate on 20 samples
Epoch 1/3

2/8 [======>.......................] - ETA: 32s - loss: 1.7164 - acc: 0.0000e+00 - categorical_crossentropy: 1.7164
4/8 [==============>...............] - ETA: 10s - loss: 1.7144 - acc: 0.0000e+00 - categorical_crossentropy: 1.7144
6/8 [=====================>........] - ETA: 3s - loss: 1.6029 - acc: 0.1667 - categorical_crossentropy: 1.6029     
8/8 [==============================] - 12s 2s/step - loss: 1.4923 - acc: 0.2500 - categorical_crossentropy: 1.4923 - val_loss: 1.3800 - val_acc: 0.3500 - val_categorical_crossentropy: 1.3800
Epoch 2/3

2/8 [======>.......................] - ETA: 0s - loss: 1.1563 - acc: 0.5000 - categorical_crossentropy: 1.1563
4/8 [==============>...............] - ETA: 0s - loss: 1.3044 - acc: 0.5000 - categorical_crossentropy: 1.3044
6/8 [=====================>........] - ETA: 0s - loss: 1.4105 - acc: 0.3333 - categorical_crossentropy: 1.4105
8/8 [==============================] - 0s 57ms/step - loss: 1.4187 - acc: 0.2500 - categorical_crossentropy: 1.4187 - val_loss: 1.3643 - val_acc: 0.4000 - val_categorical_crossentropy: 1.3643
Epoch 3/3

2/8 [======>.......................] - ETA: 0s - loss: 1.4898 - acc: 0.0000e+00 - categorical_crossentropy: 1.4898
4/8 [==============>...............] - ETA: 0s - loss: 1.4543 - acc: 0.2500 - categorical_crossentropy: 1.4543    
6/8 [=====================>........] - ETA: 0s - loss: 1.3477 - acc: 0.3333 - categorical_crossentropy: 1.3477
8/8 [==============================] - 0s 56ms/step - loss: 1.3854 - acc: 0.2500 - categorical_crossentropy: 1.3854 - val_loss: 1.3604 - val_acc: 0.4500 - val_categorical_crossentropy: 1.3604
Using TensorFlow backend.
/home/amourav/tensorflow/lib/python3.5/site-packages/skimage/transform/_warps.py:105: UserWarning: The default mode, 'constant', will be changed to 'reflect' in skimage 0.15.
  warn("The default mode, 'constant', will be changed to 'reflect' in "
/home/amourav/tensorflow/lib/python3.5/site-packages/skimage/transform/_warps.py:110: UserWarning: Anti-aliasing will be enabled by default in skimage 0.15 to avoid aliasing artifacts when down-sampling images.
  warn("Anti-aliasing will be enabled by default in skimage 0.15 to "
training time: 0.007269427180290222 h
train.py ... done!
