
Due to MODULEPATH changes, the following have been reloaded:
  1) openmpi/2.1.1

Python 3.5.4
2019-05-24 20:15:58.903723: I tensorflow/core/common_runtime/gpu/gpu_device.cc:1432] Found device 0 with properties: 
name: Tesla P100-PCIE-12GB major: 6 minor: 0 memoryClockRate(GHz): 1.3285
pciBusID: 0000:04:00.0
totalMemory: 11.91GiB freeMemory: 11.63GiB
2019-05-24 20:15:58.903889: I tensorflow/core/common_runtime/gpu/gpu_device.cc:1511] Adding visible gpu devices: 0
2019-05-24 20:15:59.318364: I tensorflow/core/common_runtime/gpu/gpu_device.cc:982] Device interconnect StreamExecutor with strength 1 edge matrix:
2019-05-24 20:15:59.318522: I tensorflow/core/common_runtime/gpu/gpu_device.cc:988]      0 
2019-05-24 20:15:59.318571: I tensorflow/core/common_runtime/gpu/gpu_device.cc:1001] 0:   N 
2019-05-24 20:15:59.318908: I tensorflow/core/common_runtime/gpu/gpu_device.cc:1115] Created TensorFlow device (/job:localhost/replica:0/task:0/device:GPU:0 with 11251 MB memory) -> physical GPU (device: 0, name: Tesla P100-PCIE-12GB, pci bus id: 0000:04:00.0, compute capability: 6.0)
2019-05-24 20:15:59.319426: I tensorflow/core/common_runtime/process_util.cc:69] Creating new thread pool with default inter op setting: 2. Tune using inter_op_parallelism_threads for best performance.
trn path: ../PreprocessedData/preprocessedForCNN/299x299/imgData_(299, 299, 3)_train_n1000.npy
data augmentation: False
default
__________________________________________________________________________________________________
Layer (type)                    Output Shape         Param #     Connected to                     
==================================================================================================
input_1 (InputLayer)            (None, 299, 299, 3)  0                                            
__________________________________________________________________________________________________
conv2d_1 (Conv2D)               (None, 149, 149, 32) 864         input_1[0][0]                    
__________________________________________________________________________________________________
batch_normalization_1 (BatchNor (None, 149, 149, 32) 96          conv2d_1[0][0]                   
__________________________________________________________________________________________________
activation_1 (Activation)       (None, 149, 149, 32) 0           batch_normalization_1[0][0]      
__________________________________________________________________________________________________
conv2d_2 (Conv2D)               (None, 147, 147, 32) 9216        activation_1[0][0]               
__________________________________________________________________________________________________
batch_normalization_2 (BatchNor (None, 147, 147, 32) 96          conv2d_2[0][0]                   
__________________________________________________________________________________________________
activation_2 (Activation)       (None, 147, 147, 32) 0           batch_normalization_2[0][0]      
__________________________________________________________________________________________________
conv2d_3 (Conv2D)               (None, 147, 147, 64) 18432       activation_2[0][0]               
__________________________________________________________________________________________________
batch_normalization_3 (BatchNor (None, 147, 147, 64) 192         conv2d_3[0][0]                   
__________________________________________________________________________________________________
activation_3 (Activation)       (None, 147, 147, 64) 0           batch_normalization_3[0][0]      
__________________________________________________________________________________________________
max_pooling2d_1 (MaxPooling2D)  (None, 73, 73, 64)   0           activation_3[0][0]               
__________________________________________________________________________________________________
conv2d_4 (Conv2D)               (None, 73, 73, 80)   5120        max_pooling2d_1[0][0]            
__________________________________________________________________________________________________
batch_normalization_4 (BatchNor (None, 73, 73, 80)   240         conv2d_4[0][0]                   
__________________________________________________________________________________________________
activation_4 (Activation)       (None, 73, 73, 80)   0           batch_normalization_4[0][0]      
__________________________________________________________________________________________________
conv2d_5 (Conv2D)               (None, 71, 71, 192)  138240      activation_4[0][0]               
__________________________________________________________________________________________________
batch_normalization_5 (BatchNor (None, 71, 71, 192)  576         conv2d_5[0][0]                   
__________________________________________________________________________________________________
activation_5 (Activation)       (None, 71, 71, 192)  0           batch_normalization_5[0][0]      
__________________________________________________________________________________________________
max_pooling2d_2 (MaxPooling2D)  (None, 35, 35, 192)  0           activation_5[0][0]               
__________________________________________________________________________________________________
conv2d_9 (Conv2D)               (None, 35, 35, 64)   12288       max_pooling2d_2[0][0]            
__________________________________________________________________________________________________
batch_normalization_9 (BatchNor (None, 35, 35, 64)   192         conv2d_9[0][0]                   
__________________________________________________________________________________________________
activation_9 (Activation)       (None, 35, 35, 64)   0           batch_normalization_9[0][0]      
__________________________________________________________________________________________________
conv2d_7 (Conv2D)               (None, 35, 35, 48)   9216        max_pooling2d_2[0][0]            
__________________________________________________________________________________________________
conv2d_10 (Conv2D)              (None, 35, 35, 96)   55296       activation_9[0][0]               
__________________________________________________________________________________________________
batch_normalization_7 (BatchNor (None, 35, 35, 48)   144         conv2d_7[0][0]                   
__________________________________________________________________________________________________
batch_normalization_10 (BatchNo (None, 35, 35, 96)   288         conv2d_10[0][0]                  
__________________________________________________________________________________________________
activation_7 (Activation)       (None, 35, 35, 48)   0           batch_normalization_7[0][0]      
__________________________________________________________________________________________________
activation_10 (Activation)      (None, 35, 35, 96)   0           batch_normalization_10[0][0]     
__________________________________________________________________________________________________
average_pooling2d_1 (AveragePoo (None, 35, 35, 192)  0           max_pooling2d_2[0][0]            
__________________________________________________________________________________________________
conv2d_6 (Conv2D)               (None, 35, 35, 64)   12288       max_pooling2d_2[0][0]            
__________________________________________________________________________________________________
conv2d_8 (Conv2D)               (None, 35, 35, 64)   76800       activation_7[0][0]               
__________________________________________________________________________________________________
conv2d_11 (Conv2D)              (None, 35, 35, 96)   82944       activation_10[0][0]              
__________________________________________________________________________________________________
conv2d_12 (Conv2D)              (None, 35, 35, 32)   6144        average_pooling2d_1[0][0]        
__________________________________________________________________________________________________
batch_normalization_6 (BatchNor (None, 35, 35, 64)   192         conv2d_6[0][0]                   
__________________________________________________________________________________________________
batch_normalization_8 (BatchNor (None, 35, 35, 64)   192         conv2d_8[0][0]                   
__________________________________________________________________________________________________
batch_normalization_11 (BatchNo (None, 35, 35, 96)   288         conv2d_11[0][0]                  
__________________________________________________________________________________________________
batch_normalization_12 (BatchNo (None, 35, 35, 32)   96          conv2d_12[0][0]                  
__________________________________________________________________________________________________
activation_6 (Activation)       (None, 35, 35, 64)   0           batch_normalization_6[0][0]      
__________________________________________________________________________________________________
activation_8 (Activation)       (None, 35, 35, 64)   0           batch_normalization_8[0][0]      
__________________________________________________________________________________________________
activation_11 (Activation)      (None, 35, 35, 96)   0           batch_normalization_11[0][0]     
__________________________________________________________________________________________________
activation_12 (Activation)      (None, 35, 35, 32)   0           batch_normalization_12[0][0]     
__________________________________________________________________________________________________
mixed0 (Concatenate)            (None, 35, 35, 256)  0           activation_6[0][0]               
                                                                 activation_8[0][0]               
                                                                 activation_11[0][0]              
                                                                 activation_12[0][0]              
__________________________________________________________________________________________________
conv2d_16 (Conv2D)              (None, 35, 35, 64)   16384       mixed0[0][0]                     
__________________________________________________________________________________________________
batch_normalization_16 (BatchNo (None, 35, 35, 64)   192         conv2d_16[0][0]                  
__________________________________________________________________________________________________
activation_16 (Activation)      (None, 35, 35, 64)   0           batch_normalization_16[0][0]     
__________________________________________________________________________________________________
conv2d_14 (Conv2D)              (None, 35, 35, 48)   12288       mixed0[0][0]                     
__________________________________________________________________________________________________
conv2d_17 (Conv2D)              (None, 35, 35, 96)   55296       activation_16[0][0]              
__________________________________________________________________________________________________
batch_normalization_14 (BatchNo (None, 35, 35, 48)   144         conv2d_14[0][0]                  
__________________________________________________________________________________________________
batch_normalization_17 (BatchNo (None, 35, 35, 96)   288         conv2d_17[0][0]                  
__________________________________________________________________________________________________
activation_14 (Activation)      (None, 35, 35, 48)   0           batch_normalization_14[0][0]     
__________________________________________________________________________________________________
activation_17 (Activation)      (None, 35, 35, 96)   0           batch_normalization_17[0][0]     
__________________________________________________________________________________________________
average_pooling2d_2 (AveragePoo (None, 35, 35, 256)  0           mixed0[0][0]                     
__________________________________________________________________________________________________
conv2d_13 (Conv2D)              (None, 35, 35, 64)   16384       mixed0[0][0]                     
__________________________________________________________________________________________________
conv2d_15 (Conv2D)              (None, 35, 35, 64)   76800       activation_14[0][0]              
__________________________________________________________________________________________________
conv2d_18 (Conv2D)              (None, 35, 35, 96)   82944       activation_17[0][0]              
__________________________________________________________________________________________________
conv2d_19 (Conv2D)              (None, 35, 35, 64)   16384       average_pooling2d_2[0][0]        
__________________________________________________________________________________________________
batch_normalization_13 (BatchNo (None, 35, 35, 64)   192         conv2d_13[0][0]                  
__________________________________________________________________________________________________
batch_normalization_15 (BatchNo (None, 35, 35, 64)   192         conv2d_15[0][0]                  
__________________________________________________________________________________________________
batch_normalization_18 (BatchNo (None, 35, 35, 96)   288         conv2d_18[0][0]                  
__________________________________________________________________________________________________
batch_normalization_19 (BatchNo (None, 35, 35, 64)   192         conv2d_19[0][0]                  
__________________________________________________________________________________________________
activation_13 (Activation)      (None, 35, 35, 64)   0           batch_normalization_13[0][0]     
__________________________________________________________________________________________________
activation_15 (Activation)      (None, 35, 35, 64)   0           batch_normalization_15[0][0]     
__________________________________________________________________________________________________
activation_18 (Activation)      (None, 35, 35, 96)   0           batch_normalization_18[0][0]     
__________________________________________________________________________________________________
activation_19 (Activation)      (None, 35, 35, 64)   0           batch_normalization_19[0][0]     
__________________________________________________________________________________________________
mixed1 (Concatenate)            (None, 35, 35, 288)  0           activation_13[0][0]              
                                                                 activation_15[0][0]              
                                                                 activation_18[0][0]              
                                                                 activation_19[0][0]              
__________________________________________________________________________________________________
conv2d_23 (Conv2D)              (None, 35, 35, 64)   18432       mixed1[0][0]                     
__________________________________________________________________________________________________
batch_normalization_23 (BatchNo (None, 35, 35, 64)   192         conv2d_23[0][0]                  
__________________________________________________________________________________________________
activation_23 (Activation)      (None, 35, 35, 64)   0           batch_normalization_23[0][0]     
__________________________________________________________________________________________________
conv2d_21 (Conv2D)              (None, 35, 35, 48)   13824       mixed1[0][0]                     
__________________________________________________________________________________________________
conv2d_24 (Conv2D)              (None, 35, 35, 96)   55296       activation_23[0][0]              
__________________________________________________________________________________________________
batch_normalization_21 (BatchNo (None, 35, 35, 48)   144         conv2d_21[0][0]                  
__________________________________________________________________________________________________
batch_normalization_24 (BatchNo (None, 35, 35, 96)   288         conv2d_24[0][0]                  
__________________________________________________________________________________________________
activation_21 (Activation)      (None, 35, 35, 48)   0           batch_normalization_21[0][0]     
__________________________________________________________________________________________________
activation_24 (Activation)      (None, 35, 35, 96)   0           batch_normalization_24[0][0]     
__________________________________________________________________________________________________
average_pooling2d_3 (AveragePoo (None, 35, 35, 288)  0           mixed1[0][0]                     
__________________________________________________________________________________________________
conv2d_20 (Conv2D)              (None, 35, 35, 64)   18432       mixed1[0][0]                     
__________________________________________________________________________________________________
conv2d_22 (Conv2D)              (None, 35, 35, 64)   76800       activation_21[0][0]              
__________________________________________________________________________________________________
conv2d_25 (Conv2D)              (None, 35, 35, 96)   82944       activation_24[0][0]              
__________________________________________________________________________________________________
conv2d_26 (Conv2D)              (None, 35, 35, 64)   18432       average_pooling2d_3[0][0]        
__________________________________________________________________________________________________
batch_normalization_20 (BatchNo (None, 35, 35, 64)   192         conv2d_20[0][0]                  
__________________________________________________________________________________________________
batch_normalization_22 (BatchNo (None, 35, 35, 64)   192         conv2d_22[0][0]                  
__________________________________________________________________________________________________
batch_normalization_25 (BatchNo (None, 35, 35, 96)   288         conv2d_25[0][0]                  
__________________________________________________________________________________________________
batch_normalization_26 (BatchNo (None, 35, 35, 64)   192         conv2d_26[0][0]                  
__________________________________________________________________________________________________
activation_20 (Activation)      (None, 35, 35, 64)   0           batch_normalization_20[0][0]     
__________________________________________________________________________________________________
activation_22 (Activation)      (None, 35, 35, 64)   0           batch_normalization_22[0][0]     
__________________________________________________________________________________________________
activation_25 (Activation)      (None, 35, 35, 96)   0           batch_normalization_25[0][0]     
__________________________________________________________________________________________________
activation_26 (Activation)      (None, 35, 35, 64)   0           batch_normalization_26[0][0]     
__________________________________________________________________________________________________
mixed2 (Concatenate)            (None, 35, 35, 288)  0           activation_20[0][0]              
                                                                 activation_22[0][0]              
                                                                 activation_25[0][0]              
                                                                 activation_26[0][0]              
__________________________________________________________________________________________________
conv2d_28 (Conv2D)              (None, 35, 35, 64)   18432       mixed2[0][0]                     
__________________________________________________________________________________________________
batch_normalization_28 (BatchNo (None, 35, 35, 64)   192         conv2d_28[0][0]                  
__________________________________________________________________________________________________
activation_28 (Activation)      (None, 35, 35, 64)   0           batch_normalization_28[0][0]     
__________________________________________________________________________________________________
conv2d_29 (Conv2D)              (None, 35, 35, 96)   55296       activation_28[0][0]              
__________________________________________________________________________________________________
batch_normalization_29 (BatchNo (None, 35, 35, 96)   288         conv2d_29[0][0]                  
__________________________________________________________________________________________________
activation_29 (Activation)      (None, 35, 35, 96)   0           batch_normalization_29[0][0]     
__________________________________________________________________________________________________
conv2d_27 (Conv2D)              (None, 17, 17, 384)  995328      mixed2[0][0]                     
__________________________________________________________________________________________________
conv2d_30 (Conv2D)              (None, 17, 17, 96)   82944       activation_29[0][0]              
__________________________________________________________________________________________________
batch_normalization_27 (BatchNo (None, 17, 17, 384)  1152        conv2d_27[0][0]                  
__________________________________________________________________________________________________
batch_normalization_30 (BatchNo (None, 17, 17, 96)   288         conv2d_30[0][0]                  
__________________________________________________________________________________________________
activation_27 (Activation)      (None, 17, 17, 384)  0           batch_normalization_27[0][0]     
__________________________________________________________________________________________________
activation_30 (Activation)      (None, 17, 17, 96)   0           batch_normalization_30[0][0]     
__________________________________________________________________________________________________
max_pooling2d_3 (MaxPooling2D)  (None, 17, 17, 288)  0           mixed2[0][0]                     
__________________________________________________________________________________________________
mixed3 (Concatenate)            (None, 17, 17, 768)  0           activation_27[0][0]              
                                                                 activation_30[0][0]              
                                                                 max_pooling2d_3[0][0]            
__________________________________________________________________________________________________
conv2d_35 (Conv2D)              (None, 17, 17, 128)  98304       mixed3[0][0]                     
__________________________________________________________________________________________________
batch_normalization_35 (BatchNo (None, 17, 17, 128)  384         conv2d_35[0][0]                  
__________________________________________________________________________________________________
activation_35 (Activation)      (None, 17, 17, 128)  0           batch_normalization_35[0][0]     
__________________________________________________________________________________________________
conv2d_36 (Conv2D)              (None, 17, 17, 128)  114688      activation_35[0][0]              
__________________________________________________________________________________________________
batch_normalization_36 (BatchNo (None, 17, 17, 128)  384         conv2d_36[0][0]                  
__________________________________________________________________________________________________
activation_36 (Activation)      (None, 17, 17, 128)  0           batch_normalization_36[0][0]     
__________________________________________________________________________________________________
conv2d_32 (Conv2D)              (None, 17, 17, 128)  98304       mixed3[0][0]                     
__________________________________________________________________________________________________
conv2d_37 (Conv2D)              (None, 17, 17, 128)  114688      activation_36[0][0]              
__________________________________________________________________________________________________
batch_normalization_32 (BatchNo (None, 17, 17, 128)  384         conv2d_32[0][0]                  
__________________________________________________________________________________________________
batch_normalization_37 (BatchNo (None, 17, 17, 128)  384         conv2d_37[0][0]                  
__________________________________________________________________________________________________
activation_32 (Activation)      (None, 17, 17, 128)  0           batch_normalization_32[0][0]     
__________________________________________________________________________________________________
activation_37 (Activation)      (None, 17, 17, 128)  0           batch_normalization_37[0][0]     
__________________________________________________________________________________________________
conv2d_33 (Conv2D)              (None, 17, 17, 128)  114688      activation_32[0][0]              
__________________________________________________________________________________________________
conv2d_38 (Conv2D)              (None, 17, 17, 128)  114688      activation_37[0][0]              
__________________________________________________________________________________________________
batch_normalization_33 (BatchNo (None, 17, 17, 128)  384         conv2d_33[0][0]                  
__________________________________________________________________________________________________
batch_normalization_38 (BatchNo (None, 17, 17, 128)  384         conv2d_38[0][0]                  
__________________________________________________________________________________________________
activation_33 (Activation)      (None, 17, 17, 128)  0           batch_normalization_33[0][0]     
__________________________________________________________________________________________________
activation_38 (Activation)      (None, 17, 17, 128)  0           batch_normalization_38[0][0]     
__________________________________________________________________________________________________
average_pooling2d_4 (AveragePoo (None, 17, 17, 768)  0           mixed3[0][0]                     
__________________________________________________________________________________________________
conv2d_31 (Conv2D)              (None, 17, 17, 192)  147456      mixed3[0][0]                     
__________________________________________________________________________________________________
conv2d_34 (Conv2D)              (None, 17, 17, 192)  172032      activation_33[0][0]              
__________________________________________________________________________________________________
conv2d_39 (Conv2D)              (None, 17, 17, 192)  172032      activation_38[0][0]              
__________________________________________________________________________________________________
conv2d_40 (Conv2D)              (None, 17, 17, 192)  147456      average_pooling2d_4[0][0]        
__________________________________________________________________________________________________
batch_normalization_31 (BatchNo (None, 17, 17, 192)  576         conv2d_31[0][0]                  
__________________________________________________________________________________________________
batch_normalization_34 (BatchNo (None, 17, 17, 192)  576         conv2d_34[0][0]                  
__________________________________________________________________________________________________
batch_normalization_39 (BatchNo (None, 17, 17, 192)  576         conv2d_39[0][0]                  
__________________________________________________________________________________________________
batch_normalization_40 (BatchNo (None, 17, 17, 192)  576         conv2d_40[0][0]                  
__________________________________________________________________________________________________
activation_31 (Activation)      (None, 17, 17, 192)  0           batch_normalization_31[0][0]     
__________________________________________________________________________________________________
activation_34 (Activation)      (None, 17, 17, 192)  0           batch_normalization_34[0][0]     
__________________________________________________________________________________________________
activation_39 (Activation)      (None, 17, 17, 192)  0           batch_normalization_39[0][0]     
__________________________________________________________________________________________________
activation_40 (Activation)      (None, 17, 17, 192)  0           batch_normalization_40[0][0]     
__________________________________________________________________________________________________
mixed4 (Concatenate)            (None, 17, 17, 768)  0           activation_31[0][0]              
                                                                 activation_34[0][0]              
                                                                 activation_39[0][0]              
                                                                 activation_40[0][0]              
__________________________________________________________________________________________________
conv2d_45 (Conv2D)              (None, 17, 17, 160)  122880      mixed4[0][0]                     
__________________________________________________________________________________________________
batch_normalization_45 (BatchNo (None, 17, 17, 160)  480         conv2d_45[0][0]                  
__________________________________________________________________________________________________
activation_45 (Activation)      (None, 17, 17, 160)  0           batch_normalization_45[0][0]     
__________________________________________________________________________________________________
conv2d_46 (Conv2D)              (None, 17, 17, 160)  179200      activation_45[0][0]              
__________________________________________________________________________________________________
batch_normalization_46 (BatchNo (None, 17, 17, 160)  480         conv2d_46[0][0]                  
__________________________________________________________________________________________________
activation_46 (Activation)      (None, 17, 17, 160)  0           batch_normalization_46[0][0]     
__________________________________________________________________________________________________
conv2d_42 (Conv2D)              (None, 17, 17, 160)  122880      mixed4[0][0]                     
__________________________________________________________________________________________________
conv2d_47 (Conv2D)              (None, 17, 17, 160)  179200      activation_46[0][0]              
__________________________________________________________________________________________________
batch_normalization_42 (BatchNo (None, 17, 17, 160)  480         conv2d_42[0][0]                  
__________________________________________________________________________________________________
batch_normalization_47 (BatchNo (None, 17, 17, 160)  480         conv2d_47[0][0]                  
__________________________________________________________________________________________________
activation_42 (Activation)      (None, 17, 17, 160)  0           batch_normalization_42[0][0]     
__________________________________________________________________________________________________
activation_47 (Activation)      (None, 17, 17, 160)  0           batch_normalization_47[0][0]     
__________________________________________________________________________________________________
conv2d_43 (Conv2D)              (None, 17, 17, 160)  179200      activation_42[0][0]              
__________________________________________________________________________________________________
conv2d_48 (Conv2D)              (None, 17, 17, 160)  179200      activation_47[0][0]              
__________________________________________________________________________________________________
batch_normalization_43 (BatchNo (None, 17, 17, 160)  480         conv2d_43[0][0]                  
__________________________________________________________________________________________________
batch_normalization_48 (BatchNo (None, 17, 17, 160)  480         conv2d_48[0][0]                  
__________________________________________________________________________________________________
activation_43 (Activation)      (None, 17, 17, 160)  0           batch_normalization_43[0][0]     
__________________________________________________________________________________________________
activation_48 (Activation)      (None, 17, 17, 160)  0           batch_normalization_48[0][0]     
__________________________________________________________________________________________________
average_pooling2d_5 (AveragePoo (None, 17, 17, 768)  0           mixed4[0][0]                     
__________________________________________________________________________________________________
conv2d_41 (Conv2D)              (None, 17, 17, 192)  147456      mixed4[0][0]                     
__________________________________________________________________________________________________
conv2d_44 (Conv2D)              (None, 17, 17, 192)  215040      activation_43[0][0]              
__________________________________________________________________________________________________
conv2d_49 (Conv2D)              (None, 17, 17, 192)  215040      activation_48[0][0]              
__________________________________________________________________________________________________
conv2d_50 (Conv2D)              (None, 17, 17, 192)  147456      average_pooling2d_5[0][0]        
__________________________________________________________________________________________________
batch_normalization_41 (BatchNo (None, 17, 17, 192)  576         conv2d_41[0][0]                  
__________________________________________________________________________________________________
batch_normalization_44 (BatchNo (None, 17, 17, 192)  576         conv2d_44[0][0]                  
__________________________________________________________________________________________________
batch_normalization_49 (BatchNo (None, 17, 17, 192)  576         conv2d_49[0][0]                  
__________________________________________________________________________________________________
batch_normalization_50 (BatchNo (None, 17, 17, 192)  576         conv2d_50[0][0]                  
__________________________________________________________________________________________________
activation_41 (Activation)      (None, 17, 17, 192)  0           batch_normalization_41[0][0]     
__________________________________________________________________________________________________
activation_44 (Activation)      (None, 17, 17, 192)  0           batch_normalization_44[0][0]     
__________________________________________________________________________________________________
activation_49 (Activation)      (None, 17, 17, 192)  0           batch_normalization_49[0][0]     
__________________________________________________________________________________________________
activation_50 (Activation)      (None, 17, 17, 192)  0           batch_normalization_50[0][0]     
__________________________________________________________________________________________________
mixed5 (Concatenate)            (None, 17, 17, 768)  0           activation_41[0][0]              
                                                                 activation_44[0][0]              
                                                                 activation_49[0][0]              
                                                                 activation_50[0][0]              
__________________________________________________________________________________________________
conv2d_55 (Conv2D)              (None, 17, 17, 160)  122880      mixed5[0][0]                     
__________________________________________________________________________________________________
batch_normalization_55 (BatchNo (None, 17, 17, 160)  480         conv2d_55[0][0]                  
__________________________________________________________________________________________________
activation_55 (Activation)      (None, 17, 17, 160)  0           batch_normalization_55[0][0]     
__________________________________________________________________________________________________
conv2d_56 (Conv2D)              (None, 17, 17, 160)  179200      activation_55[0][0]              
__________________________________________________________________________________________________
batch_normalization_56 (BatchNo (None, 17, 17, 160)  480         conv2d_56[0][0]                  
__________________________________________________________________________________________________
activation_56 (Activation)      (None, 17, 17, 160)  0           batch_normalization_56[0][0]     
__________________________________________________________________________________________________
conv2d_52 (Conv2D)              (None, 17, 17, 160)  122880      mixed5[0][0]                     
__________________________________________________________________________________________________
conv2d_57 (Conv2D)              (None, 17, 17, 160)  179200      activation_56[0][0]              
__________________________________________________________________________________________________
batch_normalization_52 (BatchNo (None, 17, 17, 160)  480         conv2d_52[0][0]                  
__________________________________________________________________________________________________
batch_normalization_57 (BatchNo (None, 17, 17, 160)  480         conv2d_57[0][0]                  
__________________________________________________________________________________________________
activation_52 (Activation)      (None, 17, 17, 160)  0           batch_normalization_52[0][0]     
__________________________________________________________________________________________________
activation_57 (Activation)      (None, 17, 17, 160)  0           batch_normalization_57[0][0]     
__________________________________________________________________________________________________
conv2d_53 (Conv2D)              (None, 17, 17, 160)  179200      activation_52[0][0]              
__________________________________________________________________________________________________
conv2d_58 (Conv2D)              (None, 17, 17, 160)  179200      activation_57[0][0]              
__________________________________________________________________________________________________
batch_normalization_53 (BatchNo (None, 17, 17, 160)  480         conv2d_53[0][0]                  
__________________________________________________________________________________________________
batch_normalization_58 (BatchNo (None, 17, 17, 160)  480         conv2d_58[0][0]                  
__________________________________________________________________________________________________
activation_53 (Activation)      (None, 17, 17, 160)  0           batch_normalization_53[0][0]     
__________________________________________________________________________________________________
activation_58 (Activation)      (None, 17, 17, 160)  0           batch_normalization_58[0][0]     
__________________________________________________________________________________________________
average_pooling2d_6 (AveragePoo (None, 17, 17, 768)  0           mixed5[0][0]                     
__________________________________________________________________________________________________
conv2d_51 (Conv2D)              (None, 17, 17, 192)  147456      mixed5[0][0]                     
__________________________________________________________________________________________________
conv2d_54 (Conv2D)              (None, 17, 17, 192)  215040      activation_53[0][0]              
__________________________________________________________________________________________________
conv2d_59 (Conv2D)              (None, 17, 17, 192)  215040      activation_58[0][0]              
__________________________________________________________________________________________________
conv2d_60 (Conv2D)              (None, 17, 17, 192)  147456      average_pooling2d_6[0][0]        
__________________________________________________________________________________________________
batch_normalization_51 (BatchNo (None, 17, 17, 192)  576         conv2d_51[0][0]                  
__________________________________________________________________________________________________
batch_normalization_54 (BatchNo (None, 17, 17, 192)  576         conv2d_54[0][0]                  
__________________________________________________________________________________________________
batch_normalization_59 (BatchNo (None, 17, 17, 192)  576         conv2d_59[0][0]                  
__________________________________________________________________________________________________
batch_normalization_60 (BatchNo (None, 17, 17, 192)  576         conv2d_60[0][0]                  
__________________________________________________________________________________________________
activation_51 (Activation)      (None, 17, 17, 192)  0           batch_normalization_51[0][0]     
__________________________________________________________________________________________________
activation_54 (Activation)      (None, 17, 17, 192)  0           batch_normalization_54[0][0]     
__________________________________________________________________________________________________
activation_59 (Activation)      (None, 17, 17, 192)  0           batch_normalization_59[0][0]     
__________________________________________________________________________________________________
activation_60 (Activation)      (None, 17, 17, 192)  0           batch_normalization_60[0][0]     
__________________________________________________________________________________________________
mixed6 (Concatenate)            (None, 17, 17, 768)  0           activation_51[0][0]              
                                                                 activation_54[0][0]              
                                                                 activation_59[0][0]              
                                                                 activation_60[0][0]              
__________________________________________________________________________________________________
conv2d_65 (Conv2D)              (None, 17, 17, 192)  147456      mixed6[0][0]                     
__________________________________________________________________________________________________
batch_normalization_65 (BatchNo (None, 17, 17, 192)  576         conv2d_65[0][0]                  
__________________________________________________________________________________________________
activation_65 (Activation)      (None, 17, 17, 192)  0           batch_normalization_65[0][0]     
__________________________________________________________________________________________________
conv2d_66 (Conv2D)              (None, 17, 17, 192)  258048      activation_65[0][0]              
__________________________________________________________________________________________________
batch_normalization_66 (BatchNo (None, 17, 17, 192)  576         conv2d_66[0][0]                  
__________________________________________________________________________________________________
activation_66 (Activation)      (None, 17, 17, 192)  0           batch_normalization_66[0][0]     
__________________________________________________________________________________________________
conv2d_62 (Conv2D)              (None, 17, 17, 192)  147456      mixed6[0][0]                     
__________________________________________________________________________________________________
conv2d_67 (Conv2D)              (None, 17, 17, 192)  258048      activation_66[0][0]              
__________________________________________________________________________________________________
batch_normalization_62 (BatchNo (None, 17, 17, 192)  576         conv2d_62[0][0]                  
__________________________________________________________________________________________________
batch_normalization_67 (BatchNo (None, 17, 17, 192)  576         conv2d_67[0][0]                  
__________________________________________________________________________________________________
activation_62 (Activation)      (None, 17, 17, 192)  0           batch_normalization_62[0][0]     
__________________________________________________________________________________________________
activation_67 (Activation)      (None, 17, 17, 192)  0           batch_normalization_67[0][0]     
__________________________________________________________________________________________________
conv2d_63 (Conv2D)              (None, 17, 17, 192)  258048      activation_62[0][0]              
__________________________________________________________________________________________________
conv2d_68 (Conv2D)              (None, 17, 17, 192)  258048      activation_67[0][0]              
__________________________________________________________________________________________________
batch_normalization_63 (BatchNo (None, 17, 17, 192)  576         conv2d_63[0][0]                  
__________________________________________________________________________________________________
batch_normalization_68 (BatchNo (None, 17, 17, 192)  576         conv2d_68[0][0]                  
__________________________________________________________________________________________________
activation_63 (Activation)      (None, 17, 17, 192)  0           batch_normalization_63[0][0]     
__________________________________________________________________________________________________
activation_68 (Activation)      (None, 17, 17, 192)  0           batch_normalization_68[0][0]     
__________________________________________________________________________________________________
average_pooling2d_7 (AveragePoo (None, 17, 17, 768)  0           mixed6[0][0]                     
__________________________________________________________________________________________________
conv2d_61 (Conv2D)              (None, 17, 17, 192)  147456      mixed6[0][0]                     
__________________________________________________________________________________________________
conv2d_64 (Conv2D)              (None, 17, 17, 192)  258048      activation_63[0][0]              
__________________________________________________________________________________________________
conv2d_69 (Conv2D)              (None, 17, 17, 192)  258048      activation_68[0][0]              
__________________________________________________________________________________________________
conv2d_70 (Conv2D)              (None, 17, 17, 192)  147456      average_pooling2d_7[0][0]        
__________________________________________________________________________________________________
batch_normalization_61 (BatchNo (None, 17, 17, 192)  576         conv2d_61[0][0]                  
__________________________________________________________________________________________________
batch_normalization_64 (BatchNo (None, 17, 17, 192)  576         conv2d_64[0][0]                  
__________________________________________________________________________________________________
batch_normalization_69 (BatchNo (None, 17, 17, 192)  576         conv2d_69[0][0]                  
__________________________________________________________________________________________________
batch_normalization_70 (BatchNo (None, 17, 17, 192)  576         conv2d_70[0][0]                  
__________________________________________________________________________________________________
activation_61 (Activation)      (None, 17, 17, 192)  0           batch_normalization_61[0][0]     
__________________________________________________________________________________________________
activation_64 (Activation)      (None, 17, 17, 192)  0           batch_normalization_64[0][0]     
__________________________________________________________________________________________________
activation_69 (Activation)      (None, 17, 17, 192)  0           batch_normalization_69[0][0]     
__________________________________________________________________________________________________
activation_70 (Activation)      (None, 17, 17, 192)  0           batch_normalization_70[0][0]     
__________________________________________________________________________________________________
mixed7 (Concatenate)            (None, 17, 17, 768)  0           activation_61[0][0]              
                                                                 activation_64[0][0]              
                                                                 activation_69[0][0]              
                                                                 activation_70[0][0]              
__________________________________________________________________________________________________
conv2d_73 (Conv2D)              (None, 17, 17, 192)  147456      mixed7[0][0]                     
__________________________________________________________________________________________________
batch_normalization_73 (BatchNo (None, 17, 17, 192)  576         conv2d_73[0][0]                  
__________________________________________________________________________________________________
activation_73 (Activation)      (None, 17, 17, 192)  0           batch_normalization_73[0][0]     
__________________________________________________________________________________________________
conv2d_74 (Conv2D)              (None, 17, 17, 192)  258048      activation_73[0][0]              
__________________________________________________________________________________________________
batch_normalization_74 (BatchNo (None, 17, 17, 192)  576         conv2d_74[0][0]                  
__________________________________________________________________________________________________
activation_74 (Activation)      (None, 17, 17, 192)  0           batch_normalization_74[0][0]     
__________________________________________________________________________________________________
conv2d_71 (Conv2D)              (None, 17, 17, 192)  147456      mixed7[0][0]                     
__________________________________________________________________________________________________
conv2d_75 (Conv2D)              (None, 17, 17, 192)  258048      activation_74[0][0]              
__________________________________________________________________________________________________
batch_normalization_71 (BatchNo (None, 17, 17, 192)  576         conv2d_71[0][0]                  
__________________________________________________________________________________________________
batch_normalization_75 (BatchNo (None, 17, 17, 192)  576         conv2d_75[0][0]                  
__________________________________________________________________________________________________
activation_71 (Activation)      (None, 17, 17, 192)  0           batch_normalization_71[0][0]     
__________________________________________________________________________________________________
activation_75 (Activation)      (None, 17, 17, 192)  0           batch_normalization_75[0][0]     
__________________________________________________________________________________________________
conv2d_72 (Conv2D)              (None, 8, 8, 320)    552960      activation_71[0][0]              
__________________________________________________________________________________________________
conv2d_76 (Conv2D)              (None, 8, 8, 192)    331776      activation_75[0][0]              
__________________________________________________________________________________________________
batch_normalization_72 (BatchNo (None, 8, 8, 320)    960         conv2d_72[0][0]                  
__________________________________________________________________________________________________
batch_normalization_76 (BatchNo (None, 8, 8, 192)    576         conv2d_76[0][0]                  
__________________________________________________________________________________________________
activation_72 (Activation)      (None, 8, 8, 320)    0           batch_normalization_72[0][0]     
__________________________________________________________________________________________________
activation_76 (Activation)      (None, 8, 8, 192)    0           batch_normalization_76[0][0]     
__________________________________________________________________________________________________
max_pooling2d_4 (MaxPooling2D)  (None, 8, 8, 768)    0           mixed7[0][0]                     
__________________________________________________________________________________________________
mixed8 (Concatenate)            (None, 8, 8, 1280)   0           activation_72[0][0]              
                                                                 activation_76[0][0]              
                                                                 max_pooling2d_4[0][0]            
__________________________________________________________________________________________________
conv2d_81 (Conv2D)              (None, 8, 8, 448)    573440      mixed8[0][0]                     
__________________________________________________________________________________________________
batch_normalization_81 (BatchNo (None, 8, 8, 448)    1344        conv2d_81[0][0]                  
__________________________________________________________________________________________________
activation_81 (Activation)      (None, 8, 8, 448)    0           batch_normalization_81[0][0]     
__________________________________________________________________________________________________
conv2d_78 (Conv2D)              (None, 8, 8, 384)    491520      mixed8[0][0]                     
__________________________________________________________________________________________________
conv2d_82 (Conv2D)              (None, 8, 8, 384)    1548288     activation_81[0][0]              
__________________________________________________________________________________________________
batch_normalization_78 (BatchNo (None, 8, 8, 384)    1152        conv2d_78[0][0]                  
__________________________________________________________________________________________________
batch_normalization_82 (BatchNo (None, 8, 8, 384)    1152        conv2d_82[0][0]                  
__________________________________________________________________________________________________
activation_78 (Activation)      (None, 8, 8, 384)    0           batch_normalization_78[0][0]     
__________________________________________________________________________________________________
activation_82 (Activation)      (None, 8, 8, 384)    0           batch_normalization_82[0][0]     
__________________________________________________________________________________________________
conv2d_79 (Conv2D)              (None, 8, 8, 384)    442368      activation_78[0][0]              
__________________________________________________________________________________________________
conv2d_80 (Conv2D)              (None, 8, 8, 384)    442368      activation_78[0][0]              
__________________________________________________________________________________________________
conv2d_83 (Conv2D)              (None, 8, 8, 384)    442368      activation_82[0][0]              
__________________________________________________________________________________________________
conv2d_84 (Conv2D)              (None, 8, 8, 384)    442368      activation_82[0][0]              
__________________________________________________________________________________________________
average_pooling2d_8 (AveragePoo (None, 8, 8, 1280)   0           mixed8[0][0]                     
__________________________________________________________________________________________________
conv2d_77 (Conv2D)              (None, 8, 8, 320)    409600      mixed8[0][0]                     
__________________________________________________________________________________________________
batch_normalization_79 (BatchNo (None, 8, 8, 384)    1152        conv2d_79[0][0]                  
__________________________________________________________________________________________________
batch_normalization_80 (BatchNo (None, 8, 8, 384)    1152        conv2d_80[0][0]                  
__________________________________________________________________________________________________
batch_normalization_83 (BatchNo (None, 8, 8, 384)    1152        conv2d_83[0][0]                  
__________________________________________________________________________________________________
batch_normalization_84 (BatchNo (None, 8, 8, 384)    1152        conv2d_84[0][0]                  
__________________________________________________________________________________________________
conv2d_85 (Conv2D)              (None, 8, 8, 192)    245760      average_pooling2d_8[0][0]        
__________________________________________________________________________________________________
batch_normalization_77 (BatchNo (None, 8, 8, 320)    960         conv2d_77[0][0]                  
__________________________________________________________________________________________________
activation_79 (Activation)      (None, 8, 8, 384)    0           batch_normalization_79[0][0]     
__________________________________________________________________________________________________
activation_80 (Activation)      (None, 8, 8, 384)    0           batch_normalization_80[0][0]     
__________________________________________________________________________________________________
activation_83 (Activation)      (None, 8, 8, 384)    0           batch_normalization_83[0][0]     
__________________________________________________________________________________________________
activation_84 (Activation)      (None, 8, 8, 384)    0           batch_normalization_84[0][0]     
__________________________________________________________________________________________________
batch_normalization_85 (BatchNo (None, 8, 8, 192)    576         conv2d_85[0][0]                  
__________________________________________________________________________________________________
activation_77 (Activation)      (None, 8, 8, 320)    0           batch_normalization_77[0][0]     
__________________________________________________________________________________________________
mixed9_0 (Concatenate)          (None, 8, 8, 768)    0           activation_79[0][0]              
                                                                 activation_80[0][0]              
__________________________________________________________________________________________________
concatenate_1 (Concatenate)     (None, 8, 8, 768)    0           activation_83[0][0]              
                                                                 activation_84[0][0]              
__________________________________________________________________________________________________
activation_85 (Activation)      (None, 8, 8, 192)    0           batch_normalization_85[0][0]     
__________________________________________________________________________________________________
mixed9 (Concatenate)            (None, 8, 8, 2048)   0           activation_77[0][0]              
                                                                 mixed9_0[0][0]                   
                                                                 concatenate_1[0][0]              
                                                                 activation_85[0][0]              
__________________________________________________________________________________________________
conv2d_90 (Conv2D)              (None, 8, 8, 448)    917504      mixed9[0][0]                     
__________________________________________________________________________________________________
batch_normalization_90 (BatchNo (None, 8, 8, 448)    1344        conv2d_90[0][0]                  
__________________________________________________________________________________________________
activation_90 (Activation)      (None, 8, 8, 448)    0           batch_normalization_90[0][0]     
__________________________________________________________________________________________________
conv2d_87 (Conv2D)              (None, 8, 8, 384)    786432      mixed9[0][0]                     
__________________________________________________________________________________________________
conv2d_91 (Conv2D)              (None, 8, 8, 384)    1548288     activation_90[0][0]              
__________________________________________________________________________________________________
batch_normalization_87 (BatchNo (None, 8, 8, 384)    1152        conv2d_87[0][0]                  
__________________________________________________________________________________________________
batch_normalization_91 (BatchNo (None, 8, 8, 384)    1152        conv2d_91[0][0]                  
__________________________________________________________________________________________________
activation_87 (Activation)      (None, 8, 8, 384)    0           batch_normalization_87[0][0]     
__________________________________________________________________________________________________
activation_91 (Activation)      (None, 8, 8, 384)    0           batch_normalization_91[0][0]     
__________________________________________________________________________________________________
conv2d_88 (Conv2D)              (None, 8, 8, 384)    442368      activation_87[0][0]              
__________________________________________________________________________________________________
conv2d_89 (Conv2D)              (None, 8, 8, 384)    442368      activation_87[0][0]              
__________________________________________________________________________________________________
conv2d_92 (Conv2D)              (None, 8, 8, 384)    442368      activation_91[0][0]              
__________________________________________________________________________________________________
conv2d_93 (Conv2D)              (None, 8, 8, 384)    442368      activation_91[0][0]              
__________________________________________________________________________________________________
average_pooling2d_9 (AveragePoo (None, 8, 8, 2048)   0           mixed9[0][0]                     
__________________________________________________________________________________________________
conv2d_86 (Conv2D)              (None, 8, 8, 320)    655360      mixed9[0][0]                     
__________________________________________________________________________________________________
batch_normalization_88 (BatchNo (None, 8, 8, 384)    1152        conv2d_88[0][0]                  
__________________________________________________________________________________________________
batch_normalization_89 (BatchNo (None, 8, 8, 384)    1152        conv2d_89[0][0]                  
__________________________________________________________________________________________________
batch_normalization_92 (BatchNo (None, 8, 8, 384)    1152        conv2d_92[0][0]                  
__________________________________________________________________________________________________
batch_normalization_93 (BatchNo (None, 8, 8, 384)    1152        conv2d_93[0][0]                  
__________________________________________________________________________________________________
conv2d_94 (Conv2D)              (None, 8, 8, 192)    393216      average_pooling2d_9[0][0]        
__________________________________________________________________________________________________
batch_normalization_86 (BatchNo (None, 8, 8, 320)    960         conv2d_86[0][0]                  
__________________________________________________________________________________________________
activation_88 (Activation)      (None, 8, 8, 384)    0           batch_normalization_88[0][0]     
__________________________________________________________________________________________________
activation_89 (Activation)      (None, 8, 8, 384)    0           batch_normalization_89[0][0]     
__________________________________________________________________________________________________
activation_92 (Activation)      (None, 8, 8, 384)    0           batch_normalization_92[0][0]     
__________________________________________________________________________________________________
activation_93 (Activation)      (None, 8, 8, 384)    0           batch_normalization_93[0][0]     
__________________________________________________________________________________________________
batch_normalization_94 (BatchNo (None, 8, 8, 192)    576         conv2d_94[0][0]                  
__________________________________________________________________________________________________
activation_86 (Activation)      (None, 8, 8, 320)    0           batch_normalization_86[0][0]     
__________________________________________________________________________________________________
mixed9_1 (Concatenate)          (None, 8, 8, 768)    0           activation_88[0][0]              
                                                                 activation_89[0][0]              
__________________________________________________________________________________________________
concatenate_2 (Concatenate)     (None, 8, 8, 768)    0           activation_92[0][0]              
                                                                 activation_93[0][0]              
__________________________________________________________________________________________________
activation_94 (Activation)      (None, 8, 8, 192)    0           batch_normalization_94[0][0]     
__________________________________________________________________________________________________
mixed10 (Concatenate)           (None, 8, 8, 2048)   0           activation_86[0][0]              
                                                                 mixed9_1[0][0]                   
                                                                 concatenate_2[0][0]              
                                                                 activation_94[0][0]              
__________________________________________________________________________________________________
global_average_pooling2d_1 (Glo (None, 2048)         0           mixed10[0][0]                    
__________________________________________________________________________________________________
dense_1 (Dense)                 (None, 4)            8196        global_average_pooling2d_1[0][0] 
==================================================================================================
Total params: 21,810,980
Trainable params: 8,196
Non-trainable params: 21,802,784
__________________________________________________________________________________________________
None
Train on 1000 samples, validate on 32 samples
Epoch 1/250

  30/1000 [..............................] - ETA: 2:38 - loss: 1.5497 - acc: 0.3000 - categorical_crossentropy: 1.5497
  60/1000 [>.............................] - ETA: 1:18 - loss: 1.5901 - acc: 0.2833 - categorical_crossentropy: 1.5901
  90/1000 [=>............................] - ETA: 52s - loss: 1.5596 - acc: 0.2778 - categorical_crossentropy: 1.5596 
 120/1000 [==>...........................] - ETA: 38s - loss: 1.5597 - acc: 0.2583 - categorical_crossentropy: 1.5597
 150/1000 [===>..........................] - ETA: 30s - loss: 1.5273 - acc: 0.2667 - categorical_crossentropy: 1.5273
 180/1000 [====>.........................] - ETA: 25s - loss: 1.5292 - acc: 0.2611 - categorical_crossentropy: 1.5292
 210/1000 [=====>........................] - ETA: 21s - loss: 1.5367 - acc: 0.2429 - categorical_crossentropy: 1.5367
 240/1000 [======>.......................] - ETA: 18s - loss: 1.5306 - acc: 0.2500 - categorical_crossentropy: 1.5306
 270/1000 [=======>......................] - ETA: 15s - loss: 1.5240 - acc: 0.2519 - categorical_crossentropy: 1.5240
 300/1000 [========>.....................] - ETA: 14s - loss: 1.5270 - acc: 0.2467 - categorical_crossentropy: 1.5270
 330/1000 [========>.....................] - ETA: 12s - loss: 1.5263 - acc: 0.2333 - categorical_crossentropy: 1.5263
 360/1000 [=========>....................] - ETA: 11s - loss: 1.5255 - acc: 0.2194 - categorical_crossentropy: 1.5255
 390/1000 [==========>...................] - ETA: 9s - loss: 1.5297 - acc: 0.2077 - categorical_crossentropy: 1.5297 
 420/1000 [===========>..................] - ETA: 8s - loss: 1.5365 - acc: 0.2071 - categorical_crossentropy: 1.5365
 450/1000 [============>.................] - ETA: 8s - loss: 1.5325 - acc: 0.2067 - categorical_crossentropy: 1.5325
 480/1000 [=============>................] - ETA: 7s - loss: 1.5295 - acc: 0.2042 - categorical_crossentropy: 1.5295
 510/1000 [==============>...............] - ETA: 6s - loss: 1.5268 - acc: 0.2098 - categorical_crossentropy: 1.5268
 540/1000 [===============>..............] - ETA: 5s - loss: 1.5265 - acc: 0.2056 - categorical_crossentropy: 1.5265
 570/1000 [================>.............] - ETA: 5s - loss: 1.5202 - acc: 0.2123 - categorical_crossentropy: 1.5202
 600/1000 [=================>............] - ETA: 4s - loss: 1.5157 - acc: 0.2133 - categorical_crossentropy: 1.5157
 630/1000 [=================>............] - ETA: 4s - loss: 1.5122 - acc: 0.2159 - categorical_crossentropy: 1.5122
 660/1000 [==================>...........] - ETA: 3s - loss: 1.5068 - acc: 0.2212 - categorical_crossentropy: 1.5068
 690/1000 [===================>..........] - ETA: 3s - loss: 1.5072 - acc: 0.2188 - categorical_crossentropy: 1.5072
 720/1000 [====================>.........] - ETA: 2s - loss: 1.5026 - acc: 0.2236 - categorical_crossentropy: 1.5026
 750/1000 [=====================>........] - ETA: 2s - loss: 1.4995 - acc: 0.2267 - categorical_crossentropy: 1.4995
 780/1000 [======================>.......] - ETA: 2s - loss: 1.4959 - acc: 0.2282 - categorical_crossentropy: 1.4959
 810/1000 [=======================>......] - ETA: 1s - loss: 1.4928 - acc: 0.2321 - categorical_crossentropy: 1.4928
 840/1000 [========================>.....] - ETA: 1s - loss: 1.4874 - acc: 0.2357 - categorical_crossentropy: 1.4874
 870/1000 [=========================>....] - ETA: 1s - loss: 1.4862 - acc: 0.2368 - categorical_crossentropy: 1.4862
 900/1000 [==========================>...] - ETA: 0s - loss: 1.4841 - acc: 0.2378 - categorical_crossentropy: 1.4841
 930/1000 [==========================>...] - ETA: 0s - loss: 1.4847 - acc: 0.2355 - categorical_crossentropy: 1.4847
 960/1000 [===========================>..] - ETA: 0s - loss: 1.4852 - acc: 0.2365 - categorical_crossentropy: 1.4852
 990/1000 [============================>.] - ETA: 0s - loss: 1.4856 - acc: 0.2343 - categorical_crossentropy: 1.4856
1000/1000 [==============================] - 12s 12ms/step - loss: 1.4858 - acc: 0.2340 - categorical_crossentropy: 1.4858 - val_loss: 1.4831 - val_acc: 0.2188 - val_categorical_crossentropy: 1.4831
Epoch 2/250

  30/1000 [..............................] - ETA: 4s - loss: 1.4417 - acc: 0.1333 - categorical_crossentropy: 1.4417
  60/1000 [>.............................] - ETA: 4s - loss: 1.4044 - acc: 0.2333 - categorical_crossentropy: 1.4044
  90/1000 [=>............................] - ETA: 3s - loss: 1.4188 - acc: 0.2556 - categorical_crossentropy: 1.4188
 120/1000 [==>...........................] - ETA: 3s - loss: 1.4223 - acc: 0.2833 - categorical_crossentropy: 1.4223
 150/1000 [===>..........................] - ETA: 3s - loss: 1.4081 - acc: 0.2933 - categorical_crossentropy: 1.4081
 180/1000 [====>.........................] - ETA: 3s - loss: 1.4102 - acc: 0.2833 - categorical_crossentropy: 1.4102
 210/1000 [=====>........................] - ETA: 3s - loss: 1.4144 - acc: 0.2714 - categorical_crossentropy: 1.4144
 240/1000 [======>.......................] - ETA: 3s - loss: 1.4304 - acc: 0.2583 - categorical_crossentropy: 1.4304
 270/1000 [=======>......................] - ETA: 3s - loss: 1.4373 - acc: 0.2444 - categorical_crossentropy: 1.4373
 300/1000 [========>.....................] - ETA: 2s - loss: 1.4343 - acc: 0.2500 - categorical_crossentropy: 1.4343
 330/1000 [========>.....................] - ETA: 2s - loss: 1.4302 - acc: 0.2576 - categorical_crossentropy: 1.4302
 360/1000 [=========>....................] - ETA: 2s - loss: 1.4264 - acc: 0.2611 - categorical_crossentropy: 1.4264
 390/1000 [==========>...................] - ETA: 2s - loss: 1.4251 - acc: 0.2667 - categorical_crossentropy: 1.4251
 420/1000 [===========>..................] - ETA: 2s - loss: 1.4173 - acc: 0.2738 - categorical_crossentropy: 1.4173
 450/1000 [============>.................] - ETA: 2s - loss: 1.4163 - acc: 0.2778 - categorical_crossentropy: 1.4163
 480/1000 [=============>................] - ETA: 2s - loss: 1.4121 - acc: 0.2896 - categorical_crossentropy: 1.4121
 510/1000 [==============>...............] - ETA: 2s - loss: 1.4114 - acc: 0.2843 - categorical_crossentropy: 1.4114
 540/1000 [===============>..............] - ETA: 1s - loss: 1.4127 - acc: 0.2852 - categorical_crossentropy: 1.4127
 570/1000 [================>.............] - ETA: 1s - loss: 1.4114 - acc: 0.2860 - categorical_crossentropy: 1.4114
 600/1000 [=================>............] - ETA: 1s - loss: 1.4114 - acc: 0.2867 - categorical_crossentropy: 1.4114
 630/1000 [=================>............] - ETA: 1s - loss: 1.4125 - acc: 0.2794 - categorical_crossentropy: 1.4125
 660/1000 [==================>...........] - ETA: 1s - loss: 1.4137 - acc: 0.2773 - categorical_crossentropy: 1.4137
 690/1000 [===================>..........] - ETA: 1s - loss: 1.4124 - acc: 0.2783 - categorical_crossentropy: 1.4124
 720/1000 [====================>.........] - ETA: 1s - loss: 1.4140 - acc: 0.2722 - categorical_crossentropy: 1.4140
 750/1000 [=====================>........] - ETA: 1s - loss: 1.4169 - acc: 0.2680 - categorical_crossentropy: 1.4169
 780/1000 [======================>.......] - ETA: 0s - loss: 1.4187 - acc: 0.2628 - categorical_crossentropy: 1.4187
 810/1000 [=======================>......] - ETA: 0s - loss: 1.4201 - acc: 0.2630 - categorical_crossentropy: 1.4201
 840/1000 [========================>.....] - ETA: 0s - loss: 1.4169 - acc: 0.2679 - categorical_crossentropy: 1.4169
 870/1000 [=========================>....] - ETA: 0s - loss: 1.4158 - acc: 0.2690 - categorical_crossentropy: 1.4158
 900/1000 [==========================>...] - ETA: 0s - loss: 1.4192 - acc: 0.2656 - categorical_crossentropy: 1.4192
 930/1000 [==========================>...] - ETA: 0s - loss: 1.4197 - acc: 0.2634 - categorical_crossentropy: 1.4197
 960/1000 [===========================>..] - ETA: 0s - loss: 1.4208 - acc: 0.2625 - categorical_crossentropy: 1.4208
 990/1000 [============================>.] - ETA: 0s - loss: 1.4220 - acc: 0.2636 - categorical_crossentropy: 1.4220
1000/1000 [==============================] - 4s 4ms/step - loss: 1.4215 - acc: 0.2630 - categorical_crossentropy: 1.4215 - val_loss: 1.4628 - val_acc: 0.2500 - val_categorical_crossentropy: 1.4628
Epoch 3/250

  30/1000 [..............................] - ETA: 3s - loss: 1.3154 - acc: 0.3667 - categorical_crossentropy: 1.3154
  60/1000 [>.............................] - ETA: 3s - loss: 1.3906 - acc: 0.3333 - categorical_crossentropy: 1.3906
  90/1000 [=>............................] - ETA: 3s - loss: 1.3977 - acc: 0.3222 - categorical_crossentropy: 1.3977
 120/1000 [==>...........................] - ETA: 3s - loss: 1.3814 - acc: 0.3500 - categorical_crossentropy: 1.3814
 150/1000 [===>..........................] - ETA: 3s - loss: 1.3893 - acc: 0.3333 - categorical_crossentropy: 1.3893
 180/1000 [====>.........................] - ETA: 3s - loss: 1.3928 - acc: 0.3389 - categorical_crossentropy: 1.3928
 210/1000 [=====>........................] - ETA: 3s - loss: 1.3913 - acc: 0.3381 - categorical_crossentropy: 1.3913
 240/1000 [======>.......................] - ETA: 3s - loss: 1.3932 - acc: 0.3292 - categorical_crossentropy: 1.3932
 270/1000 [=======>......................] - ETA: 2s - loss: 1.4004 - acc: 0.3185 - categorical_crossentropy: 1.4004
 300/1000 [========>.....................] - ETA: 2s - loss: 1.4021 - acc: 0.3133 - categorical_crossentropy: 1.4021
 330/1000 [========>.....................] - ETA: 2s - loss: 1.3972 - acc: 0.3061 - categorical_crossentropy: 1.3972
 360/1000 [=========>....................] - ETA: 2s - loss: 1.4036 - acc: 0.2889 - categorical_crossentropy: 1.4036
 390/1000 [==========>...................] - ETA: 2s - loss: 1.4018 - acc: 0.2923 - categorical_crossentropy: 1.4018
 420/1000 [===========>..................] - ETA: 2s - loss: 1.3990 - acc: 0.2976 - categorical_crossentropy: 1.3990
 450/1000 [============>.................] - ETA: 2s - loss: 1.3978 - acc: 0.2956 - categorical_crossentropy: 1.3978
 480/1000 [=============>................] - ETA: 2s - loss: 1.3976 - acc: 0.2938 - categorical_crossentropy: 1.3976
 510/1000 [==============>...............] - ETA: 1s - loss: 1.3958 - acc: 0.2941 - categorical_crossentropy: 1.3958
 540/1000 [===============>..............] - ETA: 1s - loss: 1.3949 - acc: 0.2944 - categorical_crossentropy: 1.3949
 570/1000 [================>.............] - ETA: 1s - loss: 1.3919 - acc: 0.2965 - categorical_crossentropy: 1.3919
 600/1000 [=================>............] - ETA: 1s - loss: 1.3956 - acc: 0.2933 - categorical_crossentropy: 1.3956
 630/1000 [=================>............] - ETA: 1s - loss: 1.3931 - acc: 0.2937 - categorical_crossentropy: 1.3931
 660/1000 [==================>...........] - ETA: 1s - loss: 1.3921 - acc: 0.2970 - categorical_crossentropy: 1.3921
 690/1000 [===================>..........] - ETA: 1s - loss: 1.3910 - acc: 0.2957 - categorical_crossentropy: 1.3910
 720/1000 [====================>.........] - ETA: 1s - loss: 1.3918 - acc: 0.2972 - categorical_crossentropy: 1.3918
 750/1000 [=====================>........] - ETA: 1s - loss: 1.3878 - acc: 0.3040 - categorical_crossentropy: 1.3878
 780/1000 [======================>.......] - ETA: 0s - loss: 1.3858 - acc: 0.3090 - categorical_crossentropy: 1.3858
 810/1000 [=======================>......] - ETA: 0s - loss: 1.3868 - acc: 0.3074 - categorical_crossentropy: 1.3868
 840/1000 [========================>.....] - ETA: 0s - loss: 1.3841 - acc: 0.3143 - categorical_crossentropy: 1.3841
 870/1000 [=========================>....] - ETA: 0s - loss: 1.3859 - acc: 0.3103 - categorical_crossentropy: 1.3859
 900/1000 [==========================>...] - ETA: 0s - loss: 1.3879 - acc: 0.3100 - categorical_crossentropy: 1.3879
 930/1000 [==========================>...] - ETA: 0s - loss: 1.3878 - acc: 0.3097 - categorical_crossentropy: 1.3878
 960/1000 [===========================>..] - ETA: 0s - loss: 1.3861 - acc: 0.3125 - categorical_crossentropy: 1.3861
 990/1000 [============================>.] - ETA: 0s - loss: 1.3855 - acc: 0.3111 - categorical_crossentropy: 1.3855
1000/1000 [==============================] - 4s 4ms/step - loss: 1.3858 - acc: 0.3110 - categorical_crossentropy: 1.3858 - val_loss: 1.4283 - val_acc: 0.3125 - val_categorical_crossentropy: 1.4283
Epoch 4/250

  30/1000 [..............................] - ETA: 3s - loss: 1.3692 - acc: 0.2667 - categorical_crossentropy: 1.3692
  60/1000 [>.............................] - ETA: 3s - loss: 1.3793 - acc: 0.3000 - categorical_crossentropy: 1.3793
  90/1000 [=>............................] - ETA: 3s - loss: 1.3636 - acc: 0.3222 - categorical_crossentropy: 1.3636
 120/1000 [==>...........................] - ETA: 3s - loss: 1.3431 - acc: 0.3417 - categorical_crossentropy: 1.3431
 150/1000 [===>..........................] - ETA: 3s - loss: 1.3491 - acc: 0.3400 - categorical_crossentropy: 1.3491
 180/1000 [====>.........................] - ETA: 3s - loss: 1.3424 - acc: 0.3556 - categorical_crossentropy: 1.3424
 210/1000 [=====>........................] - ETA: 3s - loss: 1.3448 - acc: 0.3571 - categorical_crossentropy: 1.3448
 240/1000 [======>.......................] - ETA: 3s - loss: 1.3492 - acc: 0.3500 - categorical_crossentropy: 1.3492
 270/1000 [=======>......................] - ETA: 2s - loss: 1.3429 - acc: 0.3444 - categorical_crossentropy: 1.3429
 300/1000 [========>.....................] - ETA: 2s - loss: 1.3395 - acc: 0.3533 - categorical_crossentropy: 1.3395
 330/1000 [========>.....................] - ETA: 2s - loss: 1.3358 - acc: 0.3636 - categorical_crossentropy: 1.3358
 360/1000 [=========>....................] - ETA: 2s - loss: 1.3394 - acc: 0.3556 - categorical_crossentropy: 1.3394
 390/1000 [==========>...................] - ETA: 2s - loss: 1.3413 - acc: 0.3615 - categorical_crossentropy: 1.3413
 420/1000 [===========>..................] - ETA: 2s - loss: 1.3360 - acc: 0.3643 - categorical_crossentropy: 1.3360
 450/1000 [============>.................] - ETA: 2s - loss: 1.3386 - acc: 0.3600 - categorical_crossentropy: 1.3386
 480/1000 [=============>................] - ETA: 2s - loss: 1.3415 - acc: 0.3646 - categorical_crossentropy: 1.3415
 510/1000 [==============>...............] - ETA: 1s - loss: 1.3436 - acc: 0.3627 - categorical_crossentropy: 1.3436
 540/1000 [===============>..............] - ETA: 1s - loss: 1.3420 - acc: 0.3630 - categorical_crossentropy: 1.3420
 570/1000 [================>.............] - ETA: 1s - loss: 1.3394 - acc: 0.3667 - categorical_crossentropy: 1.3394
 600/1000 [=================>............] - ETA: 1s - loss: 1.3388 - acc: 0.3650 - categorical_crossentropy: 1.3388
 630/1000 [=================>............] - ETA: 1s - loss: 1.3414 - acc: 0.3619 - categorical_crossentropy: 1.3414
 660/1000 [==================>...........] - ETA: 1s - loss: 1.3391 - acc: 0.3621 - categorical_crossentropy: 1.3391
 690/1000 [===================>..........] - ETA: 1s - loss: 1.3406 - acc: 0.3609 - categorical_crossentropy: 1.3406
 720/1000 [====================>.........] - ETA: 1s - loss: 1.3434 - acc: 0.3556 - categorical_crossentropy: 1.3434
 750/1000 [=====================>........] - ETA: 1s - loss: 1.3430 - acc: 0.3573 - categorical_crossentropy: 1.3430
 780/1000 [======================>.......] - ETA: 0s - loss: 1.3447 - acc: 0.3551 - categorical_crossentropy: 1.3447
 810/1000 [=======================>......] - ETA: 0s - loss: 1.3437 - acc: 0.3593 - categorical_crossentropy: 1.3437
 840/1000 [========================>.....] - ETA: 0s - loss: 1.3426 - acc: 0.3583 - categorical_crossentropy: 1.3426
 870/1000 [=========================>....] - ETA: 0s - loss: 1.3458 - acc: 0.3575 - categorical_crossentropy: 1.3458
 900/1000 [==========================>...] - ETA: 0s - loss: 1.3474 - acc: 0.3589 - categorical_crossentropy: 1.3474
 930/1000 [==========================>...] - ETA: 0s - loss: 1.3474 - acc: 0.3581 - categorical_crossentropy: 1.3474
 960/1000 [===========================>..] - ETA: 0s - loss: 1.3477 - acc: 0.3563 - categorical_crossentropy: 1.3477
 990/1000 [============================>.] - ETA: 0s - loss: 1.3474 - acc: 0.3556 - categorical_crossentropy: 1.3474
1000/1000 [==============================] - 4s 4ms/step - loss: 1.3481 - acc: 0.3540 - categorical_crossentropy: 1.3481 - val_loss: 1.4022 - val_acc: 0.3750 - val_categorical_crossentropy: 1.4022
Epoch 5/250

  30/1000 [..............................] - ETA: 3s - loss: 1.3448 - acc: 0.3333 - categorical_crossentropy: 1.3448
  60/1000 [>.............................] - ETA: 3s - loss: 1.3125 - acc: 0.3333 - categorical_crossentropy: 1.3125
  90/1000 [=>............................] - ETA: 3s - loss: 1.3285 - acc: 0.3333 - categorical_crossentropy: 1.3285
 120/1000 [==>...........................] - ETA: 3s - loss: 1.3280 - acc: 0.3250 - categorical_crossentropy: 1.3280
 150/1000 [===>..........................] - ETA: 3s - loss: 1.3300 - acc: 0.3333 - categorical_crossentropy: 1.3300
 180/1000 [====>.........................] - ETA: 3s - loss: 1.3231 - acc: 0.3667 - categorical_crossentropy: 1.3231
 210/1000 [=====>........................] - ETA: 3s - loss: 1.3163 - acc: 0.4000 - categorical_crossentropy: 1.3163
 240/1000 [======>.......................] - ETA: 3s - loss: 1.3244 - acc: 0.3917 - categorical_crossentropy: 1.3244
 270/1000 [=======>......................] - ETA: 2s - loss: 1.3211 - acc: 0.3926 - categorical_crossentropy: 1.3211
 300/1000 [========>.....................] - ETA: 2s - loss: 1.3125 - acc: 0.4033 - categorical_crossentropy: 1.3125
 330/1000 [========>.....................] - ETA: 2s - loss: 1.3150 - acc: 0.3909 - categorical_crossentropy: 1.3150
 360/1000 [=========>....................] - ETA: 2s - loss: 1.3210 - acc: 0.3806 - categorical_crossentropy: 1.3210
 390/1000 [==========>...................] - ETA: 2s - loss: 1.3286 - acc: 0.3769 - categorical_crossentropy: 1.3286
 420/1000 [===========>..................] - ETA: 2s - loss: 1.3314 - acc: 0.3690 - categorical_crossentropy: 1.3314
 450/1000 [============>.................] - ETA: 2s - loss: 1.3334 - acc: 0.3756 - categorical_crossentropy: 1.3334
 480/1000 [=============>................] - ETA: 2s - loss: 1.3368 - acc: 0.3771 - categorical_crossentropy: 1.3368
 510/1000 [==============>...............] - ETA: 1s - loss: 1.3347 - acc: 0.3804 - categorical_crossentropy: 1.3347
 540/1000 [===============>..............] - ETA: 1s - loss: 1.3317 - acc: 0.3778 - categorical_crossentropy: 1.3317
 570/1000 [================>.............] - ETA: 1s - loss: 1.3299 - acc: 0.3772 - categorical_crossentropy: 1.3299
 600/1000 [=================>............] - ETA: 1s - loss: 1.3284 - acc: 0.3817 - categorical_crossentropy: 1.3284
 630/1000 [=================>............] - ETA: 1s - loss: 1.3277 - acc: 0.3778 - categorical_crossentropy: 1.3277
 660/1000 [==================>...........] - ETA: 1s - loss: 1.3256 - acc: 0.3833 - categorical_crossentropy: 1.3256
 690/1000 [===================>..........] - ETA: 1s - loss: 1.3258 - acc: 0.3841 - categorical_crossentropy: 1.3258
 720/1000 [====================>.........] - ETA: 1s - loss: 1.3229 - acc: 0.3875 - categorical_crossentropy: 1.3229
 750/1000 [=====================>........] - ETA: 1s - loss: 1.3225 - acc: 0.3920 - categorical_crossentropy: 1.3225
 780/1000 [======================>.......] - ETA: 0s - loss: 1.3208 - acc: 0.3910 - categorical_crossentropy: 1.3208
 810/1000 [=======================>......] - ETA: 0s - loss: 1.3202 - acc: 0.3926 - categorical_crossentropy: 1.3202
 840/1000 [========================>.....] - ETA: 0s - loss: 1.3207 - acc: 0.3905 - categorical_crossentropy: 1.3207
 870/1000 [=========================>....] - ETA: 0s - loss: 1.3235 - acc: 0.3885 - categorical_crossentropy: 1.3235
 900/1000 [==========================>...] - ETA: 0s - loss: 1.3206 - acc: 0.3922 - categorical_crossentropy: 1.3206
 930/1000 [==========================>...] - ETA: 0s - loss: 1.3220 - acc: 0.3903 - categorical_crossentropy: 1.3220
 960/1000 [===========================>..] - ETA: 0s - loss: 1.3213 - acc: 0.3885 - categorical_crossentropy: 1.3213
 990/1000 [============================>.] - ETA: 0s - loss: 1.3202 - acc: 0.3909 - categorical_crossentropy: 1.3202
1000/1000 [==============================] - 4s 4ms/step - loss: 1.3202 - acc: 0.3920 - categorical_crossentropy: 1.3202 - val_loss: 1.3801 - val_acc: 0.3750 - val_categorical_crossentropy: 1.3801
Epoch 6/250

  30/1000 [..............................] - ETA: 3s - loss: 1.3279 - acc: 0.3333 - categorical_crossentropy: 1.3279
  60/1000 [>.............................] - ETA: 3s - loss: 1.3054 - acc: 0.4000 - categorical_crossentropy: 1.3054
  90/1000 [=>............................] - ETA: 3s - loss: 1.3070 - acc: 0.3778 - categorical_crossentropy: 1.3070
 120/1000 [==>...........................] - ETA: 3s - loss: 1.3042 - acc: 0.3750 - categorical_crossentropy: 1.3042
 150/1000 [===>..........................] - ETA: 3s - loss: 1.2798 - acc: 0.4200 - categorical_crossentropy: 1.2798
 180/1000 [====>.........................] - ETA: 3s - loss: 1.2677 - acc: 0.4389 - categorical_crossentropy: 1.2677
 210/1000 [=====>........................] - ETA: 3s - loss: 1.2776 - acc: 0.4190 - categorical_crossentropy: 1.2776
 240/1000 [======>.......................] - ETA: 3s - loss: 1.2888 - acc: 0.4000 - categorical_crossentropy: 1.2888
 270/1000 [=======>......................] - ETA: 2s - loss: 1.2937 - acc: 0.3963 - categorical_crossentropy: 1.2937
 300/1000 [========>.....................] - ETA: 2s - loss: 1.2990 - acc: 0.3833 - categorical_crossentropy: 1.2990
 330/1000 [========>.....................] - ETA: 2s - loss: 1.2983 - acc: 0.3848 - categorical_crossentropy: 1.2983
 360/1000 [=========>....................] - ETA: 2s - loss: 1.2951 - acc: 0.3889 - categorical_crossentropy: 1.2951
 390/1000 [==========>...................] - ETA: 2s - loss: 1.2963 - acc: 0.3872 - categorical_crossentropy: 1.2963
 420/1000 [===========>..................] - ETA: 2s - loss: 1.3041 - acc: 0.3786 - categorical_crossentropy: 1.3041
 450/1000 [============>.................] - ETA: 2s - loss: 1.3016 - acc: 0.3844 - categorical_crossentropy: 1.3016
 480/1000 [=============>................] - ETA: 2s - loss: 1.2944 - acc: 0.3979 - categorical_crossentropy: 1.2944
 510/1000 [==============>...............] - ETA: 1s - loss: 1.2935 - acc: 0.3980 - categorical_crossentropy: 1.2935
 540/1000 [===============>..............] - ETA: 1s - loss: 1.2977 - acc: 0.3907 - categorical_crossentropy: 1.2977
 570/1000 [================>.............] - ETA: 1s - loss: 1.2992 - acc: 0.3895 - categorical_crossentropy: 1.2992
 600/1000 [=================>............] - ETA: 1s - loss: 1.2992 - acc: 0.3900 - categorical_crossentropy: 1.2992
 630/1000 [=================>............] - ETA: 1s - loss: 1.2957 - acc: 0.3905 - categorical_crossentropy: 1.2957
 660/1000 [==================>...........] - ETA: 1s - loss: 1.2937 - acc: 0.3879 - categorical_crossentropy: 1.2937
 690/1000 [===================>..........] - ETA: 1s - loss: 1.2951 - acc: 0.3899 - categorical_crossentropy: 1.2951
 720/1000 [====================>.........] - ETA: 1s - loss: 1.2932 - acc: 0.3972 - categorical_crossentropy: 1.2932
 750/1000 [=====================>........] - ETA: 1s - loss: 1.2882 - acc: 0.4013 - categorical_crossentropy: 1.2882
 780/1000 [======================>.......] - ETA: 0s - loss: 1.2900 - acc: 0.4038 - categorical_crossentropy: 1.2900
 810/1000 [=======================>......] - ETA: 0s - loss: 1.2893 - acc: 0.4074 - categorical_crossentropy: 1.2893
 840/1000 [========================>.....] - ETA: 0s - loss: 1.2885 - acc: 0.4095 - categorical_crossentropy: 1.2885
 870/1000 [=========================>....] - ETA: 0s - loss: 1.2921 - acc: 0.4046 - categorical_crossentropy: 1.2921
 900/1000 [==========================>...] - ETA: 0s - loss: 1.2875 - acc: 0.4156 - categorical_crossentropy: 1.2875
 930/1000 [==========================>...] - ETA: 0s - loss: 1.2900 - acc: 0.4140 - categorical_crossentropy: 1.2900
 960/1000 [===========================>..] - ETA: 0s - loss: 1.2892 - acc: 0.4125 - categorical_crossentropy: 1.2892
 990/1000 [============================>.] - ETA: 0s - loss: 1.2915 - acc: 0.4121 - categorical_crossentropy: 1.2915
1000/1000 [==============================] - 4s 4ms/step - loss: 1.2921 - acc: 0.4110 - categorical_crossentropy: 1.2921 - val_loss: 1.3565 - val_acc: 0.4375 - val_categorical_crossentropy: 1.3565
Epoch 7/250

  30/1000 [..............................] - ETA: 3s - loss: 1.2070 - acc: 0.6667 - categorical_crossentropy: 1.2070
  60/1000 [>.............................] - ETA: 3s - loss: 1.2137 - acc: 0.6500 - categorical_crossentropy: 1.2137
  90/1000 [=>............................] - ETA: 3s - loss: 1.2540 - acc: 0.5667 - categorical_crossentropy: 1.2540
 120/1000 [==>...........................] - ETA: 3s - loss: 1.2596 - acc: 0.5083 - categorical_crossentropy: 1.2596
 150/1000 [===>..........................] - ETA: 3s - loss: 1.2647 - acc: 0.4733 - categorical_crossentropy: 1.2647
 180/1000 [====>.........................] - ETA: 3s - loss: 1.2593 - acc: 0.4889 - categorical_crossentropy: 1.2593
 210/1000 [=====>........................] - ETA: 3s - loss: 1.2601 - acc: 0.4810 - categorical_crossentropy: 1.2601
 240/1000 [======>.......................] - ETA: 3s - loss: 1.2723 - acc: 0.4708 - categorical_crossentropy: 1.2723
 270/1000 [=======>......................] - ETA: 2s - loss: 1.2688 - acc: 0.4704 - categorical_crossentropy: 1.2688
 300/1000 [========>.....................] - ETA: 2s - loss: 1.2675 - acc: 0.4733 - categorical_crossentropy: 1.2675
 330/1000 [========>.....................] - ETA: 2s - loss: 1.2712 - acc: 0.4788 - categorical_crossentropy: 1.2712
 360/1000 [=========>....................] - ETA: 2s - loss: 1.2710 - acc: 0.4722 - categorical_crossentropy: 1.2710
 390/1000 [==========>...................] - ETA: 2s - loss: 1.2682 - acc: 0.4795 - categorical_crossentropy: 1.2682
 420/1000 [===========>..................] - ETA: 2s - loss: 1.2663 - acc: 0.4762 - categorical_crossentropy: 1.2663
 450/1000 [============>.................] - ETA: 2s - loss: 1.2642 - acc: 0.4778 - categorical_crossentropy: 1.2642
 480/1000 [=============>................] - ETA: 2s - loss: 1.2643 - acc: 0.4771 - categorical_crossentropy: 1.2643
 510/1000 [==============>...............] - ETA: 1s - loss: 1.2615 - acc: 0.4804 - categorical_crossentropy: 1.2615
 540/1000 [===============>..............] - ETA: 1s - loss: 1.2553 - acc: 0.4926 - categorical_crossentropy: 1.2553
 570/1000 [================>.............] - ETA: 1s - loss: 1.2547 - acc: 0.4965 - categorical_crossentropy: 1.2547
 600/1000 [=================>............] - ETA: 1s - loss: 1.2564 - acc: 0.4900 - categorical_crossentropy: 1.2564
 630/1000 [=================>............] - ETA: 1s - loss: 1.2633 - acc: 0.4810 - categorical_crossentropy: 1.2633
 660/1000 [==================>...........] - ETA: 1s - loss: 1.2640 - acc: 0.4788 - categorical_crossentropy: 1.2640
 690/1000 [===================>..........] - ETA: 1s - loss: 1.2641 - acc: 0.4841 - categorical_crossentropy: 1.2641
 720/1000 [====================>.........] - ETA: 1s - loss: 1.2632 - acc: 0.4806 - categorical_crossentropy: 1.2632
 750/1000 [=====================>........] - ETA: 1s - loss: 1.2661 - acc: 0.4747 - categorical_crossentropy: 1.2661
 780/1000 [======================>.......] - ETA: 0s - loss: 1.2646 - acc: 0.4769 - categorical_crossentropy: 1.2646
 810/1000 [=======================>......] - ETA: 0s - loss: 1.2669 - acc: 0.4741 - categorical_crossentropy: 1.2669
 840/1000 [========================>.....] - ETA: 0s - loss: 1.2675 - acc: 0.4714 - categorical_crossentropy: 1.2675
 870/1000 [=========================>....] - ETA: 0s - loss: 1.2697 - acc: 0.4667 - categorical_crossentropy: 1.2697
 900/1000 [==========================>...] - ETA: 0s - loss: 1.2681 - acc: 0.4678 - categorical_crossentropy: 1.2681
 930/1000 [==========================>...] - ETA: 0s - loss: 1.2680 - acc: 0.4645 - categorical_crossentropy: 1.2680
 960/1000 [===========================>..] - ETA: 0s - loss: 1.2671 - acc: 0.4656 - categorical_crossentropy: 1.2671
 990/1000 [============================>.] - ETA: 0s - loss: 1.2649 - acc: 0.4667 - categorical_crossentropy: 1.2649
1000/1000 [==============================] - 4s 4ms/step - loss: 1.2640 - acc: 0.4670 - categorical_crossentropy: 1.2640 - val_loss: 1.3344 - val_acc: 0.3438 - val_categorical_crossentropy: 1.3344
Epoch 8/250

  30/1000 [..............................] - ETA: 3s - loss: 1.3059 - acc: 0.4000 - categorical_crossentropy: 1.3059
  60/1000 [>.............................] - ETA: 3s - loss: 1.2722 - acc: 0.4000 - categorical_crossentropy: 1.2722
  90/1000 [=>............................] - ETA: 3s - loss: 1.2729 - acc: 0.4222 - categorical_crossentropy: 1.2729
 120/1000 [==>...........................] - ETA: 3s - loss: 1.2527 - acc: 0.4833 - categorical_crossentropy: 1.2527
 150/1000 [===>..........................] - ETA: 3s - loss: 1.2480 - acc: 0.4933 - categorical_crossentropy: 1.2480
 180/1000 [====>.........................] - ETA: 3s - loss: 1.2486 - acc: 0.4833 - categorical_crossentropy: 1.2486
 210/1000 [=====>........................] - ETA: 3s - loss: 1.2467 - acc: 0.4905 - categorical_crossentropy: 1.2467
 240/1000 [======>.......................] - ETA: 3s - loss: 1.2544 - acc: 0.4792 - categorical_crossentropy: 1.2544
 270/1000 [=======>......................] - ETA: 2s - loss: 1.2558 - acc: 0.4667 - categorical_crossentropy: 1.2558
 300/1000 [========>.....................] - ETA: 2s - loss: 1.2526 - acc: 0.4733 - categorical_crossentropy: 1.2526
 330/1000 [========>.....................] - ETA: 2s - loss: 1.2443 - acc: 0.4818 - categorical_crossentropy: 1.2443
 360/1000 [=========>....................] - ETA: 2s - loss: 1.2433 - acc: 0.4889 - categorical_crossentropy: 1.2433
 390/1000 [==========>...................] - ETA: 2s - loss: 1.2453 - acc: 0.4872 - categorical_crossentropy: 1.2453
 420/1000 [===========>..................] - ETA: 2s - loss: 1.2472 - acc: 0.4833 - categorical_crossentropy: 1.2472
 450/1000 [============>.................] - ETA: 2s - loss: 1.2506 - acc: 0.4844 - categorical_crossentropy: 1.2506
 480/1000 [=============>................] - ETA: 2s - loss: 1.2481 - acc: 0.4875 - categorical_crossentropy: 1.2481
 510/1000 [==============>...............] - ETA: 1s - loss: 1.2459 - acc: 0.4941 - categorical_crossentropy: 1.2459
 540/1000 [===============>..............] - ETA: 1s - loss: 1.2479 - acc: 0.4870 - categorical_crossentropy: 1.2479
 570/1000 [================>.............] - ETA: 1s - loss: 1.2414 - acc: 0.4877 - categorical_crossentropy: 1.2414
 600/1000 [=================>............] - ETA: 1s - loss: 1.2450 - acc: 0.4850 - categorical_crossentropy: 1.2450
 630/1000 [=================>............] - ETA: 1s - loss: 1.2458 - acc: 0.4841 - categorical_crossentropy: 1.2458
 660/1000 [==================>...........] - ETA: 1s - loss: 1.2448 - acc: 0.4864 - categorical_crossentropy: 1.2448slurmstepd: error: *** JOB 15160670 ON gra973 CANCELLED AT 2019-05-24T20:17:16 ***
