
Due to MODULEPATH changes, the following have been reloaded:
  1) openmpi/2.1.1

Python 3.5.4
2019-05-24 00:26:48.052533: I tensorflow/core/common_runtime/gpu/gpu_device.cc:1432] Found device 0 with properties: 
name: Tesla P100-PCIE-12GB major: 6 minor: 0 memoryClockRate(GHz): 1.3285
pciBusID: 0000:04:00.0
totalMemory: 11.91GiB freeMemory: 11.63GiB
2019-05-24 00:26:48.052703: I tensorflow/core/common_runtime/gpu/gpu_device.cc:1511] Adding visible gpu devices: 0
2019-05-24 00:26:50.114876: I tensorflow/core/common_runtime/gpu/gpu_device.cc:982] Device interconnect StreamExecutor with strength 1 edge matrix:
2019-05-24 00:26:50.115069: I tensorflow/core/common_runtime/gpu/gpu_device.cc:988]      0 
2019-05-24 00:26:50.115131: I tensorflow/core/common_runtime/gpu/gpu_device.cc:1001] 0:   N 
2019-05-24 00:26:50.115645: I tensorflow/core/common_runtime/gpu/gpu_device.cc:1115] Created TensorFlow device (/job:localhost/replica:0/task:0/device:GPU:0 with 11251 MB memory) -> physical GPU (device: 0, name: Tesla P100-PCIE-12GB, pci bus id: 0000:04:00.0, compute capability: 6.0)
2019-05-24 00:26:50.116372: I tensorflow/core/common_runtime/process_util.cc:69] Creating new thread pool with default inter op setting: 2. Tune using inter_op_parallelism_threads for best performance.
trn path: ../PreprocessedData/preprocessedForCNN/224x224/imgData_(224, 224, 3)_train_n1000.npy
data augmentation: False
debugging mode: ON
default
_________________________________________________________________
Layer (type)                 Output Shape              Param #   
=================================================================
input_1 (InputLayer)         (None, 224, 224, 3)       0         
_________________________________________________________________
block1_conv1 (Conv2D)        (None, 224, 224, 64)      1792      
_________________________________________________________________
block1_conv2 (Conv2D)        (None, 224, 224, 64)      36928     
_________________________________________________________________
block1_pool (MaxPooling2D)   (None, 112, 112, 64)      0         
_________________________________________________________________
block2_conv1 (Conv2D)        (None, 112, 112, 128)     73856     
_________________________________________________________________
block2_conv2 (Conv2D)        (None, 112, 112, 128)     147584    
_________________________________________________________________
block2_pool (MaxPooling2D)   (None, 56, 56, 128)       0         
_________________________________________________________________
block3_conv1 (Conv2D)        (None, 56, 56, 256)       295168    
_________________________________________________________________
block3_conv2 (Conv2D)        (None, 56, 56, 256)       590080    
_________________________________________________________________
block3_conv3 (Conv2D)        (None, 56, 56, 256)       590080    
_________________________________________________________________
block3_pool (MaxPooling2D)   (None, 28, 28, 256)       0         
_________________________________________________________________
block4_conv1 (Conv2D)        (None, 28, 28, 512)       1180160   
_________________________________________________________________
block4_conv2 (Conv2D)        (None, 28, 28, 512)       2359808   
_________________________________________________________________
block4_conv3 (Conv2D)        (None, 28, 28, 512)       2359808   
_________________________________________________________________
block4_pool (MaxPooling2D)   (None, 14, 14, 512)       0         
_________________________________________________________________
block5_conv1 (Conv2D)        (None, 14, 14, 512)       2359808   
_________________________________________________________________
block5_conv2 (Conv2D)        (None, 14, 14, 512)       2359808   
_________________________________________________________________
block5_conv3 (Conv2D)        (None, 14, 14, 512)       2359808   
_________________________________________________________________
block5_pool (MaxPooling2D)   (None, 7, 7, 512)         0         
_________________________________________________________________
flatten_1 (Flatten)          (None, 25088)             0         
_________________________________________________________________
dense_1 (Dense)              (None, 4096)              102764544 
_________________________________________________________________
dense_2 (Dense)              (None, 4096)              16781312  
_________________________________________________________________
dense_3 (Dense)              (None, 4)                 16388     
=================================================================
Total params: 134,276,932
Trainable params: 119,562,244
Non-trainable params: 14,714,688
_________________________________________________________________
None
Train on 20 samples, validate on 20 samples
Epoch 1/3

 2/20 [==>...........................] - ETA: 38s - loss: 1.1967 - acc: 0.5000 - categorical_crossentropy: 1.1967
 4/20 [=====>........................] - ETA: 17s - loss: 0.8610 - acc: 0.7500 - categorical_crossentropy: 0.8610
 6/20 [========>.....................] - ETA: 10s - loss: 2.8742 - acc: 0.6667 - categorical_crossentropy: 2.8742
 8/20 [===========>..................] - ETA: 6s - loss: 4.4277 - acc: 0.5000 - categorical_crossentropy: 4.4277 
10/20 [==============>...............] - ETA: 4s - loss: 4.8340 - acc: 0.4000 - categorical_crossentropy: 4.8340
12/20 [=================>............] - ETA: 3s - loss: 4.6179 - acc: 0.3333 - categorical_crossentropy: 4.6179
14/20 [====================>.........] - ETA: 2s - loss: 4.7910 - acc: 0.3571 - categorical_crossentropy: 4.7910
16/20 [=======================>......] - ETA: 1s - loss: 4.7125 - acc: 0.3125 - categorical_crossentropy: 4.7125
18/20 [==========================>...] - ETA: 0s - loss: 4.7520 - acc: 0.2778 - categorical_crossentropy: 4.7520
20/20 [==============================] - 5s 259ms/step - loss: 4.7514 - acc: 0.2500 - categorical_crossentropy: 4.7514 - val_loss: 2.1906 - val_acc: 0.2500 - val_categorical_crossentropy: 2.1906
Epoch 2/3

 2/20 [==>...........................] - ETA: 0s - loss: 2.5213 - acc: 0.0000e+00 - categorical_crossentropy: 2.5213
 4/20 [=====>........................] - ETA: 0s - loss: 1.9519 - acc: 0.2500 - categorical_crossentropy: 1.9519    
 6/20 [========>.....................] - ETA: 0s - loss: 2.3129 - acc: 0.1667 - categorical_crossentropy: 2.3129
 8/20 [===========>..................] - ETA: 0s - loss: 2.0815 - acc: 0.2500 - categorical_crossentropy: 2.0815
10/20 [==============>...............] - ETA: 0s - loss: 1.7090 - acc: 0.4000 - categorical_crossentropy: 1.7090
12/20 [=================>............] - ETA: 0s - loss: 1.6790 - acc: 0.4167 - categorical_crossentropy: 1.6790
14/20 [====================>.........] - ETA: 0s - loss: 1.6681 - acc: 0.3571 - categorical_crossentropy: 1.6681
16/20 [=======================>......] - ETA: 0s - loss: 1.5606 - acc: 0.3750 - categorical_crossentropy: 1.5606
18/20 [==========================>...] - ETA: 0s - loss: 1.4731 - acc: 0.3889 - categorical_crossentropy: 1.4731
20/20 [==============================] - 1s 37ms/step - loss: 1.4189 - acc: 0.4000 - categorical_crossentropy: 1.4189 - val_loss: 1.9790 - val_acc: 0.3000 - val_categorical_crossentropy: 1.9790
Epoch 3/3

 2/20 [==>...........................] - ETA: 0s - loss: 0.6394 - acc: 0.5000 - categorical_crossentropy: 0.6394
 4/20 [=====>........................] - ETA: 0s - loss: 0.8898 - acc: 0.5000 - categorical_crossentropy: 0.8898
 6/20 [========>.....................] - ETA: 0s - loss: 1.1235 - acc: 0.5000 - categorical_crossentropy: 1.1235
 8/20 [===========>..................] - ETA: 0s - loss: 0.9758 - acc: 0.6250 - categorical_crossentropy: 0.9758
10/20 [==============>...............] - ETA: 0s - loss: 0.8460 - acc: 0.7000 - categorical_crossentropy: 0.8460
12/20 [=================>............] - ETA: 0s - loss: 0.8981 - acc: 0.6667 - categorical_crossentropy: 0.8981
14/20 [====================>.........] - ETA: 0s - loss: 0.7783 - acc: 0.7143 - categorical_crossentropy: 0.7783
16/20 [=======================>......] - ETA: 0s - loss: 0.8340 - acc: 0.6875 - categorical_crossentropy: 0.8340
18/20 [==========================>...] - ETA: 0s - loss: 1.0235 - acc: 0.6111 - categorical_crossentropy: 1.0235
20/20 [==============================] - 1s 37ms/step - loss: 0.9823 - acc: 0.6000 - categorical_crossentropy: 0.9823 - val_loss: 1.7002 - val_acc: 0.2500 - val_categorical_crossentropy: 1.7002
training time: 0.004616114364729987 h
running model pred on test set

20/20 [==============================] - 1s 41ms/step
Using TensorFlow backend.
Done!
