
Due to MODULEPATH changes, the following have been reloaded:
  1) openmpi/2.1.1

Python 3.5.4
2019-06-12 23:08:12.238108: I tensorflow/core/common_runtime/gpu/gpu_device.cc:1432] Found device 0 with properties: 
name: Tesla P100-PCIE-12GB major: 6 minor: 0 memoryClockRate(GHz): 1.3285
pciBusID: 0000:83:00.0
totalMemory: 11.91GiB freeMemory: 11.63GiB
2019-06-12 23:08:12.238271: I tensorflow/core/common_runtime/gpu/gpu_device.cc:1511] Adding visible gpu devices: 0
2019-06-12 23:08:12.596619: I tensorflow/core/common_runtime/gpu/gpu_device.cc:982] Device interconnect StreamExecutor with strength 1 edge matrix:
2019-06-12 23:08:12.596780: I tensorflow/core/common_runtime/gpu/gpu_device.cc:988]      0 
2019-06-12 23:08:12.596831: I tensorflow/core/common_runtime/gpu/gpu_device.cc:1001] 0:   N 
2019-06-12 23:08:12.597185: I tensorflow/core/common_runtime/gpu/gpu_device.cc:1115] Created TensorFlow device (/job:localhost/replica:0/task:0/device:GPU:0 with 11251 MB memory) -> physical GPU (device: 0, name: Tesla P100-PCIE-12GB, pci bus id: 0000:83:00.0, compute capability: 6.0)
2019-06-12 23:08:12.597630: I tensorflow/core/common_runtime/process_util.cc:69] Creating new thread pool with default inter op setting: 2. Tune using inter_op_parallelism_threads for best performance.
trn path: ../PreprocessedData/preprocessedForCNN/299 x 299/imgData_(299, 299, 3)_train_n1000.npy
data augmentation: False
Xception
default_299_noprep
__________________________________________________________________________________________________
Layer (type)                    Output Shape         Param #     Connected to                     
==================================================================================================
input_1 (InputLayer)            (None, 299, 299, 3)  0                                            
__________________________________________________________________________________________________
block1_conv1 (Conv2D)           (None, 149, 149, 32) 864         input_1[0][0]                    
__________________________________________________________________________________________________
block1_conv1_bn (BatchNormaliza (None, 149, 149, 32) 128         block1_conv1[0][0]               
__________________________________________________________________________________________________
block1_conv1_act (Activation)   (None, 149, 149, 32) 0           block1_conv1_bn[0][0]            
__________________________________________________________________________________________________
block1_conv2 (Conv2D)           (None, 147, 147, 64) 18432       block1_conv1_act[0][0]           
__________________________________________________________________________________________________
block1_conv2_bn (BatchNormaliza (None, 147, 147, 64) 256         block1_conv2[0][0]               
__________________________________________________________________________________________________
block1_conv2_act (Activation)   (None, 147, 147, 64) 0           block1_conv2_bn[0][0]            
__________________________________________________________________________________________________
block2_sepconv1 (SeparableConv2 (None, 147, 147, 128 8768        block1_conv2_act[0][0]           
__________________________________________________________________________________________________
block2_sepconv1_bn (BatchNormal (None, 147, 147, 128 512         block2_sepconv1[0][0]            
__________________________________________________________________________________________________
block2_sepconv2_act (Activation (None, 147, 147, 128 0           block2_sepconv1_bn[0][0]         
__________________________________________________________________________________________________
block2_sepconv2 (SeparableConv2 (None, 147, 147, 128 17536       block2_sepconv2_act[0][0]        
__________________________________________________________________________________________________
block2_sepconv2_bn (BatchNormal (None, 147, 147, 128 512         block2_sepconv2[0][0]            
__________________________________________________________________________________________________
conv2d_1 (Conv2D)               (None, 74, 74, 128)  8192        block1_conv2_act[0][0]           
__________________________________________________________________________________________________
block2_pool (MaxPooling2D)      (None, 74, 74, 128)  0           block2_sepconv2_bn[0][0]         
__________________________________________________________________________________________________
batch_normalization_1 (BatchNor (None, 74, 74, 128)  512         conv2d_1[0][0]                   
__________________________________________________________________________________________________
add_1 (Add)                     (None, 74, 74, 128)  0           block2_pool[0][0]                
                                                                 batch_normalization_1[0][0]      
__________________________________________________________________________________________________
block3_sepconv1_act (Activation (None, 74, 74, 128)  0           add_1[0][0]                      
__________________________________________________________________________________________________
block3_sepconv1 (SeparableConv2 (None, 74, 74, 256)  33920       block3_sepconv1_act[0][0]        
__________________________________________________________________________________________________
block3_sepconv1_bn (BatchNormal (None, 74, 74, 256)  1024        block3_sepconv1[0][0]            
__________________________________________________________________________________________________
block3_sepconv2_act (Activation (None, 74, 74, 256)  0           block3_sepconv1_bn[0][0]         
__________________________________________________________________________________________________
block3_sepconv2 (SeparableConv2 (None, 74, 74, 256)  67840       block3_sepconv2_act[0][0]        
__________________________________________________________________________________________________
block3_sepconv2_bn (BatchNormal (None, 74, 74, 256)  1024        block3_sepconv2[0][0]            
__________________________________________________________________________________________________
conv2d_2 (Conv2D)               (None, 37, 37, 256)  32768       add_1[0][0]                      
__________________________________________________________________________________________________
block3_pool (MaxPooling2D)      (None, 37, 37, 256)  0           block3_sepconv2_bn[0][0]         
__________________________________________________________________________________________________
batch_normalization_2 (BatchNor (None, 37, 37, 256)  1024        conv2d_2[0][0]                   
__________________________________________________________________________________________________
add_2 (Add)                     (None, 37, 37, 256)  0           block3_pool[0][0]                
                                                                 batch_normalization_2[0][0]      
__________________________________________________________________________________________________
block4_sepconv1_act (Activation (None, 37, 37, 256)  0           add_2[0][0]                      
__________________________________________________________________________________________________
block4_sepconv1 (SeparableConv2 (None, 37, 37, 728)  188672      block4_sepconv1_act[0][0]        
__________________________________________________________________________________________________
block4_sepconv1_bn (BatchNormal (None, 37, 37, 728)  2912        block4_sepconv1[0][0]            
__________________________________________________________________________________________________
block4_sepconv2_act (Activation (None, 37, 37, 728)  0           block4_sepconv1_bn[0][0]         
__________________________________________________________________________________________________
block4_sepconv2 (SeparableConv2 (None, 37, 37, 728)  536536      block4_sepconv2_act[0][0]        
__________________________________________________________________________________________________
block4_sepconv2_bn (BatchNormal (None, 37, 37, 728)  2912        block4_sepconv2[0][0]            
__________________________________________________________________________________________________
conv2d_3 (Conv2D)               (None, 19, 19, 728)  186368      add_2[0][0]                      
__________________________________________________________________________________________________
block4_pool (MaxPooling2D)      (None, 19, 19, 728)  0           block4_sepconv2_bn[0][0]         
__________________________________________________________________________________________________
batch_normalization_3 (BatchNor (None, 19, 19, 728)  2912        conv2d_3[0][0]                   
__________________________________________________________________________________________________
add_3 (Add)                     (None, 19, 19, 728)  0           block4_pool[0][0]                
                                                                 batch_normalization_3[0][0]      
__________________________________________________________________________________________________
block5_sepconv1_act (Activation (None, 19, 19, 728)  0           add_3[0][0]                      
__________________________________________________________________________________________________
block5_sepconv1 (SeparableConv2 (None, 19, 19, 728)  536536      block5_sepconv1_act[0][0]        
__________________________________________________________________________________________________
block5_sepconv1_bn (BatchNormal (None, 19, 19, 728)  2912        block5_sepconv1[0][0]            
__________________________________________________________________________________________________
block5_sepconv2_act (Activation (None, 19, 19, 728)  0           block5_sepconv1_bn[0][0]         
__________________________________________________________________________________________________
block5_sepconv2 (SeparableConv2 (None, 19, 19, 728)  536536      block5_sepconv2_act[0][0]        
__________________________________________________________________________________________________
block5_sepconv2_bn (BatchNormal (None, 19, 19, 728)  2912        block5_sepconv2[0][0]            
__________________________________________________________________________________________________
block5_sepconv3_act (Activation (None, 19, 19, 728)  0           block5_sepconv2_bn[0][0]         
__________________________________________________________________________________________________
block5_sepconv3 (SeparableConv2 (None, 19, 19, 728)  536536      block5_sepconv3_act[0][0]        
__________________________________________________________________________________________________
block5_sepconv3_bn (BatchNormal (None, 19, 19, 728)  2912        block5_sepconv3[0][0]            
__________________________________________________________________________________________________
add_4 (Add)                     (None, 19, 19, 728)  0           block5_sepconv3_bn[0][0]         
                                                                 add_3[0][0]                      
__________________________________________________________________________________________________
block6_sepconv1_act (Activation (None, 19, 19, 728)  0           add_4[0][0]                      
__________________________________________________________________________________________________
block6_sepconv1 (SeparableConv2 (None, 19, 19, 728)  536536      block6_sepconv1_act[0][0]        
__________________________________________________________________________________________________
block6_sepconv1_bn (BatchNormal (None, 19, 19, 728)  2912        block6_sepconv1[0][0]            
__________________________________________________________________________________________________
block6_sepconv2_act (Activation (None, 19, 19, 728)  0           block6_sepconv1_bn[0][0]         
__________________________________________________________________________________________________
block6_sepconv2 (SeparableConv2 (None, 19, 19, 728)  536536      block6_sepconv2_act[0][0]        
__________________________________________________________________________________________________
block6_sepconv2_bn (BatchNormal (None, 19, 19, 728)  2912        block6_sepconv2[0][0]            
__________________________________________________________________________________________________
block6_sepconv3_act (Activation (None, 19, 19, 728)  0           block6_sepconv2_bn[0][0]         
__________________________________________________________________________________________________
block6_sepconv3 (SeparableConv2 (None, 19, 19, 728)  536536      block6_sepconv3_act[0][0]        
__________________________________________________________________________________________________
block6_sepconv3_bn (BatchNormal (None, 19, 19, 728)  2912        block6_sepconv3[0][0]            
__________________________________________________________________________________________________
add_5 (Add)                     (None, 19, 19, 728)  0           block6_sepconv3_bn[0][0]         
                                                                 add_4[0][0]                      
__________________________________________________________________________________________________
block7_sepconv1_act (Activation (None, 19, 19, 728)  0           add_5[0][0]                      
__________________________________________________________________________________________________
block7_sepconv1 (SeparableConv2 (None, 19, 19, 728)  536536      block7_sepconv1_act[0][0]        
__________________________________________________________________________________________________
block7_sepconv1_bn (BatchNormal (None, 19, 19, 728)  2912        block7_sepconv1[0][0]            
__________________________________________________________________________________________________
block7_sepconv2_act (Activation (None, 19, 19, 728)  0           block7_sepconv1_bn[0][0]         
__________________________________________________________________________________________________
block7_sepconv2 (SeparableConv2 (None, 19, 19, 728)  536536      block7_sepconv2_act[0][0]        
__________________________________________________________________________________________________
block7_sepconv2_bn (BatchNormal (None, 19, 19, 728)  2912        block7_sepconv2[0][0]            
__________________________________________________________________________________________________
block7_sepconv3_act (Activation (None, 19, 19, 728)  0           block7_sepconv2_bn[0][0]         
__________________________________________________________________________________________________
block7_sepconv3 (SeparableConv2 (None, 19, 19, 728)  536536      block7_sepconv3_act[0][0]        
__________________________________________________________________________________________________
block7_sepconv3_bn (BatchNormal (None, 19, 19, 728)  2912        block7_sepconv3[0][0]            
__________________________________________________________________________________________________
add_6 (Add)                     (None, 19, 19, 728)  0           block7_sepconv3_bn[0][0]         
                                                                 add_5[0][0]                      
__________________________________________________________________________________________________
block8_sepconv1_act (Activation (None, 19, 19, 728)  0           add_6[0][0]                      
__________________________________________________________________________________________________
block8_sepconv1 (SeparableConv2 (None, 19, 19, 728)  536536      block8_sepconv1_act[0][0]        
__________________________________________________________________________________________________
block8_sepconv1_bn (BatchNormal (None, 19, 19, 728)  2912        block8_sepconv1[0][0]            
__________________________________________________________________________________________________
block8_sepconv2_act (Activation (None, 19, 19, 728)  0           block8_sepconv1_bn[0][0]         
__________________________________________________________________________________________________
block8_sepconv2 (SeparableConv2 (None, 19, 19, 728)  536536      block8_sepconv2_act[0][0]        
__________________________________________________________________________________________________
block8_sepconv2_bn (BatchNormal (None, 19, 19, 728)  2912        block8_sepconv2[0][0]            
__________________________________________________________________________________________________
block8_sepconv3_act (Activation (None, 19, 19, 728)  0           block8_sepconv2_bn[0][0]         
__________________________________________________________________________________________________
block8_sepconv3 (SeparableConv2 (None, 19, 19, 728)  536536      block8_sepconv3_act[0][0]        
__________________________________________________________________________________________________
block8_sepconv3_bn (BatchNormal (None, 19, 19, 728)  2912        block8_sepconv3[0][0]            
__________________________________________________________________________________________________
add_7 (Add)                     (None, 19, 19, 728)  0           block8_sepconv3_bn[0][0]         
                                                                 add_6[0][0]                      
__________________________________________________________________________________________________
block9_sepconv1_act (Activation (None, 19, 19, 728)  0           add_7[0][0]                      
__________________________________________________________________________________________________
block9_sepconv1 (SeparableConv2 (None, 19, 19, 728)  536536      block9_sepconv1_act[0][0]        
__________________________________________________________________________________________________
block9_sepconv1_bn (BatchNormal (None, 19, 19, 728)  2912        block9_sepconv1[0][0]            
__________________________________________________________________________________________________
block9_sepconv2_act (Activation (None, 19, 19, 728)  0           block9_sepconv1_bn[0][0]         
__________________________________________________________________________________________________
block9_sepconv2 (SeparableConv2 (None, 19, 19, 728)  536536      block9_sepconv2_act[0][0]        
__________________________________________________________________________________________________
block9_sepconv2_bn (BatchNormal (None, 19, 19, 728)  2912        block9_sepconv2[0][0]            
__________________________________________________________________________________________________
block9_sepconv3_act (Activation (None, 19, 19, 728)  0           block9_sepconv2_bn[0][0]         
__________________________________________________________________________________________________
block9_sepconv3 (SeparableConv2 (None, 19, 19, 728)  536536      block9_sepconv3_act[0][0]        
__________________________________________________________________________________________________
block9_sepconv3_bn (BatchNormal (None, 19, 19, 728)  2912        block9_sepconv3[0][0]            
__________________________________________________________________________________________________
add_8 (Add)                     (None, 19, 19, 728)  0           block9_sepconv3_bn[0][0]         
                                                                 add_7[0][0]                      
__________________________________________________________________________________________________
block10_sepconv1_act (Activatio (None, 19, 19, 728)  0           add_8[0][0]                      
__________________________________________________________________________________________________
block10_sepconv1 (SeparableConv (None, 19, 19, 728)  536536      block10_sepconv1_act[0][0]       
__________________________________________________________________________________________________
block10_sepconv1_bn (BatchNorma (None, 19, 19, 728)  2912        block10_sepconv1[0][0]           
__________________________________________________________________________________________________
block10_sepconv2_act (Activatio (None, 19, 19, 728)  0           block10_sepconv1_bn[0][0]        
__________________________________________________________________________________________________
block10_sepconv2 (SeparableConv (None, 19, 19, 728)  536536      block10_sepconv2_act[0][0]       
__________________________________________________________________________________________________
block10_sepconv2_bn (BatchNorma (None, 19, 19, 728)  2912        block10_sepconv2[0][0]           
__________________________________________________________________________________________________
block10_sepconv3_act (Activatio (None, 19, 19, 728)  0           block10_sepconv2_bn[0][0]        
__________________________________________________________________________________________________
block10_sepconv3 (SeparableConv (None, 19, 19, 728)  536536      block10_sepconv3_act[0][0]       
__________________________________________________________________________________________________
block10_sepconv3_bn (BatchNorma (None, 19, 19, 728)  2912        block10_sepconv3[0][0]           
__________________________________________________________________________________________________
add_9 (Add)                     (None, 19, 19, 728)  0           block10_sepconv3_bn[0][0]        
                                                                 add_8[0][0]                      
__________________________________________________________________________________________________
block11_sepconv1_act (Activatio (None, 19, 19, 728)  0           add_9[0][0]                      
__________________________________________________________________________________________________
block11_sepconv1 (SeparableConv (None, 19, 19, 728)  536536      block11_sepconv1_act[0][0]       
__________________________________________________________________________________________________
block11_sepconv1_bn (BatchNorma (None, 19, 19, 728)  2912        block11_sepconv1[0][0]           
__________________________________________________________________________________________________
block11_sepconv2_act (Activatio (None, 19, 19, 728)  0           block11_sepconv1_bn[0][0]        
__________________________________________________________________________________________________
block11_sepconv2 (SeparableConv (None, 19, 19, 728)  536536      block11_sepconv2_act[0][0]       
__________________________________________________________________________________________________
block11_sepconv2_bn (BatchNorma (None, 19, 19, 728)  2912        block11_sepconv2[0][0]           
__________________________________________________________________________________________________
block11_sepconv3_act (Activatio (None, 19, 19, 728)  0           block11_sepconv2_bn[0][0]        
__________________________________________________________________________________________________
block11_sepconv3 (SeparableConv (None, 19, 19, 728)  536536      block11_sepconv3_act[0][0]       
__________________________________________________________________________________________________
block11_sepconv3_bn (BatchNorma (None, 19, 19, 728)  2912        block11_sepconv3[0][0]           
__________________________________________________________________________________________________
add_10 (Add)                    (None, 19, 19, 728)  0           block11_sepconv3_bn[0][0]        
                                                                 add_9[0][0]                      
__________________________________________________________________________________________________
block12_sepconv1_act (Activatio (None, 19, 19, 728)  0           add_10[0][0]                     
__________________________________________________________________________________________________
block12_sepconv1 (SeparableConv (None, 19, 19, 728)  536536      block12_sepconv1_act[0][0]       
__________________________________________________________________________________________________
block12_sepconv1_bn (BatchNorma (None, 19, 19, 728)  2912        block12_sepconv1[0][0]           
__________________________________________________________________________________________________
block12_sepconv2_act (Activatio (None, 19, 19, 728)  0           block12_sepconv1_bn[0][0]        
__________________________________________________________________________________________________
block12_sepconv2 (SeparableConv (None, 19, 19, 728)  536536      block12_sepconv2_act[0][0]       
__________________________________________________________________________________________________
block12_sepconv2_bn (BatchNorma (None, 19, 19, 728)  2912        block12_sepconv2[0][0]           
__________________________________________________________________________________________________
block12_sepconv3_act (Activatio (None, 19, 19, 728)  0           block12_sepconv2_bn[0][0]        
__________________________________________________________________________________________________
block12_sepconv3 (SeparableConv (None, 19, 19, 728)  536536      block12_sepconv3_act[0][0]       
__________________________________________________________________________________________________
block12_sepconv3_bn (BatchNorma (None, 19, 19, 728)  2912        block12_sepconv3[0][0]           
__________________________________________________________________________________________________
add_11 (Add)                    (None, 19, 19, 728)  0           block12_sepconv3_bn[0][0]        
                                                                 add_10[0][0]                     
__________________________________________________________________________________________________
block13_sepconv1_act (Activatio (None, 19, 19, 728)  0           add_11[0][0]                     
__________________________________________________________________________________________________
block13_sepconv1 (SeparableConv (None, 19, 19, 728)  536536      block13_sepconv1_act[0][0]       
__________________________________________________________________________________________________
block13_sepconv1_bn (BatchNorma (None, 19, 19, 728)  2912        block13_sepconv1[0][0]           
__________________________________________________________________________________________________
block13_sepconv2_act (Activatio (None, 19, 19, 728)  0           block13_sepconv1_bn[0][0]        
__________________________________________________________________________________________________
block13_sepconv2 (SeparableConv (None, 19, 19, 1024) 752024      block13_sepconv2_act[0][0]       
__________________________________________________________________________________________________
block13_sepconv2_bn (BatchNorma (None, 19, 19, 1024) 4096        block13_sepconv2[0][0]           
__________________________________________________________________________________________________
conv2d_4 (Conv2D)               (None, 10, 10, 1024) 745472      add_11[0][0]                     
__________________________________________________________________________________________________
block13_pool (MaxPooling2D)     (None, 10, 10, 1024) 0           block13_sepconv2_bn[0][0]        
__________________________________________________________________________________________________
batch_normalization_4 (BatchNor (None, 10, 10, 1024) 4096        conv2d_4[0][0]                   
__________________________________________________________________________________________________
add_12 (Add)                    (None, 10, 10, 1024) 0           block13_pool[0][0]               
                                                                 batch_normalization_4[0][0]      
__________________________________________________________________________________________________
block14_sepconv1 (SeparableConv (None, 10, 10, 1536) 1582080     add_12[0][0]                     
__________________________________________________________________________________________________
block14_sepconv1_bn (BatchNorma (None, 10, 10, 1536) 6144        block14_sepconv1[0][0]           
__________________________________________________________________________________________________
block14_sepconv1_act (Activatio (None, 10, 10, 1536) 0           block14_sepconv1_bn[0][0]        
__________________________________________________________________________________________________
block14_sepconv2 (SeparableConv (None, 10, 10, 2048) 3159552     block14_sepconv1_act[0][0]       
__________________________________________________________________________________________________
block14_sepconv2_bn (BatchNorma (None, 10, 10, 2048) 8192        block14_sepconv2[0][0]           
__________________________________________________________________________________________________
block14_sepconv2_act (Activatio (None, 10, 10, 2048) 0           block14_sepconv2_bn[0][0]        
__________________________________________________________________________________________________
global_average_pooling2d_1 (Glo (None, 2048)         0           block14_sepconv2_act[0][0]       
__________________________________________________________________________________________________
dense_1 (Dense)                 (None, 4)            8196        global_average_pooling2d_1[0][0] 
==================================================================================================
Total params: 20,869,676
Trainable params: 62,724
Non-trainable params: 20,806,952
__________________________________________________________________________________________________
None
Train on 1000 samples, validate on 32 samples
Epoch 1/300

  30/1000 [..............................] - ETA: 6:17 - loss: 1.4896 - acc: 0.1333 - categorical_crossentropy: 1.4896
  60/1000 [>.............................] - ETA: 3:10 - loss: 1.4452 - acc: 0.2167 - categorical_crossentropy: 1.4452
  90/1000 [=>............................] - ETA: 2:07 - loss: 1.4061 - acc: 0.3000 - categorical_crossentropy: 1.4061
 120/1000 [==>...........................] - ETA: 1:35 - loss: 1.3889 - acc: 0.3250 - categorical_crossentropy: 1.3889
 150/1000 [===>..........................] - ETA: 1:16 - loss: 1.4048 - acc: 0.2933 - categorical_crossentropy: 1.4048
 180/1000 [====>.........................] - ETA: 1:03 - loss: 1.4072 - acc: 0.2833 - categorical_crossentropy: 1.4072
 210/1000 [=====>........................] - ETA: 54s - loss: 1.4027 - acc: 0.2810 - categorical_crossentropy: 1.4027 
 240/1000 [======>.......................] - ETA: 47s - loss: 1.3932 - acc: 0.2875 - categorical_crossentropy: 1.3932
 270/1000 [=======>......................] - ETA: 41s - loss: 1.3959 - acc: 0.2778 - categorical_crossentropy: 1.3959
 300/1000 [========>.....................] - ETA: 36s - loss: 1.3908 - acc: 0.2833 - categorical_crossentropy: 1.3908
 330/1000 [========>.....................] - ETA: 32s - loss: 1.3906 - acc: 0.2788 - categorical_crossentropy: 1.3906
 360/1000 [=========>....................] - ETA: 29s - loss: 1.3864 - acc: 0.3000 - categorical_crossentropy: 1.3864
 390/1000 [==========>...................] - ETA: 26s - loss: 1.3871 - acc: 0.2949 - categorical_crossentropy: 1.3871
 420/1000 [===========>..................] - ETA: 24s - loss: 1.3890 - acc: 0.2857 - categorical_crossentropy: 1.3890
 450/1000 [============>.................] - ETA: 22s - loss: 1.3885 - acc: 0.2844 - categorical_crossentropy: 1.3885
 480/1000 [=============>................] - ETA: 20s - loss: 1.3909 - acc: 0.2854 - categorical_crossentropy: 1.3909
 510/1000 [==============>...............] - ETA: 18s - loss: 1.3888 - acc: 0.2863 - categorical_crossentropy: 1.3888
 540/1000 [===============>..............] - ETA: 16s - loss: 1.3873 - acc: 0.2907 - categorical_crossentropy: 1.3873
 570/1000 [================>.............] - ETA: 14s - loss: 1.3840 - acc: 0.2947 - categorical_crossentropy: 1.3840
 600/1000 [=================>............] - ETA: 13s - loss: 1.3843 - acc: 0.2950 - categorical_crossentropy: 1.3843
 630/1000 [=================>............] - ETA: 12s - loss: 1.3863 - acc: 0.2921 - categorical_crossentropy: 1.3863
 660/1000 [==================>...........] - ETA: 10s - loss: 1.3860 - acc: 0.2924 - categorical_crossentropy: 1.3860
 690/1000 [===================>..........] - ETA: 9s - loss: 1.3832 - acc: 0.2913 - categorical_crossentropy: 1.3832 
 720/1000 [====================>.........] - ETA: 8s - loss: 1.3804 - acc: 0.2944 - categorical_crossentropy: 1.3804
 750/1000 [=====================>........] - ETA: 7s - loss: 1.3763 - acc: 0.3053 - categorical_crossentropy: 1.3763
 780/1000 [======================>.......] - ETA: 6s - loss: 1.3744 - acc: 0.3115 - categorical_crossentropy: 1.3744
 810/1000 [=======================>......] - ETA: 5s - loss: 1.3723 - acc: 0.3173 - categorical_crossentropy: 1.3723
 840/1000 [========================>.....] - ETA: 4s - loss: 1.3723 - acc: 0.3202 - categorical_crossentropy: 1.3723
 870/1000 [=========================>....] - ETA: 3s - loss: 1.3718 - acc: 0.3184 - categorical_crossentropy: 1.3718
 900/1000 [==========================>...] - ETA: 2s - loss: 1.3712 - acc: 0.3211 - categorical_crossentropy: 1.3712
 930/1000 [==========================>...] - ETA: 1s - loss: 1.3698 - acc: 0.3247 - categorical_crossentropy: 1.3698
 960/1000 [===========================>..] - ETA: 1s - loss: 1.3695 - acc: 0.3271 - categorical_crossentropy: 1.3695
 990/1000 [============================>.] - ETA: 0s - loss: 1.3689 - acc: 0.3303 - categorical_crossentropy: 1.3689
1000/1000 [==============================] - 28s 28ms/step - loss: 1.3683 - acc: 0.3330 - categorical_crossentropy: 1.3683 - val_loss: 1.2811 - val_acc: 0.3750 - val_categorical_crossentropy: 1.2811
Epoch 2/300

  30/1000 [..............................] - ETA: 15s - loss: 1.2987 - acc: 0.5333 - categorical_crossentropy: 1.2987
  60/1000 [>.............................] - ETA: 14s - loss: 1.3092 - acc: 0.4667 - categorical_crossentropy: 1.3092
  90/1000 [=>............................] - ETA: 14s - loss: 1.3193 - acc: 0.4444 - categorical_crossentropy: 1.3193
 120/1000 [==>...........................] - ETA: 13s - loss: 1.3234 - acc: 0.4250 - categorical_crossentropy: 1.3234
 150/1000 [===>..........................] - ETA: 13s - loss: 1.3191 - acc: 0.4200 - categorical_crossentropy: 1.3191
 180/1000 [====>.........................] - ETA: 12s - loss: 1.3152 - acc: 0.4333 - categorical_crossentropy: 1.3152
 210/1000 [=====>........................] - ETA: 12s - loss: 1.3142 - acc: 0.4333 - categorical_crossentropy: 1.3142
 240/1000 [======>.......................] - ETA: 11s - loss: 1.3128 - acc: 0.4417 - categorical_crossentropy: 1.3128
 270/1000 [=======>......................] - ETA: 11s - loss: 1.3122 - acc: 0.4370 - categorical_crossentropy: 1.3122
 300/1000 [========>.....................] - ETA: 10s - loss: 1.3059 - acc: 0.4433 - categorical_crossentropy: 1.3059
 330/1000 [========>.....................] - ETA: 10s - loss: 1.3035 - acc: 0.4545 - categorical_crossentropy: 1.3035
 360/1000 [=========>....................] - ETA: 9s - loss: 1.2990 - acc: 0.4611 - categorical_crossentropy: 1.2990 
 390/1000 [==========>...................] - ETA: 9s - loss: 1.2944 - acc: 0.4615 - categorical_crossentropy: 1.2944
 420/1000 [===========>..................] - ETA: 8s - loss: 1.2914 - acc: 0.4619 - categorical_crossentropy: 1.2914
 450/1000 [============>.................] - ETA: 8s - loss: 1.2928 - acc: 0.4622 - categorical_crossentropy: 1.2928
 480/1000 [=============>................] - ETA: 7s - loss: 1.2921 - acc: 0.4542 - categorical_crossentropy: 1.2921
 510/1000 [==============>...............] - ETA: 7s - loss: 1.2909 - acc: 0.4549 - categorical_crossentropy: 1.2909
 540/1000 [===============>..............] - ETA: 7s - loss: 1.2907 - acc: 0.4519 - categorical_crossentropy: 1.2907
 570/1000 [================>.............] - ETA: 6s - loss: 1.2937 - acc: 0.4439 - categorical_crossentropy: 1.2937
 600/1000 [=================>............] - ETA: 6s - loss: 1.2954 - acc: 0.4350 - categorical_crossentropy: 1.2954
 630/1000 [=================>............] - ETA: 5s - loss: 1.2918 - acc: 0.4429 - categorical_crossentropy: 1.2918
 660/1000 [==================>...........] - ETA: 5s - loss: 1.2892 - acc: 0.4470 - categorical_crossentropy: 1.2892
 690/1000 [===================>..........] - ETA: 4s - loss: 1.2864 - acc: 0.4536 - categorical_crossentropy: 1.2864
 720/1000 [====================>.........] - ETA: 4s - loss: 1.2877 - acc: 0.4514 - categorical_crossentropy: 1.2877
 750/1000 [=====================>........] - ETA: 3s - loss: 1.2878 - acc: 0.4493 - categorical_crossentropy: 1.2878
 780/1000 [======================>.......] - ETA: 3s - loss: 1.2857 - acc: 0.4526 - categorical_crossentropy: 1.2857
 810/1000 [=======================>......] - ETA: 2s - loss: 1.2861 - acc: 0.4519 - categorical_crossentropy: 1.2861
 840/1000 [========================>.....] - ETA: 2s - loss: 1.2844 - acc: 0.4560 - categorical_crossentropy: 1.2844
 870/1000 [=========================>....] - ETA: 1s - loss: 1.2818 - acc: 0.4632 - categorical_crossentropy: 1.2818
 900/1000 [==========================>...] - ETA: 1s - loss: 1.2815 - acc: 0.4600 - categorical_crossentropy: 1.2815
 930/1000 [==========================>...] - ETA: 1s - loss: 1.2805 - acc: 0.4634 - categorical_crossentropy: 1.2805
 960/1000 [===========================>..] - ETA: 0s - loss: 1.2792 - acc: 0.4688 - categorical_crossentropy: 1.2792
 990/1000 [============================>.] - ETA: 0s - loss: 1.2761 - acc: 0.4727 - categorical_crossentropy: 1.2761
1000/1000 [==============================] - 16s 16ms/step - loss: 1.2764 - acc: 0.4720 - categorical_crossentropy: 1.2764 - val_loss: 1.2167 - val_acc: 0.5625 - val_categorical_crossentropy: 1.2167
Epoch 3/300

  30/1000 [..............................] - ETA: 14s - loss: 1.2161 - acc: 0.7000 - categorical_crossentropy: 1.2161
  60/1000 [>.............................] - ETA: 14s - loss: 1.2280 - acc: 0.6167 - categorical_crossentropy: 1.2280
  90/1000 [=>............................] - ETA: 13s - loss: 1.2376 - acc: 0.5889 - categorical_crossentropy: 1.2376
 120/1000 [==>...........................] - ETA: 13s - loss: 1.2419 - acc: 0.5833 - categorical_crossentropy: 1.2419
 150/1000 [===>..........................] - ETA: 12s - loss: 1.2254 - acc: 0.6000 - categorical_crossentropy: 1.2254
 180/1000 [====>.........................] - ETA: 12s - loss: 1.2073 - acc: 0.6278 - categorical_crossentropy: 1.2073
 210/1000 [=====>........................] - ETA: 12s - loss: 1.2110 - acc: 0.6190 - categorical_crossentropy: 1.2110
 240/1000 [======>.......................] - ETA: 11s - loss: 1.2053 - acc: 0.6208 - categorical_crossentropy: 1.2053
 270/1000 [=======>......................] - ETA: 11s - loss: 1.2080 - acc: 0.6148 - categorical_crossentropy: 1.2080
 300/1000 [========>.....................] - ETA: 10s - loss: 1.2140 - acc: 0.6133 - categorical_crossentropy: 1.2140
 330/1000 [========>.....................] - ETA: 10s - loss: 1.2097 - acc: 0.6152 - categorical_crossentropy: 1.2097
 360/1000 [=========>....................] - ETA: 9s - loss: 1.2038 - acc: 0.6278 - categorical_crossentropy: 1.2038 
 390/1000 [==========>...................] - ETA: 9s - loss: 1.2008 - acc: 0.6231 - categorical_crossentropy: 1.2008
 420/1000 [===========>..................] - ETA: 8s - loss: 1.1995 - acc: 0.6238 - categorical_crossentropy: 1.1995
 450/1000 [============>.................] - ETA: 8s - loss: 1.2032 - acc: 0.6178 - categorical_crossentropy: 1.2032
 480/1000 [=============>................] - ETA: 7s - loss: 1.2047 - acc: 0.6167 - categorical_crossentropy: 1.2047
 510/1000 [==============>...............] - ETA: 7s - loss: 1.2038 - acc: 0.6196 - categorical_crossentropy: 1.2038
 540/1000 [===============>..............] - ETA: 7s - loss: 1.2022 - acc: 0.6278 - categorical_crossentropy: 1.2022
 570/1000 [================>.............] - ETA: 6s - loss: 1.2029 - acc: 0.6211 - categorical_crossentropy: 1.2029
 600/1000 [=================>............] - ETA: 6s - loss: 1.2014 - acc: 0.6200 - categorical_crossentropy: 1.2014
 630/1000 [=================>............] - ETA: 5s - loss: 1.1979 - acc: 0.6254 - categorical_crossentropy: 1.1979
 660/1000 [==================>...........] - ETA: 5s - loss: 1.1972 - acc: 0.6242 - categorical_crossentropy: 1.1972
 690/1000 [===================>..........] - ETA: 4s - loss: 1.1930 - acc: 0.6290 - categorical_crossentropy: 1.1930
 720/1000 [====================>.........] - ETA: 4s - loss: 1.1910 - acc: 0.6306 - categorical_crossentropy: 1.1910
 750/1000 [=====================>........] - ETA: 3s - loss: 1.1899 - acc: 0.6307 - categorical_crossentropy: 1.1899
 780/1000 [======================>.......] - ETA: 3s - loss: 1.1867 - acc: 0.6359 - categorical_crossentropy: 1.1867
 810/1000 [=======================>......] - ETA: 2s - loss: 1.1861 - acc: 0.6346 - categorical_crossentropy: 1.1861
 840/1000 [========================>.....] - ETA: 2s - loss: 1.1869 - acc: 0.6321 - categorical_crossentropy: 1.1869
 870/1000 [=========================>....] - ETA: 1s - loss: 1.1859 - acc: 0.6322 - categorical_crossentropy: 1.1859
 900/1000 [==========================>...] - ETA: 1s - loss: 1.1847 - acc: 0.6333 - categorical_crossentropy: 1.1847
 930/1000 [==========================>...] - ETA: 1s - loss: 1.1836 - acc: 0.6333 - categorical_crossentropy: 1.1836
 960/1000 [===========================>..] - ETA: 0s - loss: 1.1804 - acc: 0.6406 - categorical_crossentropy: 1.1804
 990/1000 [============================>.] - ETA: 0s - loss: 1.1784 - acc: 0.6444 - categorical_crossentropy: 1.1784
1000/1000 [==============================] - 16s 16ms/step - loss: 1.1786 - acc: 0.6430 - categorical_crossentropy: 1.1786 - val_loss: 1.1465 - val_acc: 0.6875 - val_categorical_crossentropy: 1.1465
Epoch 4/300

  30/1000 [..............................] - ETA: 14s - loss: 1.1085 - acc: 0.7333 - categorical_crossentropy: 1.1085
  60/1000 [>.............................] - ETA: 14s - loss: 1.1589 - acc: 0.6667 - categorical_crossentropy: 1.1589
  90/1000 [=>............................] - ETA: 13s - loss: 1.1587 - acc: 0.6556 - categorical_crossentropy: 1.1587
 120/1000 [==>...........................] - ETA: 13s - loss: 1.1344 - acc: 0.6917 - categorical_crossentropy: 1.1344
 150/1000 [===>..........................] - ETA: 12s - loss: 1.1144 - acc: 0.7267 - categorical_crossentropy: 1.1144
 180/1000 [====>.........................] - ETA: 12s - loss: 1.1095 - acc: 0.7333 - categorical_crossentropy: 1.1095
 210/1000 [=====>........................] - ETA: 12s - loss: 1.1147 - acc: 0.7238 - categorical_crossentropy: 1.1147
 240/1000 [======>.......................] - ETA: 11s - loss: 1.1179 - acc: 0.7125 - categorical_crossentropy: 1.1179
 270/1000 [=======>......................] - ETA: 11s - loss: 1.1153 - acc: 0.7148 - categorical_crossentropy: 1.1153
 300/1000 [========>.....................] - ETA: 10s - loss: 1.1142 - acc: 0.7133 - categorical_crossentropy: 1.1142
 330/1000 [========>.....................] - ETA: 10s - loss: 1.1122 - acc: 0.7121 - categorical_crossentropy: 1.1122
 360/1000 [=========>....................] - ETA: 9s - loss: 1.1094 - acc: 0.7167 - categorical_crossentropy: 1.1094 
 390/1000 [==========>...................] - ETA: 9s - loss: 1.1051 - acc: 0.7231 - categorical_crossentropy: 1.1051
 420/1000 [===========>..................] - ETA: 8s - loss: 1.1031 - acc: 0.7214 - categorical_crossentropy: 1.1031
 450/1000 [============>.................] - ETA: 8s - loss: 1.0996 - acc: 0.7244 - categorical_crossentropy: 1.0996
 480/1000 [=============>................] - ETA: 7s - loss: 1.1027 - acc: 0.7188 - categorical_crossentropy: 1.1027
 510/1000 [==============>...............] - ETA: 7s - loss: 1.0995 - acc: 0.7255 - categorical_crossentropy: 1.0995
 540/1000 [===============>..............] - ETA: 7s - loss: 1.1006 - acc: 0.7222 - categorical_crossentropy: 1.1006
 570/1000 [================>.............] - ETA: 6s - loss: 1.1026 - acc: 0.7228 - categorical_crossentropy: 1.1026
 600/1000 [=================>............] - ETA: 6s - loss: 1.1047 - acc: 0.7200 - categorical_crossentropy: 1.1047
 630/1000 [=================>............] - ETA: 5s - loss: 1.1046 - acc: 0.7190 - categorical_crossentropy: 1.1046
 660/1000 [==================>...........] - ETA: 5s - loss: 1.1021 - acc: 0.7197 - categorical_crossentropy: 1.1021
 690/1000 [===================>..........] - ETA: 4s - loss: 1.1001 - acc: 0.7203 - categorical_crossentropy: 1.1001
 720/1000 [====================>.........] - ETA: 4s - loss: 1.0998 - acc: 0.7181 - categorical_crossentropy: 1.0998
 750/1000 [=====================>........] - ETA: 3s - loss: 1.0987 - acc: 0.7200 - categorical_crossentropy: 1.0987
 780/1000 [======================>.......] - ETA: 3s - loss: 1.0974 - acc: 0.7192 - categorical_crossentropy: 1.0974
 810/1000 [=======================>......] - ETA: 2s - loss: 1.0946 - acc: 0.7210 - categorical_crossentropy: 1.0946
 840/1000 [========================>.....] - ETA: 2s - loss: 1.0917 - acc: 0.7238 - categorical_crossentropy: 1.0917
 870/1000 [=========================>....] - ETA: 1s - loss: 1.0903 - acc: 0.7264 - categorical_crossentropy: 1.0903
 900/1000 [==========================>...] - ETA: 1s - loss: 1.0887 - acc: 0.7289 - categorical_crossentropy: 1.0887
 930/1000 [==========================>...] - ETA: 1s - loss: 1.0869 - acc: 0.7312 - categorical_crossentropy: 1.0869
 960/1000 [===========================>..] - ETA: 0s - loss: 1.0870 - acc: 0.7281 - categorical_crossentropy: 1.0870
 990/1000 [============================>.] - ETA: 0s - loss: 1.0865 - acc: 0.7283 - categorical_crossentropy: 1.0865
1000/1000 [==============================] - 16s 16ms/step - loss: 1.0867 - acc: 0.7280 - categorical_crossentropy: 1.0867 - val_loss: 1.0745 - val_acc: 0.6875 - val_categorical_crossentropy: 1.0745
Epoch 5/300

  30/1000 [..............................] - ETA: 14s - loss: 1.0358 - acc: 0.8000 - categorical_crossentropy: 1.0358
  60/1000 [>.............................] - ETA: 14s - loss: 1.0565 - acc: 0.7667 - categorical_crossentropy: 1.0565
  90/1000 [=>............................] - ETA: 13s - loss: 1.0592 - acc: 0.7778 - categorical_crossentropy: 1.0592
 120/1000 [==>...........................] - ETA: 13s - loss: 1.0531 - acc: 0.7667 - categorical_crossentropy: 1.0531
 150/1000 [===>..........................] - ETA: 12s - loss: 1.0362 - acc: 0.7800 - categorical_crossentropy: 1.0362
 180/1000 [====>.........................] - ETA: 12s - loss: 1.0430 - acc: 0.7722 - categorical_crossentropy: 1.0430
 210/1000 [=====>........................] - ETA: 12s - loss: 1.0368 - acc: 0.7619 - categorical_crossentropy: 1.0368
 240/1000 [======>.......................] - ETA: 11s - loss: 1.0416 - acc: 0.7542 - categorical_crossentropy: 1.0416
 270/1000 [=======>......................] - ETA: 11s - loss: 1.0395 - acc: 0.7481 - categorical_crossentropy: 1.0395
 300/1000 [========>.....................] - ETA: 10s - loss: 1.0351 - acc: 0.7467 - categorical_crossentropy: 1.0351
 330/1000 [========>.....................] - ETA: 10s - loss: 1.0336 - acc: 0.7576 - categorical_crossentropy: 1.0336
 360/1000 [=========>....................] - ETA: 9s - loss: 1.0295 - acc: 0.7583 - categorical_crossentropy: 1.0295 
 390/1000 [==========>...................] - ETA: 9s - loss: 1.0308 - acc: 0.7564 - categorical_crossentropy: 1.0308
 420/1000 [===========>..................] - ETA: 8s - loss: 1.0272 - acc: 0.7667 - categorical_crossentropy: 1.0272
 450/1000 [============>.................] - ETA: 8s - loss: 1.0226 - acc: 0.7756 - categorical_crossentropy: 1.0226
 480/1000 [=============>................] - ETA: 7s - loss: 1.0236 - acc: 0.7708 - categorical_crossentropy: 1.0236
 510/1000 [==============>...............] - ETA: 7s - loss: 1.0186 - acc: 0.7745 - categorical_crossentropy: 1.0186
 540/1000 [===============>..............] - ETA: 7s - loss: 1.0203 - acc: 0.7722 - categorical_crossentropy: 1.0203
 570/1000 [================>.............] - ETA: 6s - loss: 1.0159 - acc: 0.7772 - categorical_crossentropy: 1.0159
 600/1000 [=================>............] - ETA: 6s - loss: 1.0104 - acc: 0.7833 - categorical_crossentropy: 1.0104
 630/1000 [=================>............] - ETA: 5s - loss: 1.0069 - acc: 0.7873 - categorical_crossentropy: 1.0069
 660/1000 [==================>...........] - ETA: 5s - loss: 1.0064 - acc: 0.7864 - categorical_crossentropy: 1.0064
 690/1000 [===================>..........] - ETA: 4s - loss: 1.0048 - acc: 0.7855 - categorical_crossentropy: 1.0048
 720/1000 [====================>.........] - ETA: 4s - loss: 1.0026 - acc: 0.7889 - categorical_crossentropy: 1.0026
 750/1000 [=====================>........] - ETA: 3s - loss: 1.0011 - acc: 0.7920 - categorical_crossentropy: 1.0011
 780/1000 [======================>.......] - ETA: 3s - loss: 0.9997 - acc: 0.7974 - categorical_crossentropy: 0.9997
 810/1000 [=======================>......] - ETA: 2s - loss: 1.0018 - acc: 0.7926 - categorical_crossentropy: 1.0018
 840/1000 [========================>.....] - ETA: 2s - loss: 1.0010 - acc: 0.7929 - categorical_crossentropy: 1.0010
 870/1000 [=========================>....] - ETA: 1s - loss: 0.9987 - acc: 0.7931 - categorical_crossentropy: 0.9987
 900/1000 [==========================>...] - ETA: 1s - loss: 0.9962 - acc: 0.7967 - categorical_crossentropy: 0.9962
 930/1000 [==========================>...] - ETA: 1s - loss: 0.9969 - acc: 0.7968 - categorical_crossentropy: 0.9969
 960/1000 [===========================>..] - ETA: 0s - loss: 0.9964 - acc: 0.7969 - categorical_crossentropy: 0.9964
 990/1000 [============================>.] - ETA: 0s - loss: 0.9937 - acc: 0.8000 - categorical_crossentropy: 0.9937
1000/1000 [==============================] - 16s 16ms/step - loss: 0.9939 - acc: 0.7990 - categorical_crossentropy: 0.9939 - val_loss: 0.9995 - val_acc: 0.7813 - val_categorical_crossentropy: 0.9995
Epoch 6/300

  30/1000 [..............................] - ETA: 14s - loss: 0.8367 - acc: 0.9000 - categorical_crossentropy: 0.8367
  60/1000 [>.............................] - ETA: 14s - loss: 0.8712 - acc: 0.8500 - categorical_crossentropy: 0.8712
  90/1000 [=>............................] - ETA: 13s - loss: 0.9045 - acc: 0.8222 - categorical_crossentropy: 0.9045
 120/1000 [==>...........................] - ETA: 13s - loss: 0.9185 - acc: 0.8250 - categorical_crossentropy: 0.9185
 150/1000 [===>..........................] - ETA: 12s - loss: 0.9303 - acc: 0.7933 - categorical_crossentropy: 0.9303
 180/1000 [====>.........................] - ETA: 12s - loss: 0.9393 - acc: 0.7944 - categorical_crossentropy: 0.9393
 210/1000 [=====>........................] - ETA: 12s - loss: 0.9345 - acc: 0.7905 - categorical_crossentropy: 0.9345
 240/1000 [======>.......................] - ETA: 11s - loss: 0.9337 - acc: 0.8042 - categorical_crossentropy: 0.9337
 270/1000 [=======>......................] - ETA: 11s - loss: 0.9285 - acc: 0.7963 - categorical_crossentropy: 0.9285
 300/1000 [========>.....................] - ETA: 10s - loss: 0.9299 - acc: 0.7967 - categorical_crossentropy: 0.9299
 330/1000 [========>.....................] - ETA: 10s - loss: 0.9240 - acc: 0.8061 - categorical_crossentropy: 0.9240
 360/1000 [=========>....................] - ETA: 9s - loss: 0.9159 - acc: 0.8083 - categorical_crossentropy: 0.9159 
 390/1000 [==========>...................] - ETA: 9s - loss: 0.9139 - acc: 0.8154 - categorical_crossentropy: 0.9139
 420/1000 [===========>..................] - ETA: 8s - loss: 0.9134 - acc: 0.8214 - categorical_crossentropy: 0.9134
 450/1000 [============>.................] - ETA: 8s - loss: 0.9159 - acc: 0.8200 - categorical_crossentropy: 0.9159
 480/1000 [=============>................] - ETA: 7s - loss: 0.9180 - acc: 0.8167 - categorical_crossentropy: 0.9180
 510/1000 [==============>...............] - ETA: 7s - loss: 0.9084 - acc: 0.8255 - categorical_crossentropy: 0.9084
 540/1000 [===============>..............] - ETA: 7s - loss: 0.9068 - acc: 0.8222 - categorical_crossentropy: 0.9068
 570/1000 [================>.............] - ETA: 6s - loss: 0.9099 - acc: 0.8158 - categorical_crossentropy: 0.9099
 600/1000 [=================>............] - ETA: 6s - loss: 0.9107 - acc: 0.8167 - categorical_crossentropy: 0.9107
 630/1000 [=================>............] - ETA: 5s - loss: 0.9135 - acc: 0.8111 - categorical_crossentropy: 0.9135
 660/1000 [==================>...........] - ETA: 5s - loss: 0.9119 - acc: 0.8091 - categorical_crossentropy: 0.9119
 690/1000 [===================>..........] - ETA: 4s - loss: 0.9108 - acc: 0.8087 - categorical_crossentropy: 0.9108
 720/1000 [====================>.........] - ETA: 4s - loss: 0.9065 - acc: 0.8125 - categorical_crossentropy: 0.9065
 750/1000 [=====================>........] - ETA: 3s - loss: 0.9051 - acc: 0.8147 - categorical_crossentropy: 0.9051
 780/1000 [======================>.......] - ETA: 3s - loss: 0.9036 - acc: 0.8128 - categorical_crossentropy: 0.9036
 810/1000 [=======================>......] - ETA: 2s - loss: 0.8989 - acc: 0.8185 - categorical_crossentropy: 0.8989
 840/1000 [========================>.....] - ETA: 2s - loss: 0.8975 - acc: 0.8226 - categorical_crossentropy: 0.8975
 870/1000 [=========================>....] - ETA: 1s - loss: 0.8974 - acc: 0.8230 - categorical_crossentropy: 0.8974
 900/1000 [==========================>...] - ETA: 1s - loss: 0.8959 - acc: 0.8267 - categorical_crossentropy: 0.8959
 930/1000 [==========================>...] - ETA: 1s - loss: 0.8910 - acc: 0.8312 - categorical_crossentropy: 0.8910
 960/1000 [===========================>..] - ETA: 0s - loss: 0.8910 - acc: 0.8292 - categorical_crossentropy: 0.8910
 990/1000 [============================>.] - ETA: 0s - loss: 0.8922 - acc: 0.8293 - categorical_crossentropy: 0.8922
1000/1000 [==============================] - 16s 16ms/step - loss: 0.8917 - acc: 0.8300 - categorical_crossentropy: 0.8917 - val_loss: 0.9295 - val_acc: 0.8125 - val_categorical_crossentropy: 0.9295
Epoch 7/300

  30/1000 [..............................] - ETA: 14s - loss: 0.9090 - acc: 0.8000 - categorical_crossentropy: 0.9090
  60/1000 [>.............................] - ETA: 14s - loss: 0.8729 - acc: 0.7833 - categorical_crossentropy: 0.8729
  90/1000 [=>............................] - ETA: 13s - loss: 0.8278 - acc: 0.8444 - categorical_crossentropy: 0.8278
 120/1000 [==>...........................] - ETA: 13s - loss: 0.8280 - acc: 0.8333 - categorical_crossentropy: 0.8280
 150/1000 [===>..........................] - ETA: 13s - loss: 0.8357 - acc: 0.8333 - categorical_crossentropy: 0.8357
 180/1000 [====>.........................] - ETA: 12s - loss: 0.8314 - acc: 0.8333 - categorical_crossentropy: 0.8314
 210/1000 [=====>........................] - ETA: 12s - loss: 0.8314 - acc: 0.8381 - categorical_crossentropy: 0.8314
 240/1000 [======>.......................] - ETA: 11s - loss: 0.8459 - acc: 0.8292 - categorical_crossentropy: 0.8459
 270/1000 [=======>......................] - ETA: 11s - loss: 0.8341 - acc: 0.8333 - categorical_crossentropy: 0.8341
 300/1000 [========>.....................] - ETA: 10s - loss: 0.8327 - acc: 0.8300 - categorical_crossentropy: 0.8327
 330/1000 [========>.....................] - ETA: 10s - loss: 0.8312 - acc: 0.8303 - categorical_crossentropy: 0.8312
 360/1000 [=========>....................] - ETA: 9s - loss: 0.8347 - acc: 0.8278 - categorical_crossentropy: 0.8347 
 390/1000 [==========>...................] - ETA: 9s - loss: 0.8282 - acc: 0.8333 - categorical_crossentropy: 0.8282
 420/1000 [===========>..................] - ETA: 8s - loss: 0.8366 - acc: 0.8286 - categorical_crossentropy: 0.8366
 450/1000 [============>.................] - ETA: 8s - loss: 0.8363 - acc: 0.8267 - categorical_crossentropy: 0.8363
 480/1000 [=============>................] - ETA: 7s - loss: 0.8310 - acc: 0.8312 - categorical_crossentropy: 0.8310
 510/1000 [==============>...............] - ETA: 7s - loss: 0.8259 - acc: 0.8353 - categorical_crossentropy: 0.8259
 540/1000 [===============>..............] - ETA: 7s - loss: 0.8268 - acc: 0.8315 - categorical_crossentropy: 0.8268
 570/1000 [================>.............] - ETA: 6s - loss: 0.8277 - acc: 0.8316 - categorical_crossentropy: 0.8277
 600/1000 [=================>............] - ETA: 6s - loss: 0.8266 - acc: 0.8317 - categorical_crossentropy: 0.8266
 630/1000 [=================>............] - ETA: 5s - loss: 0.8279 - acc: 0.8286 - categorical_crossentropy: 0.8279
 660/1000 [==================>...........] - ETA: 5s - loss: 0.8243 - acc: 0.8303 - categorical_crossentropy: 0.8243
 690/1000 [===================>..........] - ETA: 4s - loss: 0.8185 - acc: 0.8362 - categorical_crossentropy: 0.8185
 720/1000 [====================>.........] - ETA: 4s - loss: 0.8217 - acc: 0.8347 - categorical_crossentropy: 0.8217
 750/1000 [=====================>........] - ETA: 3s - loss: 0.8212 - acc: 0.8347 - categorical_crossentropy: 0.8212
 780/1000 [======================>.......] - ETA: 3s - loss: 0.8190 - acc: 0.8346 - categorical_crossentropy: 0.8190
 810/1000 [=======================>......] - ETA: 2s - loss: 0.8184 - acc: 0.8346 - categorical_crossentropy: 0.8184
 840/1000 [========================>.....] - ETA: 2s - loss: 0.8163 - acc: 0.8381 - categorical_crossentropy: 0.8163
 870/1000 [=========================>....] - ETA: 1s - loss: 0.8149 - acc: 0.8379 - categorical_crossentropy: 0.8149
 900/1000 [==========================>...] - ETA: 1s - loss: 0.8126 - acc: 0.8411 - categorical_crossentropy: 0.8126
 930/1000 [==========================>...] - ETA: 1s - loss: 0.8132 - acc: 0.8409 - categorical_crossentropy: 0.8132
 960/1000 [===========================>..] - ETA: 0s - loss: 0.8098 - acc: 0.8437 - categorical_crossentropy: 0.8098
 990/1000 [============================>.] - ETA: 0s - loss: 0.8076 - acc: 0.8455 - categorical_crossentropy: 0.8076
1000/1000 [==============================] - 16s 16ms/step - loss: 0.8086 - acc: 0.8460 - categorical_crossentropy: 0.8086 - val_loss: 0.8615 - val_acc: 0.8125 - val_categorical_crossentropy: 0.8615
Epoch 8/300

  30/1000 [..............................] - ETA: 14s - loss: 0.6960 - acc: 0.9333 - categorical_crossentropy: 0.6960
  60/1000 [>.............................] - ETA: 14s - loss: 0.6768 - acc: 0.9000 - categorical_crossentropy: 0.6768
  90/1000 [=>............................] - ETA: 13s - loss: 0.7103 - acc: 0.8667 - categorical_crossentropy: 0.7103
 120/1000 [==>...........................] - ETA: 13s - loss: 0.7129 - acc: 0.8750 - categorical_crossentropy: 0.7129
 150/1000 [===>..........................] - ETA: 12s - loss: 0.7177 - acc: 0.8600 - categorical_crossentropy: 0.7177
 180/1000 [====>.........................] - ETA: 12s - loss: 0.7355 - acc: 0.8667 - categorical_crossentropy: 0.7355
 210/1000 [=====>........................] - ETA: 12s - loss: 0.7407 - acc: 0.8714 - categorical_crossentropy: 0.7407
 240/1000 [======>.......................] - ETA: 11s - loss: 0.7487 - acc: 0.8625 - categorical_crossentropy: 0.7487
 270/1000 [=======>......................] - ETA: 11s - loss: 0.7602 - acc: 0.8519 - categorical_crossentropy: 0.7602
 300/1000 [========>.....................] - ETA: 10s - loss: 0.7611 - acc: 0.8500 - categorical_crossentropy: 0.7611
 330/1000 [========>.....................] - ETA: 10s - loss: 0.7617 - acc: 0.8515 - categorical_crossentropy: 0.7617
 360/1000 [=========>....................] - ETA: 9s - loss: 0.7592 - acc: 0.8500 - categorical_crossentropy: 0.7592 
 390/1000 [==========>...................] - ETA: 9s - loss: 0.7587 - acc: 0.8513 - categorical_crossentropy: 0.7587
 420/1000 [===========>..................] - ETA: 8s - loss: 0.7558 - acc: 0.8548 - categorical_crossentropy: 0.7558
 450/1000 [============>.................] - ETA: 8s - loss: 0.7533 - acc: 0.8533 - categorical_crossentropy: 0.7533
 480/1000 [=============>................] - ETA: 7s - loss: 0.7523 - acc: 0.8562 - categorical_crossentropy: 0.7523
 510/1000 [==============>...............] - ETA: 7s - loss: 0.7494 - acc: 0.8529 - categorical_crossentropy: 0.7494
 540/1000 [===============>..............] - ETA: 7s - loss: 0.7453 - acc: 0.8574 - categorical_crossentropy: 0.7453
 570/1000 [================>.............] - ETA: 6s - loss: 0.7486 - acc: 0.8544 - categorical_crossentropy: 0.7486
 600/1000 [=================>............] - ETA: 6s - loss: 0.7495 - acc: 0.8517 - categorical_crossentropy: 0.7495
 630/1000 [=================>............] - ETA: 5s - loss: 0.7516 - acc: 0.8476 - categorical_crossentropy: 0.7516
 660/1000 [==================>...........] - ETA: 5s - loss: 0.7511 - acc: 0.8485 - categorical_crossentropy: 0.7511
 690/1000 [===================>..........] - ETA: 4s - loss: 0.7525 - acc: 0.8464 - categorical_crossentropy: 0.7525
 720/1000 [====================>.........] - ETA: 4s - loss: 0.7489 - acc: 0.8500 - categorical_crossentropy: 0.7489
 750/1000 [=====================>........] - ETA: 3s - loss: 0.7490 - acc: 0.8520 - categorical_crossentropy: 0.7490
 780/1000 [======================>.......] - ETA: 3s - loss: 0.7445 - acc: 0.8526 - categorical_crossentropy: 0.7445
 810/1000 [=======================>......] - ETA: 2s - loss: 0.7435 - acc: 0.8568 - categorical_crossentropy: 0.7435
 840/1000 [========================>.....] - ETA: 2s - loss: 0.7457 - acc: 0.8536 - categorical_crossentropy: 0.7457
 870/1000 [=========================>....] - ETA: 1s - loss: 0.7452 - acc: 0.8552 - categorical_crossentropy: 0.7452
 900/1000 [==========================>...] - ETA: 1s - loss: 0.7396 - acc: 0.8578 - categorical_crossentropy: 0.7396
 930/1000 [==========================>...] - ETA: 1s - loss: 0.7404 - acc: 0.8559 - categorical_crossentropy: 0.7404
 960/1000 [===========================>..] - ETA: 0s - loss: 0.7416 - acc: 0.8573 - categorical_crossentropy: 0.7416
 990/1000 [============================>.] - ETA: 0s - loss: 0.7389 - acc: 0.8606 - categorical_crossentropy: 0.7389
1000/1000 [==============================] - 16s 16ms/step - loss: 0.7388 - acc: 0.8610 - categorical_crossentropy: 0.7388 - val_loss: 0.7987 - val_acc: 0.8437 - val_categorical_crossentropy: 0.7987
Epoch 9/300

  30/1000 [..............................] - ETA: 14s - loss: 0.6580 - acc: 0.9333 - categorical_crossentropy: 0.6580
  60/1000 [>.............................] - ETA: 14s - loss: 0.6782 - acc: 0.9333 - categorical_crossentropy: 0.6782
  90/1000 [=>............................] - ETA: 13s - loss: 0.6854 - acc: 0.8889 - categorical_crossentropy: 0.6854
 120/1000 [==>...........................] - ETA: 13s - loss: 0.6701 - acc: 0.8917 - categorical_crossentropy: 0.6701
 150/1000 [===>..........................] - ETA: 12s - loss: 0.6512 - acc: 0.9067 - categorical_crossentropy: 0.6512
 180/1000 [====>.........................] - ETA: 12s - loss: 0.6512 - acc: 0.8944 - categorical_crossentropy: 0.6512
 210/1000 [=====>........................] - ETA: 12s - loss: 0.6474 - acc: 0.8952 - categorical_crossentropy: 0.6474
 240/1000 [======>.......................] - ETA: 11s - loss: 0.6550 - acc: 0.8917 - categorical_crossentropy: 0.6550
 270/1000 [=======>......................] - ETA: 11s - loss: 0.6451 - acc: 0.8963 - categorical_crossentropy: 0.6451
 300/1000 [========>.....................] - ETA: 10s - loss: 0.6456 - acc: 0.8933 - categorical_crossentropy: 0.6456
 330/1000 [========>.....................] - ETA: 10s - loss: 0.6399 - acc: 0.8970 - categorical_crossentropy: 0.6399
 360/1000 [=========>....................] - ETA: 9s - loss: 0.6324 - acc: 0.9028 - categorical_crossentropy: 0.6324 
 390/1000 [==========>...................] - ETA: 9s - loss: 0.6324 - acc: 0.9026 - categorical_crossentropy: 0.6324
 420/1000 [===========>..................] - ETA: 8s - loss: 0.6401 - acc: 0.9000 - categorical_crossentropy: 0.6401
 450/1000 [============>.................] - ETA: 8s - loss: 0.6450 - acc: 0.8978 - categorical_crossentropy: 0.6450
 480/1000 [=============>................] - ETA: 7s - loss: 0.6437 - acc: 0.8958 - categorical_crossentropy: 0.6437
 510/1000 [==============>...............] - ETA: 7s - loss: 0.6447 - acc: 0.8961 - categorical_crossentropy: 0.6447
 540/1000 [===============>..............] - ETA: 7s - loss: 0.6463 - acc: 0.8944 - categorical_crossentropy: 0.6463
 570/1000 [================>.............] - ETA: 6s - loss: 0.6482 - acc: 0.8965 - categorical_crossentropy: 0.6482
 600/1000 [=================>............] - ETA: 6s - loss: 0.6528 - acc: 0.8917 - categorical_crossentropy: 0.6528
 630/1000 [=================>............] - ETA: 5s - loss: 0.6520 - acc: 0.8873 - categorical_crossentropy: 0.6520
 660/1000 [==================>...........] - ETA: 5s - loss: 0.6527 - acc: 0.8864 - categorical_crossentropy: 0.6527
 690/1000 [===================>..........] - ETA: 4s - loss: 0.6542 - acc: 0.8812 - categorical_crossentropy: 0.6542
 720/1000 [====================>.........] - ETA: 4s - loss: 0.6525 - acc: 0.8819 - categorical_crossentropy: 0.6525
 750/1000 [=====================>........] - ETA: 3s - loss: 0.6496 - acc: 0.8840 - categorical_crossentropy: 0.6496
 780/1000 [======================>.......] - ETA: 3s - loss: 0.6465 - acc: 0.8859 - categorical_crossentropy: 0.6465
 810/1000 [=======================>......] - ETA: 2s - loss: 0.6512 - acc: 0.8802 - categorical_crossentropy: 0.6512
 840/1000 [========================>.....] - ETA: 2s - loss: 0.6496 - acc: 0.8810 - categorical_crossentropy: 0.6496
 870/1000 [=========================>....] - ETA: 1s - loss: 0.6497 - acc: 0.8805 - categorical_crossentropy: 0.6497
 900/1000 [==========================>...] - ETA: 1s - loss: 0.6483 - acc: 0.8800 - categorical_crossentropy: 0.6483
 930/1000 [==========================>...] - ETA: 1s - loss: 0.6488 - acc: 0.8796 - categorical_crossentropy: 0.6488
 960/1000 [===========================>..] - ETA: 0s - loss: 0.6512 - acc: 0.8802 - categorical_crossentropy: 0.6512
 990/1000 [============================>.] - ETA: 0s - loss: 0.6521 - acc: 0.8818 - categorical_crossentropy: 0.6521
1000/1000 [==============================] - 16s 16ms/step - loss: 0.6541 - acc: 0.8790 - categorical_crossentropy: 0.6541 - val_loss: 0.7503 - val_acc: 0.8437 - val_categorical_crossentropy: 0.7503
Epoch 10/300

  30/1000 [..............................] - ETA: 14s - loss: 0.6889 - acc: 0.8000 - categorical_crossentropy: 0.6889
  60/1000 [>.............................] - ETA: 14s - loss: 0.6005 - acc: 0.8500 - categorical_crossentropy: 0.6005
  90/1000 [=>............................] - ETA: 13s - loss: 0.5877 - acc: 0.8556 - categorical_crossentropy: 0.5877
 120/1000 [==>...........................] - ETA: 13s - loss: 0.6335 - acc: 0.8417 - categorical_crossentropy: 0.6335
 150/1000 [===>..........................] - ETA: 12s - loss: 0.6411 - acc: 0.8467 - categorical_crossentropy: 0.6411
 180/1000 [====>.........................] - ETA: 12s - loss: 0.6332 - acc: 0.8667 - categorical_crossentropy: 0.6332
 210/1000 [=====>........................] - ETA: 12s - loss: 0.6401 - acc: 0.8619 - categorical_crossentropy: 0.6401
 240/1000 [======>.......................] - ETA: 11s - loss: 0.6441 - acc: 0.8583 - categorical_crossentropy: 0.6441
 270/1000 [=======>......................] - ETA: 11s - loss: 0.6337 - acc: 0.8630 - categorical_crossentropy: 0.6337
 300/1000 [========>.....................] - ETA: 10s - loss: 0.6317 - acc: 0.8667 - categorical_crossentropy: 0.6317
 330/1000 [========>.....................] - ETA: 10s - loss: 0.6364 - acc: 0.8576 - categorical_crossentropy: 0.6364
 360/1000 [=========>....................] - ETA: 9s - loss: 0.6340 - acc: 0.8583 - categorical_crossentropy: 0.6340 
 390/1000 [==========>...................] - ETA: 9s - loss: 0.6255 - acc: 0.8667 - categorical_crossentropy: 0.6255
 420/1000 [===========>..................] - ETA: 8s - loss: 0.6196 - acc: 0.8714 - categorical_crossentropy: 0.6196
 450/1000 [============>.................] - ETA: 8s - loss: 0.6123 - acc: 0.8778 - categorical_crossentropy: 0.6123
 480/1000 [=============>................] - ETA: 7s - loss: 0.6154 - acc: 0.8750 - categorical_crossentropy: 0.6154
 510/1000 [==============>...............] - ETA: 7s - loss: 0.6189 - acc: 0.8706 - categorical_crossentropy: 0.6189
 540/1000 [===============>..............] - ETA: 7s - loss: 0.6125 - acc: 0.8759 - categorical_crossentropy: 0.6125
 570/1000 [================>.............] - ETA: 6s - loss: 0.6101 - acc: 0.8772 - categorical_crossentropy: 0.6101
 600/1000 [=================>............] - ETA: 6s - loss: 0.6073 - acc: 0.8817 - categorical_crossentropy: 0.6073
 630/1000 [=================>............] - ETA: 5s - loss: 0.6066 - acc: 0.8825 - categorical_crossentropy: 0.6066
 660/1000 [==================>...........] - ETA: 5s - loss: 0.6055 - acc: 0.8818 - categorical_crossentropy: 0.6055
 690/1000 [===================>..........] - ETA: 4s - loss: 0.6022 - acc: 0.8826 - categorical_crossentropy: 0.6022
 720/1000 [====================>.........] - ETA: 4s - loss: 0.6022 - acc: 0.8819 - categorical_crossentropy: 0.6022
 750/1000 [=====================>........] - ETA: 3s - loss: 0.6012 - acc: 0.8827 - categorical_crossentropy: 0.6012
 780/1000 [======================>.......] - ETA: 3s - loss: 0.5974 - acc: 0.8846 - categorical_crossentropy: 0.5974
 810/1000 [=======================>......] - ETA: 2s - loss: 0.5934 - acc: 0.8877 - categorical_crossentropy: 0.5934
 840/1000 [========================>.....] - ETA: 2s - loss: 0.5920 - acc: 0.8881 - categorical_crossentropy: 0.5920
 870/1000 [=========================>....] - ETA: 1s - loss: 0.5919 - acc: 0.8908 - categorical_crossentropy: 0.5919
 900/1000 [==========================>...] - ETA: 1s - loss: 0.5899 - acc: 0.8922 - categorical_crossentropy: 0.5899
 930/1000 [==========================>...] - ETA: 1s - loss: 0.5900 - acc: 0.8925 - categorical_crossentropy: 0.5900
 960/1000 [===========================>..] - ETA: 0s - loss: 0.5899 - acc: 0.8927 - categorical_crossentropy: 0.5899
 990/1000 [============================>.] - ETA: 0s - loss: 0.5896 - acc: 0.8929 - categorical_crossentropy: 0.5896
1000/1000 [==============================] - 16s 16ms/step - loss: 0.5903 - acc: 0.8930 - categorical_crossentropy: 0.5903 - val_loss: 0.6978 - val_acc: 0.8437 - val_categorical_crossentropy: 0.6978
Epoch 11/300

  30/1000 [..............................] - ETA: 14s - loss: 0.5730 - acc: 0.9667 - categorical_crossentropy: 0.5730
  60/1000 [>.............................] - ETA: 14s - loss: 0.6188 - acc: 0.9000 - categorical_crossentropy: 0.6188
  90/1000 [=>............................] - ETA: 13s - loss: 0.6678 - acc: 0.8556 - categorical_crossentropy: 0.6678
 120/1000 [==>...........................] - ETA: 13s - loss: 0.6231 - acc: 0.8667 - categorical_crossentropy: 0.6231
 150/1000 [===>..........................] - ETA: 12s - loss: 0.6317 - acc: 0.8467 - categorical_crossentropy: 0.6317
 180/1000 [====>.........................] - ETA: 12s - loss: 0.6155 - acc: 0.8500 - categorical_crossentropy: 0.6155
 210/1000 [=====>........................] - ETA: 12s - loss: 0.5947 - acc: 0.8667 - categorical_crossentropy: 0.5947
 240/1000 [======>.......................] - ETA: 11s - loss: 0.5843 - acc: 0.8792 - categorical_crossentropy: 0.5843
 270/1000 [=======>......................] - ETA: 11s - loss: 0.5811 - acc: 0.8815 - categorical_crossentropy: 0.5811
 300/1000 [========>.....................] - ETA: 10s - loss: 0.5822 - acc: 0.8800 - categorical_crossentropy: 0.5822
 330/1000 [========>.....................] - ETA: 10s - loss: 0.5758 - acc: 0.8848 - categorical_crossentropy: 0.5758
 360/1000 [=========>....................] - ETA: 9s - loss: 0.5756 - acc: 0.8861 - categorical_crossentropy: 0.5756 
 390/1000 [==========>...................] - ETA: 9s - loss: 0.5644 - acc: 0.8923 - categorical_crossentropy: 0.5644
 420/1000 [===========>..................] - ETA: 8s - loss: 0.5618 - acc: 0.8929 - categorical_crossentropy: 0.5618
 450/1000 [============>.................] - ETA: 8s - loss: 0.5616 - acc: 0.8867 - categorical_crossentropy: 0.5616
 480/1000 [=============>................] - ETA: 7s - loss: 0.5612 - acc: 0.8875 - categorical_crossentropy: 0.5612
 510/1000 [==============>...............] - ETA: 7s - loss: 0.5677 - acc: 0.8824 - categorical_crossentropy: 0.5677
 540/1000 [===============>..............] - ETA: 7s - loss: 0.5698 - acc: 0.8833 - categorical_crossentropy: 0.5698
 570/1000 [================>.............] - ETA: 6s - loss: 0.5639 - acc: 0.8860 - categorical_crossentropy: 0.5639
 600/1000 [=================>............] - ETA: 6s - loss: 0.5635 - acc: 0.8883 - categorical_crossentropy: 0.5635
 630/1000 [=================>............] - ETA: 5s - loss: 0.5652 - acc: 0.8841 - categorical_crossentropy: 0.5652
 660/1000 [==================>...........] - ETA: 5s - loss: 0.5612 - acc: 0.8894 - categorical_crossentropy: 0.5612
 690/1000 [===================>..........] - ETA: 4s - loss: 0.5608 - acc: 0.8913 - categorical_crossentropy: 0.5608
 720/1000 [====================>.........] - ETA: 4s - loss: 0.5572 - acc: 0.8931 - categorical_crossentropy: 0.5572
 750/1000 [=====================>........] - ETA: 3s - loss: 0.5537 - acc: 0.8960 - categorical_crossentropy: 0.5537
 780/1000 [======================>.......] - ETA: 3s - loss: 0.5515 - acc: 0.8974 - categorical_crossentropy: 0.5515
 810/1000 [=======================>......] - ETA: 2s - loss: 0.5497 - acc: 0.8963 - categorical_crossentropy: 0.5497
 840/1000 [========================>.....] - ETA: 2s - loss: 0.5504 - acc: 0.8940 - categorical_crossentropy: 0.5504
 870/1000 [=========================>....] - ETA: 1s - loss: 0.5482 - acc: 0.8954 - categorical_crossentropy: 0.5482
 900/1000 [==========================>...] - ETA: 1s - loss: 0.5476 - acc: 0.8978 - categorical_crossentropy: 0.5476
 930/1000 [==========================>...] - ETA: 1s - loss: 0.5438 - acc: 0.9011 - categorical_crossentropy: 0.5438
 960/1000 [===========================>..] - ETA: 0s - loss: 0.5442 - acc: 0.9010 - categorical_crossentropy: 0.5442
 990/1000 [============================>.] - ETA: 0s - loss: 0.5414 - acc: 0.9010 - categorical_crossentropy: 0.5414
1000/1000 [==============================] - 16s 16ms/step - loss: 0.5418 - acc: 0.9010 - categorical_crossentropy: 0.5418 - val_loss: 0.6596 - val_acc: 0.8437 - val_categorical_crossentropy: 0.6596
Epoch 12/300

  30/1000 [..............................] - ETA: 14s - loss: 0.5385 - acc: 0.9000 - categorical_crossentropy: 0.5385
  60/1000 [>.............................] - ETA: 14s - loss: 0.5309 - acc: 0.9167 - categorical_crossentropy: 0.5309
  90/1000 [=>............................] - ETA: 13s - loss: 0.4864 - acc: 0.9444 - categorical_crossentropy: 0.4864
 120/1000 [==>...........................] - ETA: 13s - loss: 0.4852 - acc: 0.9250 - categorical_crossentropy: 0.4852
 150/1000 [===>..........................] - ETA: 12s - loss: 0.4840 - acc: 0.9267 - categorical_crossentropy: 0.4840
 180/1000 [====>.........................] - ETA: 12s - loss: 0.4910 - acc: 0.9278 - categorical_crossentropy: 0.4910
 210/1000 [=====>........................] - ETA: 12s - loss: 0.4878 - acc: 0.9238 - categorical_crossentropy: 0.4878
 240/1000 [======>.......................] - ETA: 11s - loss: 0.5060 - acc: 0.9125 - categorical_crossentropy: 0.5060
 270/1000 [=======>......................] - ETA: 11s - loss: 0.5200 - acc: 0.9000 - categorical_crossentropy: 0.5200
 300/1000 [========>.....................] - ETA: 10s - loss: 0.5109 - acc: 0.9100 - categorical_crossentropy: 0.5109
 330/1000 [========>.....................] - ETA: 10s - loss: 0.5018 - acc: 0.9121 - categorical_crossentropy: 0.5018
 360/1000 [=========>....................] - ETA: 9s - loss: 0.5060 - acc: 0.9111 - categorical_crossentropy: 0.5060 
 390/1000 [==========>...................] - ETA: 9s - loss: 0.5059 - acc: 0.9103 - categorical_crossentropy: 0.5059
 420/1000 [===========>..................] - ETA: 8s - loss: 0.5073 - acc: 0.9119 - categorical_crossentropy: 0.5073
 450/1000 [============>.................] - ETA: 8s - loss: 0.4984 - acc: 0.9178 - categorical_crossentropy: 0.4984
 480/1000 [=============>................] - ETA: 7s - loss: 0.5003 - acc: 0.9146 - categorical_crossentropy: 0.5003
 510/1000 [==============>...............] - ETA: 7s - loss: 0.4952 - acc: 0.9137 - categorical_crossentropy: 0.4952
 540/1000 [===============>..............] - ETA: 7s - loss: 0.4884 - acc: 0.9148 - categorical_crossentropy: 0.4884
 570/1000 [================>.............] - ETA: 6s - loss: 0.4870 - acc: 0.9158 - categorical_crossentropy: 0.4870
 600/1000 [=================>............] - ETA: 6s - loss: 0.4880 - acc: 0.9150 - categorical_crossentropy: 0.4880
 630/1000 [=================>............] - ETA: 5s - loss: 0.4862 - acc: 0.9175 - categorical_crossentropy: 0.4862
 660/1000 [==================>...........] - ETA: 5s - loss: 0.4916 - acc: 0.9136 - categorical_crossentropy: 0.4916
 690/1000 [===================>..........] - ETA: 4s - loss: 0.4931 - acc: 0.9130 - categorical_crossentropy: 0.4931
 720/1000 [====================>.........] - ETA: 4s - loss: 0.4916 - acc: 0.9139 - categorical_crossentropy: 0.4916
 750/1000 [=====================>........] - ETA: 3s - loss: 0.4903 - acc: 0.9173 - categorical_crossentropy: 0.4903
 780/1000 [======================>.......] - ETA: 3s - loss: 0.4880 - acc: 0.9192 - categorical_crossentropy: 0.4880
 810/1000 [=======================>......] - ETA: 2s - loss: 0.4875 - acc: 0.9222 - categorical_crossentropy: 0.4875
 840/1000 [========================>.....] - ETA: 2s - loss: 0.4881 - acc: 0.9214 - categorical_crossentropy: 0.4881
 870/1000 [=========================>....] - ETA: 1s - loss: 0.4879 - acc: 0.9195 - categorical_crossentropy: 0.4879
 900/1000 [==========================>...] - ETA: 1s - loss: 0.4846 - acc: 0.9200 - categorical_crossentropy: 0.4846
 930/1000 [==========================>...] - ETA: 1s - loss: 0.4836 - acc: 0.9194 - categorical_crossentropy: 0.4836
 960/1000 [===========================>..] - ETA: 0s - loss: 0.4845 - acc: 0.9177 - categorical_crossentropy: 0.4845
 990/1000 [============================>.] - ETA: 0s - loss: 0.4858 - acc: 0.9172 - categorical_crossentropy: 0.4858
1000/1000 [==============================] - 16s 16ms/step - loss: 0.4857 - acc: 0.9170 - categorical_crossentropy: 0.4857 - val_loss: 0.6212 - val_acc: 0.8437 - val_categorical_crossentropy: 0.6212
Epoch 13/300

  30/1000 [..............................] - ETA: 14s - loss: 0.3929 - acc: 0.9667 - categorical_crossentropy: 0.3929
  60/1000 [>.............................] - ETA: 14s - loss: 0.3936 - acc: 0.9500 - categorical_crossentropy: 0.3936
  90/1000 [=>............................] - ETA: 13s - loss: 0.3955 - acc: 0.9556 - categorical_crossentropy: 0.3955
 120/1000 [==>...........................] - ETA: 13s - loss: 0.3984 - acc: 0.9667 - categorical_crossentropy: 0.3984
 150/1000 [===>..........................] - ETA: 12s - loss: 0.4231 - acc: 0.9533 - categorical_crossentropy: 0.4231
 180/1000 [====>.........................] - ETA: 12s - loss: 0.4283 - acc: 0.9444 - categorical_crossentropy: 0.4283
 210/1000 [=====>........................] - ETA: 12s - loss: 0.4259 - acc: 0.9429 - categorical_crossentropy: 0.4259
 240/1000 [======>.......................] - ETA: 11s - loss: 0.4229 - acc: 0.9375 - categorical_crossentropy: 0.4229
 270/1000 [=======>......................] - ETA: 11s - loss: 0.4386 - acc: 0.9333 - categorical_crossentropy: 0.4386
 300/1000 [========>.....................] - ETA: 10s - loss: 0.4402 - acc: 0.9333 - categorical_crossentropy: 0.4402
 330/1000 [========>.....................] - ETA: 10s - loss: 0.4493 - acc: 0.9303 - categorical_crossentropy: 0.4493
 360/1000 [=========>....................] - ETA: 9s - loss: 0.4466 - acc: 0.9278 - categorical_crossentropy: 0.4466 
 390/1000 [==========>...................] - ETA: 9s - loss: 0.4394 - acc: 0.9308 - categorical_crossentropy: 0.4394
 420/1000 [===========>..................] - ETA: 8s - loss: 0.4426 - acc: 0.9262 - categorical_crossentropy: 0.4426
 450/1000 [============>.................] - ETA: 8s - loss: 0.4393 - acc: 0.9267 - categorical_crossentropy: 0.4393
 480/1000 [=============>................] - ETA: 7s - loss: 0.4408 - acc: 0.9271 - categorical_crossentropy: 0.4408
 510/1000 [==============>...............] - ETA: 7s - loss: 0.4427 - acc: 0.9275 - categorical_crossentropy: 0.4427
 540/1000 [===============>..............] - ETA: 7s - loss: 0.4454 - acc: 0.9259 - categorical_crossentropy: 0.4454
 570/1000 [================>.............] - ETA: 6s - loss: 0.4431 - acc: 0.9246 - categorical_crossentropy: 0.4431
 600/1000 [=================>............] - ETA: 6s - loss: 0.4384 - acc: 0.9283 - categorical_crossentropy: 0.4384
 630/1000 [=================>............] - ETA: 5s - loss: 0.4399 - acc: 0.9286 - categorical_crossentropy: 0.4399
 660/1000 [==================>...........] - ETA: 5s - loss: 0.4406 - acc: 0.9288 - categorical_crossentropy: 0.4406
 690/1000 [===================>..........] - ETA: 4s - loss: 0.4489 - acc: 0.9217 - categorical_crossentropy: 0.4489
 720/1000 [====================>.........] - ETA: 4s - loss: 0.4487 - acc: 0.9222 - categorical_crossentropy: 0.4487
 750/1000 [=====================>........] - ETA: 3s - loss: 0.4514 - acc: 0.9227 - categorical_crossentropy: 0.4514
 780/1000 [======================>.......] - ETA: 3s - loss: 0.4497 - acc: 0.9244 - categorical_crossentropy: 0.4497
 810/1000 [=======================>......] - ETA: 2s - loss: 0.4490 - acc: 0.9222 - categorical_crossentropy: 0.4490
 840/1000 [========================>.....] - ETA: 2s - loss: 0.4502 - acc: 0.9226 - categorical_crossentropy: 0.4502
 870/1000 [=========================>....] - ETA: 1s - loss: 0.4471 - acc: 0.9241 - categorical_crossentropy: 0.4471
 900/1000 [==========================>...] - ETA: 1s - loss: 0.4444 - acc: 0.9233 - categorical_crossentropy: 0.4444
 930/1000 [==========================>...] - ETA: 1s - loss: 0.4439 - acc: 0.9237 - categorical_crossentropy: 0.4439
 960/1000 [===========================>..] - ETA: 0s - loss: 0.4411 - acc: 0.9250 - categorical_crossentropy: 0.4411
 990/1000 [============================>.] - ETA: 0s - loss: 0.4435 - acc: 0.9253 - categorical_crossentropy: 0.4435
1000/1000 [==============================] - 16s 16ms/step - loss: 0.4465 - acc: 0.9230 - categorical_crossentropy: 0.4465 - val_loss: 0.5893 - val_acc: 0.8437 - val_categorical_crossentropy: 0.5893
Epoch 14/300

  30/1000 [..............................] - ETA: 14s - loss: 0.5242 - acc: 0.8667 - categorical_crossentropy: 0.5242
  60/1000 [>.............................] - ETA: 14s - loss: 0.4900 - acc: 0.8667 - categorical_crossentropy: 0.4900
  90/1000 [=>............................] - ETA: 13s - loss: 0.4561 - acc: 0.8889 - categorical_crossentropy: 0.4561
 120/1000 [==>...........................] - ETA: 13s - loss: 0.4355 - acc: 0.9167 - categorical_crossentropy: 0.4355
 150/1000 [===>..........................] - ETA: 12s - loss: 0.4251 - acc: 0.9200 - categorical_crossentropy: 0.4251
 180/1000 [====>.........................] - ETA: 12s - loss: 0.4258 - acc: 0.9222 - categorical_crossentropy: 0.4258
 210/1000 [=====>........................] - ETA: 12s - loss: 0.4377 - acc: 0.9143 - categorical_crossentropy: 0.4377
 240/1000 [======>.......................] - ETA: 11s - loss: 0.4310 - acc: 0.9125 - categorical_crossentropy: 0.4310
 270/1000 [=======>......................] - ETA: 11s - loss: 0.4410 - acc: 0.9000 - categorical_crossentropy: 0.4410
 300/1000 [========>.....................] - ETA: 10s - loss: 0.4353 - acc: 0.9033 - categorical_crossentropy: 0.4353
 330/1000 [========>.....................] - ETA: 10s - loss: 0.4322 - acc: 0.9061 - categorical_crossentropy: 0.4322
 360/1000 [=========>....................] - ETA: 9s - loss: 0.4290 - acc: 0.9139 - categorical_crossentropy: 0.4290 
 390/1000 [==========>...................] - ETA: 9s - loss: 0.4323 - acc: 0.9128 - categorical_crossentropy: 0.4323
 420/1000 [===========>..................] - ETA: 8s - loss: 0.4349 - acc: 0.9071 - categorical_crossentropy: 0.4349
 450/1000 [============>.................] - ETA: 8s - loss: 0.4325 - acc: 0.9089 - categorical_crossentropy: 0.4325
 480/1000 [=============>................] - ETA: 7s - loss: 0.4325 - acc: 0.9125 - categorical_crossentropy: 0.4325
 510/1000 [==============>...............] - ETA: 7s - loss: 0.4268 - acc: 0.9137 - categorical_crossentropy: 0.4268
 540/1000 [===============>..............] - ETA: 7s - loss: 0.4302 - acc: 0.9130 - categorical_crossentropy: 0.4302
 570/1000 [================>.............] - ETA: 6s - loss: 0.4249 - acc: 0.9175 - categorical_crossentropy: 0.4249
 600/1000 [=================>............] - ETA: 6s - loss: 0.4226 - acc: 0.9200 - categorical_crossentropy: 0.4226
 630/1000 [=================>............] - ETA: 5s - loss: 0.4237 - acc: 0.9190 - categorical_crossentropy: 0.4237
 660/1000 [==================>...........] - ETA: 5s - loss: 0.4207 - acc: 0.9227 - categorical_crossentropy: 0.4207
 690/1000 [===================>..........] - ETA: 4s - loss: 0.4201 - acc: 0.9217 - categorical_crossentropy: 0.4201
 720/1000 [====================>.........] - ETA: 4s - loss: 0.4185 - acc: 0.9236 - categorical_crossentropy: 0.4185
 750/1000 [=====================>........] - ETA: 3s - loss: 0.4189 - acc: 0.9227 - categorical_crossentropy: 0.4189
 780/1000 [======================>.......] - ETA: 3s - loss: 0.4216 - acc: 0.9205 - categorical_crossentropy: 0.4216
 810/1000 [=======================>......] - ETA: 2s - loss: 0.4216 - acc: 0.9210 - categorical_crossentropy: 0.4216
 840/1000 [========================>.....] - ETA: 2s - loss: 0.4201 - acc: 0.9202 - categorical_crossentropy: 0.4201
 870/1000 [=========================>....] - ETA: 1s - loss: 0.4192 - acc: 0.9195 - categorical_crossentropy: 0.4192
 900/1000 [==========================>...] - ETA: 1s - loss: 0.4155 - acc: 0.9222 - categorical_crossentropy: 0.4155
 930/1000 [==========================>...] - ETA: 1s - loss: 0.4138 - acc: 0.9237 - categorical_crossentropy: 0.4138
 960/1000 [===========================>..] - ETA: 0s - loss: 0.4155 - acc: 0.9229 - categorical_crossentropy: 0.4155
 990/1000 [============================>.] - ETA: 0s - loss: 0.4135 - acc: 0.9232 - categorical_crossentropy: 0.4135
1000/1000 [==============================] - 16s 16ms/step - loss: 0.4151 - acc: 0.9230 - categorical_crossentropy: 0.4151 - val_loss: 0.5561 - val_acc: 0.8437 - val_categorical_crossentropy: 0.5561
Epoch 15/300

  30/1000 [..............................] - ETA: 14s - loss: 0.3797 - acc: 0.9667 - categorical_crossentropy: 0.3797
  60/1000 [>.............................] - ETA: 14s - loss: 0.4580 - acc: 0.9167 - categorical_crossentropy: 0.4580
  90/1000 [=>............................] - ETA: 13s - loss: 0.4461 - acc: 0.9111 - categorical_crossentropy: 0.4461
 120/1000 [==>...........................] - ETA: 13s - loss: 0.4265 - acc: 0.9250 - categorical_crossentropy: 0.4265
 150/1000 [===>..........................] - ETA: 12s - loss: 0.4128 - acc: 0.9200 - categorical_crossentropy: 0.4128
 180/1000 [====>.........................] - ETA: 12s - loss: 0.4237 - acc: 0.9111 - categorical_crossentropy: 0.4237
 210/1000 [=====>........................] - ETA: 12s - loss: 0.4140 - acc: 0.9190 - categorical_crossentropy: 0.4140
 240/1000 [======>.......................] - ETA: 11s - loss: 0.3976 - acc: 0.9292 - categorical_crossentropy: 0.3976
 270/1000 [=======>......................] - ETA: 11s - loss: 0.3983 - acc: 0.9333 - categorical_crossentropy: 0.3983
 300/1000 [========>.....................] - ETA: 10s - loss: 0.3864 - acc: 0.9367 - categorical_crossentropy: 0.3864
 330/1000 [========>.....................] - ETA: 10s - loss: 0.3880 - acc: 0.9394 - categorical_crossentropy: 0.3880
 360/1000 [=========>....................] - ETA: 9s - loss: 0.3906 - acc: 0.9361 - categorical_crossentropy: 0.3906 
 390/1000 [==========>...................] - ETA: 9s - loss: 0.3859 - acc: 0.9385 - categorical_crossentropy: 0.3859
 420/1000 [===========>..................] - ETA: 8s - loss: 0.3827 - acc: 0.9381 - categorical_crossentropy: 0.3827
 450/1000 [============>.................] - ETA: 8s - loss: 0.3803 - acc: 0.9400 - categorical_crossentropy: 0.3803
 480/1000 [=============>................] - ETA: 7s - loss: 0.3814 - acc: 0.9396 - categorical_crossentropy: 0.3814
 510/1000 [==============>...............] - ETA: 7s - loss: 0.3802 - acc: 0.9373 - categorical_crossentropy: 0.3802
 540/1000 [===============>..............] - ETA: 7s - loss: 0.3862 - acc: 0.9296 - categorical_crossentropy: 0.3862
 570/1000 [================>.............] - ETA: 6s - loss: 0.3804 - acc: 0.9316 - categorical_crossentropy: 0.3804
 600/1000 [=================>............] - ETA: 6s - loss: 0.3755 - acc: 0.9317 - categorical_crossentropy: 0.3755
 630/1000 [=================>............] - ETA: 5s - loss: 0.3746 - acc: 0.9317 - categorical_crossentropy: 0.3746
 660/1000 [==================>...........] - ETA: 5s - loss: 0.3716 - acc: 0.9333 - categorical_crossentropy: 0.3716
 690/1000 [===================>..........] - ETA: 4s - loss: 0.3661 - acc: 0.9362 - categorical_crossentropy: 0.3661
 720/1000 [====================>.........] - ETA: 4s - loss: 0.3652 - acc: 0.9361 - categorical_crossentropy: 0.3652
 750/1000 [=====================>........] - ETA: 3s - loss: 0.3631 - acc: 0.9373 - categorical_crossentropy: 0.3631
 780/1000 [======================>.......] - ETA: 3s - loss: 0.3609 - acc: 0.9359 - categorical_crossentropy: 0.3609
 810/1000 [=======================>......] - ETA: 2s - loss: 0.3597 - acc: 0.9358 - categorical_crossentropy: 0.3597
 840/1000 [========================>.....] - ETA: 2s - loss: 0.3641 - acc: 0.9321 - categorical_crossentropy: 0.3641
 870/1000 [=========================>....] - ETA: 1s - loss: 0.3634 - acc: 0.9322 - categorical_crossentropy: 0.3634
 900/1000 [==========================>...] - ETA: 1s - loss: 0.3643 - acc: 0.9322 - categorical_crossentropy: 0.3643
 930/1000 [==========================>...] - ETA: 1s - loss: 0.3667 - acc: 0.9301 - categorical_crossentropy: 0.3667
 960/1000 [===========================>..] - ETA: 0s - loss: 0.3637 - acc: 0.9323 - categorical_crossentropy: 0.3637
 990/1000 [============================>.] - ETA: 0s - loss: 0.3643 - acc: 0.9323 - categorical_crossentropy: 0.3643
1000/1000 [==============================] - 16s 16ms/step - loss: 0.3651 - acc: 0.9330 - categorical_crossentropy: 0.3651 - val_loss: 0.5414 - val_acc: 0.8437 - val_categorical_crossentropy: 0.5414
Epoch 16/300

  30/1000 [..............................] - ETA: 14s - loss: 0.3162 - acc: 0.9667 - categorical_crossentropy: 0.3162
  60/1000 [>.............................] - ETA: 14s - loss: 0.3025 - acc: 0.9500 - categorical_crossentropy: 0.3025
  90/1000 [=>............................] - ETA: 13s - loss: 0.3006 - acc: 0.9556 - categorical_crossentropy: 0.3006
 120/1000 [==>...........................] - ETA: 13s - loss: 0.2845 - acc: 0.9667 - categorical_crossentropy: 0.2845
 150/1000 [===>..........................] - ETA: 12s - loss: 0.2882 - acc: 0.9733 - categorical_crossentropy: 0.2882
 180/1000 [====>.........................] - ETA: 12s - loss: 0.2822 - acc: 0.9722 - categorical_crossentropy: 0.2822
 210/1000 [=====>........................] - ETA: 12s - loss: 0.2922 - acc: 0.9714 - categorical_crossentropy: 0.2922
 240/1000 [======>.......................] - ETA: 11s - loss: 0.3049 - acc: 0.9625 - categorical_crossentropy: 0.3049
 270/1000 [=======>......................] - ETA: 11s - loss: 0.3156 - acc: 0.9593 - categorical_crossentropy: 0.3156
 300/1000 [========>.....................] - ETA: 10s - loss: 0.3255 - acc: 0.9533 - categorical_crossentropy: 0.3255
 330/1000 [========>.....................] - ETA: 10s - loss: 0.3249 - acc: 0.9545 - categorical_crossentropy: 0.3249
 360/1000 [=========>....................] - ETA: 9s - loss: 0.3321 - acc: 0.9556 - categorical_crossentropy: 0.3321 
 390/1000 [==========>...................] - ETA: 9s - loss: 0.3398 - acc: 0.9487 - categorical_crossentropy: 0.3398
 420/1000 [===========>..................] - ETA: 8s - loss: 0.3342 - acc: 0.9500 - categorical_crossentropy: 0.3342
 450/1000 [============>.................] - ETA: 8s - loss: 0.3329 - acc: 0.9533 - categorical_crossentropy: 0.3329
 480/1000 [=============>................] - ETA: 7s - loss: 0.3315 - acc: 0.9500 - categorical_crossentropy: 0.3315
 510/1000 [==============>...............] - ETA: 7s - loss: 0.3288 - acc: 0.9490 - categorical_crossentropy: 0.3288
 540/1000 [===============>..............] - ETA: 7s - loss: 0.3298 - acc: 0.9481 - categorical_crossentropy: 0.3298
 570/1000 [================>.............] - ETA: 6s - loss: 0.3278 - acc: 0.9491 - categorical_crossentropy: 0.3278
 600/1000 [=================>............] - ETA: 6s - loss: 0.3323 - acc: 0.9467 - categorical_crossentropy: 0.3323
 630/1000 [=================>............] - ETA: 5s - loss: 0.3309 - acc: 0.9476 - categorical_crossentropy: 0.3309
 660/1000 [==================>...........] - ETA: 5s - loss: 0.3328 - acc: 0.9455 - categorical_crossentropy: 0.3328
 690/1000 [===================>..........] - ETA: 4s - loss: 0.3313 - acc: 0.9464 - categorical_crossentropy: 0.3313
 720/1000 [====================>.........] - ETA: 4s - loss: 0.3288 - acc: 0.9458 - categorical_crossentropy: 0.3288
 750/1000 [=====================>........] - ETA: 3s - loss: 0.3286 - acc: 0.9440 - categorical_crossentropy: 0.3286
 780/1000 [======================>.......] - ETA: 3s - loss: 0.3255 - acc: 0.9449 - categorical_crossentropy: 0.3255
 810/1000 [=======================>......] - ETA: 2s - loss: 0.3261 - acc: 0.9444 - categorical_crossentropy: 0.3261
 840/1000 [========================>.....] - ETA: 2s - loss: 0.3283 - acc: 0.9429 - categorical_crossentropy: 0.3283
 870/1000 [=========================>....] - ETA: 1s - loss: 0.3271 - acc: 0.9425 - categorical_crossentropy: 0.3271
 900/1000 [==========================>...] - ETA: 1s - loss: 0.3283 - acc: 0.9411 - categorical_crossentropy: 0.3283
 930/1000 [==========================>...] - ETA: 1s - loss: 0.3292 - acc: 0.9409 - categorical_crossentropy: 0.3292
 960/1000 [===========================>..] - ETA: 0s - loss: 0.3298 - acc: 0.9406 - categorical_crossentropy: 0.3298
 990/1000 [============================>.] - ETA: 0s - loss: 0.3294 - acc: 0.9404 - categorical_crossentropy: 0.3294
1000/1000 [==============================] - 16s 16ms/step - loss: 0.3291 - acc: 0.9400 - categorical_crossentropy: 0.3291 - val_loss: 0.5148 - val_acc: 0.8750 - val_categorical_crossentropy: 0.5148
Epoch 17/300

  30/1000 [..............................] - ETA: 14s - loss: 0.3549 - acc: 0.9000 - categorical_crossentropy: 0.3549
  60/1000 [>.............................] - ETA: 14s - loss: 0.3456 - acc: 0.9000 - categorical_crossentropy: 0.3456
  90/1000 [=>............................] - ETA: 13s - loss: 0.3066 - acc: 0.9333 - categorical_crossentropy: 0.3066
 120/1000 [==>...........................] - ETA: 13s - loss: 0.3337 - acc: 0.9083 - categorical_crossentropy: 0.3337
 150/1000 [===>..........................] - ETA: 12s - loss: 0.3213 - acc: 0.9200 - categorical_crossentropy: 0.3213
 180/1000 [====>.........................] - ETA: 12s - loss: 0.3237 - acc: 0.9222 - categorical_crossentropy: 0.3237
 210/1000 [=====>........................] - ETA: 12s - loss: 0.3340 - acc: 0.9143 - categorical_crossentropy: 0.3340
 240/1000 [======>.......................] - ETA: 11s - loss: 0.3204 - acc: 0.9167 - categorical_crossentropy: 0.3204
 270/1000 [=======>......................] - ETA: 11s - loss: 0.3157 - acc: 0.9185 - categorical_crossentropy: 0.3157
 300/1000 [========>.....................] - ETA: 10s - loss: 0.3174 - acc: 0.9167 - categorical_crossentropy: 0.3174
 330/1000 [========>.....................] - ETA: 10s - loss: 0.3220 - acc: 0.9152 - categorical_crossentropy: 0.3220
 360/1000 [=========>....................] - ETA: 9s - loss: 0.3238 - acc: 0.9194 - categorical_crossentropy: 0.3238 
 390/1000 [==========>...................] - ETA: 9s - loss: 0.3235 - acc: 0.9205 - categorical_crossentropy: 0.3235
 420/1000 [===========>..................] - ETA: 8s - loss: 0.3258 - acc: 0.9238 - categorical_crossentropy: 0.3258
 450/1000 [============>.................] - ETA: 8s - loss: 0.3295 - acc: 0.9222 - categorical_crossentropy: 0.3295
 480/1000 [=============>................] - ETA: 7s - loss: 0.3268 - acc: 0.9250 - categorical_crossentropy: 0.3268
 510/1000 [==============>...............] - ETA: 7s - loss: 0.3307 - acc: 0.9235 - categorical_crossentropy: 0.3307
 540/1000 [===============>..............] - ETA: 7s - loss: 0.3267 - acc: 0.9259 - categorical_crossentropy: 0.3267
 570/1000 [================>.............] - ETA: 6s - loss: 0.3261 - acc: 0.9281 - categorical_crossentropy: 0.3261
 600/1000 [=================>............] - ETA: 6s - loss: 0.3279 - acc: 0.9267 - categorical_crossentropy: 0.3279
 630/1000 [=================>............] - ETA: 5s - loss: 0.3311 - acc: 0.9254 - categorical_crossentropy: 0.3311
 660/1000 [==================>...........] - ETA: 5s - loss: 0.3303 - acc: 0.9258 - categorical_crossentropy: 0.3303
 690/1000 [===================>..........] - ETA: 4s - loss: 0.3304 - acc: 0.9275 - categorical_crossentropy: 0.3304
 720/1000 [====================>.........] - ETA: 4s - loss: 0.3273 - acc: 0.9292 - categorical_crossentropy: 0.3273
 750/1000 [=====================>........] - ETA: 3s - loss: 0.3244 - acc: 0.9320 - categorical_crossentropy: 0.3244
 780/1000 [======================>.......] - ETA: 3s - loss: 0.3208 - acc: 0.9321 - categorical_crossentropy: 0.3208
 810/1000 [=======================>......] - ETA: 2s - loss: 0.3158 - acc: 0.9346 - categorical_crossentropy: 0.3158slurmstepd: error: *** JOB 15810281 ON gra949 CANCELLED AT 2019-06-12T23:13:27 ***
