
Due to MODULEPATH changes, the following have been reloaded:
  1) openmpi/2.1.1

Python 3.5.4
2019-06-11 23:37:34.060890: I tensorflow/core/common_runtime/gpu/gpu_device.cc:1432] Found device 0 with properties: 
name: Tesla P100-PCIE-12GB major: 6 minor: 0 memoryClockRate(GHz): 1.3285
pciBusID: 0000:83:00.0
totalMemory: 11.91GiB freeMemory: 11.63GiB
2019-06-11 23:37:34.061040: I tensorflow/core/common_runtime/gpu/gpu_device.cc:1511] Adding visible gpu devices: 0
2019-06-11 23:37:34.417228: I tensorflow/core/common_runtime/gpu/gpu_device.cc:982] Device interconnect StreamExecutor with strength 1 edge matrix:
2019-06-11 23:37:34.417377: I tensorflow/core/common_runtime/gpu/gpu_device.cc:988]      0 
2019-06-11 23:37:34.417421: I tensorflow/core/common_runtime/gpu/gpu_device.cc:1001] 0:   N 
2019-06-11 23:37:34.417780: I tensorflow/core/common_runtime/gpu/gpu_device.cc:1115] Created TensorFlow device (/job:localhost/replica:0/task:0/device:GPU:0 with 11251 MB memory) -> physical GPU (device: 0, name: Tesla P100-PCIE-12GB, pci bus id: 0000:83:00.0, compute capability: 6.0)
2019-06-11 23:37:34.418239: I tensorflow/core/common_runtime/process_util.cc:69] Creating new thread pool with default inter op setting: 2. Tune using inter_op_parallelism_threads for best performance.
Using TensorFlow backend.
/home/amourav/tensorflow/lib/python3.5/site-packages/skimage/transform/_warps.py:105: UserWarning: The default mode, 'constant', will be changed to 'reflect' in skimage 0.15.
  warn("The default mode, 'constant', will be changed to 'reflect' in "
/home/amourav/tensorflow/lib/python3.5/site-packages/skimage/transform/_warps.py:110: UserWarning: Anti-aliasing will be enabled by default in skimage 0.15 to avoid aliasing artifacts when down-sampling images.
  warn("Anti-aliasing will be enabled by default in skimage 0.15 to "
Traceback (most recent call last):
  File "./trainCNN.py", line 423, in <module>
    args.note)
  File "./trainCNN.py", line 400, in main_driver
    aug, d, note, xTest=xTest)
  File "./trainCNN.py", line 235, in trainModel
    shuffle=True)
  File "/home/amourav/tensorflow/lib/python3.5/site-packages/keras/engine/training.py", line 952, in fit
    batch_size=batch_size)
  File "/home/amourav/tensorflow/lib/python3.5/site-packages/keras/engine/training.py", line 751, in _standardize_user_data
    exception_prefix='input')
  File "/home/amourav/tensorflow/lib/python3.5/site-packages/keras/engine/training_utils.py", line 138, in standardize_input_data
    str(data_shape))
ValueError: Error when checking input: expected input_1 to have shape (299, 299, 3) but got array with shape (224, 224, 3)
trn path: ../PreprocessedData/preprocessedForCNN/299 x 299/imgData_(299, 299, 3)_train_n1000.npy
data augmentation: False
VGG16
default_299_noprep
_________________________________________________________________
Layer (type)                 Output Shape              Param #   
=================================================================
input_1 (InputLayer)         (None, 299, 299, 3)       0         
_________________________________________________________________
block1_conv1 (Conv2D)        (None, 299, 299, 64)      1792      
_________________________________________________________________
block1_conv2 (Conv2D)        (None, 299, 299, 64)      36928     
_________________________________________________________________
block1_pool (MaxPooling2D)   (None, 149, 149, 64)      0         
_________________________________________________________________
block2_conv1 (Conv2D)        (None, 149, 149, 128)     73856     
_________________________________________________________________
block2_conv2 (Conv2D)        (None, 149, 149, 128)     147584    
_________________________________________________________________
block2_pool (MaxPooling2D)   (None, 74, 74, 128)       0         
_________________________________________________________________
block3_conv1 (Conv2D)        (None, 74, 74, 256)       295168    
_________________________________________________________________
block3_conv2 (Conv2D)        (None, 74, 74, 256)       590080    
_________________________________________________________________
block3_conv3 (Conv2D)        (None, 74, 74, 256)       590080    
_________________________________________________________________
block3_pool (MaxPooling2D)   (None, 37, 37, 256)       0         
_________________________________________________________________
block4_conv1 (Conv2D)        (None, 37, 37, 512)       1180160   
_________________________________________________________________
block4_conv2 (Conv2D)        (None, 37, 37, 512)       2359808   
_________________________________________________________________
block4_conv3 (Conv2D)        (None, 37, 37, 512)       2359808   
_________________________________________________________________
block4_pool (MaxPooling2D)   (None, 18, 18, 512)       0         
_________________________________________________________________
block5_conv1 (Conv2D)        (None, 18, 18, 512)       2359808   
_________________________________________________________________
block5_conv2 (Conv2D)        (None, 18, 18, 512)       2359808   
_________________________________________________________________
block5_conv3 (Conv2D)        (None, 18, 18, 512)       2359808   
_________________________________________________________________
block5_pool (MaxPooling2D)   (None, 9, 9, 512)         0         
_________________________________________________________________
flatten_1 (Flatten)          (None, 41472)             0         
_________________________________________________________________
dense_1 (Dense)              (None, 4096)              169873408 
_________________________________________________________________
dense_2 (Dense)              (None, 4096)              16781312  
_________________________________________________________________
dense_3 (Dense)              (None, 4)                 16388     
=================================================================
Total params: 201,385,796
Trainable params: 186,671,108
Non-trainable params: 14,714,688
_________________________________________________________________
None
