
Due to MODULEPATH changes, the following have been reloaded:
  1) openmpi/2.1.1

Python 3.5.4
2019-05-23 23:38:06.452285: I tensorflow/core/common_runtime/gpu/gpu_device.cc:1432] Found device 0 with properties: 
name: Tesla P100-PCIE-12GB major: 6 minor: 0 memoryClockRate(GHz): 1.3285
pciBusID: 0000:04:00.0
totalMemory: 11.91GiB freeMemory: 11.63GiB
2019-05-23 23:38:06.452448: I tensorflow/core/common_runtime/gpu/gpu_device.cc:1511] Adding visible gpu devices: 0
2019-05-23 23:38:06.808008: I tensorflow/core/common_runtime/gpu/gpu_device.cc:982] Device interconnect StreamExecutor with strength 1 edge matrix:
2019-05-23 23:38:06.808152: I tensorflow/core/common_runtime/gpu/gpu_device.cc:988]      0 
2019-05-23 23:38:06.808192: I tensorflow/core/common_runtime/gpu/gpu_device.cc:1001] 0:   N 
2019-05-23 23:38:06.808538: I tensorflow/core/common_runtime/gpu/gpu_device.cc:1115] Created TensorFlow device (/job:localhost/replica:0/task:0/device:GPU:0 with 11251 MB memory) -> physical GPU (device: 0, name: Tesla P100-PCIE-12GB, pci bus id: 0000:04:00.0, compute capability: 6.0)
2019-05-23 23:38:06.809076: I tensorflow/core/common_runtime/process_util.cc:69] Creating new thread pool with default inter op setting: 2. Tune using inter_op_parallelism_threads for best performance.
trn path: ../PreprocessedData/preprocessedForCNN/224x224/imgData_(224, 224, 3)_train_n1000.npy
data augmentation: False
debugging mode: ON
default
_________________________________________________________________
Layer (type)                 Output Shape              Param #   
=================================================================
input_1 (InputLayer)         (None, 224, 224, 3)       0         
_________________________________________________________________
block1_conv1 (Conv2D)        (None, 224, 224, 64)      1792      
_________________________________________________________________
block1_conv2 (Conv2D)        (None, 224, 224, 64)      36928     
_________________________________________________________________
block1_pool (MaxPooling2D)   (None, 112, 112, 64)      0         
_________________________________________________________________
block2_conv1 (Conv2D)        (None, 112, 112, 128)     73856     
_________________________________________________________________
block2_conv2 (Conv2D)        (None, 112, 112, 128)     147584    
_________________________________________________________________
block2_pool (MaxPooling2D)   (None, 56, 56, 128)       0         
_________________________________________________________________
block3_conv1 (Conv2D)        (None, 56, 56, 256)       295168    
_________________________________________________________________
block3_conv2 (Conv2D)        (None, 56, 56, 256)       590080    
_________________________________________________________________
block3_conv3 (Conv2D)        (None, 56, 56, 256)       590080    
_________________________________________________________________
block3_pool (MaxPooling2D)   (None, 28, 28, 256)       0         
_________________________________________________________________
block4_conv1 (Conv2D)        (None, 28, 28, 512)       1180160   
_________________________________________________________________
block4_conv2 (Conv2D)        (None, 28, 28, 512)       2359808   
_________________________________________________________________
block4_conv3 (Conv2D)        (None, 28, 28, 512)       2359808   
_________________________________________________________________
block4_pool (MaxPooling2D)   (None, 14, 14, 512)       0         
_________________________________________________________________
block5_conv1 (Conv2D)        (None, 14, 14, 512)       2359808   
_________________________________________________________________
block5_conv2 (Conv2D)        (None, 14, 14, 512)       2359808   
_________________________________________________________________
block5_conv3 (Conv2D)        (None, 14, 14, 512)       2359808   
_________________________________________________________________
block5_pool (MaxPooling2D)   (None, 7, 7, 512)         0         
_________________________________________________________________
flatten_1 (Flatten)          (None, 25088)             0         
_________________________________________________________________
dense_1 (Dense)              (None, 4096)              102764544 
_________________________________________________________________
dense_2 (Dense)              (None, 4096)              16781312  
_________________________________________________________________
dense_3 (Dense)              (None, 4)                 16388     
=================================================================
Total params: 134,276,932
Trainable params: 119,562,244
Non-trainable params: 14,714,688
_________________________________________________________________
None
Train on 20 samples, validate on 20 samples
Epoch 1/3

 2/20 [==>...........................] - ETA: 37s - loss: 1.4199 - acc: 0.0000e+00 - categorical_crossentropy: 1.4199
 4/20 [=====>........................] - ETA: 16s - loss: 4.2899 - acc: 0.0000e+00 - categorical_crossentropy: 4.2899
 6/20 [========>.....................] - ETA: 9s - loss: 3.2520 - acc: 0.1667 - categorical_crossentropy: 3.2520     
 8/20 [===========>..................] - ETA: 6s - loss: 2.6218 - acc: 0.2500 - categorical_crossentropy: 2.6218
10/20 [==============>...............] - ETA: 4s - loss: 3.2903 - acc: 0.2000 - categorical_crossentropy: 3.2903
12/20 [=================>............] - ETA: 2s - loss: 3.9883 - acc: 0.1667 - categorical_crossentropy: 3.9883
14/20 [====================>.........] - ETA: 1s - loss: 4.5992 - acc: 0.1429 - categorical_crossentropy: 4.5992
16/20 [=======================>......] - ETA: 1s - loss: 4.1755 - acc: 0.1875 - categorical_crossentropy: 4.1755
18/20 [==========================>...] - ETA: 0s - loss: 3.7219 - acc: 0.2778 - categorical_crossentropy: 3.7219
20/20 [==============================] - 5s 252ms/step - loss: 3.5690 - acc: 0.3000 - categorical_crossentropy: 3.5690 - val_loss: 4.1089 - val_acc: 0.2000 - val_categorical_crossentropy: 4.1089
Epoch 2/3

 2/20 [==>...........................] - ETA: 0s - loss: 0.6375 - acc: 0.5000 - categorical_crossentropy: 0.6375
 4/20 [=====>........................] - ETA: 0s - loss: 0.8649 - acc: 0.5000 - categorical_crossentropy: 0.8649
 6/20 [========>.....................] - ETA: 0s - loss: 0.7805 - acc: 0.6667 - categorical_crossentropy: 0.7805
 8/20 [===========>..................] - ETA: 0s - loss: 0.6237 - acc: 0.7500 - categorical_crossentropy: 0.6237
10/20 [==============>...............] - ETA: 0s - loss: 0.9872 - acc: 0.7000 - categorical_crossentropy: 0.9872
12/20 [=================>............] - ETA: 0s - loss: 0.8450 - acc: 0.7500 - categorical_crossentropy: 0.8450
14/20 [====================>.........] - ETA: 0s - loss: 0.8257 - acc: 0.7143 - categorical_crossentropy: 0.8257
16/20 [=======================>......] - ETA: 0s - loss: 0.8932 - acc: 0.6875 - categorical_crossentropy: 0.8932
18/20 [==========================>...] - ETA: 0s - loss: 0.9606 - acc: 0.6667 - categorical_crossentropy: 0.9606
20/20 [==============================] - 1s 37ms/step - loss: 0.9789 - acc: 0.6500 - categorical_crossentropy: 0.9789 - val_loss: 2.5708 - val_acc: 0.2000 - val_categorical_crossentropy: 2.5708
Epoch 3/3

 2/20 [==>...........................] - ETA: 0s - loss: 0.0904 - acc: 1.0000 - categorical_crossentropy: 0.0904
 4/20 [=====>........................] - ETA: 0s - loss: 0.9315 - acc: 0.7500 - categorical_crossentropy: 0.9315
 6/20 [========>.....................] - ETA: 0s - loss: 0.6211 - acc: 0.8333 - categorical_crossentropy: 0.6211
 8/20 [===========>..................] - ETA: 0s - loss: 1.1362 - acc: 0.7500 - categorical_crossentropy: 1.1362
10/20 [==============>...............] - ETA: 0s - loss: 2.2700 - acc: 0.6000 - categorical_crossentropy: 2.2700
12/20 [=================>............] - ETA: 0s - loss: 2.3383 - acc: 0.5833 - categorical_crossentropy: 2.3383
14/20 [====================>.........] - ETA: 0s - loss: 2.1069 - acc: 0.5714 - categorical_crossentropy: 2.1069
16/20 [=======================>......] - ETA: 0s - loss: 1.8793 - acc: 0.6250 - categorical_crossentropy: 1.8793
18/20 [==========================>...] - ETA: 0s - loss: 1.7401 - acc: 0.6111 - categorical_crossentropy: 1.7401
20/20 [==============================] - 1s 38ms/step - loss: 1.6418 - acc: 0.6000 - categorical_crossentropy: 1.6418 - val_loss: 1.6473 - val_acc: 0.3500 - val_categorical_crossentropy: 1.6473
training time: 0.004546161426438226 h
running model pred on test set

20/20 [==============================] - 1s 39ms/step
Using TensorFlow backend.
Done!
