
Due to MODULEPATH changes, the following have been reloaded:
  1) openmpi/2.1.1

Python 3.5.4
2019-06-09 18:18:56.079202: I tensorflow/core/common_runtime/gpu/gpu_device.cc:1432] Found device 0 with properties: 
name: Tesla P100-PCIE-12GB major: 6 minor: 0 memoryClockRate(GHz): 1.3285
pciBusID: 0000:83:00.0
totalMemory: 11.91GiB freeMemory: 11.63GiB
2019-06-09 18:18:56.079372: I tensorflow/core/common_runtime/gpu/gpu_device.cc:1511] Adding visible gpu devices: 0
2019-06-09 18:18:56.455819: I tensorflow/core/common_runtime/gpu/gpu_device.cc:982] Device interconnect StreamExecutor with strength 1 edge matrix:
2019-06-09 18:18:56.455964: I tensorflow/core/common_runtime/gpu/gpu_device.cc:988]      0 
2019-06-09 18:18:56.456007: I tensorflow/core/common_runtime/gpu/gpu_device.cc:1001] 0:   N 
2019-06-09 18:18:56.456350: I tensorflow/core/common_runtime/gpu/gpu_device.cc:1115] Created TensorFlow device (/job:localhost/replica:0/task:0/device:GPU:0 with 11251 MB memory) -> physical GPU (device: 0, name: Tesla P100-PCIE-12GB, pci bus id: 0000:83:00.0, compute capability: 6.0)
2019-06-09 18:18:56.456908: I tensorflow/core/common_runtime/process_util.cc:69] Creating new thread pool with default inter op setting: 2. Tune using inter_op_parallelism_threads for best performance.
trn path: ../PreprocessedData/preprocessedForCNN/299 x 299 n/imgData_(299, 299, 3)_train_n1000.npy
data augmentation: False
VGG16
default_299_noprep
_________________________________________________________________
Layer (type)                 Output Shape              Param #   
=================================================================
input_1 (InputLayer)         (None, 299, 299, 3)       0         
_________________________________________________________________
block1_conv1 (Conv2D)        (None, 299, 299, 64)      1792      
_________________________________________________________________
block1_conv2 (Conv2D)        (None, 299, 299, 64)      36928     
_________________________________________________________________
block1_pool (MaxPooling2D)   (None, 149, 149, 64)      0         
_________________________________________________________________
block2_conv1 (Conv2D)        (None, 149, 149, 128)     73856     
_________________________________________________________________
block2_conv2 (Conv2D)        (None, 149, 149, 128)     147584    
_________________________________________________________________
block2_pool (MaxPooling2D)   (None, 74, 74, 128)       0         
_________________________________________________________________
block3_conv1 (Conv2D)        (None, 74, 74, 256)       295168    
_________________________________________________________________
block3_conv2 (Conv2D)        (None, 74, 74, 256)       590080    
_________________________________________________________________
block3_conv3 (Conv2D)        (None, 74, 74, 256)       590080    
_________________________________________________________________
block3_pool (MaxPooling2D)   (None, 37, 37, 256)       0         
_________________________________________________________________
block4_conv1 (Conv2D)        (None, 37, 37, 512)       1180160   
_________________________________________________________________
block4_conv2 (Conv2D)        (None, 37, 37, 512)       2359808   
_________________________________________________________________
block4_conv3 (Conv2D)        (None, 37, 37, 512)       2359808   
_________________________________________________________________
block4_pool (MaxPooling2D)   (None, 18, 18, 512)       0         
_________________________________________________________________
block5_conv1 (Conv2D)        (None, 18, 18, 512)       2359808   
_________________________________________________________________
block5_conv2 (Conv2D)        (None, 18, 18, 512)       2359808   
_________________________________________________________________
block5_conv3 (Conv2D)        (None, 18, 18, 512)       2359808   
_________________________________________________________________
block5_pool (MaxPooling2D)   (None, 9, 9, 512)         0         
_________________________________________________________________
flatten_1 (Flatten)          (None, 41472)             0         
_________________________________________________________________
dense_1 (Dense)              (None, 4096)              169873408 
_________________________________________________________________
dense_2 (Dense)              (None, 4096)              16781312  
_________________________________________________________________
dense_3 (Dense)              (None, 4)                 16388     
=================================================================
Total params: 201,385,796
Trainable params: 186,671,108
Non-trainable params: 14,714,688
_________________________________________________________________
None
Train on 1000 samples, validate on 32 samples
Epoch 1/300

  30/1000 [..............................] - ETA: 3:20 - loss: 1.4768 - acc: 0.2000 - categorical_crossentropy: 1.4768
  60/1000 [>.............................] - ETA: 1:41 - loss: 4.6197 - acc: 0.2333 - categorical_crossentropy: 4.6197
  90/1000 [=>............................] - ETA: 1:08 - loss: 5.3654 - acc: 0.2000 - categorical_crossentropy: 5.3654
 120/1000 [==>...........................] - ETA: 51s - loss: 4.5171 - acc: 0.2583 - categorical_crossentropy: 4.5171 
 150/1000 [===>..........................] - ETA: 41s - loss: 4.1132 - acc: 0.2467 - categorical_crossentropy: 4.1132
 180/1000 [====>.........................] - ETA: 34s - loss: 3.6917 - acc: 0.2722 - categorical_crossentropy: 3.6917
 210/1000 [=====>........................] - ETA: 29s - loss: 3.4078 - acc: 0.3000 - categorical_crossentropy: 3.4078
 240/1000 [======>.......................] - ETA: 25s - loss: 3.1675 - acc: 0.3292 - categorical_crossentropy: 3.1675
 270/1000 [=======>......................] - ETA: 22s - loss: 2.9544 - acc: 0.3333 - categorical_crossentropy: 2.9544
 300/1000 [========>.....................] - ETA: 20s - loss: 2.7888 - acc: 0.3367 - categorical_crossentropy: 2.7888
 330/1000 [========>.....................] - ETA: 18s - loss: 2.6430 - acc: 0.3545 - categorical_crossentropy: 2.6430
 360/1000 [=========>....................] - ETA: 16s - loss: 2.5131 - acc: 0.3639 - categorical_crossentropy: 2.5131
 390/1000 [==========>...................] - ETA: 14s - loss: 2.3813 - acc: 0.3897 - categorical_crossentropy: 2.3813
 420/1000 [===========>..................] - ETA: 13s - loss: 2.2541 - acc: 0.4262 - categorical_crossentropy: 2.2541
 450/1000 [============>.................] - ETA: 12s - loss: 2.1571 - acc: 0.4422 - categorical_crossentropy: 2.1571
 480/1000 [=============>................] - ETA: 11s - loss: 2.1019 - acc: 0.4396 - categorical_crossentropy: 2.1019
 510/1000 [==============>...............] - ETA: 10s - loss: 2.0237 - acc: 0.4510 - categorical_crossentropy: 2.0237
 540/1000 [===============>..............] - ETA: 9s - loss: 1.9479 - acc: 0.4685 - categorical_crossentropy: 1.9479 
 570/1000 [================>.............] - ETA: 8s - loss: 1.8802 - acc: 0.4807 - categorical_crossentropy: 1.8802
 600/1000 [=================>............] - ETA: 7s - loss: 1.8144 - acc: 0.4967 - categorical_crossentropy: 1.8144
 630/1000 [=================>............] - ETA: 6s - loss: 1.7489 - acc: 0.5143 - categorical_crossentropy: 1.7489
 660/1000 [==================>...........] - ETA: 6s - loss: 1.6873 - acc: 0.5288 - categorical_crossentropy: 1.6873
 690/1000 [===================>..........] - ETA: 5s - loss: 1.6244 - acc: 0.5478 - categorical_crossentropy: 1.6244
 720/1000 [====================>.........] - ETA: 4s - loss: 1.5708 - acc: 0.5639 - categorical_crossentropy: 1.5708
 750/1000 [=====================>........] - ETA: 4s - loss: 1.5262 - acc: 0.5747 - categorical_crossentropy: 1.5262
 780/1000 [======================>.......] - ETA: 3s - loss: 1.4895 - acc: 0.5821 - categorical_crossentropy: 1.4895
 810/1000 [=======================>......] - ETA: 3s - loss: 1.4487 - acc: 0.5938 - categorical_crossentropy: 1.4487
 840/1000 [========================>.....] - ETA: 2s - loss: 1.4096 - acc: 0.6060 - categorical_crossentropy: 1.4096
 870/1000 [=========================>....] - ETA: 2s - loss: 1.3727 - acc: 0.6149 - categorical_crossentropy: 1.3727
 900/1000 [==========================>...] - ETA: 1s - loss: 1.3386 - acc: 0.6222 - categorical_crossentropy: 1.3386
 930/1000 [==========================>...] - ETA: 1s - loss: 1.3036 - acc: 0.6323 - categorical_crossentropy: 1.3036
 960/1000 [===========================>..] - ETA: 0s - loss: 1.2687 - acc: 0.6427 - categorical_crossentropy: 1.2687
 990/1000 [============================>.] - ETA: 0s - loss: 1.2368 - acc: 0.6515 - categorical_crossentropy: 1.2368
1000/1000 [==============================] - 16s 16ms/step - loss: 1.2293 - acc: 0.6540 - categorical_crossentropy: 1.2293 - val_loss: 0.7412 - val_acc: 0.7188 - val_categorical_crossentropy: 0.7412
Epoch 2/300

  30/1000 [..............................] - ETA: 9s - loss: 0.0632 - acc: 1.0000 - categorical_crossentropy: 0.0632
  60/1000 [>.............................] - ETA: 9s - loss: 0.1667 - acc: 0.9667 - categorical_crossentropy: 0.1667
  90/1000 [=>............................] - ETA: 8s - loss: 0.1576 - acc: 0.9778 - categorical_crossentropy: 0.1576
 120/1000 [==>...........................] - ETA: 8s - loss: 0.1302 - acc: 0.9833 - categorical_crossentropy: 0.1302
 150/1000 [===>..........................] - ETA: 8s - loss: 0.1290 - acc: 0.9733 - categorical_crossentropy: 0.1290
 180/1000 [====>.........................] - ETA: 7s - loss: 0.1273 - acc: 0.9722 - categorical_crossentropy: 0.1273
 210/1000 [=====>........................] - ETA: 7s - loss: 0.1263 - acc: 0.9714 - categorical_crossentropy: 0.1263
 240/1000 [======>.......................] - ETA: 7s - loss: 0.1240 - acc: 0.9708 - categorical_crossentropy: 0.1240
 270/1000 [=======>......................] - ETA: 6s - loss: 0.1204 - acc: 0.9704 - categorical_crossentropy: 0.1204
 300/1000 [========>.....................] - ETA: 6s - loss: 0.1178 - acc: 0.9733 - categorical_crossentropy: 0.1178
 330/1000 [========>.....................] - ETA: 6s - loss: 0.1162 - acc: 0.9758 - categorical_crossentropy: 0.1162
 360/1000 [=========>....................] - ETA: 5s - loss: 0.1150 - acc: 0.9778 - categorical_crossentropy: 0.1150
 390/1000 [==========>...................] - ETA: 5s - loss: 0.1173 - acc: 0.9795 - categorical_crossentropy: 0.1173
 420/1000 [===========>..................] - ETA: 5s - loss: 0.1124 - acc: 0.9810 - categorical_crossentropy: 0.1124
 450/1000 [============>.................] - ETA: 5s - loss: 0.1090 - acc: 0.9822 - categorical_crossentropy: 0.1090
 480/1000 [=============>................] - ETA: 4s - loss: 0.1104 - acc: 0.9792 - categorical_crossentropy: 0.1104
 510/1000 [==============>...............] - ETA: 4s - loss: 0.1135 - acc: 0.9765 - categorical_crossentropy: 0.1135
 540/1000 [===============>..............] - ETA: 4s - loss: 0.1101 - acc: 0.9778 - categorical_crossentropy: 0.1101
 570/1000 [================>.............] - ETA: 3s - loss: 0.1147 - acc: 0.9772 - categorical_crossentropy: 0.1147
 600/1000 [=================>............] - ETA: 3s - loss: 0.1134 - acc: 0.9767 - categorical_crossentropy: 0.1134
 630/1000 [=================>............] - ETA: 3s - loss: 0.1089 - acc: 0.9778 - categorical_crossentropy: 0.1089
 660/1000 [==================>...........] - ETA: 3s - loss: 0.1091 - acc: 0.9758 - categorical_crossentropy: 0.1091
 690/1000 [===================>..........] - ETA: 2s - loss: 0.1084 - acc: 0.9754 - categorical_crossentropy: 0.1084
 720/1000 [====================>.........] - ETA: 2s - loss: 0.1075 - acc: 0.9750 - categorical_crossentropy: 0.1075
 750/1000 [=====================>........] - ETA: 2s - loss: 0.1050 - acc: 0.9760 - categorical_crossentropy: 0.1050
 780/1000 [======================>.......] - ETA: 2s - loss: 0.1025 - acc: 0.9769 - categorical_crossentropy: 0.1025
 810/1000 [=======================>......] - ETA: 1s - loss: 0.1048 - acc: 0.9765 - categorical_crossentropy: 0.1048
 840/1000 [========================>.....] - ETA: 1s - loss: 0.1033 - acc: 0.9774 - categorical_crossentropy: 0.1033
 870/1000 [=========================>....] - ETA: 1s - loss: 0.1022 - acc: 0.9770 - categorical_crossentropy: 0.1022
 900/1000 [==========================>...] - ETA: 0s - loss: 0.1014 - acc: 0.9767 - categorical_crossentropy: 0.1014
 930/1000 [==========================>...] - ETA: 0s - loss: 0.0994 - acc: 0.9774 - categorical_crossentropy: 0.0994
 960/1000 [===========================>..] - ETA: 0s - loss: 0.0974 - acc: 0.9781 - categorical_crossentropy: 0.0974
 990/1000 [============================>.] - ETA: 0s - loss: 0.0956 - acc: 0.9788 - categorical_crossentropy: 0.0956
1000/1000 [==============================] - 10s 10ms/step - loss: 0.0949 - acc: 0.9790 - categorical_crossentropy: 0.0949 - val_loss: 0.7842 - val_acc: 0.6563 - val_categorical_crossentropy: 0.7842
Epoch 3/300

  30/1000 [..............................] - ETA: 8s - loss: 0.0189 - acc: 1.0000 - categorical_crossentropy: 0.0189
  60/1000 [>.............................] - ETA: 8s - loss: 0.0180 - acc: 1.0000 - categorical_crossentropy: 0.0180
  90/1000 [=>............................] - ETA: 8s - loss: 0.0164 - acc: 1.0000 - categorical_crossentropy: 0.0164
 120/1000 [==>...........................] - ETA: 8s - loss: 0.0155 - acc: 1.0000 - categorical_crossentropy: 0.0155
 150/1000 [===>..........................] - ETA: 7s - loss: 0.0157 - acc: 1.0000 - categorical_crossentropy: 0.0157
 180/1000 [====>.........................] - ETA: 7s - loss: 0.0151 - acc: 1.0000 - categorical_crossentropy: 0.0151
 210/1000 [=====>........................] - ETA: 7s - loss: 0.0139 - acc: 1.0000 - categorical_crossentropy: 0.0139
 240/1000 [======>.......................] - ETA: 6s - loss: 0.0145 - acc: 1.0000 - categorical_crossentropy: 0.0145
 270/1000 [=======>......................] - ETA: 6s - loss: 0.0227 - acc: 1.0000 - categorical_crossentropy: 0.0227
 300/1000 [========>.....................] - ETA: 6s - loss: 0.0262 - acc: 0.9967 - categorical_crossentropy: 0.0262
 330/1000 [========>.....................] - ETA: 6s - loss: 0.0254 - acc: 0.9970 - categorical_crossentropy: 0.0254
 360/1000 [=========>....................] - ETA: 5s - loss: 0.0251 - acc: 0.9972 - categorical_crossentropy: 0.0251
 390/1000 [==========>...................] - ETA: 5s - loss: 0.0241 - acc: 0.9974 - categorical_crossentropy: 0.0241
 420/1000 [===========>..................] - ETA: 5s - loss: 0.0236 - acc: 0.9976 - categorical_crossentropy: 0.0236
 450/1000 [============>.................] - ETA: 5s - loss: 0.0260 - acc: 0.9956 - categorical_crossentropy: 0.0260
 480/1000 [=============>................] - ETA: 4s - loss: 0.0249 - acc: 0.9958 - categorical_crossentropy: 0.0249
 510/1000 [==============>...............] - ETA: 4s - loss: 0.0247 - acc: 0.9961 - categorical_crossentropy: 0.0247
 540/1000 [===============>..............] - ETA: 4s - loss: 0.0241 - acc: 0.9963 - categorical_crossentropy: 0.0241
 570/1000 [================>.............] - ETA: 3s - loss: 0.0244 - acc: 0.9947 - categorical_crossentropy: 0.0244
 600/1000 [=================>............] - ETA: 3s - loss: 0.0240 - acc: 0.9950 - categorical_crossentropy: 0.0240
 630/1000 [=================>............] - ETA: 3s - loss: 0.0232 - acc: 0.9952 - categorical_crossentropy: 0.0232
 660/1000 [==================>...........] - ETA: 3s - loss: 0.0255 - acc: 0.9939 - categorical_crossentropy: 0.0255
 690/1000 [===================>..........] - ETA: 2s - loss: 0.0250 - acc: 0.9942 - categorical_crossentropy: 0.0250
 720/1000 [====================>.........] - ETA: 2s - loss: 0.0246 - acc: 0.9944 - categorical_crossentropy: 0.0246
 750/1000 [=====================>........] - ETA: 2s - loss: 0.0242 - acc: 0.9947 - categorical_crossentropy: 0.0242
 780/1000 [======================>.......] - ETA: 2s - loss: 0.0239 - acc: 0.9949 - categorical_crossentropy: 0.0239
 810/1000 [=======================>......] - ETA: 1s - loss: 0.0232 - acc: 0.9951 - categorical_crossentropy: 0.0232
 840/1000 [========================>.....] - ETA: 1s - loss: 0.0229 - acc: 0.9952 - categorical_crossentropy: 0.0229
 870/1000 [=========================>....] - ETA: 1s - loss: 0.0224 - acc: 0.9954 - categorical_crossentropy: 0.0224
 900/1000 [==========================>...] - ETA: 0s - loss: 0.0220 - acc: 0.9956 - categorical_crossentropy: 0.0220
 930/1000 [==========================>...] - ETA: 0s - loss: 0.0218 - acc: 0.9957 - categorical_crossentropy: 0.0218
 960/1000 [===========================>..] - ETA: 0s - loss: 0.0219 - acc: 0.9958 - categorical_crossentropy: 0.0219
 990/1000 [============================>.] - ETA: 0s - loss: 0.0218 - acc: 0.9960 - categorical_crossentropy: 0.0218
1000/1000 [==============================] - 9s 9ms/step - loss: 0.0217 - acc: 0.9960 - categorical_crossentropy: 0.0217 - val_loss: 0.9137 - val_acc: 0.7500 - val_categorical_crossentropy: 0.9137
Epoch 4/300

  30/1000 [..............................] - ETA: 8s - loss: 0.0053 - acc: 1.0000 - categorical_crossentropy: 0.0053
  60/1000 [>.............................] - ETA: 8s - loss: 0.0095 - acc: 1.0000 - categorical_crossentropy: 0.0095
  90/1000 [=>............................] - ETA: 8s - loss: 0.0074 - acc: 1.0000 - categorical_crossentropy: 0.0074
 120/1000 [==>...........................] - ETA: 8s - loss: 0.0103 - acc: 1.0000 - categorical_crossentropy: 0.0103
 150/1000 [===>..........................] - ETA: 7s - loss: 0.0102 - acc: 1.0000 - categorical_crossentropy: 0.0102
 180/1000 [====>.........................] - ETA: 7s - loss: 0.0095 - acc: 1.0000 - categorical_crossentropy: 0.0095
 210/1000 [=====>........................] - ETA: 7s - loss: 0.0094 - acc: 1.0000 - categorical_crossentropy: 0.0094
 240/1000 [======>.......................] - ETA: 6s - loss: 0.0089 - acc: 1.0000 - categorical_crossentropy: 0.0089
 270/1000 [=======>......................] - ETA: 6s - loss: 0.0088 - acc: 1.0000 - categorical_crossentropy: 0.0088
 300/1000 [========>.....................] - ETA: 6s - loss: 0.0085 - acc: 1.0000 - categorical_crossentropy: 0.0085
 330/1000 [========>.....................] - ETA: 6s - loss: 0.0090 - acc: 1.0000 - categorical_crossentropy: 0.0090
 360/1000 [=========>....................] - ETA: 5s - loss: 0.0090 - acc: 1.0000 - categorical_crossentropy: 0.0090
 390/1000 [==========>...................] - ETA: 5s - loss: 0.0090 - acc: 1.0000 - categorical_crossentropy: 0.0090
 420/1000 [===========>..................] - ETA: 5s - loss: 0.0088 - acc: 1.0000 - categorical_crossentropy: 0.0088
 450/1000 [============>.................] - ETA: 5s - loss: 0.0084 - acc: 1.0000 - categorical_crossentropy: 0.0084
 480/1000 [=============>................] - ETA: 4s - loss: 0.0082 - acc: 1.0000 - categorical_crossentropy: 0.0082
 510/1000 [==============>...............] - ETA: 4s - loss: 0.0082 - acc: 1.0000 - categorical_crossentropy: 0.0082
 540/1000 [===============>..............] - ETA: 4s - loss: 0.0081 - acc: 1.0000 - categorical_crossentropy: 0.0081
 570/1000 [================>.............] - ETA: 3s - loss: 0.0081 - acc: 1.0000 - categorical_crossentropy: 0.0081
 600/1000 [=================>............] - ETA: 3s - loss: 0.0081 - acc: 1.0000 - categorical_crossentropy: 0.0081
 630/1000 [=================>............] - ETA: 3s - loss: 0.0079 - acc: 1.0000 - categorical_crossentropy: 0.0079
 660/1000 [==================>...........] - ETA: 3s - loss: 0.0101 - acc: 0.9985 - categorical_crossentropy: 0.0101
 690/1000 [===================>..........] - ETA: 2s - loss: 0.0097 - acc: 0.9986 - categorical_crossentropy: 0.0097
 720/1000 [====================>.........] - ETA: 2s - loss: 0.0097 - acc: 0.9986 - categorical_crossentropy: 0.0097
 750/1000 [=====================>........] - ETA: 2s - loss: 0.0097 - acc: 0.9987 - categorical_crossentropy: 0.0097
 780/1000 [======================>.......] - ETA: 2s - loss: 0.0108 - acc: 0.9987 - categorical_crossentropy: 0.0108
 810/1000 [=======================>......] - ETA: 1s - loss: 0.0108 - acc: 0.9988 - categorical_crossentropy: 0.0108
 840/1000 [========================>.....] - ETA: 1s - loss: 0.0104 - acc: 0.9988 - categorical_crossentropy: 0.0104
 870/1000 [=========================>....] - ETA: 1s - loss: 0.0102 - acc: 0.9989 - categorical_crossentropy: 0.0102
 900/1000 [==========================>...] - ETA: 0s - loss: 0.0100 - acc: 0.9989 - categorical_crossentropy: 0.0100
 930/1000 [==========================>...] - ETA: 0s - loss: 0.0098 - acc: 0.9989 - categorical_crossentropy: 0.0098
 960/1000 [===========================>..] - ETA: 0s - loss: 0.0096 - acc: 0.9990 - categorical_crossentropy: 0.0096
 990/1000 [============================>.] - ETA: 0s - loss: 0.0094 - acc: 0.9990 - categorical_crossentropy: 0.0094
1000/1000 [==============================] - 9s 9ms/step - loss: 0.0094 - acc: 0.9990 - categorical_crossentropy: 0.0094 - val_loss: 0.8245 - val_acc: 0.7813 - val_categorical_crossentropy: 0.8245
Epoch 5/300

  30/1000 [..............................] - ETA: 8s - loss: 0.0032 - acc: 1.0000 - categorical_crossentropy: 0.0032
  60/1000 [>.............................] - ETA: 8s - loss: 0.0120 - acc: 1.0000 - categorical_crossentropy: 0.0120
  90/1000 [=>............................] - ETA: 8s - loss: 0.0144 - acc: 1.0000 - categorical_crossentropy: 0.0144
 120/1000 [==>...........................] - ETA: 8s - loss: 0.0136 - acc: 1.0000 - categorical_crossentropy: 0.0136
 150/1000 [===>..........................] - ETA: 7s - loss: 0.0114 - acc: 1.0000 - categorical_crossentropy: 0.0114
 180/1000 [====>.........................] - ETA: 7s - loss: 0.0100 - acc: 1.0000 - categorical_crossentropy: 0.0100
 210/1000 [=====>........................] - ETA: 7s - loss: 0.0094 - acc: 1.0000 - categorical_crossentropy: 0.0094
 240/1000 [======>.......................] - ETA: 6s - loss: 0.0085 - acc: 1.0000 - categorical_crossentropy: 0.0085
 270/1000 [=======>......................] - ETA: 6s - loss: 0.0081 - acc: 1.0000 - categorical_crossentropy: 0.0081
 300/1000 [========>.....................] - ETA: 6s - loss: 0.0079 - acc: 1.0000 - categorical_crossentropy: 0.0079
 330/1000 [========>.....................] - ETA: 6s - loss: 0.0075 - acc: 1.0000 - categorical_crossentropy: 0.0075
 360/1000 [=========>....................] - ETA: 5s - loss: 0.0072 - acc: 1.0000 - categorical_crossentropy: 0.0072
 390/1000 [==========>...................] - ETA: 5s - loss: 0.0070 - acc: 1.0000 - categorical_crossentropy: 0.0070
 420/1000 [===========>..................] - ETA: 5s - loss: 0.0071 - acc: 1.0000 - categorical_crossentropy: 0.0071
 450/1000 [============>.................] - ETA: 5s - loss: 0.0068 - acc: 1.0000 - categorical_crossentropy: 0.0068
 480/1000 [=============>................] - ETA: 4s - loss: 0.0065 - acc: 1.0000 - categorical_crossentropy: 0.0065
 510/1000 [==============>...............] - ETA: 4s - loss: 0.0068 - acc: 1.0000 - categorical_crossentropy: 0.0068
 540/1000 [===============>..............] - ETA: 4s - loss: 0.0066 - acc: 1.0000 - categorical_crossentropy: 0.0066
 570/1000 [================>.............] - ETA: 3s - loss: 0.0064 - acc: 1.0000 - categorical_crossentropy: 0.0064
 600/1000 [=================>............] - ETA: 3s - loss: 0.0062 - acc: 1.0000 - categorical_crossentropy: 0.0062
 630/1000 [=================>............] - ETA: 3s - loss: 0.0060 - acc: 1.0000 - categorical_crossentropy: 0.0060
 660/1000 [==================>...........] - ETA: 3s - loss: 0.0058 - acc: 1.0000 - categorical_crossentropy: 0.0058
 690/1000 [===================>..........] - ETA: 2s - loss: 0.0067 - acc: 0.9986 - categorical_crossentropy: 0.0067
 720/1000 [====================>.........] - ETA: 2s - loss: 0.0065 - acc: 0.9986 - categorical_crossentropy: 0.0065
 750/1000 [=====================>........] - ETA: 2s - loss: 0.0064 - acc: 0.9987 - categorical_crossentropy: 0.0064
 780/1000 [======================>.......] - ETA: 2s - loss: 0.0064 - acc: 0.9987 - categorical_crossentropy: 0.0064
 810/1000 [=======================>......] - ETA: 1s - loss: 0.0066 - acc: 0.9988 - categorical_crossentropy: 0.0066
 840/1000 [========================>.....] - ETA: 1s - loss: 0.0065 - acc: 0.9988 - categorical_crossentropy: 0.0065
 870/1000 [=========================>....] - ETA: 1s - loss: 0.0068 - acc: 0.9989 - categorical_crossentropy: 0.0068
 900/1000 [==========================>...] - ETA: 0s - loss: 0.0073 - acc: 0.9989 - categorical_crossentropy: 0.0073
 930/1000 [==========================>...] - ETA: 0s - loss: 0.0071 - acc: 0.9989 - categorical_crossentropy: 0.0071
 960/1000 [===========================>..] - ETA: 0s - loss: 0.0070 - acc: 0.9990 - categorical_crossentropy: 0.0070
 990/1000 [============================>.] - ETA: 0s - loss: 0.0069 - acc: 0.9990 - categorical_crossentropy: 0.0069
1000/1000 [==============================] - 9s 9ms/step - loss: 0.0068 - acc: 0.9990 - categorical_crossentropy: 0.0068 - val_loss: 1.5011 - val_acc: 0.6562 - val_categorical_crossentropy: 1.5011
Epoch 6/300

  30/1000 [..............................] - ETA: 8s - loss: 0.0171 - acc: 1.0000 - categorical_crossentropy: 0.0171
  60/1000 [>.............................] - ETA: 8s - loss: 0.0097 - acc: 1.0000 - categorical_crossentropy: 0.0097
  90/1000 [=>............................] - ETA: 8s - loss: 0.0106 - acc: 1.0000 - categorical_crossentropy: 0.0106
 120/1000 [==>...........................] - ETA: 8s - loss: 0.0087 - acc: 1.0000 - categorical_crossentropy: 0.0087
 150/1000 [===>..........................] - ETA: 7s - loss: 0.0073 - acc: 1.0000 - categorical_crossentropy: 0.0073
 180/1000 [====>.........................] - ETA: 7s - loss: 0.0064 - acc: 1.0000 - categorical_crossentropy: 0.0064
 210/1000 [=====>........................] - ETA: 7s - loss: 0.0057 - acc: 1.0000 - categorical_crossentropy: 0.0057
 240/1000 [======>.......................] - ETA: 6s - loss: 0.0052 - acc: 1.0000 - categorical_crossentropy: 0.0052
 270/1000 [=======>......................] - ETA: 6s - loss: 0.0050 - acc: 1.0000 - categorical_crossentropy: 0.0050
 300/1000 [========>.....................] - ETA: 6s - loss: 0.0050 - acc: 1.0000 - categorical_crossentropy: 0.0050
 330/1000 [========>.....................] - ETA: 6s - loss: 0.0048 - acc: 1.0000 - categorical_crossentropy: 0.0048
 360/1000 [=========>....................] - ETA: 5s - loss: 0.0046 - acc: 1.0000 - categorical_crossentropy: 0.0046
 390/1000 [==========>...................] - ETA: 5s - loss: 0.0045 - acc: 1.0000 - categorical_crossentropy: 0.0045
 420/1000 [===========>..................] - ETA: 5s - loss: 0.0045 - acc: 1.0000 - categorical_crossentropy: 0.0045
 450/1000 [============>.................] - ETA: 5s - loss: 0.0044 - acc: 1.0000 - categorical_crossentropy: 0.0044
 480/1000 [=============>................] - ETA: 4s - loss: 0.0042 - acc: 1.0000 - categorical_crossentropy: 0.0042
 510/1000 [==============>...............] - ETA: 4s - loss: 0.0040 - acc: 1.0000 - categorical_crossentropy: 0.0040
 540/1000 [===============>..............] - ETA: 4s - loss: 0.0039 - acc: 1.0000 - categorical_crossentropy: 0.0039
 570/1000 [================>.............] - ETA: 3s - loss: 0.0038 - acc: 1.0000 - categorical_crossentropy: 0.0038
 600/1000 [=================>............] - ETA: 3s - loss: 0.0037 - acc: 1.0000 - categorical_crossentropy: 0.0037
 630/1000 [=================>............] - ETA: 3s - loss: 0.0035 - acc: 1.0000 - categorical_crossentropy: 0.0035
 660/1000 [==================>...........] - ETA: 3s - loss: 0.0035 - acc: 1.0000 - categorical_crossentropy: 0.0035
 690/1000 [===================>..........] - ETA: 2s - loss: 0.0034 - acc: 1.0000 - categorical_crossentropy: 0.0034
 720/1000 [====================>.........] - ETA: 2s - loss: 0.0034 - acc: 1.0000 - categorical_crossentropy: 0.0034
 750/1000 [=====================>........] - ETA: 2s - loss: 0.0033 - acc: 1.0000 - categorical_crossentropy: 0.0033
 780/1000 [======================>.......] - ETA: 2s - loss: 0.0033 - acc: 1.0000 - categorical_crossentropy: 0.0033
 810/1000 [=======================>......] - ETA: 1s - loss: 0.0032 - acc: 1.0000 - categorical_crossentropy: 0.0032
 840/1000 [========================>.....] - ETA: 1s - loss: 0.0032 - acc: 1.0000 - categorical_crossentropy: 0.0032
 870/1000 [=========================>....] - ETA: 1s - loss: 0.0031 - acc: 1.0000 - categorical_crossentropy: 0.0031
 900/1000 [==========================>...] - ETA: 0s - loss: 0.0031 - acc: 1.0000 - categorical_crossentropy: 0.0031
 930/1000 [==========================>...] - ETA: 0s - loss: 0.0030 - acc: 1.0000 - categorical_crossentropy: 0.0030
 960/1000 [===========================>..] - ETA: 0s - loss: 0.0030 - acc: 1.0000 - categorical_crossentropy: 0.0030
 990/1000 [============================>.] - ETA: 0s - loss: 0.0030 - acc: 1.0000 - categorical_crossentropy: 0.0030
1000/1000 [==============================] - 9s 9ms/step - loss: 0.0029 - acc: 1.0000 - categorical_crossentropy: 0.0029 - val_loss: 0.7621 - val_acc: 0.7812 - val_categorical_crossentropy: 0.7621
Epoch 7/300

  30/1000 [..............................] - ETA: 8s - loss: 0.0013 - acc: 1.0000 - categorical_crossentropy: 0.0013
  60/1000 [>.............................] - ETA: 8s - loss: 0.0016 - acc: 1.0000 - categorical_crossentropy: 0.0016
  90/1000 [=>............................] - ETA: 8s - loss: 0.0012 - acc: 1.0000 - categorical_crossentropy: 0.0012
 120/1000 [==>...........................] - ETA: 8s - loss: 0.0011 - acc: 1.0000 - categorical_crossentropy: 0.0011
 150/1000 [===>..........................] - ETA: 7s - loss: 0.0014 - acc: 1.0000 - categorical_crossentropy: 0.0014
 180/1000 [====>.........................] - ETA: 7s - loss: 0.0016 - acc: 1.0000 - categorical_crossentropy: 0.0016
 210/1000 [=====>........................] - ETA: 7s - loss: 0.0017 - acc: 1.0000 - categorical_crossentropy: 0.0017
 240/1000 [======>.......................] - ETA: 6s - loss: 0.0016 - acc: 1.0000 - categorical_crossentropy: 0.0016
 270/1000 [=======>......................] - ETA: 6s - loss: 0.0015 - acc: 1.0000 - categorical_crossentropy: 0.0015
 300/1000 [========>.....................] - ETA: 6s - loss: 0.0014 - acc: 1.0000 - categorical_crossentropy: 0.0014
 330/1000 [========>.....................] - ETA: 6s - loss: 0.0014 - acc: 1.0000 - categorical_crossentropy: 0.0014
 360/1000 [=========>....................] - ETA: 5s - loss: 0.0013 - acc: 1.0000 - categorical_crossentropy: 0.0013
 390/1000 [==========>...................] - ETA: 5s - loss: 0.0013 - acc: 1.0000 - categorical_crossentropy: 0.0013
 420/1000 [===========>..................] - ETA: 5s - loss: 0.0014 - acc: 1.0000 - categorical_crossentropy: 0.0014
 450/1000 [============>.................] - ETA: 5s - loss: 0.0013 - acc: 1.0000 - categorical_crossentropy: 0.0013
 480/1000 [=============>................] - ETA: 4s - loss: 0.0013 - acc: 1.0000 - categorical_crossentropy: 0.0013
 510/1000 [==============>...............] - ETA: 4s - loss: 0.0013 - acc: 1.0000 - categorical_crossentropy: 0.0013
 540/1000 [===============>..............] - ETA: 4s - loss: 0.0013 - acc: 1.0000 - categorical_crossentropy: 0.0013
 570/1000 [================>.............] - ETA: 3s - loss: 0.0013 - acc: 1.0000 - categorical_crossentropy: 0.0013
 600/1000 [=================>............] - ETA: 3s - loss: 0.0014 - acc: 1.0000 - categorical_crossentropy: 0.0014
 630/1000 [=================>............] - ETA: 3s - loss: 0.0014 - acc: 1.0000 - categorical_crossentropy: 0.0014
 660/1000 [==================>...........] - ETA: 3s - loss: 0.0014 - acc: 1.0000 - categorical_crossentropy: 0.0014
 690/1000 [===================>..........] - ETA: 2s - loss: 0.0013 - acc: 1.0000 - categorical_crossentropy: 0.0013
 720/1000 [====================>.........] - ETA: 2s - loss: 0.0013 - acc: 1.0000 - categorical_crossentropy: 0.0013
 750/1000 [=====================>........] - ETA: 2s - loss: 0.0013 - acc: 1.0000 - categorical_crossentropy: 0.0013
 780/1000 [======================>.......] - ETA: 2s - loss: 0.0013 - acc: 1.0000 - categorical_crossentropy: 0.0013
 810/1000 [=======================>......] - ETA: 1s - loss: 0.0013 - acc: 1.0000 - categorical_crossentropy: 0.0013
 840/1000 [========================>.....] - ETA: 1s - loss: 0.0013 - acc: 1.0000 - categorical_crossentropy: 0.0013
 870/1000 [=========================>....] - ETA: 1s - loss: 0.0013 - acc: 1.0000 - categorical_crossentropy: 0.0013
 900/1000 [==========================>...] - ETA: 0s - loss: 0.0013 - acc: 1.0000 - categorical_crossentropy: 0.0013
 930/1000 [==========================>...] - ETA: 0s - loss: 0.0013 - acc: 1.0000 - categorical_crossentropy: 0.0013
 960/1000 [===========================>..] - ETA: 0s - loss: 0.0013 - acc: 1.0000 - categorical_crossentropy: 0.0013
 990/1000 [============================>.] - ETA: 0s - loss: 0.0013 - acc: 1.0000 - categorical_crossentropy: 0.0013
1000/1000 [==============================] - 9s 9ms/step - loss: 0.0012 - acc: 1.0000 - categorical_crossentropy: 0.0012 - val_loss: 0.8737 - val_acc: 0.7812 - val_categorical_crossentropy: 0.8737
Epoch 8/300

  30/1000 [..............................] - ETA: 8s - loss: 7.0260e-04 - acc: 1.0000 - categorical_crossentropy: 7.0260e-04
  60/1000 [>.............................] - ETA: 8s - loss: 6.2540e-04 - acc: 1.0000 - categorical_crossentropy: 6.2540e-04
  90/1000 [=>............................] - ETA: 8s - loss: 6.3106e-04 - acc: 1.0000 - categorical_crossentropy: 6.3106e-04
 120/1000 [==>...........................] - ETA: 8s - loss: 6.6124e-04 - acc: 1.0000 - categorical_crossentropy: 6.6124e-04
 150/1000 [===>..........................] - ETA: 7s - loss: 6.1859e-04 - acc: 1.0000 - categorical_crossentropy: 6.1859e-04
 180/1000 [====>.........................] - ETA: 7s - loss: 6.2825e-04 - acc: 1.0000 - categorical_crossentropy: 6.2825e-04
 210/1000 [=====>........................] - ETA: 7s - loss: 6.3276e-04 - acc: 1.0000 - categorical_crossentropy: 6.3276e-04
 240/1000 [======>.......................] - ETA: 6s - loss: 6.6040e-04 - acc: 1.0000 - categorical_crossentropy: 6.6040e-04
 270/1000 [=======>......................] - ETA: 6s - loss: 6.7804e-04 - acc: 1.0000 - categorical_crossentropy: 6.7804e-04
 300/1000 [========>.....................] - ETA: 6s - loss: 6.7072e-04 - acc: 1.0000 - categorical_crossentropy: 6.7072e-04
 330/1000 [========>.....................] - ETA: 6s - loss: 6.3316e-04 - acc: 1.0000 - categorical_crossentropy: 6.3316e-04
 360/1000 [=========>....................] - ETA: 5s - loss: 6.7984e-04 - acc: 1.0000 - categorical_crossentropy: 6.7984e-04
 390/1000 [==========>...................] - ETA: 5s - loss: 6.5696e-04 - acc: 1.0000 - categorical_crossentropy: 6.5696e-04
 420/1000 [===========>..................] - ETA: 5s - loss: 6.3382e-04 - acc: 1.0000 - categorical_crossentropy: 6.3382e-04
 450/1000 [============>.................] - ETA: 5s - loss: 6.5744e-04 - acc: 1.0000 - categorical_crossentropy: 6.5744e-04
 480/1000 [=============>................] - ETA: 4s - loss: 6.5099e-04 - acc: 1.0000 - categorical_crossentropy: 6.5099e-04
 510/1000 [==============>...............] - ETA: 4s - loss: 6.5246e-04 - acc: 1.0000 - categorical_crossentropy: 6.5246e-04
 540/1000 [===============>..............] - ETA: 4s - loss: 6.6335e-04 - acc: 1.0000 - categorical_crossentropy: 6.6335e-04
 570/1000 [================>.............] - ETA: 3s - loss: 6.5464e-04 - acc: 1.0000 - categorical_crossentropy: 6.5464e-04
 600/1000 [=================>............] - ETA: 3s - loss: 6.6634e-04 - acc: 1.0000 - categorical_crossentropy: 6.6634e-04
 630/1000 [=================>............] - ETA: 3s - loss: 6.6144e-04 - acc: 1.0000 - categorical_crossentropy: 6.6144e-04
 660/1000 [==================>...........] - ETA: 3s - loss: 6.7579e-04 - acc: 1.0000 - categorical_crossentropy: 6.7579e-04
 690/1000 [===================>..........] - ETA: 2s - loss: 6.6410e-04 - acc: 1.0000 - categorical_crossentropy: 6.6410e-04
 720/1000 [====================>.........] - ETA: 2s - loss: 6.5128e-04 - acc: 1.0000 - categorical_crossentropy: 6.5128e-04
 750/1000 [=====================>........] - ETA: 2s - loss: 6.4412e-04 - acc: 1.0000 - categorical_crossentropy: 6.4412e-04
 780/1000 [======================>.......] - ETA: 2s - loss: 6.6037e-04 - acc: 1.0000 - categorical_crossentropy: 6.6037e-04
 810/1000 [=======================>......] - ETA: 1s - loss: 6.5702e-04 - acc: 1.0000 - categorical_crossentropy: 6.5702e-04
 840/1000 [========================>.....] - ETA: 1s - loss: 6.5059e-04 - acc: 1.0000 - categorical_crossentropy: 6.5059e-04
 870/1000 [=========================>....] - ETA: 1s - loss: 6.4561e-04 - acc: 1.0000 - categorical_crossentropy: 6.4561e-04
 900/1000 [==========================>...] - ETA: 0s - loss: 6.5049e-04 - acc: 1.0000 - categorical_crossentropy: 6.5049e-04
 930/1000 [==========================>...] - ETA: 0s - loss: 6.4282e-04 - acc: 1.0000 - categorical_crossentropy: 6.4282e-04
 960/1000 [===========================>..] - ETA: 0s - loss: 6.4151e-04 - acc: 1.0000 - categorical_crossentropy: 6.4151e-04
 990/1000 [============================>.] - ETA: 0s - loss: 6.3539e-04 - acc: 1.0000 - categorical_crossentropy: 6.3539e-04
1000/1000 [==============================] - 9s 9ms/step - loss: 6.3160e-04 - acc: 1.0000 - categorical_crossentropy: 6.3160e-04 - val_loss: 0.9334 - val_acc: 0.7812 - val_categorical_crossentropy: 0.9334
Epoch 9/300

  30/1000 [..............................] - ETA: 8s - loss: 3.9951e-04 - acc: 1.0000 - categorical_crossentropy: 3.9951e-04
  60/1000 [>.............................] - ETA: 8s - loss: 5.9453e-04 - acc: 1.0000 - categorical_crossentropy: 5.9453e-04
  90/1000 [=>............................] - ETA: 8s - loss: 6.4839e-04 - acc: 1.0000 - categorical_crossentropy: 6.4839e-04
 120/1000 [==>...........................] - ETA: 8s - loss: 5.6788e-04 - acc: 1.0000 - categorical_crossentropy: 5.6788e-04
 150/1000 [===>..........................] - ETA: 7s - loss: 5.5966e-04 - acc: 1.0000 - categorical_crossentropy: 5.5966e-04
 180/1000 [====>.........................] - ETA: 7s - loss: 6.4533e-04 - acc: 1.0000 - categorical_crossentropy: 6.4533e-04
 210/1000 [=====>........................] - ETA: 7s - loss: 6.1006e-04 - acc: 1.0000 - categorical_crossentropy: 6.1006e-04
 240/1000 [======>.......................] - ETA: 6s - loss: 5.9926e-04 - acc: 1.0000 - categorical_crossentropy: 5.9926e-04
 270/1000 [=======>......................] - ETA: 6s - loss: 6.0492e-04 - acc: 1.0000 - categorical_crossentropy: 6.0492e-04
 300/1000 [========>.....................] - ETA: 6s - loss: 5.7407e-04 - acc: 1.0000 - categorical_crossentropy: 5.7407e-04
 330/1000 [========>.....................] - ETA: 6s - loss: 5.7647e-04 - acc: 1.0000 - categorical_crossentropy: 5.7647e-04
 360/1000 [=========>....................] - ETA: 5s - loss: 5.6295e-04 - acc: 1.0000 - categorical_crossentropy: 5.6295e-04
 390/1000 [==========>...................] - ETA: 5s - loss: 5.5644e-04 - acc: 1.0000 - categorical_crossentropy: 5.5644e-04
 420/1000 [===========>..................] - ETA: 5s - loss: 5.5945e-04 - acc: 1.0000 - categorical_crossentropy: 5.5945e-04
 450/1000 [============>.................] - ETA: 5s - loss: 5.3824e-04 - acc: 1.0000 - categorical_crossentropy: 5.3824e-04
 480/1000 [=============>................] - ETA: 4s - loss: 5.3113e-04 - acc: 1.0000 - categorical_crossentropy: 5.3113e-04
 510/1000 [==============>...............] - ETA: 4s - loss: 5.2561e-04 - acc: 1.0000 - categorical_crossentropy: 5.2561e-04
 540/1000 [===============>..............] - ETA: 4s - loss: 5.1814e-04 - acc: 1.0000 - categorical_crossentropy: 5.1814e-04
 570/1000 [================>.............] - ETA: 3s - loss: 5.1148e-04 - acc: 1.0000 - categorical_crossentropy: 5.1148e-04
 600/1000 [=================>............] - ETA: 3s - loss: 5.2290e-04 - acc: 1.0000 - categorical_crossentropy: 5.2290e-04
 630/1000 [=================>............] - ETA: 3s - loss: 5.1216e-04 - acc: 1.0000 - categorical_crossentropy: 5.1216e-04
 660/1000 [==================>...........] - ETA: 3s - loss: 5.1026e-04 - acc: 1.0000 - categorical_crossentropy: 5.1026e-04
 690/1000 [===================>..........] - ETA: 2s - loss: 5.0315e-04 - acc: 1.0000 - categorical_crossentropy: 5.0315e-04
 720/1000 [====================>.........] - ETA: 2s - loss: 4.9768e-04 - acc: 1.0000 - categorical_crossentropy: 4.9768e-04
 750/1000 [=====================>........] - ETA: 2s - loss: 5.0388e-04 - acc: 1.0000 - categorical_crossentropy: 5.0388e-04
 780/1000 [======================>.......] - ETA: 2s - loss: 5.0663e-04 - acc: 1.0000 - categorical_crossentropy: 5.0663e-04
 810/1000 [=======================>......] - ETA: 1s - loss: 5.0058e-04 - acc: 1.0000 - categorical_crossentropy: 5.0058e-04
 840/1000 [========================>.....] - ETA: 1s - loss: 4.9823e-04 - acc: 1.0000 - categorical_crossentropy: 4.9823e-04
 870/1000 [=========================>....] - ETA: 1s - loss: 5.0928e-04 - acc: 1.0000 - categorical_crossentropy: 5.0928e-04
 900/1000 [==========================>...] - ETA: 0s - loss: 4.9903e-04 - acc: 1.0000 - categorical_crossentropy: 4.9903e-04
 930/1000 [==========================>...] - ETA: 0s - loss: 4.9295e-04 - acc: 1.0000 - categorical_crossentropy: 4.9295e-04
 960/1000 [===========================>..] - ETA: 0s - loss: 5.0433e-04 - acc: 1.0000 - categorical_crossentropy: 5.0433e-04
 990/1000 [============================>.] - ETA: 0s - loss: 5.0424e-04 - acc: 1.0000 - categorical_crossentropy: 5.0424e-04
1000/1000 [==============================] - 9s 9ms/step - loss: 5.0516e-04 - acc: 1.0000 - categorical_crossentropy: 5.0516e-04 - val_loss: 0.8850 - val_acc: 0.7812 - val_categorical_crossentropy: 0.8850
Epoch 10/300

  30/1000 [..............................] - ETA: 8s - loss: 4.1543e-04 - acc: 1.0000 - categorical_crossentropy: 4.1543e-04
  60/1000 [>.............................] - ETA: 8s - loss: 3.2728e-04 - acc: 1.0000 - categorical_crossentropy: 3.2728e-04
  90/1000 [=>............................] - ETA: 8s - loss: 3.4996e-04 - acc: 1.0000 - categorical_crossentropy: 3.4996e-04
 120/1000 [==>...........................] - ETA: 8s - loss: 3.2546e-04 - acc: 1.0000 - categorical_crossentropy: 3.2546e-04
 150/1000 [===>..........................] - ETA: 7s - loss: 3.4665e-04 - acc: 1.0000 - categorical_crossentropy: 3.4665e-04
 180/1000 [====>.........................] - ETA: 7s - loss: 3.5219e-04 - acc: 1.0000 - categorical_crossentropy: 3.5219e-04
 210/1000 [=====>........................] - ETA: 7s - loss: 3.5461e-04 - acc: 1.0000 - categorical_crossentropy: 3.5461e-04
 240/1000 [======>.......................] - ETA: 6s - loss: 3.7220e-04 - acc: 1.0000 - categorical_crossentropy: 3.7220e-04
 270/1000 [=======>......................] - ETA: 6s - loss: 4.0350e-04 - acc: 1.0000 - categorical_crossentropy: 4.0350e-04
 300/1000 [========>.....................] - ETA: 6s - loss: 4.0021e-04 - acc: 1.0000 - categorical_crossentropy: 4.0021e-04
 330/1000 [========>.....................] - ETA: 6s - loss: 3.9598e-04 - acc: 1.0000 - categorical_crossentropy: 3.9598e-04
 360/1000 [=========>....................] - ETA: 5s - loss: 3.8495e-04 - acc: 1.0000 - categorical_crossentropy: 3.8495e-04
 390/1000 [==========>...................] - ETA: 5s - loss: 3.8188e-04 - acc: 1.0000 - categorical_crossentropy: 3.8188e-04
 420/1000 [===========>..................] - ETA: 5s - loss: 3.8262e-04 - acc: 1.0000 - categorical_crossentropy: 3.8262e-04
 450/1000 [============>.................] - ETA: 5s - loss: 4.0101e-04 - acc: 1.0000 - categorical_crossentropy: 4.0101e-04
 480/1000 [=============>................] - ETA: 4s - loss: 4.0005e-04 - acc: 1.0000 - categorical_crossentropy: 4.0005e-04
 510/1000 [==============>...............] - ETA: 4s - loss: 3.9552e-04 - acc: 1.0000 - categorical_crossentropy: 3.9552e-04
 540/1000 [===============>..............] - ETA: 4s - loss: 4.0003e-04 - acc: 1.0000 - categorical_crossentropy: 4.0003e-04
 570/1000 [================>.............] - ETA: 3s - loss: 4.0342e-04 - acc: 1.0000 - categorical_crossentropy: 4.0342e-04
 600/1000 [=================>............] - ETA: 3s - loss: 4.1568e-04 - acc: 1.0000 - categorical_crossentropy: 4.1568e-04
 630/1000 [=================>............] - ETA: 3s - loss: 4.3149e-04 - acc: 1.0000 - categorical_crossentropy: 4.3149e-04
 660/1000 [==================>...........] - ETA: 3s - loss: 4.2699e-04 - acc: 1.0000 - categorical_crossentropy: 4.2699e-04
 690/1000 [===================>..........] - ETA: 2s - loss: 4.2797e-04 - acc: 1.0000 - categorical_crossentropy: 4.2797e-04
 720/1000 [====================>.........] - ETA: 2s - loss: 4.2675e-04 - acc: 1.0000 - categorical_crossentropy: 4.2675e-04
 750/1000 [=====================>........] - ETA: 2s - loss: 4.2524e-04 - acc: 1.0000 - categorical_crossentropy: 4.2524e-04
 780/1000 [======================>.......] - ETA: 2s - loss: 4.3328e-04 - acc: 1.0000 - categorical_crossentropy: 4.3328e-04
 810/1000 [=======================>......] - ETA: 1s - loss: 4.4011e-04 - acc: 1.0000 - categorical_crossentropy: 4.4011e-04
 840/1000 [========================>.....] - ETA: 1s - loss: 4.3615e-04 - acc: 1.0000 - categorical_crossentropy: 4.3615e-04
 870/1000 [=========================>....] - ETA: 1s - loss: 4.2930e-04 - acc: 1.0000 - categorical_crossentropy: 4.2930e-04
 900/1000 [==========================>...] - ETA: 0s - loss: 4.2397e-04 - acc: 1.0000 - categorical_crossentropy: 4.2397e-04
 930/1000 [==========================>...] - ETA: 0s - loss: 4.2303e-04 - acc: 1.0000 - categorical_crossentropy: 4.2303e-04
 960/1000 [===========================>..] - ETA: 0s - loss: 4.2173e-04 - acc: 1.0000 - categorical_crossentropy: 4.2173e-04
 990/1000 [============================>.] - ETA: 0s - loss: 4.1903e-04 - acc: 1.0000 - categorical_crossentropy: 4.1903e-04
1000/1000 [==============================] - 9s 9ms/step - loss: 4.1927e-04 - acc: 1.0000 - categorical_crossentropy: 4.1927e-04 - val_loss: 0.9105 - val_acc: 0.7812 - val_categorical_crossentropy: 0.9105
Epoch 11/300

  30/1000 [..............................] - ETA: 8s - loss: 4.1301e-04 - acc: 1.0000 - categorical_crossentropy: 4.1301e-04
  60/1000 [>.............................] - ETA: 8s - loss: 3.4574e-04 - acc: 1.0000 - categorical_crossentropy: 3.4574e-04
  90/1000 [=>............................] - ETA: 8s - loss: 3.4114e-04 - acc: 1.0000 - categorical_crossentropy: 3.4114e-04
 120/1000 [==>...........................] - ETA: 8s - loss: 3.7393e-04 - acc: 1.0000 - categorical_crossentropy: 3.7393e-04
 150/1000 [===>..........................] - ETA: 7s - loss: 4.0718e-04 - acc: 1.0000 - categorical_crossentropy: 4.0718e-04
 180/1000 [====>.........................] - ETA: 7s - loss: 3.6460e-04 - acc: 1.0000 - categorical_crossentropy: 3.6460e-04
 210/1000 [=====>........................] - ETA: 7s - loss: 3.6122e-04 - acc: 1.0000 - categorical_crossentropy: 3.6122e-04
 240/1000 [======>.......................] - ETA: 6s - loss: 3.3913e-04 - acc: 1.0000 - categorical_crossentropy: 3.3913e-04
 270/1000 [=======>......................] - ETA: 6s - loss: 3.6989e-04 - acc: 1.0000 - categorical_crossentropy: 3.6989e-04
 300/1000 [========>.....................] - ETA: 6s - loss: 3.5694e-04 - acc: 1.0000 - categorical_crossentropy: 3.5694e-04
 330/1000 [========>.....................] - ETA: 6s - loss: 3.6174e-04 - acc: 1.0000 - categorical_crossentropy: 3.6174e-04
 360/1000 [=========>....................] - ETA: 5s - loss: 3.5144e-04 - acc: 1.0000 - categorical_crossentropy: 3.5144e-04
 390/1000 [==========>...................] - ETA: 5s - loss: 3.5236e-04 - acc: 1.0000 - categorical_crossentropy: 3.5236e-04
 420/1000 [===========>..................] - ETA: 5s - loss: 3.3303e-04 - acc: 1.0000 - categorical_crossentropy: 3.3303e-04
 450/1000 [============>.................] - ETA: 5s - loss: 3.3974e-04 - acc: 1.0000 - categorical_crossentropy: 3.3974e-04
 480/1000 [=============>................] - ETA: 4s - loss: 3.2863e-04 - acc: 1.0000 - categorical_crossentropy: 3.2863e-04
 510/1000 [==============>...............] - ETA: 4s - loss: 3.2922e-04 - acc: 1.0000 - categorical_crossentropy: 3.2922e-04
 540/1000 [===============>..............] - ETA: 4s - loss: 3.3000e-04 - acc: 1.0000 - categorical_crossentropy: 3.3000e-04
 570/1000 [================>.............] - ETA: 3s - loss: 3.4595e-04 - acc: 1.0000 - categorical_crossentropy: 3.4595e-04
 600/1000 [=================>............] - ETA: 3s - loss: 3.4622e-04 - acc: 1.0000 - categorical_crossentropy: 3.4622e-04
 630/1000 [=================>............] - ETA: 3s - loss: 3.4750e-04 - acc: 1.0000 - categorical_crossentropy: 3.4750e-04
 660/1000 [==================>...........] - ETA: 3s - loss: 3.5469e-04 - acc: 1.0000 - categorical_crossentropy: 3.5469e-04
 690/1000 [===================>..........] - ETA: 2s - loss: 3.5019e-04 - acc: 1.0000 - categorical_crossentropy: 3.5019e-04
 720/1000 [====================>.........] - ETA: 2s - loss: 3.4760e-04 - acc: 1.0000 - categorical_crossentropy: 3.4760e-04
 750/1000 [=====================>........] - ETA: 2s - loss: 3.5499e-04 - acc: 1.0000 - categorical_crossentropy: 3.5499e-04
 780/1000 [======================>.......] - ETA: 2s - loss: 3.5676e-04 - acc: 1.0000 - categorical_crossentropy: 3.5676e-04
 810/1000 [=======================>......] - ETA: 1s - loss: 3.5464e-04 - acc: 1.0000 - categorical_crossentropy: 3.5464e-04
 840/1000 [========================>.....] - ETA: 1s - loss: 3.5313e-04 - acc: 1.0000 - categorical_crossentropy: 3.5313e-04
 870/1000 [=========================>....] - ETA: 1s - loss: 3.5544e-04 - acc: 1.0000 - categorical_crossentropy: 3.5544e-04
 900/1000 [==========================>...] - ETA: 0s - loss: 3.5313e-04 - acc: 1.0000 - categorical_crossentropy: 3.5313e-04
 930/1000 [==========================>...] - ETA: 0s - loss: 3.5359e-04 - acc: 1.0000 - categorical_crossentropy: 3.5359e-04
 960/1000 [===========================>..] - ETA: 0s - loss: 3.5328e-04 - acc: 1.0000 - categorical_crossentropy: 3.5328e-04
 990/1000 [============================>.] - ETA: 0s - loss: 3.6170e-04 - acc: 1.0000 - categorical_crossentropy: 3.6170e-04
1000/1000 [==============================] - 9s 9ms/step - loss: 3.6271e-04 - acc: 1.0000 - categorical_crossentropy: 3.6271e-04 - val_loss: 0.8632 - val_acc: 0.7812 - val_categorical_crossentropy: 0.8632
Epoch 12/300

  30/1000 [..............................] - ETA: 8s - loss: 3.2293e-04 - acc: 1.0000 - categorical_crossentropy: 3.2293e-04
  60/1000 [>.............................] - ETA: 8s - loss: 2.6878e-04 - acc: 1.0000 - categorical_crossentropy: 2.6878e-04
  90/1000 [=>............................] - ETA: 8s - loss: 2.5298e-04 - acc: 1.0000 - categorical_crossentropy: 2.5298e-04
 120/1000 [==>...........................] - ETA: 8s - loss: 2.4527e-04 - acc: 1.0000 - categorical_crossentropy: 2.4527e-04
 150/1000 [===>..........................] - ETA: 7s - loss: 2.4140e-04 - acc: 1.0000 - categorical_crossentropy: 2.4140e-04
 180/1000 [====>.........................] - ETA: 7s - loss: 2.4973e-04 - acc: 1.0000 - categorical_crossentropy: 2.4973e-04
 210/1000 [=====>........................] - ETA: 7s - loss: 2.2987e-04 - acc: 1.0000 - categorical_crossentropy: 2.2987e-04
 240/1000 [======>.......................] - ETA: 6s - loss: 2.2736e-04 - acc: 1.0000 - categorical_crossentropy: 2.2736e-04
 270/1000 [=======>......................] - ETA: 6s - loss: 2.1683e-04 - acc: 1.0000 - categorical_crossentropy: 2.1683e-04
 300/1000 [========>.....................] - ETA: 6s - loss: 2.3255e-04 - acc: 1.0000 - categorical_crossentropy: 2.3255e-04
 330/1000 [========>.....................] - ETA: 6s - loss: 2.6546e-04 - acc: 1.0000 - categorical_crossentropy: 2.6546e-04
 360/1000 [=========>....................] - ETA: 5s - loss: 2.7230e-04 - acc: 1.0000 - categorical_crossentropy: 2.7230e-04
 390/1000 [==========>...................] - ETA: 5s - loss: 2.8224e-04 - acc: 1.0000 - categorical_crossentropy: 2.8224e-04
 420/1000 [===========>..................] - ETA: 5s - loss: 2.7902e-04 - acc: 1.0000 - categorical_crossentropy: 2.7902e-04
 450/1000 [============>.................] - ETA: 5s - loss: 2.9479e-04 - acc: 1.0000 - categorical_crossentropy: 2.9479e-04
 480/1000 [=============>................] - ETA: 4s - loss: 3.1429e-04 - acc: 1.0000 - categorical_crossentropy: 3.1429e-04
 510/1000 [==============>...............] - ETA: 4s - loss: 3.1149e-04 - acc: 1.0000 - categorical_crossentropy: 3.1149e-04
 540/1000 [===============>..............] - ETA: 4s - loss: 3.1842e-04 - acc: 1.0000 - categorical_crossentropy: 3.1842e-04
 570/1000 [================>.............] - ETA: 3s - loss: 3.1768e-04 - acc: 1.0000 - categorical_crossentropy: 3.1768e-04
 600/1000 [=================>............] - ETA: 3s - loss: 3.2386e-04 - acc: 1.0000 - categorical_crossentropy: 3.2386e-04
 630/1000 [=================>............] - ETA: 3s - loss: 3.1861e-04 - acc: 1.0000 - categorical_crossentropy: 3.1861e-04
 660/1000 [==================>...........] - ETA: 3s - loss: 3.2502e-04 - acc: 1.0000 - categorical_crossentropy: 3.2502e-04
 690/1000 [===================>..........] - ETA: 2s - loss: 3.1921e-04 - acc: 1.0000 - categorical_crossentropy: 3.1921e-04
 720/1000 [====================>.........] - ETA: 2s - loss: 3.2280e-04 - acc: 1.0000 - categorical_crossentropy: 3.2280e-04
 750/1000 [=====================>........] - ETA: 2s - loss: 3.2080e-04 - acc: 1.0000 - categorical_crossentropy: 3.2080e-04
 780/1000 [======================>.......] - ETA: 2s - loss: 3.1571e-04 - acc: 1.0000 - categorical_crossentropy: 3.1571e-04
 810/1000 [=======================>......] - ETA: 1s - loss: 3.1342e-04 - acc: 1.0000 - categorical_crossentropy: 3.1342e-04
 840/1000 [========================>.....] - ETA: 1s - loss: 3.1590e-04 - acc: 1.0000 - categorical_crossentropy: 3.1590e-04
 870/1000 [=========================>....] - ETA: 1s - loss: 3.1398e-04 - acc: 1.0000 - categorical_crossentropy: 3.1398e-04
 900/1000 [==========================>...] - ETA: 0s - loss: 3.1220e-04 - acc: 1.0000 - categorical_crossentropy: 3.1220e-04
 930/1000 [==========================>...] - ETA: 0s - loss: 3.1485e-04 - acc: 1.0000 - categorical_crossentropy: 3.1485e-04
 960/1000 [===========================>..] - ETA: 0s - loss: 3.1199e-04 - acc: 1.0000 - categorical_crossentropy: 3.1199e-04
 990/1000 [============================>.] - ETA: 0s - loss: 3.1456e-04 - acc: 1.0000 - categorical_crossentropy: 3.1456e-04
1000/1000 [==============================] - 9s 9ms/step - loss: 3.1466e-04 - acc: 1.0000 - categorical_crossentropy: 3.1466e-04 - val_loss: 0.9495 - val_acc: 0.7812 - val_categorical_crossentropy: 0.9495
Epoch 13/300

  30/1000 [..............................] - ETA: 8s - loss: 4.0725e-04 - acc: 1.0000 - categorical_crossentropy: 4.0725e-04
  60/1000 [>.............................] - ETA: 8s - loss: 3.0180e-04 - acc: 1.0000 - categorical_crossentropy: 3.0180e-04
  90/1000 [=>............................] - ETA: 8s - loss: 2.7908e-04 - acc: 1.0000 - categorical_crossentropy: 2.7908e-04
 120/1000 [==>...........................] - ETA: 8s - loss: 2.8063e-04 - acc: 1.0000 - categorical_crossentropy: 2.8063e-04
 150/1000 [===>..........................] - ETA: 7s - loss: 2.6905e-04 - acc: 1.0000 - categorical_crossentropy: 2.6905e-04
 180/1000 [====>.........................] - ETA: 7s - loss: 2.8644e-04 - acc: 1.0000 - categorical_crossentropy: 2.8644e-04
 210/1000 [=====>........................] - ETA: 7s - loss: 2.6846e-04 - acc: 1.0000 - categorical_crossentropy: 2.6846e-04
 240/1000 [======>.......................] - ETA: 6s - loss: 2.6370e-04 - acc: 1.0000 - categorical_crossentropy: 2.6370e-04
 270/1000 [=======>......................] - ETA: 6s - loss: 2.7277e-04 - acc: 1.0000 - categorical_crossentropy: 2.7277e-04
 300/1000 [========>.....................] - ETA: 6s - loss: 2.7495e-04 - acc: 1.0000 - categorical_crossentropy: 2.7495e-04
 330/1000 [========>.....................] - ETA: 6s - loss: 2.7450e-04 - acc: 1.0000 - categorical_crossentropy: 2.7450e-04
 360/1000 [=========>....................] - ETA: 5s - loss: 2.7797e-04 - acc: 1.0000 - categorical_crossentropy: 2.7797e-04
 390/1000 [==========>...................] - ETA: 5s - loss: 2.7840e-04 - acc: 1.0000 - categorical_crossentropy: 2.7840e-04
 420/1000 [===========>..................] - ETA: 5s - loss: 2.7931e-04 - acc: 1.0000 - categorical_crossentropy: 2.7931e-04
 450/1000 [============>.................] - ETA: 5s - loss: 2.7608e-04 - acc: 1.0000 - categorical_crossentropy: 2.7608e-04
 480/1000 [=============>................] - ETA: 4s - loss: 2.7901e-04 - acc: 1.0000 - categorical_crossentropy: 2.7901e-04slurmstepd: error: *** JOB 15711259 ON gra972 CANCELLED AT 2019-06-09T18:21:05 ***

 510/1000 [==============>...............] - ETA: 4s - loss: 2.8077e-04 - acc: 1.0000 - categorical_crossentropy: 2.8077e-04