
Due to MODULEPATH changes, the following have been reloaded:
  1) openmpi/2.1.1

Python 3.5.4
2019-05-17 01:04:31.508003: I tensorflow/core/common_runtime/gpu/gpu_device.cc:1432] Found device 0 with properties: 
name: Tesla P100-PCIE-12GB major: 6 minor: 0 memoryClockRate(GHz): 1.3285
pciBusID: 0000:04:00.0
totalMemory: 11.91GiB freeMemory: 11.63GiB
2019-05-17 01:04:31.508162: I tensorflow/core/common_runtime/gpu/gpu_device.cc:1511] Adding visible gpu devices: 0
2019-05-17 01:04:32.774721: I tensorflow/core/common_runtime/gpu/gpu_device.cc:982] Device interconnect StreamExecutor with strength 1 edge matrix:
2019-05-17 01:04:32.774867: I tensorflow/core/common_runtime/gpu/gpu_device.cc:988]      0 
2019-05-17 01:04:32.774914: I tensorflow/core/common_runtime/gpu/gpu_device.cc:1001] 0:   N 
2019-05-17 01:04:32.775319: I tensorflow/core/common_runtime/gpu/gpu_device.cc:1115] Created TensorFlow device (/job:localhost/replica:0/task:0/device:GPU:0 with 11251 MB memory) -> physical GPU (device: 0, name: Tesla P100-PCIE-12GB, pci bus id: 0000:04:00.0, compute capability: 6.0)
2019-05-17 01:04:32.776074: I tensorflow/core/common_runtime/process_util.cc:69] Creating new thread pool with default inter op setting: 2. Tune using inter_op_parallelism_threads for best performance.
Using TensorFlow backend.
Traceback (most recent call last):
  File "./trainCNN.py", line 298, in <module>
    args.note)
  File "./trainCNN.py", line 277, in main_driver
    aug, d, note, xTest=xTest)
  File "./trainCNN.py", line 148, in trainModel
    shuffle=True)
  File "/home/amourav/tensorflow/lib/python3.5/site-packages/keras/engine/training.py", line 952, in fit
    batch_size=batch_size)
  File "/home/amourav/tensorflow/lib/python3.5/site-packages/keras/engine/training.py", line 789, in _standardize_user_data
    exception_prefix='target')
  File "/home/amourav/tensorflow/lib/python3.5/site-packages/keras/engine/training_utils.py", line 128, in standardize_input_data
    'with shape ' + str(data_shape))
ValueError: Error when checking target: expected dense_2 to have 4 dimensions, but got array with shape (1000, 4)
trn path: ../PreprocessedData/preprocessedForCNN/224x224/imgData_(224, 224, 3)_train_n1000.npy
data augmentation: False
noGAP_2L
_________________________________________________________________
Layer (type)                 Output Shape              Param #   
=================================================================
input_1 (InputLayer)         (None, 224, 224, 3)       0         
_________________________________________________________________
block1_conv1 (Conv2D)        (None, 224, 224, 64)      1792      
_________________________________________________________________
block1_conv2 (Conv2D)        (None, 224, 224, 64)      36928     
_________________________________________________________________
block1_pool (MaxPooling2D)   (None, 112, 112, 64)      0         
_________________________________________________________________
block2_conv1 (Conv2D)        (None, 112, 112, 128)     73856     
_________________________________________________________________
block2_conv2 (Conv2D)        (None, 112, 112, 128)     147584    
_________________________________________________________________
block2_pool (MaxPooling2D)   (None, 56, 56, 128)       0         
_________________________________________________________________
block3_conv1 (Conv2D)        (None, 56, 56, 256)       295168    
_________________________________________________________________
block3_conv2 (Conv2D)        (None, 56, 56, 256)       590080    
_________________________________________________________________
block3_conv3 (Conv2D)        (None, 56, 56, 256)       590080    
_________________________________________________________________
block3_pool (MaxPooling2D)   (None, 28, 28, 256)       0         
_________________________________________________________________
block4_conv1 (Conv2D)        (None, 28, 28, 512)       1180160   
_________________________________________________________________
block4_conv2 (Conv2D)        (None, 28, 28, 512)       2359808   
_________________________________________________________________
block4_conv3 (Conv2D)        (None, 28, 28, 512)       2359808   
_________________________________________________________________
block4_pool (MaxPooling2D)   (None, 14, 14, 512)       0         
_________________________________________________________________
block5_conv1 (Conv2D)        (None, 14, 14, 512)       2359808   
_________________________________________________________________
block5_conv2 (Conv2D)        (None, 14, 14, 512)       2359808   
_________________________________________________________________
block5_conv3 (Conv2D)        (None, 14, 14, 512)       2359808   
_________________________________________________________________
block5_pool (MaxPooling2D)   (None, 7, 7, 512)         0         
_________________________________________________________________
dense_1 (Dense)              (None, 7, 7, 512)         262656    
_________________________________________________________________
dense_2 (Dense)              (None, 7, 7, 4)           2052      
=================================================================
Total params: 14,979,396
Trainable params: 264,708
Non-trainable params: 14,714,688
_________________________________________________________________
None
